TpTrace Verbose: 0 : 20196, 1, 2021/09/23, 11:57:50.636, 2658946365210, datacollector.dll, Version: 16.10.0-release-20210520-03
TpTrace Information: 0 : 20196, 1, 2021/09/23, 11:57:50.639, 2658946389779, datacollector.dll, DataCollectorMain.Run: Starting data collector run with args: --port,49354,--parentprocessid,6564,--diag,D:\IsmaPCBlanco\Documentos\ISMA\Semestre 2021-2\Dise単o dirigido por pruebas\Proyectos\Parcial\ProductoSolutionTDD\ProductoSolutionTDD\bin\Debug\net5.0\fine-code-coverage\coverage-tool-output\diagnostics.datacollector.21-09-23_11-57-50_54454_4.log,--tracelevel,4
TpTrace Information: 0 : 20196, 1, 2021/09/23, 11:57:50.639, 2658946391774, datacollector.dll, DataCollector: Monitoring parent process with id: '6564'
TpTrace Information: 0 : 20196, 1, 2021/09/23, 11:57:50.645, 2658946450573, datacollector.dll, Trying to connect to server on socket : 127.0.0.1:49354 
TpTrace Verbose: 0 : 20196, 1, 2021/09/23, 11:57:50.662, 2658946624606, datacollector.dll, SocketCommunicationManager : SetupClientAsync : Attempting to connect to the server.
TpTrace Information: 0 : 20196, 7, 2021/09/23, 11:57:50.668, 2658946685311, datacollector.dll, Connected to the server successfully 
TpTrace Information: 0 : 20196, 7, 2021/09/23, 11:57:50.669, 2658946686055, datacollector.dll, Using the buffer size of 16384 bytes
TpTrace Information: 0 : 20196, 1, 2021/09/23, 11:57:50.715, 2658947150253, datacollector.dll, DataCollector: Start Request Processing.
TpTrace Information: 0 : 20196, 1, 2021/09/23, 11:57:50.718, 2658947175564, datacollector.dll, DataCollectionRequestHandler.ProcessRequests : Datacollector received message: (DataCollection.BeforeTestRunStart) -> {
  "SettingsXml": "<RunSettings><RunConfiguration><ResultsDirectory>D:\\IsmaPCBlanco\\Documentos\\ISMA\\Semestre 2021-2\\Dise単o dirigido por pruebas\\Proyectos\\Parcial\\ProductoSolutionTDD\\ProductoSolutionTDD\\bin\\Debug\\net5.0\\fine-code-coverage\\coverage-tool-output</ResultsDirectory><TargetPlatform>X64</TargetPlatform><TargetFrameworkVersion>.NETCoreApp,Version=v5.0</TargetFrameworkVersion><DesignMode>False</DesignMode><CollectSourceInformation>False</CollectSourceInformation><TestAdaptersPaths>C:\\Program Files\\dotnet\\sdk\\5.0.301\\Extensions</TestAdaptersPaths></RunConfiguration><LoggerRunSettings><Loggers><Logger friendlyName=\"blame\" enabled=\"True\" /><Logger friendlyName=\"Console\" uri=\"logger://microsoft/TestPlatform/ConsoleLogger/v1\" assemblyQualifiedName=\"Microsoft.VisualStudio.TestPlatform.CommandLine.Internal.ConsoleLogger, vstest.console, Version=15.0.0.0, Culture=neutral, PublicKeyToken=b03f5f7f11d50a3a\" codeBase=\"C:\\Program Files\\dotnet\\sdk\\5.0.301\\vstest.console.dll\" enabled=\"True\" /></Loggers></LoggerRunSettings><DataCollectionRunSettings><DataCollectors><DataCollector friendlyName=\"blame\" enabled=\"True\"><Configuration><ResultsDirectory>D:\\IsmaPCBlanco\\Documentos\\ISMA\\Semestre 2021-2\\Dise単o dirigido por pruebas\\Proyectos\\Parcial\\ProductoSolutionTDD\\ProductoSolutionTDD\\bin\\Debug\\net5.0\\fine-code-coverage\\coverage-tool-output</ResultsDirectory></Configuration></DataCollector></DataCollectors></DataCollectionRunSettings></RunSettings>",
  "Sources": [
    "D:\\IsmaPCBlanco\\Documentos\\ISMA\\Semestre 2021-2\\Dise単o dirigido por pruebas\\Proyectos\\Parcial\\ProductoSolutionTDD\\ProductoSolutionTDD\\bin\\Debug\\net5.0\\fine-code-coverage\\build-output\\ProductoSolutionTDD.dll"
  ],
  "IsTelemetryOptedIn": false
}
TpTrace Verbose: 0 : 20196, 1, 2021/09/23, 11:57:50.740, 2658947405312, datacollector.dll, TestPluginCache: Update extensions started. Skip filter = False
TpTrace Verbose: 0 : 20196, 1, 2021/09/23, 11:57:50.741, 2658947411936, datacollector.dll, TestPluginCache: Using directories for assembly resolution 'C:\Program Files\dotnet\sdk\5.0.301\Extensions'.
TpTrace Verbose: 0 : 20196, 1, 2021/09/23, 11:57:50.741, 2658947412701, datacollector.dll, TestPluginCache: Updated the available extensions to 'C:\Program Files\dotnet\sdk\5.0.301\Extensions\Microsoft.TestPlatform.Extensions.BlameDataCollector.dll,C:\Program Files\dotnet\sdk\5.0.301\Extensions\Microsoft.TestPlatform.Extensions.EventLogCollector.dll'.
TpTrace Verbose: 0 : 20196, 1, 2021/09/23, 11:57:50.745, 2658947453703, datacollector.dll, TestPluginCache.DiscoverTestExtensions: finding test extensions in assemblies ends with: Collector.dll TPluginInfo: Microsoft.VisualStudio.TestPlatform.Common.DataCollector.DataCollectorConfig TExtension: Microsoft.VisualStudio.TestPlatform.ObjectModel.DataCollection.DataCollector
TpTrace Verbose: 0 : 20196, 1, 2021/09/23, 11:57:50.745, 2658947455237, datacollector.dll, TestPluginCache.GetExtensionPaths: Filtered extension paths: C:\Program Files\dotnet\sdk\5.0.301\Extensions\Microsoft.TestPlatform.Extensions.BlameDataCollector.dll
C:\Program Files\dotnet\sdk\5.0.301\Extensions\Microsoft.TestPlatform.Extensions.EventLogCollector.dll
TpTrace Verbose: 0 : 20196, 1, 2021/09/23, 11:57:50.746, 2658947455521, datacollector.dll, TestPluginCache.GetExtensionPaths: Added default extension paths: 
TpTrace Verbose: 0 : 20196, 1, 2021/09/23, 11:57:50.746, 2658947455677, datacollector.dll, TestPluginCache.GetExtensionPaths: Added unfilterableExtensionPaths: 
TpTrace Information: 0 : 20196, 1, 2021/09/23, 11:57:50.746, 2658947460499, datacollector.dll, AssemblyResolver.ctor: Creating AssemblyResolver with searchDirectories C:\Program Files\dotnet\sdk\5.0.301\Extensions,C:\Program Files\dotnet\sdk\5.0.301
TpTrace Verbose: 0 : 20196, 1, 2021/09/23, 11:57:50.747, 2658947469798, datacollector.dll, TestPluginCache.DiscoverTestExtensions: Discovering the extensions using extension path.
TpTrace Verbose: 0 : 20196, 1, 2021/09/23, 11:57:50.747, 2658947470959, datacollector.dll, TestPluginCache.GetExtensionPaths: Filtered extension paths: C:\Program Files\dotnet\sdk\5.0.301\Extensions\Microsoft.TestPlatform.Extensions.BlameDataCollector.dll
C:\Program Files\dotnet\sdk\5.0.301\Extensions\Microsoft.TestPlatform.Extensions.EventLogCollector.dll
TpTrace Verbose: 0 : 20196, 1, 2021/09/23, 11:57:50.747, 2658947471211, datacollector.dll, TestPluginCache.GetExtensionPaths: Added default extension paths: 
TpTrace Verbose: 0 : 20196, 1, 2021/09/23, 11:57:50.747, 2658947471362, datacollector.dll, TestPluginCache.GetExtensionPaths: Added unfilterableExtensionPaths: 
TpTrace Verbose: 0 : 20196, 1, 2021/09/23, 11:57:50.747, 2658947471665, datacollector.dll, TestPluginCache.DiscoverTestExtensions: Discovering the extensions using allExtensionPaths: C:\Program Files\dotnet\sdk\5.0.301\Extensions\Microsoft.TestPlatform.Extensions.BlameDataCollector.dll
C:\Program Files\dotnet\sdk\5.0.301\Extensions\Microsoft.TestPlatform.Extensions.EventLogCollector.dll
TpTrace Information: 0 : 20196, 1, 2021/09/23, 11:57:50.747, 2658947472286, datacollector.dll, AssemblyResolver.AddSearchDirectories: Adding more searchDirectories C:\Program Files\dotnet\sdk\5.0.301\Extensions,C:\Program Files\dotnet\sdk\5.0.301
TpTrace Information: 0 : 20196, 1, 2021/09/23, 11:57:50.747, 2658947472639, datacollector.dll, AssemblyResolver.AddSearchDirectories: Adding more searchDirectories C:\Program Files\dotnet\sdk\5.0.301\Extensions,C:\Program Files\dotnet\sdk\5.0.301
TpTrace Information: 0 : 20196, 1, 2021/09/23, 11:57:50.748, 2658947475673, datacollector.dll, AssemblyResolver.OnResolve: Microsoft.TestPlatform.Extensions.BlameDataCollector: Resolving assembly.
TpTrace Information: 0 : 20196, 1, 2021/09/23, 11:57:50.748, 2658947476106, datacollector.dll, AssemblyResolver.OnResolve: Microsoft.TestPlatform.Extensions.BlameDataCollector: Searching in: 'C:\Program Files\dotnet\sdk\5.0.301\Extensions'.
TpTrace Information: 0 : 20196, 1, 2021/09/23, 11:57:50.748, 2658947483440, datacollector.dll, AssemblyResolver.OnResolve: Microsoft.TestPlatform.Extensions.BlameDataCollector: Loading assembly 'C:\Program Files\dotnet\sdk\5.0.301\Extensions\Microsoft.TestPlatform.Extensions.BlameDataCollector.dll'.
TpTrace Information: 0 : 20196, 1, 2021/09/23, 11:57:50.749, 2658947489700, datacollector.dll, AssemblyResolver.OnResolve: Resolved assembly: Microsoft.TestPlatform.Extensions.BlameDataCollector, from path: C:\Program Files\dotnet\sdk\5.0.301\Extensions\Microsoft.TestPlatform.Extensions.BlameDataCollector.dll
TpTrace Error: 0 : 20196, 1, 2021/09/23, 11:57:50.750, 2658947498315, datacollector.dll, The type "Microsoft.TestPlatform.Extensions.BlameDataCollector.BlameCollector" defined in "Microsoft.TestPlatform.Extensions.BlameDataCollector.dll" does not have ExtensionUri attribute.
TpTrace Information: 0 : 20196, 1, 2021/09/23, 11:57:50.751, 2658947508768, datacollector.dll, AssemblyResolver.OnResolve: Microsoft.TestPlatform.Extensions.EventLogCollector: Resolving assembly.
TpTrace Information: 0 : 20196, 1, 2021/09/23, 11:57:50.751, 2658947509446, datacollector.dll, AssemblyResolver.OnResolve: Microsoft.TestPlatform.Extensions.EventLogCollector: Searching in: 'C:\Program Files\dotnet\sdk\5.0.301\Extensions'.
TpTrace Information: 0 : 20196, 1, 2021/09/23, 11:57:50.752, 2658947517305, datacollector.dll, AssemblyResolver.OnResolve: Microsoft.TestPlatform.Extensions.EventLogCollector: Loading assembly 'C:\Program Files\dotnet\sdk\5.0.301\Extensions\Microsoft.TestPlatform.Extensions.EventLogCollector.dll'.
TpTrace Information: 0 : 20196, 1, 2021/09/23, 11:57:50.752, 2658947523442, datacollector.dll, AssemblyResolver.OnResolve: Resolved assembly: Microsoft.TestPlatform.Extensions.EventLogCollector, from path: C:\Program Files\dotnet\sdk\5.0.301\Extensions\Microsoft.TestPlatform.Extensions.EventLogCollector.dll
TpTrace Error: 0 : 20196, 1, 2021/09/23, 11:57:50.754, 2658947543047, datacollector.dll, The type "Microsoft.TestPlatform.Extensions.EventLogCollector.EventLogDataCollector" defined in "Microsoft.TestPlatform.Extensions.EventLogCollector.dll" does not have ExtensionUri attribute.
TpTrace Verbose: 0 : 20196, 1, 2021/09/23, 11:57:50.755, 2658947546172, datacollector.dll, TestPluginCache: Discovered the extensions using extension path 'C:\Program Files\dotnet\sdk\5.0.301\Extensions\Microsoft.TestPlatform.Extensions.BlameDataCollector.dll,C:\Program Files\dotnet\sdk\5.0.301\Extensions\Microsoft.TestPlatform.Extensions.EventLogCollector.dll'.
TpTrace Verbose: 0 : 20196, 1, 2021/09/23, 11:57:50.755, 2658947546580, datacollector.dll, TestPluginCache: Discoverers are ''.
TpTrace Verbose: 0 : 20196, 1, 2021/09/23, 11:57:50.755, 2658947546737, datacollector.dll, TestPluginCache: Executors are ''.
TpTrace Verbose: 0 : 20196, 1, 2021/09/23, 11:57:50.755, 2658947546876, datacollector.dll, TestPluginCache: Executors2 are ''.
TpTrace Verbose: 0 : 20196, 1, 2021/09/23, 11:57:50.755, 2658947547007, datacollector.dll, TestPluginCache: Setting providers are ''.
TpTrace Verbose: 0 : 20196, 1, 2021/09/23, 11:57:50.755, 2658947547140, datacollector.dll, TestPluginCache: Loggers are ''.
TpTrace Information: 0 : 20196, 1, 2021/09/23, 11:57:50.756, 2658947558451, datacollector.dll, TestPluginManager.CreateTestExtension: Attempting to load test extension: Microsoft.TestPlatform.Extensions.BlameDataCollector.BlameCollector
TpTrace Error: 0 : 20196, 1, 2021/09/23, 11:57:50.756, 2658947562946, datacollector.dll, The type "Microsoft.TestPlatform.Extensions.BlameDataCollector.BlameCollector" defined in "Microsoft.TestPlatform.Extensions.BlameDataCollector.dll" does not have ExtensionUri attribute.
TpTrace Information: 0 : 20196, 1, 2021/09/23, 11:57:50.761, 2658947609473, datacollector.dll, Listening on Endpoint : 127.0.0.1:49356
TpTrace Information: 0 : 20196, 1, 2021/09/23, 11:57:50.766, 2658947657614, datacollector.dll, DataCollectionRequestHandler.ProcessRequests : DataCollection started.
TpTrace Information: 0 : 20196, 1, 2021/09/23, 11:57:50.778, 2658947778201, datacollector.dll, DataCollectionRequestHandler.ProcessRequests : Datacollector received message: (DataCollection.TestHostLaunched) -> {
  "ProcessId": 20200
}
TpTrace Information: 0 : 20196, 5, 2021/09/23, 11:57:50.917, 2658949169160, datacollector.dll, Using the buffer size of 16384 bytes
TpTrace Information: 0 : 20196, 5, 2021/09/23, 11:57:50.917, 2658949169898, datacollector.dll, Accepted Client request and set the flag
TpTrace Information: 0 : 20196, 7, 2021/09/23, 11:57:51.380, 2658953800818, datacollector.dll, DataCollectionTestCaseEventHandler: Test case starting.
TpTrace Information: 0 : 20196, 7, 2021/09/23, 11:57:51.386, 2658953864714, datacollector.dll, Blame Collector : Test Case Start
TpTrace Information: 0 : 20196, 7, 2021/09/23, 11:57:51.389, 2658953889731, datacollector.dll, DataCollectionTestCaseEventHandler: Test case 'NoPuedeIngresarCantidadProductosDeMenosUno - 1fd23cc2-ebc2-4f0e-3c28-85f7d285a74d' started.
TpTrace Information: 0 : 20196, 7, 2021/09/23, 11:57:51.401, 2658954012265, datacollector.dll, DataCollectionTestCaseEventHandler : Test case completing.
TpTrace Information: 0 : 20196, 7, 2021/09/23, 11:57:51.403, 2658954034007, datacollector.dll, Blame Collector : Test Case End
TpTrace Information: 0 : 20196, 7, 2021/09/23, 11:57:51.406, 2658954060991, datacollector.dll, DataCollectionTestCaseEventHandler: Test case 'NoPuedeIngresarCantidadProductosDeMenosUno - 1fd23cc2-ebc2-4f0e-3c28-85f7d285a74d' completed
TpTrace Information: 0 : 20196, 7, 2021/09/23, 11:57:51.413, 2658954134412, datacollector.dll, DataCollectionTestCaseEventHandler: Test case starting.
TpTrace Information: 0 : 20196, 7, 2021/09/23, 11:57:51.414, 2658954136876, datacollector.dll, Blame Collector : Test Case Start
TpTrace Information: 0 : 20196, 7, 2021/09/23, 11:57:51.414, 2658954137862, datacollector.dll, DataCollectionTestCaseEventHandler: Test case 'PuedeIngresarCantidadProductosCincuentaCorrecta - 5aafae75-09ff-9b28-1901-0763a8ee5fcf' started.
TpTrace Information: 0 : 20196, 7, 2021/09/23, 11:57:51.414, 2658954143936, datacollector.dll, DataCollectionTestCaseEventHandler : Test case completing.
TpTrace Information: 0 : 20196, 7, 2021/09/23, 11:57:51.415, 2658954145504, datacollector.dll, Blame Collector : Test Case End
TpTrace Information: 0 : 20196, 7, 2021/09/23, 11:57:51.415, 2658954146268, datacollector.dll, DataCollectionTestCaseEventHandler: Test case 'PuedeIngresarCantidadProductosCincuentaCorrecta - 5aafae75-09ff-9b28-1901-0763a8ee5fcf' completed
TpTrace Information: 0 : 20196, 7, 2021/09/23, 11:57:51.422, 2658954224804, datacollector.dll, DataCollectionTestCaseEventHandler: Test session ended
TpTrace Information: 0 : 20196, 1, 2021/09/23, 11:57:51.492, 2658954916882, datacollector.dll, DataCollectionRequestHandler.ProcessRequests : Datacollector received message: (DataCollection.AfterTestRunEnd) -> false
TpTrace Information: 0 : 20196, 1, 2021/09/23, 11:57:51.492, 2658954921268, datacollector.dll, Blame Collector : Session End
TpTrace Information: 0 : 20196, 1, 2021/09/23, 11:57:51.492, 2658954921807, datacollector.dll, BlameCollector.CollectDumpAndAbortTesthost: Custom path to dump directory was provided via VSTEST_DUMP_PATH. Skipping attachment upload, the caller is responsible for collecting and uploading the dumps themselves.
TpTrace Information: 0 : 20196, 1, 2021/09/23, 11:57:51.492, 2658954922502, datacollector.dll, DataCollectionManager.CleanupPlugins: CleanupPlugins called
TpTrace Verbose: 0 : 20196, 1, 2021/09/23, 11:57:51.492, 2658954922682, datacollector.dll, DataCollectionManager.CleanupPlugins: Cleaning up 1 plugins
TpTrace Verbose: 0 : 20196, 1, 2021/09/23, 11:57:51.492, 2658954923270, datacollector.dll, dataCollectorInfo.DisposeDataCollector: calling Dispose() on Microsoft.TestPlatform.Extensions.BlameDataCollector.BlameCollector
TpTrace Information: 0 : 20196, 1, 2021/09/23, 11:57:51.492, 2658954923747, datacollector.dll, DataCollectionManager.CleanupPlugins: CleanupPlugins finished
TpTrace Information: 0 : 20196, 1, 2021/09/23, 11:57:51.494, 2658954944056, datacollector.dll, DataCollectionRequestHandler.ProcessRequests : Session End message received from server. Closing the connection.
TpTrace Information: 0 : 20196, 1, 2021/09/23, 11:57:51.495, 2658954945531, datacollector.dll, Closing the connection !
TpTrace Information: 0 : 20196, 1, 2021/09/23, 11:57:51.495, 2658954945760, datacollector.dll, DataCollectionRequestHandler.ProcessRequests : DataCollection completed
TpTrace Information: 0 : 20196, 1, 2021/09/23, 11:57:51.495, 2658954946018, datacollector.dll, Program.Main: exiting datacollector process.
