TpTrace Verbose: 0 : 20200, 1, 2021/09/23, 11:57:50.887, 2658948872586, testhost.dll, Version: 16.9.4
TpTrace Information: 0 : 20200, 1, 2021/09/23, 11:57:50.891, 2658948908139, testhost.dll, DefaultEngineInvoker.Invoke: Testhost process started with args :[--port, 49357],[--endpoint, 127.0.0.1:049357],[--role, client],[--parentprocessid, 6564],[--diag, D:\IsmaPCBlanco\Documentos\ISMA\Semestre 2021-2\Diseño dirigido por pruebas\Proyectos\Parcial\ProductoSolutionTDD\ProductoSolutionTDD\bin\Debug\net5.0\fine-code-coverage\coverage-tool-output\diagnostics.host.21-09-23_11-57-50_77276_6.log],[--tracelevel, 4],[--datacollectionport, 49356],[--telemetryoptedin, false]
TpTrace Information: 0 : 20200, 1, 2021/09/23, 11:57:50.892, 2658948923663, testhost.dll, Setting up debug trace listener.
TpTrace Verbose: 0 : 20200, 1, 2021/09/23, 11:57:50.892, 2658948925035, testhost.dll, TestPlatformTraceListener.Setup: Replacing listener 0 with TestHostTraceListener.
TpTrace Verbose: 0 : 20200, 1, 2021/09/23, 11:57:50.892, 2658948925296, testhost.dll, TestPlatformTraceListener.Setup: Added test platform trace listener.
TpTrace Information: 0 : 20200, 1, 2021/09/23, 11:57:50.893, 2658948928577, testhost.dll, DefaultEngineInvoker.SetParentProcessExitCallback: Monitoring parent process with id: '6564'
TpTrace Information: 0 : 20200, 1, 2021/09/23, 11:57:50.898, 2658948979986, testhost.dll, DefaultEngineInvoker.GetConnectionInfo: Initialize communication on endpoint address: '127.0.0.1:049357'
TpTrace Information: 0 : 20200, 1, 2021/09/23, 11:57:50.907, 2658949073619, testhost.dll, SocketClient.Start: connecting to server endpoint: 127.0.0.1:049357
TpTrace Information: 0 : 20200, 1, 2021/09/23, 11:57:50.913, 2658949126216, testhost.dll, DefaultEngineInvoker.ConnectToDatacollector: Connecting to datacollector, port: 49356
TpTrace Information: 0 : 20200, 8, 2021/09/23, 11:57:50.913, 2658949132218, testhost.dll, SocketClient.OnServerConnected: connected to server endpoint: 127.0.0.1:049357
TpTrace Verbose: 0 : 20200, 8, 2021/09/23, 11:57:50.914, 2658949144344, testhost.dll, Connected to server, and starting MessageLoopAsync
TpTrace Information: 0 : 20200, 1, 2021/09/23, 11:57:50.915, 2658949148450, testhost.dll, Trying to connect to server on socket : 127.0.0.1:49356 
TpTrace Verbose: 0 : 20200, 1, 2021/09/23, 11:57:50.915, 2658949150598, testhost.dll, SocketCommunicationManager : SetupClientAsync : Attempting to connect to the server.
TpTrace Information: 0 : 20200, 10, 2021/09/23, 11:57:50.916, 2658949160998, testhost.dll, Connected to the server successfully 
TpTrace Information: 0 : 20200, 10, 2021/09/23, 11:57:50.916, 2658949161615, testhost.dll, Using the buffer size of 16384 bytes
TpTrace Verbose: 0 : 20200, 8, 2021/09/23, 11:57:50.916, 2658949163881, testhost.dll, TcpClientExtensions.MessageLoopAsync: Polling on remoteEndPoint: [::ffff:127.0.0.1]:49357 localEndPoint: [::ffff:127.0.0.1]:49358
TpTrace Information: 0 : 20200, 1, 2021/09/23, 11:57:50.917, 2658949165612, testhost.dll, DefaultEngineInvoker.Invoke: Start Request Processing.
TpTrace Verbose: 0 : 20200, 8, 2021/09/23, 11:57:50.917, 2658949165993, testhost.dll, TcpClientExtensions.MessageLoopAsync: NotifyDataAvailable remoteEndPoint: [::ffff:127.0.0.1]:49357 localEndPoint: [::ffff:127.0.0.1]:49358
TpTrace Information: 0 : 20200, 11, 2021/09/23, 11:57:50.917, 2658949170268, testhost.dll, DefaultEngineInvoker.StartProcessingAsync: Connected to vstest.console, Starting process requests.
TpTrace Information: 0 : 20200, 8, 2021/09/23, 11:57:51.003, 2658950031415, testhost.dll, TestRequestHandler.ProcessRequests: received message: (ProtocolVersion) -> 5
TpTrace Verbose: 0 : 20200, 8, 2021/09/23, 11:57:51.028, 2658950277561, testhost.dll, TestRequestHandler.SendData:  sending data from testhost: {"Version":5,"MessageType":"TestSession.Message","Payload":{"MessageLevel":0,"Message":"Registrando diagnóstico de TestHost en el archivo: D:\\IsmaPCBlanco\\Documentos\\ISMA\\Semestre 2021-2\\Diseño dirigido por pruebas\\Proyectos\\Parcial\\ProductoSolutionTDD\\ProductoSolutionTDD\\bin\\Debug\\net5.0\\fine-code-coverage\\coverage-tool-output\\diagnostics.host.21-09-23_11-57-50_77276_6.log"}}
TpTrace Verbose: 0 : 20200, 8, 2021/09/23, 11:57:51.028, 2658950282602, testhost.dll, TcpClientExtensions.MessageLoopAsync: Polling on remoteEndPoint: [::ffff:127.0.0.1]:49357 localEndPoint: [::ffff:127.0.0.1]:49358
TpTrace Verbose: 0 : 20200, 8, 2021/09/23, 11:57:51.028, 2658950283157, testhost.dll, TcpClientExtensions.MessageLoopAsync: NotifyDataAvailable remoteEndPoint: [::ffff:127.0.0.1]:49357 localEndPoint: [::ffff:127.0.0.1]:49358
TpTrace Information: 0 : 20200, 8, 2021/09/23, 11:57:51.031, 2658950312610, testhost.dll, TestRequestHandler.ProcessRequests: received message: (TestExecution.Initialize) -> [
  "D:\\IsmaPCBlanco\\Documentos\\ISMA\\Semestre 2021-2\\Diseño dirigido por pruebas\\Proyectos\\Parcial\\ProductoSolutionTDD\\ProductoSolutionTDD\\bin\\Debug\\net5.0\\fine-code-coverage\\build-output\\NUnit3.TestAdapter.dll"
]
TpTrace Information: 0 : 20200, 8, 2021/09/23, 11:57:51.031, 2658950313848, testhost.dll, Execution Session Initialize.
TpTrace Verbose: 0 : 20200, 8, 2021/09/23, 11:57:51.036, 2658950364096, testhost.dll, TcpClientExtensions.MessageLoopAsync: Polling on remoteEndPoint: [::ffff:127.0.0.1]:49357 localEndPoint: [::ffff:127.0.0.1]:49358
TpTrace Verbose: 0 : 20200, 8, 2021/09/23, 11:57:51.036, 2658950364971, testhost.dll, TcpClientExtensions.MessageLoopAsync: NotifyDataAvailable remoteEndPoint: [::ffff:127.0.0.1]:49357 localEndPoint: [::ffff:127.0.0.1]:49358
TpTrace Verbose: 0 : 20200, 4, 2021/09/23, 11:57:51.038, 2658950380606, testhost.dll, TestExecutorService: Loading the extensions
TpTrace Information: 0 : 20200, 8, 2021/09/23, 11:57:51.038, 2658950384514, testhost.dll, TestRequestHandler.ProcessRequests: received message: (TestExecution.StartWithSources) -> {
  "AdapterSourceMap": {
    "_none_": [
      "D:\\IsmaPCBlanco\\Documentos\\ISMA\\Semestre 2021-2\\Diseño dirigido por pruebas\\Proyectos\\Parcial\\ProductoSolutionTDD\\ProductoSolutionTDD\\bin\\Debug\\net5.0\\fine-code-coverage\\build-output\\ProductoSolutionTDD.dll"
    ]
  },
  "RunSettings": "<RunSettings>\r\n  <RunConfiguration>\r\n    <ResultsDirectory>D:\\IsmaPCBlanco\\Documentos\\ISMA\\Semestre 2021-2\\Diseño dirigido por pruebas\\Proyectos\\Parcial\\ProductoSolutionTDD\\ProductoSolutionTDD\\bin\\Debug\\net5.0\\fine-code-coverage\\coverage-tool-output</ResultsDirectory>\r\n    <TargetPlatform>X64</TargetPlatform>\r\n    <TargetFrameworkVersion>.NETCoreApp,Version=v5.0</TargetFrameworkVersion>\r\n    <DesignMode>False</DesignMode>\r\n    <CollectSourceInformation>False</CollectSourceInformation>\r\n  </RunConfiguration>\r\n  <LoggerRunSettings>\r\n    <Loggers>\r\n      <Logger friendlyName=\"blame\" enabled=\"True\" />\r\n      <Logger friendlyName=\"Console\" uri=\"logger://microsoft/TestPlatform/ConsoleLogger/v1\" assemblyQualifiedName=\"Microsoft.VisualStudio.TestPlatform.CommandLine.Internal.ConsoleLogger, vstest.console, Version=15.0.0.0, Culture=neutral, PublicKeyToken=b03f5f7f11d50a3a\" codeBase=\"C:\\Program Files\\dotnet\\sdk\\5.0.301\\vstest.console.dll\" enabled=\"True\" />\r\n    </Loggers>\r\n  </LoggerRunSettings>\r\n  <DataCollectionRunSettings>\r\n    <DataCollectors>\r\n      <DataCollector friendlyName=\"blame\" enabled=\"True\">\r\n        <Configuration>\r\n          <ResultsDirectory>D:\\IsmaPCBlanco\\Documentos\\ISMA\\Semestre 2021-2\\Diseño dirigido por pruebas\\Proyectos\\Parcial\\ProductoSolutionTDD\\ProductoSolutionTDD\\bin\\Debug\\net5.0\\fine-code-coverage\\coverage-tool-output</ResultsDirectory>\r\n        </Configuration>\r\n      </DataCollector>\r\n    </DataCollectors>\r\n  </DataCollectionRunSettings>\r\n</RunSettings>",
  "TestExecutionContext": {
    "FrequencyOfRunStatsChangeEvent": 10,
    "RunStatsChangeEventTimeout": "00:00:01.5000000",
    "InIsolation": false,
    "KeepAlive": false,
    "AreTestCaseLevelEventsRequired": false,
    "IsDebug": false,
    "TestCaseFilter": null,
    "FilterOptions": null
  },
  "Package": null
}
TpTrace Information: 0 : 20200, 8, 2021/09/23, 11:57:51.039, 2658950385673, testhost.dll, Execution started.
TpTrace Verbose: 0 : 20200, 4, 2021/09/23, 11:57:51.040, 2658950399600, testhost.dll, TestPluginCache.DiscoverTestExtensions: finding test extensions in assemblies ends with: TestAdapter.dll TPluginInfo: Microsoft.VisualStudio.TestPlatform.Common.ExtensionFramework.Utilities.TestExecutorPluginInformation TExtension: Microsoft.VisualStudio.TestPlatform.ObjectModel.Adapter.ITestExecutor
TpTrace Verbose: 0 : 20200, 4, 2021/09/23, 11:57:51.041, 2658950407918, testhost.dll, TestPluginCache.GetExtensionPaths: Filtered extension paths: 
TpTrace Verbose: 0 : 20200, 4, 2021/09/23, 11:57:51.041, 2658950410171, testhost.dll, TestPluginCache.GetExtensionPaths: Added default extension paths: D:\IsmaPCBlanco\Documentos\ISMA\Semestre 2021-2\Diseño dirigido por pruebas\Proyectos\Parcial\ProductoSolutionTDD\ProductoSolutionTDD\bin\Debug\net5.0\fine-code-coverage\build-output\NUnit3.TestAdapter.dll
TpTrace Verbose: 0 : 20200, 4, 2021/09/23, 11:57:51.041, 2658950410428, testhost.dll, TestPluginCache.GetExtensionPaths: Added unfilterableExtensionPaths: 
TpTrace Information: 0 : 20200, 4, 2021/09/23, 11:57:51.042, 2658950425127, testhost.dll, AssemblyResolver.ctor: Creating AssemblyResolver with searchDirectories D:\IsmaPCBlanco\Documentos\ISMA\Semestre 2021-2\Diseño dirigido por pruebas\Proyectos\Parcial\ProductoSolutionTDD\ProductoSolutionTDD\bin\Debug\net5.0\fine-code-coverage\build-output
TpTrace Verbose: 0 : 20200, 4, 2021/09/23, 11:57:51.043, 2658950433548, testhost.dll, TestPluginCache.DiscoverTestExtensions: Discovering the extensions using extension path.
TpTrace Verbose: 0 : 20200, 4, 2021/09/23, 11:57:51.043, 2658950434727, testhost.dll, TestPluginCache.GetExtensionPaths: Filtered extension paths: 
TpTrace Verbose: 0 : 20200, 4, 2021/09/23, 11:57:51.043, 2658950434951, testhost.dll, TestPluginCache.GetExtensionPaths: Added default extension paths: D:\IsmaPCBlanco\Documentos\ISMA\Semestre 2021-2\Diseño dirigido por pruebas\Proyectos\Parcial\ProductoSolutionTDD\ProductoSolutionTDD\bin\Debug\net5.0\fine-code-coverage\build-output\NUnit3.TestAdapter.dll
TpTrace Verbose: 0 : 20200, 4, 2021/09/23, 11:57:51.043, 2658950435118, testhost.dll, TestPluginCache.GetExtensionPaths: Added unfilterableExtensionPaths: 
TpTrace Verbose: 0 : 20200, 4, 2021/09/23, 11:57:51.044, 2658950435490, testhost.dll, TestPluginCache.DiscoverTestExtensions: Discovering the extensions using allExtensionPaths: D:\IsmaPCBlanco\Documentos\ISMA\Semestre 2021-2\Diseño dirigido por pruebas\Proyectos\Parcial\ProductoSolutionTDD\ProductoSolutionTDD\bin\Debug\net5.0\fine-code-coverage\build-output\NUnit3.TestAdapter.dll
TpTrace Information: 0 : 20200, 4, 2021/09/23, 11:57:51.044, 2658950441994, testhost.dll, AssemblyResolver.AddSearchDirectories: Adding more searchDirectories D:\IsmaPCBlanco\Documentos\ISMA\Semestre 2021-2\Diseño dirigido por pruebas\Proyectos\Parcial\ProductoSolutionTDD\ProductoSolutionTDD\bin\Debug\net5.0\fine-code-coverage\build-output
TpTrace Information: 0 : 20200, 4, 2021/09/23, 11:57:51.047, 2658950473133, testhost.dll, AssemblyResolver.OnResolve: NUnit3.TestAdapter: Resolving assembly.
TpTrace Information: 0 : 20200, 4, 2021/09/23, 11:57:51.048, 2658950484475, testhost.dll, AssemblyResolver.OnResolve: Resolved assembly: NUnit3.TestAdapter, from path: D:\IsmaPCBlanco\Documentos\ISMA\Semestre 2021-2\Diseño dirigido por pruebas\Proyectos\Parcial\ProductoSolutionTDD\ProductoSolutionTDD\bin\Debug\net5.0\fine-code-coverage\build-output\NUnit3.TestAdapter.dll
TpTrace Information: 0 : 20200, 4, 2021/09/23, 11:57:51.051, 2658950506223, testhost.dll, AssemblyResolver.OnResolve: nunit.engine.api: Resolving assembly.
TpTrace Information: 0 : 20200, 4, 2021/09/23, 11:57:51.051, 2658950510444, testhost.dll, AssemblyResolver.OnResolve: Resolved assembly: nunit.engine.api, from path: D:\IsmaPCBlanco\Documentos\ISMA\Semestre 2021-2\Diseño dirigido por pruebas\Proyectos\Parcial\ProductoSolutionTDD\ProductoSolutionTDD\bin\Debug\net5.0\fine-code-coverage\build-output\nunit.engine.api.dll
TpTrace Verbose: 0 : 20200, 4, 2021/09/23, 11:57:51.054, 2658950545150, testhost.dll, TestPluginCache: Discovered the extensions using extension path ''.
TpTrace Verbose: 0 : 20200, 4, 2021/09/23, 11:57:51.055, 2658950550326, testhost.dll, TestPluginCache: Discoverers are ''.
TpTrace Verbose: 0 : 20200, 4, 2021/09/23, 11:57:51.055, 2658950551493, testhost.dll, TestPluginCache: Executors are 'executor://NUnit3TestExecutor'.
TpTrace Verbose: 0 : 20200, 4, 2021/09/23, 11:57:51.055, 2658950552595, testhost.dll, TestPluginCache: Executors2 are ''.
TpTrace Verbose: 0 : 20200, 4, 2021/09/23, 11:57:51.055, 2658950553165, testhost.dll, TestPluginCache: Setting providers are ''.
TpTrace Verbose: 0 : 20200, 4, 2021/09/23, 11:57:51.055, 2658950553606, testhost.dll, TestPluginCache: Loggers are ''.
TpTrace Verbose: 0 : 20200, 8, 2021/09/23, 11:57:51.057, 2658950568599, testhost.dll, TcpClientExtensions.MessageLoopAsync: Polling on remoteEndPoint: [::ffff:127.0.0.1]:49357 localEndPoint: [::ffff:127.0.0.1]:49358
TpTrace Verbose: 0 : 20200, 4, 2021/09/23, 11:57:51.057, 2658950575339, testhost.dll, TestPluginCache.DiscoverTestExtensions: finding test extensions in assemblies ends with: TestAdapter.dll TPluginInfo: Microsoft.VisualStudio.TestPlatform.Common.ExtensionFramework.Utilities.TestExecutorPluginInformation2 TExtension: Microsoft.VisualStudio.TestPlatform.ObjectModel.Adapter.ITestExecutor2
TpTrace Verbose: 0 : 20200, 4, 2021/09/23, 11:57:51.058, 2658950577028, testhost.dll, TestPluginCache.GetExtensionPaths: Filtered extension paths: 
TpTrace Verbose: 0 : 20200, 4, 2021/09/23, 11:57:51.058, 2658950577314, testhost.dll, TestPluginCache.GetExtensionPaths: Added default extension paths: D:\IsmaPCBlanco\Documentos\ISMA\Semestre 2021-2\Diseño dirigido por pruebas\Proyectos\Parcial\ProductoSolutionTDD\ProductoSolutionTDD\bin\Debug\net5.0\fine-code-coverage\build-output\NUnit3.TestAdapter.dll
TpTrace Verbose: 0 : 20200, 4, 2021/09/23, 11:57:51.058, 2658950577479, testhost.dll, TestPluginCache.GetExtensionPaths: Added unfilterableExtensionPaths: 
TpTrace Information: 0 : 20200, 4, 2021/09/23, 11:57:51.058, 2658950578692, testhost.dll, AssemblyResolver.AddSearchDirectories: Adding more searchDirectories D:\IsmaPCBlanco\Documentos\ISMA\Semestre 2021-2\Diseño dirigido por pruebas\Proyectos\Parcial\ProductoSolutionTDD\ProductoSolutionTDD\bin\Debug\net5.0\fine-code-coverage\build-output
TpTrace Verbose: 0 : 20200, 4, 2021/09/23, 11:57:51.058, 2658950578981, testhost.dll, TestPluginCache.DiscoverTestExtensions: Discovering the extensions using extension path.
TpTrace Verbose: 0 : 20200, 4, 2021/09/23, 11:57:51.058, 2658950579165, testhost.dll, TestPluginCache.GetExtensionPaths: Filtered extension paths: 
TpTrace Verbose: 0 : 20200, 4, 2021/09/23, 11:57:51.058, 2658950579319, testhost.dll, TestPluginCache.GetExtensionPaths: Added default extension paths: D:\IsmaPCBlanco\Documentos\ISMA\Semestre 2021-2\Diseño dirigido por pruebas\Proyectos\Parcial\ProductoSolutionTDD\ProductoSolutionTDD\bin\Debug\net5.0\fine-code-coverage\build-output\NUnit3.TestAdapter.dll
TpTrace Verbose: 0 : 20200, 4, 2021/09/23, 11:57:51.058, 2658950579484, testhost.dll, TestPluginCache.GetExtensionPaths: Added unfilterableExtensionPaths: 
TpTrace Verbose: 0 : 20200, 4, 2021/09/23, 11:57:51.058, 2658950579636, testhost.dll, TestPluginCache.DiscoverTestExtensions: Discovering the extensions using allExtensionPaths: D:\IsmaPCBlanco\Documentos\ISMA\Semestre 2021-2\Diseño dirigido por pruebas\Proyectos\Parcial\ProductoSolutionTDD\ProductoSolutionTDD\bin\Debug\net5.0\fine-code-coverage\build-output\NUnit3.TestAdapter.dll
TpTrace Information: 0 : 20200, 4, 2021/09/23, 11:57:51.058, 2658950579859, testhost.dll, AssemblyResolver.AddSearchDirectories: Adding more searchDirectories D:\IsmaPCBlanco\Documentos\ISMA\Semestre 2021-2\Diseño dirigido por pruebas\Proyectos\Parcial\ProductoSolutionTDD\ProductoSolutionTDD\bin\Debug\net5.0\fine-code-coverage\build-output
TpTrace Verbose: 0 : 20200, 4, 2021/09/23, 11:57:51.058, 2658950581796, testhost.dll, TestPluginCache: Discovered the extensions using extension path ''.
TpTrace Verbose: 0 : 20200, 4, 2021/09/23, 11:57:51.058, 2658950582517, testhost.dll, TestPluginCache: Discoverers are ''.
TpTrace Verbose: 0 : 20200, 4, 2021/09/23, 11:57:51.058, 2658950582765, testhost.dll, TestPluginCache: Executors are 'executor://NUnit3TestExecutor'.
TpTrace Verbose: 0 : 20200, 4, 2021/09/23, 11:57:51.058, 2658950583113, testhost.dll, TestPluginCache: Executors2 are ''.
TpTrace Verbose: 0 : 20200, 4, 2021/09/23, 11:57:51.058, 2658950583255, testhost.dll, TestPluginCache: Setting providers are ''.
TpTrace Verbose: 0 : 20200, 4, 2021/09/23, 11:57:51.058, 2658950583380, testhost.dll, TestPluginCache: Loggers are ''.
TpTrace Information: 0 : 20200, 4, 2021/09/23, 11:57:51.062, 2658950618262, testhost.dll, TestPluginManager.CreateTestExtension: Attempting to load test extension: NUnit.VisualStudio.TestAdapter.NUnit3TestExecutor
TpTrace Verbose: 0 : 20200, 4, 2021/09/23, 11:57:51.062, 2658950624283, testhost.dll, TestExecutorExtensionManager: Loading executor NUnit.VisualStudio.TestAdapter.NUnit3TestExecutor
TpTrace Verbose: 0 : 20200, 4, 2021/09/23, 11:57:51.062, 2658950624896, testhost.dll, TestExecutorService: Loaded the executors
TpTrace Verbose: 0 : 20200, 4, 2021/09/23, 11:57:51.063, 2658950630746, testhost.dll, TestPluginCache.DiscoverTestExtensions: finding test extensions in assemblies ends with: TestAdapter.dll TPluginInfo: Microsoft.VisualStudio.TestPlatform.Common.ExtensionFramework.Utilities.TestSettingsProviderPluginInformation TExtension: Microsoft.VisualStudio.TestPlatform.ObjectModel.Adapter.ISettingsProvider
TpTrace Verbose: 0 : 20200, 4, 2021/09/23, 11:57:51.063, 2658950631366, testhost.dll, TestPluginCache.GetExtensionPaths: Filtered extension paths: 
TpTrace Verbose: 0 : 20200, 4, 2021/09/23, 11:57:51.063, 2658950631579, testhost.dll, TestPluginCache.GetExtensionPaths: Added default extension paths: D:\IsmaPCBlanco\Documentos\ISMA\Semestre 2021-2\Diseño dirigido por pruebas\Proyectos\Parcial\ProductoSolutionTDD\ProductoSolutionTDD\bin\Debug\net5.0\fine-code-coverage\build-output\NUnit3.TestAdapter.dll
TpTrace Verbose: 0 : 20200, 4, 2021/09/23, 11:57:51.063, 2658950631765, testhost.dll, TestPluginCache.GetExtensionPaths: Added unfilterableExtensionPaths: 
TpTrace Information: 0 : 20200, 4, 2021/09/23, 11:57:51.063, 2658950632618, testhost.dll, AssemblyResolver.AddSearchDirectories: Adding more searchDirectories D:\IsmaPCBlanco\Documentos\ISMA\Semestre 2021-2\Diseño dirigido por pruebas\Proyectos\Parcial\ProductoSolutionTDD\ProductoSolutionTDD\bin\Debug\net5.0\fine-code-coverage\build-output
TpTrace Verbose: 0 : 20200, 4, 2021/09/23, 11:57:51.063, 2658950632919, testhost.dll, TestPluginCache.DiscoverTestExtensions: Discovering the extensions using extension path.
TpTrace Verbose: 0 : 20200, 4, 2021/09/23, 11:57:51.063, 2658950633088, testhost.dll, TestPluginCache.GetExtensionPaths: Filtered extension paths: 
TpTrace Verbose: 0 : 20200, 4, 2021/09/23, 11:57:51.063, 2658950633219, testhost.dll, TestPluginCache.GetExtensionPaths: Added default extension paths: D:\IsmaPCBlanco\Documentos\ISMA\Semestre 2021-2\Diseño dirigido por pruebas\Proyectos\Parcial\ProductoSolutionTDD\ProductoSolutionTDD\bin\Debug\net5.0\fine-code-coverage\build-output\NUnit3.TestAdapter.dll
TpTrace Verbose: 0 : 20200, 4, 2021/09/23, 11:57:51.063, 2658950633351, testhost.dll, TestPluginCache.GetExtensionPaths: Added unfilterableExtensionPaths: 
TpTrace Verbose: 0 : 20200, 4, 2021/09/23, 11:57:51.063, 2658950633496, testhost.dll, TestPluginCache.DiscoverTestExtensions: Discovering the extensions using allExtensionPaths: D:\IsmaPCBlanco\Documentos\ISMA\Semestre 2021-2\Diseño dirigido por pruebas\Proyectos\Parcial\ProductoSolutionTDD\ProductoSolutionTDD\bin\Debug\net5.0\fine-code-coverage\build-output\NUnit3.TestAdapter.dll
TpTrace Information: 0 : 20200, 4, 2021/09/23, 11:57:51.063, 2658950633769, testhost.dll, AssemblyResolver.AddSearchDirectories: Adding more searchDirectories D:\IsmaPCBlanco\Documentos\ISMA\Semestre 2021-2\Diseño dirigido por pruebas\Proyectos\Parcial\ProductoSolutionTDD\ProductoSolutionTDD\bin\Debug\net5.0\fine-code-coverage\build-output
TpTrace Verbose: 0 : 20200, 4, 2021/09/23, 11:57:51.064, 2658950635709, testhost.dll, TestPluginCache: Discovered the extensions using extension path ''.
TpTrace Verbose: 0 : 20200, 4, 2021/09/23, 11:57:51.064, 2658950635996, testhost.dll, TestPluginCache: Discoverers are ''.
TpTrace Verbose: 0 : 20200, 4, 2021/09/23, 11:57:51.064, 2658950636152, testhost.dll, TestPluginCache: Executors are 'executor://NUnit3TestExecutor'.
TpTrace Verbose: 0 : 20200, 4, 2021/09/23, 11:57:51.064, 2658950636285, testhost.dll, TestPluginCache: Executors2 are ''.
TpTrace Verbose: 0 : 20200, 4, 2021/09/23, 11:57:51.064, 2658950636510, testhost.dll, TestPluginCache: Setting providers are ''.
TpTrace Verbose: 0 : 20200, 4, 2021/09/23, 11:57:51.064, 2658950636645, testhost.dll, TestPluginCache: Loggers are ''.
TpTrace Verbose: 0 : 20200, 4, 2021/09/23, 11:57:51.064, 2658950642326, testhost.dll, TestExecutorService: Loaded the settings providers
TpTrace Information: 0 : 20200, 4, 2021/09/23, 11:57:51.064, 2658950642649, testhost.dll, TestExecutorService: Loaded the extensions
TpTrace Information: 0 : 20200, 4, 2021/09/23, 11:57:51.078, 2658950783136, testhost.dll, AssemblyResolver.OnResolve: Microsoft.VisualStudio.TestPlatform.Common.resources: Resolving assembly.
TpTrace Information: 0 : 20200, 4, 2021/09/23, 11:57:51.078, 2658950784276, testhost.dll, AssemblyResolver.OnResolve: Microsoft.VisualStudio.TestPlatform.Common.resources: Failed to load assembly.
TpTrace Information: 0 : 20200, 4, 2021/09/23, 11:57:51.130, 2658951298843, testhost.dll, TestDiscoveryManager: Discovering tests from sources D:\IsmaPCBlanco\Documentos\ISMA\Semestre 2021-2\Diseño dirigido por pruebas\Proyectos\Parcial\ProductoSolutionTDD\ProductoSolutionTDD\bin\Debug\net5.0\fine-code-coverage\build-output\ProductoSolutionTDD.dll
TpTrace Verbose: 0 : 20200, 4, 2021/09/23, 11:57:51.132, 2658951318250, testhost.dll, TestPluginCache.DiscoverTestExtensions: finding test extensions in assemblies ends with: TestAdapter.dll TPluginInfo: Microsoft.VisualStudio.TestPlatform.Common.ExtensionFramework.Utilities.TestDiscovererPluginInformation TExtension: Microsoft.VisualStudio.TestPlatform.ObjectModel.Adapter.ITestDiscoverer
TpTrace Verbose: 0 : 20200, 4, 2021/09/23, 11:57:51.132, 2658951319492, testhost.dll, TestPluginCache.GetExtensionPaths: Filtered extension paths: 
TpTrace Verbose: 0 : 20200, 4, 2021/09/23, 11:57:51.132, 2658951319742, testhost.dll, TestPluginCache.GetExtensionPaths: Added default extension paths: D:\IsmaPCBlanco\Documentos\ISMA\Semestre 2021-2\Diseño dirigido por pruebas\Proyectos\Parcial\ProductoSolutionTDD\ProductoSolutionTDD\bin\Debug\net5.0\fine-code-coverage\build-output\NUnit3.TestAdapter.dll
TpTrace Verbose: 0 : 20200, 4, 2021/09/23, 11:57:51.132, 2658951319906, testhost.dll, TestPluginCache.GetExtensionPaths: Added unfilterableExtensionPaths: 
TpTrace Information: 0 : 20200, 4, 2021/09/23, 11:57:51.132, 2658951320818, testhost.dll, AssemblyResolver.AddSearchDirectories: Adding more searchDirectories D:\IsmaPCBlanco\Documentos\ISMA\Semestre 2021-2\Diseño dirigido por pruebas\Proyectos\Parcial\ProductoSolutionTDD\ProductoSolutionTDD\bin\Debug\net5.0\fine-code-coverage\build-output
TpTrace Verbose: 0 : 20200, 4, 2021/09/23, 11:57:51.132, 2658951321133, testhost.dll, TestPluginCache.DiscoverTestExtensions: Discovering the extensions using extension path.
TpTrace Verbose: 0 : 20200, 4, 2021/09/23, 11:57:51.132, 2658951321483, testhost.dll, TestPluginCache.GetExtensionPaths: Filtered extension paths: 
TpTrace Verbose: 0 : 20200, 4, 2021/09/23, 11:57:51.132, 2658951321815, testhost.dll, TestPluginCache.GetExtensionPaths: Added default extension paths: D:\IsmaPCBlanco\Documentos\ISMA\Semestre 2021-2\Diseño dirigido por pruebas\Proyectos\Parcial\ProductoSolutionTDD\ProductoSolutionTDD\bin\Debug\net5.0\fine-code-coverage\build-output\NUnit3.TestAdapter.dll
TpTrace Verbose: 0 : 20200, 4, 2021/09/23, 11:57:51.132, 2658951322063, testhost.dll, TestPluginCache.GetExtensionPaths: Added unfilterableExtensionPaths: 
TpTrace Verbose: 0 : 20200, 4, 2021/09/23, 11:57:51.132, 2658951322387, testhost.dll, TestPluginCache.DiscoverTestExtensions: Discovering the extensions using allExtensionPaths: D:\IsmaPCBlanco\Documentos\ISMA\Semestre 2021-2\Diseño dirigido por pruebas\Proyectos\Parcial\ProductoSolutionTDD\ProductoSolutionTDD\bin\Debug\net5.0\fine-code-coverage\build-output\NUnit3.TestAdapter.dll
TpTrace Information: 0 : 20200, 4, 2021/09/23, 11:57:51.132, 2658951322871, testhost.dll, AssemblyResolver.AddSearchDirectories: Adding more searchDirectories D:\IsmaPCBlanco\Documentos\ISMA\Semestre 2021-2\Diseño dirigido por pruebas\Proyectos\Parcial\ProductoSolutionTDD\ProductoSolutionTDD\bin\Debug\net5.0\fine-code-coverage\build-output
TpTrace Information: 0 : 20200, 4, 2021/09/23, 11:57:51.135, 2658951350314, testhost.dll, AssemblyResolver.OnResolve: System.ComponentModel.Primitives.resources: Resolving assembly.
TpTrace Information: 0 : 20200, 4, 2021/09/23, 11:57:51.135, 2658951351569, testhost.dll, AssemblyResolver.OnResolve: System.ComponentModel.Primitives.resources: Failed to load assembly.
TpTrace Verbose: 0 : 20200, 4, 2021/09/23, 11:57:51.135, 2658951354768, testhost.dll, CurrentDomain_AssemblyResolve: Resolving assembly 'System.ComponentModel.Primitives.resources'.
TpTrace Information: 0 : 20200, 4, 2021/09/23, 11:57:51.136, 2658951356164, testhost.dll, AssemblyResolver.OnResolve: System.ComponentModel.Primitives.resources: Resolving assembly.
TpTrace Information: 0 : 20200, 4, 2021/09/23, 11:57:51.136, 2658951356837, testhost.dll, AssemblyResolver.OnResolve: System.ComponentModel.Primitives.resources: Resolved from cache.
TpTrace Verbose: 0 : 20200, 4, 2021/09/23, 11:57:51.136, 2658951357199, testhost.dll, CurrentDomain_AssemblyResolve: Resolving assembly 'System.ComponentModel.Primitives.resources'.
TpTrace Verbose: 0 : 20200, 4, 2021/09/23, 11:57:51.136, 2658951357471, testhost.dll, CurrentDomainAssemblyResolve: Failed to resolve assembly 'System.ComponentModel.Primitives.resources'.
TpTrace Verbose: 0 : 20200, 4, 2021/09/23, 11:57:51.136, 2658951364862, testhost.dll, CurrentDomainAssemblyResolve: Failed to resolve assembly 'System.ComponentModel.Primitives.resources'.
TpTrace Information: 0 : 20200, 4, 2021/09/23, 11:57:51.137, 2658951370053, testhost.dll, AssemblyResolver.OnResolve: System.ComponentModel.Primitives.resources: Resolving assembly.
TpTrace Information: 0 : 20200, 4, 2021/09/23, 11:57:51.137, 2658951370530, testhost.dll, AssemblyResolver.OnResolve: System.ComponentModel.Primitives.resources: Resolved from cache.
TpTrace Verbose: 0 : 20200, 4, 2021/09/23, 11:57:51.137, 2658951370843, testhost.dll, CurrentDomain_AssemblyResolve: Resolving assembly 'System.ComponentModel.Primitives.resources'.
TpTrace Verbose: 0 : 20200, 4, 2021/09/23, 11:57:51.137, 2658951371064, testhost.dll, CurrentDomainAssemblyResolve: Failed to resolve assembly 'System.ComponentModel.Primitives.resources'.
TpTrace Verbose: 0 : 20200, 4, 2021/09/23, 11:57:51.139, 2658951386956, testhost.dll, TestPluginCache: Discovered the extensions using extension path ''.
TpTrace Verbose: 0 : 20200, 4, 2021/09/23, 11:57:51.139, 2658951387964, testhost.dll, TestPluginCache: Discoverers are 'NUnit.VisualStudio.TestAdapter.NUnit3TestDiscoverer, NUnit3.TestAdapter, Version=3.17.0.0, Culture=neutral, PublicKeyToken=4cb40d35494691ac'.
TpTrace Verbose: 0 : 20200, 4, 2021/09/23, 11:57:51.139, 2658951388227, testhost.dll, TestPluginCache: Executors are 'executor://NUnit3TestExecutor'.
TpTrace Verbose: 0 : 20200, 4, 2021/09/23, 11:57:51.139, 2658951388391, testhost.dll, TestPluginCache: Executors2 are ''.
TpTrace Verbose: 0 : 20200, 4, 2021/09/23, 11:57:51.139, 2658951388538, testhost.dll, TestPluginCache: Setting providers are ''.
TpTrace Verbose: 0 : 20200, 4, 2021/09/23, 11:57:51.139, 2658951388682, testhost.dll, TestPluginCache: Loggers are ''.
TpTrace Information: 0 : 20200, 4, 2021/09/23, 11:57:51.145, 2658951451510, testhost.dll, PEReaderHelper.GetAssemblyType: Determined assemblyType:'Managed' for source: 'D:\IsmaPCBlanco\Documentos\ISMA\Semestre 2021-2\Diseño dirigido por pruebas\Proyectos\Parcial\ProductoSolutionTDD\ProductoSolutionTDD\bin\Debug\net5.0\fine-code-coverage\build-output\ProductoSolutionTDD.dll'
TpTrace Verbose: 0 : 20200, 4, 2021/09/23, 11:57:51.149, 2658951494413, testhost.dll, BaseRunTests.RunTestInternalWithExecutors: Running tests for executor://NUnit3TestExecutor
TpTrace Information: 0 : 20200, 4, 2021/09/23, 11:57:51.150, 2658951505116, testhost.dll, AssemblyResolver.OnResolve: nunit.engine: Resolving assembly.
TpTrace Information: 0 : 20200, 4, 2021/09/23, 11:57:51.151, 2658951508853, testhost.dll, AssemblyResolver.OnResolve: Resolved assembly: nunit.engine, from path: D:\IsmaPCBlanco\Documentos\ISMA\Semestre 2021-2\Diseño dirigido por pruebas\Proyectos\Parcial\ProductoSolutionTDD\ProductoSolutionTDD\bin\Debug\net5.0\fine-code-coverage\build-output\nunit.engine.dll
TpTrace Information: 0 : 20200, 4, 2021/09/23, 11:57:51.151, 2658951509490, testhost.dll, AssemblyResolver.OnResolve: nunit.engine.core: Resolving assembly.
TpTrace Information: 0 : 20200, 4, 2021/09/23, 11:57:51.151, 2658951512237, testhost.dll, AssemblyResolver.OnResolve: Resolved assembly: nunit.engine.core, from path: D:\IsmaPCBlanco\Documentos\ISMA\Semestre 2021-2\Diseño dirigido por pruebas\Proyectos\Parcial\ProductoSolutionTDD\ProductoSolutionTDD\bin\Debug\net5.0\fine-code-coverage\build-output\nunit.engine.core.dll
TpTrace Information: 0 : 20200, 4, 2021/09/23, 11:57:51.159, 2658951595253, testhost.dll, NUnit Adapter 3.17.0.0: Test execution started
TpTrace Verbose: 0 : 20200, 4, 2021/09/23, 11:57:51.160, 2658951596883, testhost.dll, TestRequestHandler.SendData:  sending data from testhost: {"Version":5,"MessageType":"TestSession.Message","Payload":{"MessageLevel":0,"Message":"NUnit Adapter 3.17.0.0: Test execution started"}}
TpTrace Information: 0 : 20200, 4, 2021/09/23, 11:57:51.187, 2658951870024, testhost.dll, Running all tests in D:\IsmaPCBlanco\Documentos\ISMA\Semestre 2021-2\Diseño dirigido por pruebas\Proyectos\Parcial\ProductoSolutionTDD\ProductoSolutionTDD\bin\Debug\net5.0\fine-code-coverage\build-output\ProductoSolutionTDD.dll
TpTrace Verbose: 0 : 20200, 4, 2021/09/23, 11:57:51.187, 2658951871593, testhost.dll, TestRequestHandler.SendData:  sending data from testhost: {"Version":5,"MessageType":"TestSession.Message","Payload":{"MessageLevel":0,"Message":"Running all tests in D:\\IsmaPCBlanco\\Documentos\\ISMA\\Semestre 2021-2\\Diseño dirigido por pruebas\\Proyectos\\Parcial\\ProductoSolutionTDD\\ProductoSolutionTDD\\bin\\Debug\\net5.0\\fine-code-coverage\\build-output\\ProductoSolutionTDD.dll"}}
TpTrace Information: 0 : 20200, 4, 2021/09/23, 11:57:51.196, 2658951956986, testhost.dll, AssemblyResolver.OnResolve: Mono.Cecil: Resolving assembly.
TpTrace Information: 0 : 20200, 4, 2021/09/23, 11:57:51.196, 2658951959065, testhost.dll, AssemblyResolver.OnResolve: Mono.Cecil: Failed to load assembly.
TpTrace Information: 0 : 20200, 4, 2021/09/23, 11:57:51.341, 2658953414044, testhost.dll,    NUnit3TestExecutor discovered 2 of 2 NUnit test cases
TpTrace Verbose: 0 : 20200, 4, 2021/09/23, 11:57:51.341, 2658953415410, testhost.dll, TestRequestHandler.SendData:  sending data from testhost: {"Version":5,"MessageType":"TestSession.Message","Payload":{"MessageLevel":0,"Message":"   NUnit3TestExecutor discovered 2 of 2 NUnit test cases"}}
TpTrace Verbose: 0 : 20200, 12, 2021/09/23, 11:57:51.363, 2658953633625, testhost.dll, TestExecutionRecorder.RecordStart: Starting test: ProductoSolutionTDD.ProductoSolutionTest.NoPuedeIngresarCantidadProductosDeMenosUno.
TpTrace Verbose: 0 : 20200, 12, 2021/09/23, 11:57:51.395, 2658953949818, testhost.dll, TestExecutionRecorder.RecordEnd: test: ProductoSolutionTDD.ProductoSolutionTest.NoPuedeIngresarCantidadProductosDeMenosUno execution completed.
TpTrace Verbose: 0 : 20200, 12, 2021/09/23, 11:57:51.410, 2658954096428, testhost.dll, TestExecutionRecorder.RecordResult: Received result for test: ProductoSolutionTDD.ProductoSolutionTest.NoPuedeIngresarCantidadProductosDeMenosUno.
TpTrace Warning: 0 : 20200, 12, 2021/09/23, 11:57:51.413, 2658954125645, testhost.dll, TestRunCache: InProgressTests is null
TpTrace Warning: 0 : 20200, 12, 2021/09/23, 11:57:51.413, 2658954127146, testhost.dll, TestRunCache: No test found corresponding to testResult 'NoPuedeIngresarCantidadProductosDeMenosUno' in inProgress list.
TpTrace Verbose: 0 : 20200, 12, 2021/09/23, 11:57:51.413, 2658954128642, testhost.dll, TestExecutionRecorder.RecordStart: Starting test: ProductoSolutionTDD.ProductoSolutionTest.PuedeIngresarCantidadProductosCincuentaCorrecta.
TpTrace Verbose: 0 : 20200, 12, 2021/09/23, 11:57:51.414, 2658954140345, testhost.dll, TestExecutionRecorder.RecordEnd: test: ProductoSolutionTDD.ProductoSolutionTest.PuedeIngresarCantidadProductosCincuentaCorrecta execution completed.
TpTrace Verbose: 0 : 20200, 12, 2021/09/23, 11:57:51.415, 2658954147598, testhost.dll, TestExecutionRecorder.RecordResult: Received result for test: ProductoSolutionTDD.ProductoSolutionTest.PuedeIngresarCantidadProductosCincuentaCorrecta.
TpTrace Warning: 0 : 20200, 12, 2021/09/23, 11:57:51.415, 2658954148355, testhost.dll, TestRunCache: InProgressTests is null
TpTrace Warning: 0 : 20200, 12, 2021/09/23, 11:57:51.415, 2658954148596, testhost.dll, TestRunCache: No test found corresponding to testResult 'PuedeIngresarCantidadProductosCincuentaCorrecta' in inProgress list.
TpTrace Information: 0 : 20200, 4, 2021/09/23, 11:57:51.418, 2658954175869, testhost.dll, NUnit Adapter 3.17.0.0: Test execution complete
TpTrace Verbose: 0 : 20200, 4, 2021/09/23, 11:57:51.418, 2658954176979, testhost.dll, TestRequestHandler.SendData:  sending data from testhost: {"Version":5,"MessageType":"TestSession.Message","Payload":{"MessageLevel":0,"Message":"NUnit Adapter 3.17.0.0: Test execution complete"}}
TpTrace Verbose: 0 : 20200, 4, 2021/09/23, 11:57:51.421, 2658954214061, testhost.dll, BaseRunTests.RunTestInternalWithExecutors: Completed running tests for executor://NUnit3TestExecutor
TpTrace Information: 0 : 20200, 4, 2021/09/23, 11:57:51.424, 2658954242549, testhost.dll, Sending test run complete
TpTrace Verbose: 0 : 20200, 4, 2021/09/23, 11:57:51.452, 2658954518287, testhost.dll, TestRequestHandler.SendData:  sending data from testhost: {"Version":5,"MessageType":"TestExecution.Completed","Payload":{"TestRunCompleteArgs":{"TestRunStatistics":{"ExecutedTests":2,"Stats":{"Passed":2}},"IsCanceled":false,"IsAborted":false,"Error":null,"AttachmentSets":[],"ElapsedTimeInRunningTests":"00:00:00.2747703","Metrics":{}},"LastRunTests":{"NewTestResults":[{"TestCase":{"Id":"1fd23cc2-ebc2-4f0e-3c28-85f7d285a74d","FullyQualifiedName":"ProductoSolutionTDD.ProductoSolutionTest.NoPuedeIngresarCantidadProductosDeMenosUno","DisplayName":"NoPuedeIngresarCantidadProductosDeMenosUno","ExecutorUri":"executor://NUnit3TestExecutor","Source":"D:\\IsmaPCBlanco\\Documentos\\ISMA\\Semestre 2021-2\\Diseño dirigido por pruebas\\Proyectos\\Parcial\\ProductoSolutionTDD\\ProductoSolutionTDD\\bin\\Debug\\net5.0\\fine-code-coverage\\build-output\\ProductoSolutionTDD.dll","CodeFilePath":null,"LineNumber":0,"Properties":[]},"Attachments":[],"Outcome":1,"ErrorMessage":null,"ErrorStackTrace":null,"DisplayName":"NoPuedeIngresarCantidadProductosDeMenosUno","Messages":[],"ComputerName":"DESKTOP-FFMH835","Duration":"00:00:00.0063410","StartTime":"2021-09-23T16:57:51.3632084+00:00","EndTime":"2021-09-23T16:57:51.3694548+00:00","Properties":[]},{"TestCase":{"Id":"5aafae75-09ff-9b28-1901-0763a8ee5fcf","FullyQualifiedName":"ProductoSolutionTDD.ProductoSolutionTest.PuedeIngresarCantidadProductosCincuentaCorrecta","DisplayName":"PuedeIngresarCantidadProductosCincuentaCorrecta","ExecutorUri":"executor://NUnit3TestExecutor","Source":"D:\\IsmaPCBlanco\\Documentos\\ISMA\\Semestre 2021-2\\Diseño dirigido por pruebas\\Proyectos\\Parcial\\ProductoSolutionTDD\\ProductoSolutionTDD\\bin\\Debug\\net5.0\\fine-code-coverage\\build-output\\ProductoSolutionTDD.dll","CodeFilePath":null,"LineNumber":0,"Properties":[]},"Attachments":[],"Outcome":1,"ErrorMessage":null,"ErrorStackTrace":null,"DisplayName":"PuedeIngresarCantidadProductosCincuentaCorrecta","Messages":[],"ComputerName":"DESKTOP-FFMH835","Duration":"00:00:00.0020230","StartTime":"2021-09-23T16:57:51.3711488+00:00","EndTime":"2021-09-23T16:57:51.3731724+00:00","Properties":[]}],"TestRunStatistics":{"ExecutedTests":2,"Stats":{"Passed":2}},"ActiveTests":[]},"RunAttachments":[],"ExecutorUris":["executor://nunit3testexecutor/"]}}
TpTrace Verbose: 0 : 20200, 4, 2021/09/23, 11:57:51.452, 2658954521077, testhost.dll, BaseRunTests.RunTests: Run is complete.
TpTrace Verbose: 0 : 20200, 8, 2021/09/23, 11:57:51.454, 2658954540142, testhost.dll, TcpClientExtensions.MessageLoopAsync: NotifyDataAvailable remoteEndPoint: [::ffff:127.0.0.1]:49357 localEndPoint: [::ffff:127.0.0.1]:49358
TpTrace Information: 0 : 20200, 8, 2021/09/23, 11:57:51.454, 2658954541673, testhost.dll, TestRequestHandler.ProcessRequests: received message: (TestSession.Terminate) -> null
TpTrace Information: 0 : 20200, 8, 2021/09/23, 11:57:51.454, 2658954541917, testhost.dll, Session End message received from server. Closing the connection.
TpTrace Information: 0 : 20200, 8, 2021/09/23, 11:57:51.454, 2658954544705, testhost.dll, SocketClient.Stop: Stop communication from server endpoint: 127.0.0.1:049357
TpTrace Information: 0 : 20200, 8, 2021/09/23, 11:57:51.454, 2658954545093, testhost.dll, SocketClient: Stop: Cancellation requested. Stopping message loop.
TpTrace Verbose: 0 : 20200, 8, 2021/09/23, 11:57:51.455, 2658954546244, testhost.dll, LengthPrefixCommunicationChannel.Dispose: Dispose reader and writer.
TpTrace Information: 0 : 20200, 8, 2021/09/23, 11:57:51.455, 2658954546552, testhost.dll, Closing the connection !
TpTrace Information: 0 : 20200, 8, 2021/09/23, 11:57:51.455, 2658954547929, testhost.dll, SocketClient.PrivateStop: Stop communication from server endpoint: 127.0.0.1:049357, error:
TpTrace Verbose: 0 : 20200, 8, 2021/09/23, 11:57:51.455, 2658954550723, testhost.dll, LengthPrefixCommunicationChannel.Dispose: Dispose reader and writer.
TpTrace Information: 0 : 20200, 1, 2021/09/23, 11:57:51.455, 2658954550841, testhost.dll, Closing the connection !
TpTrace Information: 0 : 20200, 1, 2021/09/23, 11:57:51.455, 2658954551491, testhost.dll, SocketClient.Stop: Stop communication from server endpoint: 127.0.0.1:049357
TpTrace Verbose: 0 : 20200, 1, 2021/09/23, 11:57:51.455, 2658954551787, testhost.dll, LengthPrefixCommunicationChannel.Dispose: Dispose reader and writer.
TpTrace Verbose: 0 : 20200, 8, 2021/09/23, 11:57:51.455, 2658954552104, testhost.dll, TcpClientExtensions.MessageLoopAsync: exiting MessageLoopAsync remoteEndPoint: [::ffff:127.0.0.1]:49357 localEndPoint: [::ffff:127.0.0.1]:49358
TpTrace Information: 0 : 20200, 1, 2021/09/23, 11:57:51.455, 2658954552381, testhost.dll, Testhost process exiting.
