TpTrace Verbose: 0 : 1048, 1, 2021/09/23, 11:52:30.612, 2655746133050, datacollector.dll, Version: 16.10.0-release-20210520-03
TpTrace Information: 0 : 1048, 1, 2021/09/23, 11:52:30.616, 2655746158461, datacollector.dll, DataCollectorMain.Run: Starting data collector run with args: --port,56653,--parentprocessid,12580,--diag,D:\IsmaPCBlanco\Documentos\ISMA\Semestre 2021-2\Dise単o dirigido por pruebas\Proyectos\Parcial\ProductoSolutionTDD\ProductoSolutionTDD\bin\Debug\net5.0\fine-code-coverage\coverage-tool-output\diagnostics.datacollector.21-09-23_11-52-30_52337_4.log,--tracelevel,4
TpTrace Information: 0 : 1048, 1, 2021/09/23, 11:52:30.616, 2655746162382, datacollector.dll, DataCollector: Monitoring parent process with id: '12580'
TpTrace Information: 0 : 1048, 1, 2021/09/23, 11:52:30.624, 2655746240190, datacollector.dll, Trying to connect to server on socket : 127.0.0.1:56653 
TpTrace Verbose: 0 : 1048, 1, 2021/09/23, 11:52:30.642, 2655746422575, datacollector.dll, SocketCommunicationManager : SetupClientAsync : Attempting to connect to the server.
TpTrace Information: 0 : 1048, 7, 2021/09/23, 11:52:30.648, 2655746484862, datacollector.dll, Connected to the server successfully 
TpTrace Information: 0 : 1048, 7, 2021/09/23, 11:52:30.649, 2655746485618, datacollector.dll, Using the buffer size of 16384 bytes
TpTrace Information: 0 : 1048, 1, 2021/09/23, 11:52:30.694, 2655746944481, datacollector.dll, DataCollector: Start Request Processing.
TpTrace Information: 0 : 1048, 1, 2021/09/23, 11:52:30.697, 2655746969786, datacollector.dll, DataCollectionRequestHandler.ProcessRequests : Datacollector received message: (DataCollection.BeforeTestRunStart) -> {
  "SettingsXml": "<RunSettings><RunConfiguration><ResultsDirectory>D:\\IsmaPCBlanco\\Documentos\\ISMA\\Semestre 2021-2\\Dise単o dirigido por pruebas\\Proyectos\\Parcial\\ProductoSolutionTDD\\ProductoSolutionTDD\\bin\\Debug\\net5.0\\fine-code-coverage\\coverage-tool-output</ResultsDirectory><TargetPlatform>X64</TargetPlatform><TargetFrameworkVersion>.NETCoreApp,Version=v5.0</TargetFrameworkVersion><DesignMode>False</DesignMode><CollectSourceInformation>False</CollectSourceInformation><TestAdaptersPaths>C:\\Program Files\\dotnet\\sdk\\5.0.301\\Extensions</TestAdaptersPaths></RunConfiguration><LoggerRunSettings><Loggers><Logger friendlyName=\"blame\" enabled=\"True\" /><Logger friendlyName=\"Console\" uri=\"logger://microsoft/TestPlatform/ConsoleLogger/v1\" assemblyQualifiedName=\"Microsoft.VisualStudio.TestPlatform.CommandLine.Internal.ConsoleLogger, vstest.console, Version=15.0.0.0, Culture=neutral, PublicKeyToken=b03f5f7f11d50a3a\" codeBase=\"C:\\Program Files\\dotnet\\sdk\\5.0.301\\vstest.console.dll\" enabled=\"True\" /></Loggers></LoggerRunSettings><DataCollectionRunSettings><DataCollectors><DataCollector friendlyName=\"blame\" enabled=\"True\"><Configuration><ResultsDirectory>D:\\IsmaPCBlanco\\Documentos\\ISMA\\Semestre 2021-2\\Dise単o dirigido por pruebas\\Proyectos\\Parcial\\ProductoSolutionTDD\\ProductoSolutionTDD\\bin\\Debug\\net5.0\\fine-code-coverage\\coverage-tool-output</ResultsDirectory></Configuration></DataCollector></DataCollectors></DataCollectionRunSettings></RunSettings>",
  "Sources": [
    "D:\\IsmaPCBlanco\\Documentos\\ISMA\\Semestre 2021-2\\Dise単o dirigido por pruebas\\Proyectos\\Parcial\\ProductoSolutionTDD\\ProductoSolutionTDD\\bin\\Debug\\net5.0\\fine-code-coverage\\build-output\\ProductoSolutionTDD.dll"
  ],
  "IsTelemetryOptedIn": false
}
TpTrace Verbose: 0 : 1048, 1, 2021/09/23, 11:52:30.722, 2655747217475, datacollector.dll, TestPluginCache: Update extensions started. Skip filter = False
TpTrace Verbose: 0 : 1048, 1, 2021/09/23, 11:52:30.722, 2655747222298, datacollector.dll, TestPluginCache: Using directories for assembly resolution 'C:\Program Files\dotnet\sdk\5.0.301\Extensions'.
TpTrace Verbose: 0 : 1048, 1, 2021/09/23, 11:52:30.722, 2655747222746, datacollector.dll, TestPluginCache: Updated the available extensions to 'C:\Program Files\dotnet\sdk\5.0.301\Extensions\Microsoft.TestPlatform.Extensions.BlameDataCollector.dll,C:\Program Files\dotnet\sdk\5.0.301\Extensions\Microsoft.TestPlatform.Extensions.EventLogCollector.dll'.
TpTrace Verbose: 0 : 1048, 1, 2021/09/23, 11:52:30.727, 2655747265906, datacollector.dll, TestPluginCache.DiscoverTestExtensions: finding test extensions in assemblies ends with: Collector.dll TPluginInfo: Microsoft.VisualStudio.TestPlatform.Common.DataCollector.DataCollectorConfig TExtension: Microsoft.VisualStudio.TestPlatform.ObjectModel.DataCollection.DataCollector
TpTrace Verbose: 0 : 1048, 1, 2021/09/23, 11:52:30.727, 2655747267428, datacollector.dll, TestPluginCache.GetExtensionPaths: Filtered extension paths: C:\Program Files\dotnet\sdk\5.0.301\Extensions\Microsoft.TestPlatform.Extensions.BlameDataCollector.dll
C:\Program Files\dotnet\sdk\5.0.301\Extensions\Microsoft.TestPlatform.Extensions.EventLogCollector.dll
TpTrace Verbose: 0 : 1048, 1, 2021/09/23, 11:52:30.727, 2655747267704, datacollector.dll, TestPluginCache.GetExtensionPaths: Added default extension paths: 
TpTrace Verbose: 0 : 1048, 1, 2021/09/23, 11:52:30.727, 2655747267858, datacollector.dll, TestPluginCache.GetExtensionPaths: Added unfilterableExtensionPaths: 
TpTrace Information: 0 : 1048, 1, 2021/09/23, 11:52:30.727, 2655747271930, datacollector.dll, AssemblyResolver.ctor: Creating AssemblyResolver with searchDirectories C:\Program Files\dotnet\sdk\5.0.301\Extensions,C:\Program Files\dotnet\sdk\5.0.301
TpTrace Verbose: 0 : 1048, 1, 2021/09/23, 11:52:30.728, 2655747280555, datacollector.dll, TestPluginCache.DiscoverTestExtensions: Discovering the extensions using extension path.
TpTrace Verbose: 0 : 1048, 1, 2021/09/23, 11:52:30.728, 2655747281686, datacollector.dll, TestPluginCache.GetExtensionPaths: Filtered extension paths: C:\Program Files\dotnet\sdk\5.0.301\Extensions\Microsoft.TestPlatform.Extensions.BlameDataCollector.dll
C:\Program Files\dotnet\sdk\5.0.301\Extensions\Microsoft.TestPlatform.Extensions.EventLogCollector.dll
TpTrace Verbose: 0 : 1048, 1, 2021/09/23, 11:52:30.728, 2655747282001, datacollector.dll, TestPluginCache.GetExtensionPaths: Added default extension paths: 
TpTrace Verbose: 0 : 1048, 1, 2021/09/23, 11:52:30.728, 2655747282488, datacollector.dll, TestPluginCache.GetExtensionPaths: Added unfilterableExtensionPaths: 
TpTrace Verbose: 0 : 1048, 1, 2021/09/23, 11:52:30.728, 2655747283697, datacollector.dll, TestPluginCache.DiscoverTestExtensions: Discovering the extensions using allExtensionPaths: C:\Program Files\dotnet\sdk\5.0.301\Extensions\Microsoft.TestPlatform.Extensions.BlameDataCollector.dll
C:\Program Files\dotnet\sdk\5.0.301\Extensions\Microsoft.TestPlatform.Extensions.EventLogCollector.dll
TpTrace Information: 0 : 1048, 1, 2021/09/23, 11:52:30.729, 2655747285856, datacollector.dll, AssemblyResolver.AddSearchDirectories: Adding more searchDirectories C:\Program Files\dotnet\sdk\5.0.301\Extensions,C:\Program Files\dotnet\sdk\5.0.301
TpTrace Information: 0 : 1048, 1, 2021/09/23, 11:52:30.729, 2655747287036, datacollector.dll, AssemblyResolver.AddSearchDirectories: Adding more searchDirectories C:\Program Files\dotnet\sdk\5.0.301\Extensions,C:\Program Files\dotnet\sdk\5.0.301
TpTrace Information: 0 : 1048, 1, 2021/09/23, 11:52:30.729, 2655747291560, datacollector.dll, AssemblyResolver.OnResolve: Microsoft.TestPlatform.Extensions.BlameDataCollector: Resolving assembly.
TpTrace Information: 0 : 1048, 1, 2021/09/23, 11:52:30.729, 2655747292076, datacollector.dll, AssemblyResolver.OnResolve: Microsoft.TestPlatform.Extensions.BlameDataCollector: Searching in: 'C:\Program Files\dotnet\sdk\5.0.301\Extensions'.
TpTrace Information: 0 : 1048, 1, 2021/09/23, 11:52:30.730, 2655747301234, datacollector.dll, AssemblyResolver.OnResolve: Microsoft.TestPlatform.Extensions.BlameDataCollector: Loading assembly 'C:\Program Files\dotnet\sdk\5.0.301\Extensions\Microsoft.TestPlatform.Extensions.BlameDataCollector.dll'.
TpTrace Information: 0 : 1048, 1, 2021/09/23, 11:52:30.731, 2655747309327, datacollector.dll, AssemblyResolver.OnResolve: Resolved assembly: Microsoft.TestPlatform.Extensions.BlameDataCollector, from path: C:\Program Files\dotnet\sdk\5.0.301\Extensions\Microsoft.TestPlatform.Extensions.BlameDataCollector.dll
TpTrace Error: 0 : 1048, 1, 2021/09/23, 11:52:30.732, 2655747317865, datacollector.dll, The type "Microsoft.TestPlatform.Extensions.BlameDataCollector.BlameCollector" defined in "Microsoft.TestPlatform.Extensions.BlameDataCollector.dll" does not have ExtensionUri attribute.
TpTrace Information: 0 : 1048, 1, 2021/09/23, 11:52:30.733, 2655747327489, datacollector.dll, AssemblyResolver.OnResolve: Microsoft.TestPlatform.Extensions.EventLogCollector: Resolving assembly.
TpTrace Information: 0 : 1048, 1, 2021/09/23, 11:52:30.733, 2655747327880, datacollector.dll, AssemblyResolver.OnResolve: Microsoft.TestPlatform.Extensions.EventLogCollector: Searching in: 'C:\Program Files\dotnet\sdk\5.0.301\Extensions'.
TpTrace Information: 0 : 1048, 1, 2021/09/23, 11:52:30.733, 2655747333732, datacollector.dll, AssemblyResolver.OnResolve: Microsoft.TestPlatform.Extensions.EventLogCollector: Loading assembly 'C:\Program Files\dotnet\sdk\5.0.301\Extensions\Microsoft.TestPlatform.Extensions.EventLogCollector.dll'.
TpTrace Information: 0 : 1048, 1, 2021/09/23, 11:52:30.734, 2655747338154, datacollector.dll, AssemblyResolver.OnResolve: Resolved assembly: Microsoft.TestPlatform.Extensions.EventLogCollector, from path: C:\Program Files\dotnet\sdk\5.0.301\Extensions\Microsoft.TestPlatform.Extensions.EventLogCollector.dll
TpTrace Error: 0 : 1048, 1, 2021/09/23, 11:52:30.736, 2655747361475, datacollector.dll, The type "Microsoft.TestPlatform.Extensions.EventLogCollector.EventLogDataCollector" defined in "Microsoft.TestPlatform.Extensions.EventLogCollector.dll" does not have ExtensionUri attribute.
TpTrace Verbose: 0 : 1048, 1, 2021/09/23, 11:52:30.736, 2655747365105, datacollector.dll, TestPluginCache: Discovered the extensions using extension path 'C:\Program Files\dotnet\sdk\5.0.301\Extensions\Microsoft.TestPlatform.Extensions.BlameDataCollector.dll,C:\Program Files\dotnet\sdk\5.0.301\Extensions\Microsoft.TestPlatform.Extensions.EventLogCollector.dll'.
TpTrace Verbose: 0 : 1048, 1, 2021/09/23, 11:52:30.737, 2655747365536, datacollector.dll, TestPluginCache: Discoverers are ''.
TpTrace Verbose: 0 : 1048, 1, 2021/09/23, 11:52:30.737, 2655747365674, datacollector.dll, TestPluginCache: Executors are ''.
TpTrace Verbose: 0 : 1048, 1, 2021/09/23, 11:52:30.737, 2655747365797, datacollector.dll, TestPluginCache: Executors2 are ''.
TpTrace Verbose: 0 : 1048, 1, 2021/09/23, 11:52:30.737, 2655747365918, datacollector.dll, TestPluginCache: Setting providers are ''.
TpTrace Verbose: 0 : 1048, 1, 2021/09/23, 11:52:30.737, 2655747366039, datacollector.dll, TestPluginCache: Loggers are ''.
TpTrace Information: 0 : 1048, 1, 2021/09/23, 11:52:30.737, 2655747373776, datacollector.dll, TestPluginManager.CreateTestExtension: Attempting to load test extension: Microsoft.TestPlatform.Extensions.BlameDataCollector.BlameCollector
TpTrace Error: 0 : 1048, 1, 2021/09/23, 11:52:30.738, 2655747376743, datacollector.dll, The type "Microsoft.TestPlatform.Extensions.BlameDataCollector.BlameCollector" defined in "Microsoft.TestPlatform.Extensions.BlameDataCollector.dll" does not have ExtensionUri attribute.
TpTrace Information: 0 : 1048, 1, 2021/09/23, 11:52:30.742, 2655747420852, datacollector.dll, Listening on Endpoint : 127.0.0.1:56657
TpTrace Information: 0 : 1048, 1, 2021/09/23, 11:52:30.748, 2655747477282, datacollector.dll, DataCollectionRequestHandler.ProcessRequests : DataCollection started.
TpTrace Information: 0 : 1048, 1, 2021/09/23, 11:52:30.760, 2655747601540, datacollector.dll, DataCollectionRequestHandler.ProcessRequests : Datacollector received message: (DataCollection.TestHostLaunched) -> {
  "ProcessId": 15984
}
TpTrace Information: 0 : 1048, 5, 2021/09/23, 11:52:30.897, 2655748969628, datacollector.dll, Using the buffer size of 16384 bytes
TpTrace Information: 0 : 1048, 5, 2021/09/23, 11:52:30.897, 2655748970338, datacollector.dll, Accepted Client request and set the flag
TpTrace Information: 0 : 1048, 7, 2021/09/23, 11:52:31.300, 2655752999213, datacollector.dll, DataCollectionTestCaseEventHandler: Test case starting.
TpTrace Information: 0 : 1048, 7, 2021/09/23, 11:52:31.306, 2655753063245, datacollector.dll, Blame Collector : Test Case Start
TpTrace Information: 0 : 1048, 7, 2021/09/23, 11:52:31.308, 2655753082204, datacollector.dll, DataCollectionTestCaseEventHandler: Test case 'NoPuedeIngresarCantidadProductosDeMenosUno - 1fd23cc2-ebc2-4f0e-3c28-85f7d285a74d' started.
TpTrace Information: 0 : 1048, 7, 2021/09/23, 11:52:31.321, 2655753207014, datacollector.dll, DataCollectionTestCaseEventHandler : Test case completing.
TpTrace Information: 0 : 1048, 7, 2021/09/23, 11:52:31.323, 2655753230227, datacollector.dll, Blame Collector : Test Case End
TpTrace Information: 0 : 1048, 7, 2021/09/23, 11:52:31.326, 2655753256304, datacollector.dll, DataCollectionTestCaseEventHandler: Test case 'NoPuedeIngresarCantidadProductosDeMenosUno - 1fd23cc2-ebc2-4f0e-3c28-85f7d285a74d' completed
TpTrace Information: 0 : 1048, 7, 2021/09/23, 11:52:31.333, 2655753331468, datacollector.dll, DataCollectionTestCaseEventHandler: Test case starting.
TpTrace Information: 0 : 1048, 7, 2021/09/23, 11:52:31.333, 2655753333720, datacollector.dll, Blame Collector : Test Case Start
TpTrace Information: 0 : 1048, 7, 2021/09/23, 11:52:31.333, 2655753335101, datacollector.dll, DataCollectionTestCaseEventHandler: Test case 'PuedeIngresarCantidadProductosCincuentaCorrecta - 5aafae75-09ff-9b28-1901-0763a8ee5fcf' started.
TpTrace Information: 0 : 1048, 7, 2021/09/23, 11:52:31.334, 2655753339459, datacollector.dll, DataCollectionTestCaseEventHandler : Test case completing.
TpTrace Information: 0 : 1048, 7, 2021/09/23, 11:52:31.334, 2655753340907, datacollector.dll, Blame Collector : Test Case End
TpTrace Information: 0 : 1048, 7, 2021/09/23, 11:52:31.334, 2655753341770, datacollector.dll, DataCollectionTestCaseEventHandler: Test case 'PuedeIngresarCantidadProductosCincuentaCorrecta - 5aafae75-09ff-9b28-1901-0763a8ee5fcf' completed
TpTrace Information: 0 : 1048, 7, 2021/09/23, 11:52:31.342, 2655753422251, datacollector.dll, DataCollectionTestCaseEventHandler: Test session ended
TpTrace Information: 0 : 1048, 1, 2021/09/23, 11:52:31.395, 2655753946125, datacollector.dll, DataCollectionRequestHandler.ProcessRequests : Datacollector received message: (DataCollection.AfterTestRunEnd) -> false
TpTrace Information: 0 : 1048, 1, 2021/09/23, 11:52:31.395, 2655753950951, datacollector.dll, Blame Collector : Session End
TpTrace Information: 0 : 1048, 1, 2021/09/23, 11:52:31.395, 2655753951509, datacollector.dll, BlameCollector.CollectDumpAndAbortTesthost: Custom path to dump directory was provided via VSTEST_DUMP_PATH. Skipping attachment upload, the caller is responsible for collecting and uploading the dumps themselves.
TpTrace Information: 0 : 1048, 1, 2021/09/23, 11:52:31.395, 2655753952426, datacollector.dll, DataCollectionManager.CleanupPlugins: CleanupPlugins called
TpTrace Verbose: 0 : 1048, 1, 2021/09/23, 11:52:31.395, 2655753952650, datacollector.dll, DataCollectionManager.CleanupPlugins: Cleaning up 1 plugins
TpTrace Verbose: 0 : 1048, 1, 2021/09/23, 11:52:31.395, 2655753953317, datacollector.dll, dataCollectorInfo.DisposeDataCollector: calling Dispose() on Microsoft.TestPlatform.Extensions.BlameDataCollector.BlameCollector
TpTrace Information: 0 : 1048, 1, 2021/09/23, 11:52:31.395, 2655753953739, datacollector.dll, DataCollectionManager.CleanupPlugins: CleanupPlugins finished
TpTrace Information: 0 : 1048, 1, 2021/09/23, 11:52:31.398, 2655753982196, datacollector.dll, DataCollectionRequestHandler.ProcessRequests : Session End message received from server. Closing the connection.
TpTrace Information: 0 : 1048, 1, 2021/09/23, 11:52:31.398, 2655753984080, datacollector.dll, Closing the connection !
TpTrace Information: 0 : 1048, 1, 2021/09/23, 11:52:31.398, 2655753984346, datacollector.dll, DataCollectionRequestHandler.ProcessRequests : DataCollection completed
TpTrace Information: 0 : 1048, 1, 2021/09/23, 11:52:31.398, 2655753984731, datacollector.dll, Program.Main: exiting datacollector process.
