TpTrace Verbose: 0 : 4136, 1, 2021/09/23, 12:29:50.327, 2678143277959, datacollector.dll, Version: 16.10.0-release-20210520-03
TpTrace Information: 0 : 4136, 1, 2021/09/23, 12:29:50.331, 2678143305690, datacollector.dll, DataCollectorMain.Run: Starting data collector run with args: --port,55345,--parentprocessid,17496,--diag,D:\IsmaPCBlanco\Documentos\ISMA\Semestre 2021-2\Dise単o dirigido por pruebas\Proyectos\Parcial\ProductoSolutionTDD\ProductoSolutionTDD\bin\Debug\net5.0\fine-code-coverage\coverage-tool-output\diagnostics.datacollector.21-09-23_12-29-50_24243_4.log,--tracelevel,4
TpTrace Information: 0 : 4136, 1, 2021/09/23, 12:29:50.331, 2678143307425, datacollector.dll, DataCollector: Monitoring parent process with id: '17496'
TpTrace Information: 0 : 4136, 1, 2021/09/23, 12:29:50.337, 2678143371757, datacollector.dll, Trying to connect to server on socket : 127.0.0.1:55345 
TpTrace Verbose: 0 : 4136, 1, 2021/09/23, 12:29:50.355, 2678143548538, datacollector.dll, SocketCommunicationManager : SetupClientAsync : Attempting to connect to the server.
TpTrace Information: 0 : 4136, 7, 2021/09/23, 12:29:50.361, 2678143610015, datacollector.dll, Connected to the server successfully 
TpTrace Information: 0 : 4136, 7, 2021/09/23, 12:29:50.361, 2678143610704, datacollector.dll, Using the buffer size of 16384 bytes
TpTrace Information: 0 : 4136, 1, 2021/09/23, 12:29:50.409, 2678144092216, datacollector.dll, DataCollector: Start Request Processing.
TpTrace Information: 0 : 4136, 1, 2021/09/23, 12:29:50.412, 2678144121193, datacollector.dll, DataCollectionRequestHandler.ProcessRequests : Datacollector received message: (DataCollection.BeforeTestRunStart) -> {
  "SettingsXml": "<RunSettings><RunConfiguration><ResultsDirectory>D:\\IsmaPCBlanco\\Documentos\\ISMA\\Semestre 2021-2\\Dise単o dirigido por pruebas\\Proyectos\\Parcial\\ProductoSolutionTDD\\ProductoSolutionTDD\\bin\\Debug\\net5.0\\fine-code-coverage\\coverage-tool-output</ResultsDirectory><TargetPlatform>X64</TargetPlatform><TargetFrameworkVersion>.NETCoreApp,Version=v5.0</TargetFrameworkVersion><DesignMode>False</DesignMode><CollectSourceInformation>False</CollectSourceInformation><TestAdaptersPaths>C:\\Program Files\\dotnet\\sdk\\5.0.301\\Extensions</TestAdaptersPaths></RunConfiguration><LoggerRunSettings><Loggers><Logger friendlyName=\"blame\" enabled=\"True\" /><Logger friendlyName=\"Console\" uri=\"logger://microsoft/TestPlatform/ConsoleLogger/v1\" assemblyQualifiedName=\"Microsoft.VisualStudio.TestPlatform.CommandLine.Internal.ConsoleLogger, vstest.console, Version=15.0.0.0, Culture=neutral, PublicKeyToken=b03f5f7f11d50a3a\" codeBase=\"C:\\Program Files\\dotnet\\sdk\\5.0.301\\vstest.console.dll\" enabled=\"True\" /></Loggers></LoggerRunSettings><DataCollectionRunSettings><DataCollectors><DataCollector friendlyName=\"blame\" enabled=\"True\"><Configuration><ResultsDirectory>D:\\IsmaPCBlanco\\Documentos\\ISMA\\Semestre 2021-2\\Dise単o dirigido por pruebas\\Proyectos\\Parcial\\ProductoSolutionTDD\\ProductoSolutionTDD\\bin\\Debug\\net5.0\\fine-code-coverage\\coverage-tool-output</ResultsDirectory></Configuration></DataCollector></DataCollectors></DataCollectionRunSettings></RunSettings>",
  "Sources": [
    "D:\\IsmaPCBlanco\\Documentos\\ISMA\\Semestre 2021-2\\Dise単o dirigido por pruebas\\Proyectos\\Parcial\\ProductoSolutionTDD\\ProductoSolutionTDD\\bin\\Debug\\net5.0\\fine-code-coverage\\build-output\\ProductoSolutionTDD.dll"
  ],
  "IsTelemetryOptedIn": false
}
TpTrace Verbose: 0 : 4136, 1, 2021/09/23, 12:29:50.439, 2678144392490, datacollector.dll, TestPluginCache: Update extensions started. Skip filter = False
TpTrace Verbose: 0 : 4136, 1, 2021/09/23, 12:29:50.440, 2678144397360, datacollector.dll, TestPluginCache: Using directories for assembly resolution 'C:\Program Files\dotnet\sdk\5.0.301\Extensions'.
TpTrace Verbose: 0 : 4136, 1, 2021/09/23, 12:29:50.440, 2678144397786, datacollector.dll, TestPluginCache: Updated the available extensions to 'C:\Program Files\dotnet\sdk\5.0.301\Extensions\Microsoft.TestPlatform.Extensions.BlameDataCollector.dll,C:\Program Files\dotnet\sdk\5.0.301\Extensions\Microsoft.TestPlatform.Extensions.EventLogCollector.dll'.
TpTrace Verbose: 0 : 4136, 1, 2021/09/23, 12:29:50.444, 2678144440952, datacollector.dll, TestPluginCache.DiscoverTestExtensions: finding test extensions in assemblies ends with: Collector.dll TPluginInfo: Microsoft.VisualStudio.TestPlatform.Common.DataCollector.DataCollectorConfig TExtension: Microsoft.VisualStudio.TestPlatform.ObjectModel.DataCollection.DataCollector
TpTrace Verbose: 0 : 4136, 1, 2021/09/23, 12:29:50.444, 2678144442712, datacollector.dll, TestPluginCache.GetExtensionPaths: Filtered extension paths: C:\Program Files\dotnet\sdk\5.0.301\Extensions\Microsoft.TestPlatform.Extensions.BlameDataCollector.dll
C:\Program Files\dotnet\sdk\5.0.301\Extensions\Microsoft.TestPlatform.Extensions.EventLogCollector.dll
TpTrace Verbose: 0 : 4136, 1, 2021/09/23, 12:29:50.444, 2678144443076, datacollector.dll, TestPluginCache.GetExtensionPaths: Added default extension paths: 
TpTrace Verbose: 0 : 4136, 1, 2021/09/23, 12:29:50.444, 2678144443237, datacollector.dll, TestPluginCache.GetExtensionPaths: Added unfilterableExtensionPaths: 
TpTrace Information: 0 : 4136, 1, 2021/09/23, 12:29:50.445, 2678144447969, datacollector.dll, AssemblyResolver.ctor: Creating AssemblyResolver with searchDirectories C:\Program Files\dotnet\sdk\5.0.301\Extensions,C:\Program Files\dotnet\sdk\5.0.301
TpTrace Verbose: 0 : 4136, 1, 2021/09/23, 12:29:50.446, 2678144457350, datacollector.dll, TestPluginCache.DiscoverTestExtensions: Discovering the extensions using extension path.
TpTrace Verbose: 0 : 4136, 1, 2021/09/23, 12:29:50.446, 2678144458589, datacollector.dll, TestPluginCache.GetExtensionPaths: Filtered extension paths: C:\Program Files\dotnet\sdk\5.0.301\Extensions\Microsoft.TestPlatform.Extensions.BlameDataCollector.dll
C:\Program Files\dotnet\sdk\5.0.301\Extensions\Microsoft.TestPlatform.Extensions.EventLogCollector.dll
TpTrace Verbose: 0 : 4136, 1, 2021/09/23, 12:29:50.446, 2678144458845, datacollector.dll, TestPluginCache.GetExtensionPaths: Added default extension paths: 
TpTrace Verbose: 0 : 4136, 1, 2021/09/23, 12:29:50.446, 2678144458996, datacollector.dll, TestPluginCache.GetExtensionPaths: Added unfilterableExtensionPaths: 
TpTrace Verbose: 0 : 4136, 1, 2021/09/23, 12:29:50.446, 2678144459309, datacollector.dll, TestPluginCache.DiscoverTestExtensions: Discovering the extensions using allExtensionPaths: C:\Program Files\dotnet\sdk\5.0.301\Extensions\Microsoft.TestPlatform.Extensions.BlameDataCollector.dll
C:\Program Files\dotnet\sdk\5.0.301\Extensions\Microsoft.TestPlatform.Extensions.EventLogCollector.dll
TpTrace Information: 0 : 4136, 1, 2021/09/23, 12:29:50.446, 2678144459947, datacollector.dll, AssemblyResolver.AddSearchDirectories: Adding more searchDirectories C:\Program Files\dotnet\sdk\5.0.301\Extensions,C:\Program Files\dotnet\sdk\5.0.301
TpTrace Information: 0 : 4136, 1, 2021/09/23, 12:29:50.446, 2678144460297, datacollector.dll, AssemblyResolver.AddSearchDirectories: Adding more searchDirectories C:\Program Files\dotnet\sdk\5.0.301\Extensions,C:\Program Files\dotnet\sdk\5.0.301
TpTrace Information: 0 : 4136, 1, 2021/09/23, 12:29:50.446, 2678144463206, datacollector.dll, AssemblyResolver.OnResolve: Microsoft.TestPlatform.Extensions.BlameDataCollector: Resolving assembly.
TpTrace Information: 0 : 4136, 1, 2021/09/23, 12:29:50.446, 2678144463640, datacollector.dll, AssemblyResolver.OnResolve: Microsoft.TestPlatform.Extensions.BlameDataCollector: Searching in: 'C:\Program Files\dotnet\sdk\5.0.301\Extensions'.
TpTrace Information: 0 : 4136, 1, 2021/09/23, 12:29:50.447, 2678144469335, datacollector.dll, AssemblyResolver.OnResolve: Microsoft.TestPlatform.Extensions.BlameDataCollector: Loading assembly 'C:\Program Files\dotnet\sdk\5.0.301\Extensions\Microsoft.TestPlatform.Extensions.BlameDataCollector.dll'.
TpTrace Information: 0 : 4136, 1, 2021/09/23, 12:29:50.448, 2678144478978, datacollector.dll, AssemblyResolver.OnResolve: Resolved assembly: Microsoft.TestPlatform.Extensions.BlameDataCollector, from path: C:\Program Files\dotnet\sdk\5.0.301\Extensions\Microsoft.TestPlatform.Extensions.BlameDataCollector.dll
TpTrace Error: 0 : 4136, 1, 2021/09/23, 12:29:50.449, 2678144493801, datacollector.dll, The type "Microsoft.TestPlatform.Extensions.BlameDataCollector.BlameCollector" defined in "Microsoft.TestPlatform.Extensions.BlameDataCollector.dll" does not have ExtensionUri attribute.
TpTrace Information: 0 : 4136, 1, 2021/09/23, 12:29:50.451, 2678144509980, datacollector.dll, AssemblyResolver.OnResolve: Microsoft.TestPlatform.Extensions.EventLogCollector: Resolving assembly.
TpTrace Information: 0 : 4136, 1, 2021/09/23, 12:29:50.451, 2678144511065, datacollector.dll, AssemblyResolver.OnResolve: Microsoft.TestPlatform.Extensions.EventLogCollector: Searching in: 'C:\Program Files\dotnet\sdk\5.0.301\Extensions'.
TpTrace Information: 0 : 4136, 1, 2021/09/23, 12:29:50.452, 2678144517541, datacollector.dll, AssemblyResolver.OnResolve: Microsoft.TestPlatform.Extensions.EventLogCollector: Loading assembly 'C:\Program Files\dotnet\sdk\5.0.301\Extensions\Microsoft.TestPlatform.Extensions.EventLogCollector.dll'.
TpTrace Information: 0 : 4136, 1, 2021/09/23, 12:29:50.452, 2678144522285, datacollector.dll, AssemblyResolver.OnResolve: Resolved assembly: Microsoft.TestPlatform.Extensions.EventLogCollector, from path: C:\Program Files\dotnet\sdk\5.0.301\Extensions\Microsoft.TestPlatform.Extensions.EventLogCollector.dll
TpTrace Error: 0 : 4136, 1, 2021/09/23, 12:29:50.454, 2678144538567, datacollector.dll, The type "Microsoft.TestPlatform.Extensions.EventLogCollector.EventLogDataCollector" defined in "Microsoft.TestPlatform.Extensions.EventLogCollector.dll" does not have ExtensionUri attribute.
TpTrace Verbose: 0 : 4136, 1, 2021/09/23, 12:29:50.454, 2678144541311, datacollector.dll, TestPluginCache: Discovered the extensions using extension path 'C:\Program Files\dotnet\sdk\5.0.301\Extensions\Microsoft.TestPlatform.Extensions.BlameDataCollector.dll,C:\Program Files\dotnet\sdk\5.0.301\Extensions\Microsoft.TestPlatform.Extensions.EventLogCollector.dll'.
TpTrace Verbose: 0 : 4136, 1, 2021/09/23, 12:29:50.454, 2678144541680, datacollector.dll, TestPluginCache: Discoverers are ''.
TpTrace Verbose: 0 : 4136, 1, 2021/09/23, 12:29:50.454, 2678144541832, datacollector.dll, TestPluginCache: Executors are ''.
TpTrace Verbose: 0 : 4136, 1, 2021/09/23, 12:29:50.454, 2678144541975, datacollector.dll, TestPluginCache: Executors2 are ''.
TpTrace Verbose: 0 : 4136, 1, 2021/09/23, 12:29:50.454, 2678144542115, datacollector.dll, TestPluginCache: Setting providers are ''.
TpTrace Verbose: 0 : 4136, 1, 2021/09/23, 12:29:50.454, 2678144542254, datacollector.dll, TestPluginCache: Loggers are ''.
TpTrace Information: 0 : 4136, 1, 2021/09/23, 12:29:50.455, 2678144550572, datacollector.dll, TestPluginManager.CreateTestExtension: Attempting to load test extension: Microsoft.TestPlatform.Extensions.BlameDataCollector.BlameCollector
TpTrace Error: 0 : 4136, 1, 2021/09/23, 12:29:50.455, 2678144553636, datacollector.dll, The type "Microsoft.TestPlatform.Extensions.BlameDataCollector.BlameCollector" defined in "Microsoft.TestPlatform.Extensions.BlameDataCollector.dll" does not have ExtensionUri attribute.
TpTrace Information: 0 : 4136, 1, 2021/09/23, 12:29:50.460, 2678144595544, datacollector.dll, Listening on Endpoint : 127.0.0.1:55347
TpTrace Information: 0 : 4136, 1, 2021/09/23, 12:29:50.465, 2678144646225, datacollector.dll, DataCollectionRequestHandler.ProcessRequests : DataCollection started.
TpTrace Information: 0 : 4136, 1, 2021/09/23, 12:29:50.476, 2678144760221, datacollector.dll, DataCollectionRequestHandler.ProcessRequests : Datacollector received message: (DataCollection.TestHostLaunched) -> {
  "ProcessId": 11656
}
TpTrace Information: 0 : 4136, 5, 2021/09/23, 12:29:50.609, 2678146087847, datacollector.dll, Using the buffer size of 16384 bytes
TpTrace Information: 0 : 4136, 5, 2021/09/23, 12:29:50.609, 2678146088577, datacollector.dll, Accepted Client request and set the flag
TpTrace Information: 0 : 4136, 7, 2021/09/23, 12:29:51.047, 2678150471278, datacollector.dll, DataCollectionTestCaseEventHandler: Test case starting.
TpTrace Information: 0 : 4136, 7, 2021/09/23, 12:29:51.055, 2678150552617, datacollector.dll, Blame Collector : Test Case Start
TpTrace Information: 0 : 4136, 7, 2021/09/23, 12:29:51.057, 2678150571275, datacollector.dll, DataCollectionTestCaseEventHandler: Test case 'NoPuedeIngresarCantidadProductosDeMenosUno - 1fd23cc2-ebc2-4f0e-3c28-85f7d285a74d' started.
TpTrace Information: 0 : 4136, 7, 2021/09/23, 12:29:51.067, 2678150667380, datacollector.dll, DataCollectionTestCaseEventHandler : Test case completing.
TpTrace Information: 0 : 4136, 7, 2021/09/23, 12:29:51.069, 2678150693487, datacollector.dll, Blame Collector : Test Case End
TpTrace Information: 0 : 4136, 7, 2021/09/23, 12:29:51.072, 2678150720398, datacollector.dll, DataCollectionTestCaseEventHandler: Test case 'NoPuedeIngresarCantidadProductosDeMenosUno - 1fd23cc2-ebc2-4f0e-3c28-85f7d285a74d' completed
TpTrace Information: 0 : 4136, 7, 2021/09/23, 12:29:51.080, 2678150797409, datacollector.dll, DataCollectionTestCaseEventHandler: Test case starting.
TpTrace Information: 0 : 4136, 7, 2021/09/23, 12:29:51.080, 2678150799823, datacollector.dll, Blame Collector : Test Case Start
TpTrace Information: 0 : 4136, 7, 2021/09/23, 12:29:51.080, 2678150800760, datacollector.dll, DataCollectionTestCaseEventHandler: Test case 'NoPuedeVenderCantidadProductosDeMenosUno - d650e767-a285-850e-200d-13562b08d268' started.
TpTrace Information: 0 : 4136, 7, 2021/09/23, 12:29:51.081, 2678150805864, datacollector.dll, DataCollectionTestCaseEventHandler : Test case completing.
TpTrace Information: 0 : 4136, 7, 2021/09/23, 12:29:51.081, 2678150807823, datacollector.dll, Blame Collector : Test Case End
TpTrace Information: 0 : 4136, 7, 2021/09/23, 12:29:51.081, 2678150808792, datacollector.dll, DataCollectionTestCaseEventHandler: Test case 'NoPuedeVenderCantidadProductosDeMenosUno - d650e767-a285-850e-200d-13562b08d268' completed
TpTrace Information: 0 : 4136, 7, 2021/09/23, 12:29:51.081, 2678150813600, datacollector.dll, DataCollectionTestCaseEventHandler: Test case starting.
TpTrace Information: 0 : 4136, 7, 2021/09/23, 12:29:51.081, 2678150815240, datacollector.dll, Blame Collector : Test Case Start
TpTrace Information: 0 : 4136, 7, 2021/09/23, 12:29:51.082, 2678150815875, datacollector.dll, DataCollectionTestCaseEventHandler: Test case 'PuedeIngresarCantidadProductosCincuentaCorrecta - 5aafae75-09ff-9b28-1901-0763a8ee5fcf' started.
TpTrace Information: 0 : 4136, 7, 2021/09/23, 12:29:51.082, 2678150819586, datacollector.dll, DataCollectionTestCaseEventHandler : Test case completing.
TpTrace Information: 0 : 4136, 7, 2021/09/23, 12:29:51.082, 2678150821228, datacollector.dll, Blame Collector : Test Case End
TpTrace Information: 0 : 4136, 7, 2021/09/23, 12:29:51.082, 2678150822075, datacollector.dll, DataCollectionTestCaseEventHandler: Test case 'PuedeIngresarCantidadProductosCincuentaCorrecta - 5aafae75-09ff-9b28-1901-0763a8ee5fcf' completed
TpTrace Information: 0 : 4136, 7, 2021/09/23, 12:29:51.083, 2678150826018, datacollector.dll, DataCollectionTestCaseEventHandler: Test case starting.
TpTrace Information: 0 : 4136, 7, 2021/09/23, 12:29:51.083, 2678150827313, datacollector.dll, Blame Collector : Test Case Start
TpTrace Information: 0 : 4136, 7, 2021/09/23, 12:29:51.083, 2678150833633, datacollector.dll, DataCollectionTestCaseEventHandler: Test case 'PuedeVenderCantidadProductoSencilloCorrecta - 07444b0e-e098-7cf8-45e3-8ce0b3354cf0' started.
TpTrace Information: 0 : 4136, 7, 2021/09/23, 12:29:51.085, 2678150847857, datacollector.dll, DataCollectionTestCaseEventHandler : Test case completing.
TpTrace Information: 0 : 4136, 7, 2021/09/23, 12:29:51.085, 2678150850028, datacollector.dll, Blame Collector : Test Case End
TpTrace Information: 0 : 4136, 7, 2021/09/23, 12:29:51.085, 2678150850815, datacollector.dll, DataCollectionTestCaseEventHandler: Test case 'PuedeVenderCantidadProductoSencilloCorrecta - 07444b0e-e098-7cf8-45e3-8ce0b3354cf0' completed
TpTrace Information: 0 : 4136, 7, 2021/09/23, 12:29:51.093, 2678150928294, datacollector.dll, DataCollectionTestCaseEventHandler: Test session ended
TpTrace Information: 0 : 4136, 1, 2021/09/23, 12:29:51.159, 2678151592693, datacollector.dll, DataCollectionRequestHandler.ProcessRequests : Datacollector received message: (DataCollection.AfterTestRunEnd) -> false
TpTrace Information: 0 : 4136, 1, 2021/09/23, 12:29:51.160, 2678151597169, datacollector.dll, Blame Collector : Session End
TpTrace Information: 0 : 4136, 1, 2021/09/23, 12:29:51.160, 2678151597576, datacollector.dll, BlameCollector.CollectDumpAndAbortTesthost: Custom path to dump directory was provided via VSTEST_DUMP_PATH. Skipping attachment upload, the caller is responsible for collecting and uploading the dumps themselves.
TpTrace Information: 0 : 4136, 1, 2021/09/23, 12:29:51.160, 2678151598261, datacollector.dll, DataCollectionManager.CleanupPlugins: CleanupPlugins called
TpTrace Verbose: 0 : 4136, 1, 2021/09/23, 12:29:51.160, 2678151598476, datacollector.dll, DataCollectionManager.CleanupPlugins: Cleaning up 1 plugins
TpTrace Verbose: 0 : 4136, 1, 2021/09/23, 12:29:51.160, 2678151599264, datacollector.dll, dataCollectorInfo.DisposeDataCollector: calling Dispose() on Microsoft.TestPlatform.Extensions.BlameDataCollector.BlameCollector
TpTrace Information: 0 : 4136, 1, 2021/09/23, 12:29:51.160, 2678151599693, datacollector.dll, DataCollectionManager.CleanupPlugins: CleanupPlugins finished
TpTrace Information: 0 : 4136, 1, 2021/09/23, 12:29:51.162, 2678151623021, datacollector.dll, DataCollectionRequestHandler.ProcessRequests : Session End message received from server. Closing the connection.
TpTrace Information: 0 : 4136, 1, 2021/09/23, 12:29:51.162, 2678151624687, datacollector.dll, Closing the connection !
TpTrace Information: 0 : 4136, 1, 2021/09/23, 12:29:51.162, 2678151624925, datacollector.dll, DataCollectionRequestHandler.ProcessRequests : DataCollection completed
TpTrace Information: 0 : 4136, 1, 2021/09/23, 12:29:51.162, 2678151625082, datacollector.dll, Program.Main: exiting datacollector process.
