TpTrace Verbose: 0 : 14040, 1, 2021/09/23, 11:35:28.351, 2645523518555, datacollector.dll, Version: 16.10.0-release-20210520-03
TpTrace Information: 0 : 14040, 1, 2021/09/23, 11:35:28.354, 2645523540769, datacollector.dll, DataCollectorMain.Run: Starting data collector run with args: --port,55227,--parentprocessid,14024,--diag,D:\IsmaPCBlanco\Documentos\ISMA\Semestre 2021-2\Dise単o dirigido por pruebas\Proyectos\Parcial\ProductoSolutionTDD\ProductoSolutionTDD\bin\Debug\net5.0\fine-code-coverage\coverage-tool-output\diagnostics.datacollector.21-09-23_11-35-28_26472_4.log,--tracelevel,4
TpTrace Information: 0 : 14040, 1, 2021/09/23, 11:35:28.354, 2645523542150, datacollector.dll, DataCollector: Monitoring parent process with id: '14024'
TpTrace Information: 0 : 14040, 1, 2021/09/23, 11:35:28.362, 2645523620222, datacollector.dll, Trying to connect to server on socket : 127.0.0.1:55227 
TpTrace Verbose: 0 : 14040, 1, 2021/09/23, 11:35:28.380, 2645523798194, datacollector.dll, SocketCommunicationManager : SetupClientAsync : Attempting to connect to the server.
TpTrace Information: 0 : 14040, 7, 2021/09/23, 11:35:28.386, 2645523865116, datacollector.dll, Connected to the server successfully 
TpTrace Information: 0 : 14040, 7, 2021/09/23, 11:35:28.387, 2645523865878, datacollector.dll, Using the buffer size of 16384 bytes
TpTrace Information: 0 : 14040, 1, 2021/09/23, 11:35:28.444, 2645524435689, datacollector.dll, DataCollector: Start Request Processing.
TpTrace Information: 0 : 14040, 1, 2021/09/23, 11:35:28.447, 2645524472736, datacollector.dll, DataCollectionRequestHandler.ProcessRequests : Datacollector received message: (DataCollection.BeforeTestRunStart) -> {
  "SettingsXml": "<RunSettings><RunConfiguration><ResultsDirectory>D:\\IsmaPCBlanco\\Documentos\\ISMA\\Semestre 2021-2\\Dise単o dirigido por pruebas\\Proyectos\\Parcial\\ProductoSolutionTDD\\ProductoSolutionTDD\\bin\\Debug\\net5.0\\fine-code-coverage\\coverage-tool-output</ResultsDirectory><TargetPlatform>X64</TargetPlatform><TargetFrameworkVersion>.NETCoreApp,Version=v5.0</TargetFrameworkVersion><DesignMode>False</DesignMode><CollectSourceInformation>False</CollectSourceInformation><TestAdaptersPaths>C:\\Program Files\\dotnet\\sdk\\5.0.301\\Extensions</TestAdaptersPaths></RunConfiguration><LoggerRunSettings><Loggers><Logger friendlyName=\"blame\" enabled=\"True\" /><Logger friendlyName=\"Console\" uri=\"logger://microsoft/TestPlatform/ConsoleLogger/v1\" assemblyQualifiedName=\"Microsoft.VisualStudio.TestPlatform.CommandLine.Internal.ConsoleLogger, vstest.console, Version=15.0.0.0, Culture=neutral, PublicKeyToken=b03f5f7f11d50a3a\" codeBase=\"C:\\Program Files\\dotnet\\sdk\\5.0.301\\vstest.console.dll\" enabled=\"True\" /></Loggers></LoggerRunSettings><DataCollectionRunSettings><DataCollectors><DataCollector friendlyName=\"blame\" enabled=\"True\"><Configuration><ResultsDirectory>D:\\IsmaPCBlanco\\Documentos\\ISMA\\Semestre 2021-2\\Dise単o dirigido por pruebas\\Proyectos\\Parcial\\ProductoSolutionTDD\\ProductoSolutionTDD\\bin\\Debug\\net5.0\\fine-code-coverage\\coverage-tool-output</ResultsDirectory></Configuration></DataCollector></DataCollectors></DataCollectionRunSettings></RunSettings>",
  "Sources": [
    "D:\\IsmaPCBlanco\\Documentos\\ISMA\\Semestre 2021-2\\Dise単o dirigido por pruebas\\Proyectos\\Parcial\\ProductoSolutionTDD\\ProductoSolutionTDD\\bin\\Debug\\net5.0\\fine-code-coverage\\build-output\\ProductoSolutionTDD.dll"
  ],
  "IsTelemetryOptedIn": false
}
TpTrace Verbose: 0 : 14040, 1, 2021/09/23, 11:35:28.477, 2645524771339, datacollector.dll, TestPluginCache: Update extensions started. Skip filter = False
TpTrace Verbose: 0 : 14040, 1, 2021/09/23, 11:35:28.478, 2645524776984, datacollector.dll, TestPluginCache: Using directories for assembly resolution 'C:\Program Files\dotnet\sdk\5.0.301\Extensions'.
TpTrace Verbose: 0 : 14040, 1, 2021/09/23, 11:35:28.478, 2645524777430, datacollector.dll, TestPluginCache: Updated the available extensions to 'C:\Program Files\dotnet\sdk\5.0.301\Extensions\Microsoft.TestPlatform.Extensions.BlameDataCollector.dll,C:\Program Files\dotnet\sdk\5.0.301\Extensions\Microsoft.TestPlatform.Extensions.EventLogCollector.dll'.
TpTrace Verbose: 0 : 14040, 1, 2021/09/23, 11:35:28.482, 2645524820690, datacollector.dll, TestPluginCache.DiscoverTestExtensions: finding test extensions in assemblies ends with: Collector.dll TPluginInfo: Microsoft.VisualStudio.TestPlatform.Common.DataCollector.DataCollectorConfig TExtension: Microsoft.VisualStudio.TestPlatform.ObjectModel.DataCollection.DataCollector
TpTrace Verbose: 0 : 14040, 1, 2021/09/23, 11:35:28.482, 2645524822114, datacollector.dll, TestPluginCache.GetExtensionPaths: Filtered extension paths: C:\Program Files\dotnet\sdk\5.0.301\Extensions\Microsoft.TestPlatform.Extensions.BlameDataCollector.dll
C:\Program Files\dotnet\sdk\5.0.301\Extensions\Microsoft.TestPlatform.Extensions.EventLogCollector.dll
TpTrace Verbose: 0 : 14040, 1, 2021/09/23, 11:35:28.482, 2645524822387, datacollector.dll, TestPluginCache.GetExtensionPaths: Added default extension paths: 
TpTrace Verbose: 0 : 14040, 1, 2021/09/23, 11:35:28.482, 2645524822548, datacollector.dll, TestPluginCache.GetExtensionPaths: Added unfilterableExtensionPaths: 
TpTrace Information: 0 : 14040, 1, 2021/09/23, 11:35:28.483, 2645524826561, datacollector.dll, AssemblyResolver.ctor: Creating AssemblyResolver with searchDirectories C:\Program Files\dotnet\sdk\5.0.301\Extensions,C:\Program Files\dotnet\sdk\5.0.301
TpTrace Verbose: 0 : 14040, 1, 2021/09/23, 11:35:28.483, 2645524835412, datacollector.dll, TestPluginCache.DiscoverTestExtensions: Discovering the extensions using extension path.
TpTrace Verbose: 0 : 14040, 1, 2021/09/23, 11:35:28.484, 2645524836613, datacollector.dll, TestPluginCache.GetExtensionPaths: Filtered extension paths: C:\Program Files\dotnet\sdk\5.0.301\Extensions\Microsoft.TestPlatform.Extensions.BlameDataCollector.dll
C:\Program Files\dotnet\sdk\5.0.301\Extensions\Microsoft.TestPlatform.Extensions.EventLogCollector.dll
TpTrace Verbose: 0 : 14040, 1, 2021/09/23, 11:35:28.484, 2645524836935, datacollector.dll, TestPluginCache.GetExtensionPaths: Added default extension paths: 
TpTrace Verbose: 0 : 14040, 1, 2021/09/23, 11:35:28.484, 2645524837089, datacollector.dll, TestPluginCache.GetExtensionPaths: Added unfilterableExtensionPaths: 
TpTrace Verbose: 0 : 14040, 1, 2021/09/23, 11:35:28.484, 2645524837405, datacollector.dll, TestPluginCache.DiscoverTestExtensions: Discovering the extensions using allExtensionPaths: C:\Program Files\dotnet\sdk\5.0.301\Extensions\Microsoft.TestPlatform.Extensions.BlameDataCollector.dll
C:\Program Files\dotnet\sdk\5.0.301\Extensions\Microsoft.TestPlatform.Extensions.EventLogCollector.dll
TpTrace Information: 0 : 14040, 1, 2021/09/23, 11:35:28.484, 2645524838007, datacollector.dll, AssemblyResolver.AddSearchDirectories: Adding more searchDirectories C:\Program Files\dotnet\sdk\5.0.301\Extensions,C:\Program Files\dotnet\sdk\5.0.301
TpTrace Information: 0 : 14040, 1, 2021/09/23, 11:35:28.484, 2645524838398, datacollector.dll, AssemblyResolver.AddSearchDirectories: Adding more searchDirectories C:\Program Files\dotnet\sdk\5.0.301\Extensions,C:\Program Files\dotnet\sdk\5.0.301
TpTrace Information: 0 : 14040, 1, 2021/09/23, 11:35:28.484, 2645524841299, datacollector.dll, AssemblyResolver.OnResolve: Microsoft.TestPlatform.Extensions.BlameDataCollector: Resolving assembly.
TpTrace Information: 0 : 14040, 1, 2021/09/23, 11:35:28.484, 2645524841759, datacollector.dll, AssemblyResolver.OnResolve: Microsoft.TestPlatform.Extensions.BlameDataCollector: Searching in: 'C:\Program Files\dotnet\sdk\5.0.301\Extensions'.
TpTrace Information: 0 : 14040, 1, 2021/09/23, 11:35:28.485, 2645524846938, datacollector.dll, AssemblyResolver.OnResolve: Microsoft.TestPlatform.Extensions.BlameDataCollector: Loading assembly 'C:\Program Files\dotnet\sdk\5.0.301\Extensions\Microsoft.TestPlatform.Extensions.BlameDataCollector.dll'.
TpTrace Information: 0 : 14040, 1, 2021/09/23, 11:35:28.485, 2645524852834, datacollector.dll, AssemblyResolver.OnResolve: Resolved assembly: Microsoft.TestPlatform.Extensions.BlameDataCollector, from path: C:\Program Files\dotnet\sdk\5.0.301\Extensions\Microsoft.TestPlatform.Extensions.BlameDataCollector.dll
TpTrace Error: 0 : 14040, 1, 2021/09/23, 11:35:28.486, 2645524863121, datacollector.dll, The type "Microsoft.TestPlatform.Extensions.BlameDataCollector.BlameCollector" defined in "Microsoft.TestPlatform.Extensions.BlameDataCollector.dll" does not have ExtensionUri attribute.
TpTrace Information: 0 : 14040, 1, 2021/09/23, 11:35:28.488, 2645524875610, datacollector.dll, AssemblyResolver.OnResolve: Microsoft.TestPlatform.Extensions.EventLogCollector: Resolving assembly.
TpTrace Information: 0 : 14040, 1, 2021/09/23, 11:35:28.488, 2645524876207, datacollector.dll, AssemblyResolver.OnResolve: Microsoft.TestPlatform.Extensions.EventLogCollector: Searching in: 'C:\Program Files\dotnet\sdk\5.0.301\Extensions'.
TpTrace Information: 0 : 14040, 1, 2021/09/23, 11:35:28.488, 2645524881546, datacollector.dll, AssemblyResolver.OnResolve: Microsoft.TestPlatform.Extensions.EventLogCollector: Loading assembly 'C:\Program Files\dotnet\sdk\5.0.301\Extensions\Microsoft.TestPlatform.Extensions.EventLogCollector.dll'.
TpTrace Information: 0 : 14040, 1, 2021/09/23, 11:35:28.488, 2645524885305, datacollector.dll, AssemblyResolver.OnResolve: Resolved assembly: Microsoft.TestPlatform.Extensions.EventLogCollector, from path: C:\Program Files\dotnet\sdk\5.0.301\Extensions\Microsoft.TestPlatform.Extensions.EventLogCollector.dll
TpTrace Error: 0 : 14040, 1, 2021/09/23, 11:35:28.490, 2645524898921, datacollector.dll, The type "Microsoft.TestPlatform.Extensions.EventLogCollector.EventLogDataCollector" defined in "Microsoft.TestPlatform.Extensions.EventLogCollector.dll" does not have ExtensionUri attribute.
TpTrace Verbose: 0 : 14040, 1, 2021/09/23, 11:35:28.490, 2645524901487, datacollector.dll, TestPluginCache: Discovered the extensions using extension path 'C:\Program Files\dotnet\sdk\5.0.301\Extensions\Microsoft.TestPlatform.Extensions.BlameDataCollector.dll,C:\Program Files\dotnet\sdk\5.0.301\Extensions\Microsoft.TestPlatform.Extensions.EventLogCollector.dll'.
TpTrace Verbose: 0 : 14040, 1, 2021/09/23, 11:35:28.490, 2645524901872, datacollector.dll, TestPluginCache: Discoverers are ''.
TpTrace Verbose: 0 : 14040, 1, 2021/09/23, 11:35:28.490, 2645524902033, datacollector.dll, TestPluginCache: Executors are ''.
TpTrace Verbose: 0 : 14040, 1, 2021/09/23, 11:35:28.490, 2645524902175, datacollector.dll, TestPluginCache: Executors2 are ''.
TpTrace Verbose: 0 : 14040, 1, 2021/09/23, 11:35:28.490, 2645524902315, datacollector.dll, TestPluginCache: Setting providers are ''.
TpTrace Verbose: 0 : 14040, 1, 2021/09/23, 11:35:28.490, 2645524902460, datacollector.dll, TestPluginCache: Loggers are ''.
TpTrace Information: 0 : 14040, 1, 2021/09/23, 11:35:28.491, 2645524913776, datacollector.dll, TestPluginManager.CreateTestExtension: Attempting to load test extension: Microsoft.TestPlatform.Extensions.BlameDataCollector.BlameCollector
TpTrace Error: 0 : 14040, 1, 2021/09/23, 11:35:28.492, 2645524917616, datacollector.dll, The type "Microsoft.TestPlatform.Extensions.BlameDataCollector.BlameCollector" defined in "Microsoft.TestPlatform.Extensions.BlameDataCollector.dll" does not have ExtensionUri attribute.
TpTrace Information: 0 : 14040, 1, 2021/09/23, 11:35:28.497, 2645524970720, datacollector.dll, Listening on Endpoint : 127.0.0.1:55232
TpTrace Information: 0 : 14040, 1, 2021/09/23, 11:35:28.502, 2645525023238, datacollector.dll, DataCollectionRequestHandler.ProcessRequests : DataCollection started.
TpTrace Information: 0 : 14040, 1, 2021/09/23, 11:35:28.547, 2645525473790, datacollector.dll, DataCollectionRequestHandler.ProcessRequests : Datacollector received message: (DataCollection.TestHostLaunched) -> {
  "ProcessId": 21080
}
TpTrace Information: 0 : 14040, 5, 2021/09/23, 11:35:28.697, 2645526965563, datacollector.dll, Using the buffer size of 16384 bytes
TpTrace Information: 0 : 14040, 5, 2021/09/23, 11:35:28.697, 2645526966359, datacollector.dll, Accepted Client request and set the flag
TpTrace Information: 0 : 14040, 7, 2021/09/23, 11:35:29.163, 2645531628205, datacollector.dll, DataCollectionTestCaseEventHandler: Test case starting.
TpTrace Information: 0 : 14040, 7, 2021/09/23, 11:35:29.171, 2645531711263, datacollector.dll, Blame Collector : Test Case Start
TpTrace Information: 0 : 14040, 7, 2021/09/23, 11:35:29.173, 2645531730387, datacollector.dll, DataCollectionTestCaseEventHandler: Test case 'NoPuedeIngresarCantidadProductosDeMenosUno - 1fd23cc2-ebc2-4f0e-3c28-85f7d285a74d' started.
TpTrace Information: 0 : 14040, 7, 2021/09/23, 11:35:29.188, 2645531884997, datacollector.dll, DataCollectionTestCaseEventHandler : Test case completing.
TpTrace Information: 0 : 14040, 7, 2021/09/23, 11:35:29.192, 2645531917797, datacollector.dll, Blame Collector : Test Case End
TpTrace Information: 0 : 14040, 7, 2021/09/23, 11:35:29.195, 2645531950198, datacollector.dll, DataCollectionTestCaseEventHandler: Test case 'NoPuedeIngresarCantidadProductosDeMenosUno - 1fd23cc2-ebc2-4f0e-3c28-85f7d285a74d' completed
TpTrace Information: 0 : 14040, 7, 2021/09/23, 11:35:29.212, 2645532115640, datacollector.dll, DataCollectionTestCaseEventHandler: Test session ended
TpTrace Information: 0 : 14040, 1, 2021/09/23, 11:35:29.290, 2645532901925, datacollector.dll, DataCollectionRequestHandler.ProcessRequests : Datacollector received message: (DataCollection.AfterTestRunEnd) -> false
TpTrace Information: 0 : 14040, 1, 2021/09/23, 11:35:29.291, 2645532906976, datacollector.dll, Blame Collector : Session End
TpTrace Information: 0 : 14040, 1, 2021/09/23, 11:35:29.291, 2645532907699, datacollector.dll, BlameCollector.CollectDumpAndAbortTesthost: Custom path to dump directory was provided via VSTEST_DUMP_PATH. Skipping attachment upload, the caller is responsible for collecting and uploading the dumps themselves.
TpTrace Information: 0 : 14040, 1, 2021/09/23, 11:35:29.291, 2645532908917, datacollector.dll, DataCollectionManager.CleanupPlugins: CleanupPlugins called
TpTrace Verbose: 0 : 14040, 1, 2021/09/23, 11:35:29.291, 2645532909250, datacollector.dll, DataCollectionManager.CleanupPlugins: Cleaning up 1 plugins
TpTrace Verbose: 0 : 14040, 1, 2021/09/23, 11:35:29.291, 2645532910030, datacollector.dll, dataCollectorInfo.DisposeDataCollector: calling Dispose() on Microsoft.TestPlatform.Extensions.BlameDataCollector.BlameCollector
TpTrace Information: 0 : 14040, 1, 2021/09/23, 11:35:29.291, 2645532910485, datacollector.dll, DataCollectionManager.CleanupPlugins: CleanupPlugins finished
TpTrace Information: 0 : 14040, 1, 2021/09/23, 11:35:29.293, 2645532928781, datacollector.dll, DataCollectionRequestHandler.ProcessRequests : Session End message received from server. Closing the connection.
TpTrace Information: 0 : 14040, 1, 2021/09/23, 11:35:29.293, 2645532930175, datacollector.dll, Closing the connection !
TpTrace Information: 0 : 14040, 1, 2021/09/23, 11:35:29.293, 2645532930433, datacollector.dll, DataCollectionRequestHandler.ProcessRequests : DataCollection completed
TpTrace Information: 0 : 14040, 1, 2021/09/23, 11:35:29.293, 2645532930600, datacollector.dll, Program.Main: exiting datacollector process.
