TpTrace Verbose: 0 : 13532, 1, 2021/09/23, 14:49:11.780, 2761757807880, datacollector.dll, Version: 16.10.0-release-20210520-03
TpTrace Information: 0 : 13532, 1, 2021/09/23, 14:49:11.783, 2761757832562, datacollector.dll, DataCollectorMain.Run: Starting data collector run with args: --port,54654,--parentprocessid,5952,--diag,D:\IsmaPCBlanco\Documentos\ISMA\Semestre 2021-2\Dise単o dirigido por pruebas\Proyectos\Parcial\ProductoSolutionTDD\ProductoSolutionTDD\bin\Debug\net5.0\fine-code-coverage\coverage-tool-output\diagnostics.datacollector.21-09-23_14-49-11_68238_4.log,--tracelevel,4
TpTrace Information: 0 : 13532, 1, 2021/09/23, 14:49:11.783, 2761757834249, datacollector.dll, DataCollector: Monitoring parent process with id: '5952'
TpTrace Information: 0 : 13532, 1, 2021/09/23, 14:49:11.790, 2761757895708, datacollector.dll, Trying to connect to server on socket : 127.0.0.1:54654 
TpTrace Verbose: 0 : 13532, 1, 2021/09/23, 14:49:11.807, 2761758068883, datacollector.dll, SocketCommunicationManager : SetupClientAsync : Attempting to connect to the server.
TpTrace Information: 0 : 13532, 7, 2021/09/23, 14:49:11.813, 2761758126447, datacollector.dll, Connected to the server successfully 
TpTrace Information: 0 : 13532, 7, 2021/09/23, 14:49:11.813, 2761758127091, datacollector.dll, Using the buffer size of 16384 bytes
TpTrace Information: 0 : 13532, 1, 2021/09/23, 14:49:11.861, 2761758614763, datacollector.dll, DataCollector: Start Request Processing.
TpTrace Information: 0 : 13532, 1, 2021/09/23, 14:49:11.865, 2761758649780, datacollector.dll, DataCollectionRequestHandler.ProcessRequests : Datacollector received message: (DataCollection.BeforeTestRunStart) -> {
  "SettingsXml": "<RunSettings><RunConfiguration><ResultsDirectory>D:\\IsmaPCBlanco\\Documentos\\ISMA\\Semestre 2021-2\\Dise単o dirigido por pruebas\\Proyectos\\Parcial\\ProductoSolutionTDD\\ProductoSolutionTDD\\bin\\Debug\\net5.0\\fine-code-coverage\\coverage-tool-output</ResultsDirectory><TargetPlatform>X64</TargetPlatform><TargetFrameworkVersion>.NETCoreApp,Version=v5.0</TargetFrameworkVersion><DesignMode>False</DesignMode><CollectSourceInformation>False</CollectSourceInformation><TestAdaptersPaths>C:\\Program Files\\dotnet\\sdk\\5.0.301\\Extensions</TestAdaptersPaths></RunConfiguration><LoggerRunSettings><Loggers><Logger friendlyName=\"blame\" enabled=\"True\" /><Logger friendlyName=\"Console\" uri=\"logger://microsoft/TestPlatform/ConsoleLogger/v1\" assemblyQualifiedName=\"Microsoft.VisualStudio.TestPlatform.CommandLine.Internal.ConsoleLogger, vstest.console, Version=15.0.0.0, Culture=neutral, PublicKeyToken=b03f5f7f11d50a3a\" codeBase=\"C:\\Program Files\\dotnet\\sdk\\5.0.301\\vstest.console.dll\" enabled=\"True\" /></Loggers></LoggerRunSettings><DataCollectionRunSettings><DataCollectors><DataCollector friendlyName=\"blame\" enabled=\"True\"><Configuration><ResultsDirectory>D:\\IsmaPCBlanco\\Documentos\\ISMA\\Semestre 2021-2\\Dise単o dirigido por pruebas\\Proyectos\\Parcial\\ProductoSolutionTDD\\ProductoSolutionTDD\\bin\\Debug\\net5.0\\fine-code-coverage\\coverage-tool-output</ResultsDirectory></Configuration></DataCollector></DataCollectors></DataCollectionRunSettings></RunSettings>",
  "Sources": [
    "D:\\IsmaPCBlanco\\Documentos\\ISMA\\Semestre 2021-2\\Dise単o dirigido por pruebas\\Proyectos\\Parcial\\ProductoSolutionTDD\\ProductoSolutionTDD\\bin\\Debug\\net5.0\\fine-code-coverage\\build-output\\ProductoSolutionTDD.dll"
  ],
  "IsTelemetryOptedIn": false
}
TpTrace Verbose: 0 : 13532, 1, 2021/09/23, 14:49:11.888, 2761758883997, datacollector.dll, TestPluginCache: Update extensions started. Skip filter = False
TpTrace Verbose: 0 : 13532, 1, 2021/09/23, 14:49:11.889, 2761758888482, datacollector.dll, TestPluginCache: Using directories for assembly resolution 'C:\Program Files\dotnet\sdk\5.0.301\Extensions'.
TpTrace Verbose: 0 : 13532, 1, 2021/09/23, 14:49:11.889, 2761758888892, datacollector.dll, TestPluginCache: Updated the available extensions to 'C:\Program Files\dotnet\sdk\5.0.301\Extensions\Microsoft.TestPlatform.Extensions.BlameDataCollector.dll,C:\Program Files\dotnet\sdk\5.0.301\Extensions\Microsoft.TestPlatform.Extensions.EventLogCollector.dll'.
TpTrace Verbose: 0 : 13532, 1, 2021/09/23, 14:49:11.893, 2761758928599, datacollector.dll, TestPluginCache.DiscoverTestExtensions: finding test extensions in assemblies ends with: Collector.dll TPluginInfo: Microsoft.VisualStudio.TestPlatform.Common.DataCollector.DataCollectorConfig TExtension: Microsoft.VisualStudio.TestPlatform.ObjectModel.DataCollection.DataCollector
TpTrace Verbose: 0 : 13532, 1, 2021/09/23, 14:49:11.893, 2761758929997, datacollector.dll, TestPluginCache.GetExtensionPaths: Filtered extension paths: C:\Program Files\dotnet\sdk\5.0.301\Extensions\Microsoft.TestPlatform.Extensions.BlameDataCollector.dll
C:\Program Files\dotnet\sdk\5.0.301\Extensions\Microsoft.TestPlatform.Extensions.EventLogCollector.dll
TpTrace Verbose: 0 : 13532, 1, 2021/09/23, 14:49:11.893, 2761758930243, datacollector.dll, TestPluginCache.GetExtensionPaths: Added default extension paths: 
TpTrace Verbose: 0 : 13532, 1, 2021/09/23, 14:49:11.893, 2761758930380, datacollector.dll, TestPluginCache.GetExtensionPaths: Added unfilterableExtensionPaths: 
TpTrace Information: 0 : 13532, 1, 2021/09/23, 14:49:11.893, 2761758935105, datacollector.dll, AssemblyResolver.ctor: Creating AssemblyResolver with searchDirectories C:\Program Files\dotnet\sdk\5.0.301\Extensions,C:\Program Files\dotnet\sdk\5.0.301
TpTrace Verbose: 0 : 13532, 1, 2021/09/23, 14:49:11.894, 2761758944877, datacollector.dll, TestPluginCache.DiscoverTestExtensions: Discovering the extensions using extension path.
TpTrace Verbose: 0 : 13532, 1, 2021/09/23, 14:49:11.895, 2761758946316, datacollector.dll, TestPluginCache.GetExtensionPaths: Filtered extension paths: C:\Program Files\dotnet\sdk\5.0.301\Extensions\Microsoft.TestPlatform.Extensions.BlameDataCollector.dll
C:\Program Files\dotnet\sdk\5.0.301\Extensions\Microsoft.TestPlatform.Extensions.EventLogCollector.dll
TpTrace Verbose: 0 : 13532, 1, 2021/09/23, 14:49:11.895, 2761758946602, datacollector.dll, TestPluginCache.GetExtensionPaths: Added default extension paths: 
TpTrace Verbose: 0 : 13532, 1, 2021/09/23, 14:49:11.895, 2761758946754, datacollector.dll, TestPluginCache.GetExtensionPaths: Added unfilterableExtensionPaths: 
TpTrace Verbose: 0 : 13532, 1, 2021/09/23, 14:49:11.895, 2761758947077, datacollector.dll, TestPluginCache.DiscoverTestExtensions: Discovering the extensions using allExtensionPaths: C:\Program Files\dotnet\sdk\5.0.301\Extensions\Microsoft.TestPlatform.Extensions.BlameDataCollector.dll
C:\Program Files\dotnet\sdk\5.0.301\Extensions\Microsoft.TestPlatform.Extensions.EventLogCollector.dll
TpTrace Information: 0 : 13532, 1, 2021/09/23, 14:49:11.895, 2761758947769, datacollector.dll, AssemblyResolver.AddSearchDirectories: Adding more searchDirectories C:\Program Files\dotnet\sdk\5.0.301\Extensions,C:\Program Files\dotnet\sdk\5.0.301
TpTrace Information: 0 : 13532, 1, 2021/09/23, 14:49:11.895, 2761758948129, datacollector.dll, AssemblyResolver.AddSearchDirectories: Adding more searchDirectories C:\Program Files\dotnet\sdk\5.0.301\Extensions,C:\Program Files\dotnet\sdk\5.0.301
TpTrace Information: 0 : 13532, 1, 2021/09/23, 14:49:11.895, 2761758951479, datacollector.dll, AssemblyResolver.OnResolve: Microsoft.TestPlatform.Extensions.BlameDataCollector: Resolving assembly.
TpTrace Information: 0 : 13532, 1, 2021/09/23, 14:49:11.895, 2761758951958, datacollector.dll, AssemblyResolver.OnResolve: Microsoft.TestPlatform.Extensions.BlameDataCollector: Searching in: 'C:\Program Files\dotnet\sdk\5.0.301\Extensions'.
TpTrace Information: 0 : 13532, 1, 2021/09/23, 14:49:11.896, 2761758960058, datacollector.dll, AssemblyResolver.OnResolve: Microsoft.TestPlatform.Extensions.BlameDataCollector: Loading assembly 'C:\Program Files\dotnet\sdk\5.0.301\Extensions\Microsoft.TestPlatform.Extensions.BlameDataCollector.dll'.
TpTrace Information: 0 : 13532, 1, 2021/09/23, 14:49:11.897, 2761758966960, datacollector.dll, AssemblyResolver.OnResolve: Resolved assembly: Microsoft.TestPlatform.Extensions.BlameDataCollector, from path: C:\Program Files\dotnet\sdk\5.0.301\Extensions\Microsoft.TestPlatform.Extensions.BlameDataCollector.dll
TpTrace Error: 0 : 13532, 1, 2021/09/23, 14:49:11.898, 2761758976280, datacollector.dll, The type "Microsoft.TestPlatform.Extensions.BlameDataCollector.BlameCollector" defined in "Microsoft.TestPlatform.Extensions.BlameDataCollector.dll" does not have ExtensionUri attribute.
TpTrace Information: 0 : 13532, 1, 2021/09/23, 14:49:11.899, 2761758986355, datacollector.dll, AssemblyResolver.OnResolve: Microsoft.TestPlatform.Extensions.EventLogCollector: Resolving assembly.
TpTrace Information: 0 : 13532, 1, 2021/09/23, 14:49:11.899, 2761758986782, datacollector.dll, AssemblyResolver.OnResolve: Microsoft.TestPlatform.Extensions.EventLogCollector: Searching in: 'C:\Program Files\dotnet\sdk\5.0.301\Extensions'.
TpTrace Information: 0 : 13532, 1, 2021/09/23, 14:49:11.899, 2761758992486, datacollector.dll, AssemblyResolver.OnResolve: Microsoft.TestPlatform.Extensions.EventLogCollector: Loading assembly 'C:\Program Files\dotnet\sdk\5.0.301\Extensions\Microsoft.TestPlatform.Extensions.EventLogCollector.dll'.
TpTrace Information: 0 : 13532, 1, 2021/09/23, 14:49:11.900, 2761758997881, datacollector.dll, AssemblyResolver.OnResolve: Resolved assembly: Microsoft.TestPlatform.Extensions.EventLogCollector, from path: C:\Program Files\dotnet\sdk\5.0.301\Extensions\Microsoft.TestPlatform.Extensions.EventLogCollector.dll
TpTrace Error: 0 : 13532, 1, 2021/09/23, 14:49:11.902, 2761759016387, datacollector.dll, The type "Microsoft.TestPlatform.Extensions.EventLogCollector.EventLogDataCollector" defined in "Microsoft.TestPlatform.Extensions.EventLogCollector.dll" does not have ExtensionUri attribute.
TpTrace Verbose: 0 : 13532, 1, 2021/09/23, 14:49:11.902, 2761759019359, datacollector.dll, TestPluginCache: Discovered the extensions using extension path 'C:\Program Files\dotnet\sdk\5.0.301\Extensions\Microsoft.TestPlatform.Extensions.BlameDataCollector.dll,C:\Program Files\dotnet\sdk\5.0.301\Extensions\Microsoft.TestPlatform.Extensions.EventLogCollector.dll'.
TpTrace Verbose: 0 : 13532, 1, 2021/09/23, 14:49:11.902, 2761759019873, datacollector.dll, TestPluginCache: Discoverers are ''.
TpTrace Verbose: 0 : 13532, 1, 2021/09/23, 14:49:11.902, 2761759020364, datacollector.dll, TestPluginCache: Executors are ''.
TpTrace Verbose: 0 : 13532, 1, 2021/09/23, 14:49:11.902, 2761759020600, datacollector.dll, TestPluginCache: Executors2 are ''.
TpTrace Verbose: 0 : 13532, 1, 2021/09/23, 14:49:11.902, 2761759020796, datacollector.dll, TestPluginCache: Setting providers are ''.
TpTrace Verbose: 0 : 13532, 1, 2021/09/23, 14:49:11.902, 2761759020987, datacollector.dll, TestPluginCache: Loggers are ''.
TpTrace Information: 0 : 13532, 1, 2021/09/23, 14:49:11.903, 2761759030264, datacollector.dll, TestPluginManager.CreateTestExtension: Attempting to load test extension: Microsoft.TestPlatform.Extensions.BlameDataCollector.BlameCollector
TpTrace Error: 0 : 13532, 1, 2021/09/23, 14:49:11.903, 2761759033398, datacollector.dll, The type "Microsoft.TestPlatform.Extensions.BlameDataCollector.BlameCollector" defined in "Microsoft.TestPlatform.Extensions.BlameDataCollector.dll" does not have ExtensionUri attribute.
TpTrace Information: 0 : 13532, 1, 2021/09/23, 14:49:11.908, 2761759081436, datacollector.dll, Listening on Endpoint : 127.0.0.1:54659
TpTrace Information: 0 : 13532, 1, 2021/09/23, 14:49:11.913, 2761759134677, datacollector.dll, DataCollectionRequestHandler.ProcessRequests : DataCollection started.
TpTrace Information: 0 : 13532, 1, 2021/09/23, 14:49:11.925, 2761759252458, datacollector.dll, DataCollectionRequestHandler.ProcessRequests : Datacollector received message: (DataCollection.TestHostLaunched) -> {
  "ProcessId": 15280
}
TpTrace Information: 0 : 13532, 5, 2021/09/23, 14:49:12.071, 2761760709154, datacollector.dll, Using the buffer size of 16384 bytes
TpTrace Information: 0 : 13532, 5, 2021/09/23, 14:49:12.071, 2761760710048, datacollector.dll, Accepted Client request and set the flag
TpTrace Information: 0 : 13532, 7, 2021/09/23, 14:49:12.509, 2761765087643, datacollector.dll, DataCollectionTestCaseEventHandler: Test case starting.
TpTrace Information: 0 : 13532, 7, 2021/09/23, 14:49:12.516, 2761765158627, datacollector.dll, Blame Collector : Test Case Start
TpTrace Information: 0 : 13532, 7, 2021/09/23, 14:49:12.518, 2761765175558, datacollector.dll, DataCollectionTestCaseEventHandler: Test case 'NoPuedeIngresarCantidadProductosDeMenosUno - 1fd23cc2-ebc2-4f0e-3c28-85f7d285a74d' started.
TpTrace Information: 0 : 13532, 7, 2021/09/23, 14:49:12.527, 2761765272639, datacollector.dll, DataCollectionTestCaseEventHandler : Test case completing.
TpTrace Information: 0 : 13532, 7, 2021/09/23, 14:49:12.529, 2761765294770, datacollector.dll, Blame Collector : Test Case End
TpTrace Information: 0 : 13532, 7, 2021/09/23, 14:49:12.532, 2761765320834, datacollector.dll, DataCollectionTestCaseEventHandler: Test case 'NoPuedeIngresarCantidadProductosDeMenosUno - 1fd23cc2-ebc2-4f0e-3c28-85f7d285a74d' completed
TpTrace Information: 0 : 13532, 7, 2021/09/23, 14:49:12.540, 2761765399842, datacollector.dll, DataCollectionTestCaseEventHandler: Test case starting.
TpTrace Information: 0 : 13532, 7, 2021/09/23, 14:49:12.540, 2761765402234, datacollector.dll, Blame Collector : Test Case Start
TpTrace Information: 0 : 13532, 7, 2021/09/23, 14:49:12.540, 2761765403095, datacollector.dll, DataCollectionTestCaseEventHandler: Test case 'NoPuedeVenderCantidadProductosDeMenosUno - d650e767-a285-850e-200d-13562b08d268' started.
TpTrace Information: 0 : 13532, 7, 2021/09/23, 14:49:12.541, 2761765409724, datacollector.dll, DataCollectionTestCaseEventHandler : Test case completing.
TpTrace Information: 0 : 13532, 7, 2021/09/23, 14:49:12.541, 2761765412072, datacollector.dll, Blame Collector : Test Case End
TpTrace Information: 0 : 13532, 7, 2021/09/23, 14:49:12.541, 2761765413245, datacollector.dll, DataCollectionTestCaseEventHandler: Test case 'NoPuedeVenderCantidadProductosDeMenosUno - d650e767-a285-850e-200d-13562b08d268' completed
TpTrace Information: 0 : 13532, 7, 2021/09/23, 14:49:12.542, 2761765423651, datacollector.dll, DataCollectionTestCaseEventHandler: Test case starting.
TpTrace Information: 0 : 13532, 7, 2021/09/23, 14:49:12.543, 2761765427312, datacollector.dll, Blame Collector : Test Case Start
TpTrace Information: 0 : 13532, 7, 2021/09/23, 14:49:12.543, 2761765428579, datacollector.dll, DataCollectionTestCaseEventHandler: Test case 'PuedeIngresarCantidadProductosCincuentaCorrecta - 5aafae75-09ff-9b28-1901-0763a8ee5fcf' started.
TpTrace Information: 0 : 13532, 7, 2021/09/23, 14:49:12.544, 2761765436163, datacollector.dll, DataCollectionTestCaseEventHandler : Test case completing.
TpTrace Information: 0 : 13532, 7, 2021/09/23, 14:49:12.544, 2761765439230, datacollector.dll, Blame Collector : Test Case End
TpTrace Information: 0 : 13532, 7, 2021/09/23, 14:49:12.544, 2761765440725, datacollector.dll, DataCollectionTestCaseEventHandler: Test case 'PuedeIngresarCantidadProductosCincuentaCorrecta - 5aafae75-09ff-9b28-1901-0763a8ee5fcf' completed
TpTrace Information: 0 : 13532, 7, 2021/09/23, 14:49:12.545, 2761765446853, datacollector.dll, DataCollectionTestCaseEventHandler: Test case starting.
TpTrace Information: 0 : 13532, 7, 2021/09/23, 14:49:12.545, 2761765449074, datacollector.dll, Blame Collector : Test Case Start
TpTrace Information: 0 : 13532, 7, 2021/09/23, 14:49:12.545, 2761765455005, datacollector.dll, DataCollectionTestCaseEventHandler: Test case 'PuedeVenderCantidadProductoCompuestoCorrect - 079862e8-3725-5d62-174f-5e496edf5d71' started.
TpTrace Information: 0 : 13532, 7, 2021/09/23, 14:49:12.546, 2761765461239, datacollector.dll, DataCollectionTestCaseEventHandler : Test case completing.
TpTrace Information: 0 : 13532, 7, 2021/09/23, 14:49:12.546, 2761765462827, datacollector.dll, Blame Collector : Test Case End
TpTrace Information: 0 : 13532, 7, 2021/09/23, 14:49:12.546, 2761765463456, datacollector.dll, DataCollectionTestCaseEventHandler: Test case 'PuedeVenderCantidadProductoCompuestoCorrect - 079862e8-3725-5d62-174f-5e496edf5d71' completed
TpTrace Information: 0 : 13532, 7, 2021/09/23, 14:49:12.547, 2761765469165, datacollector.dll, DataCollectionTestCaseEventHandler: Test case starting.
TpTrace Information: 0 : 13532, 7, 2021/09/23, 14:49:12.547, 2761765470802, datacollector.dll, Blame Collector : Test Case Start
TpTrace Information: 0 : 13532, 7, 2021/09/23, 14:49:12.547, 2761765471451, datacollector.dll, DataCollectionTestCaseEventHandler: Test case 'PuedeVenderCantidadProductoCompuestoCorrecta - 0ad616df-7dfa-1089-fdf3-3361613a60d8' started.
TpTrace Information: 0 : 13532, 7, 2021/09/23, 14:49:12.548, 2761765475907, datacollector.dll, DataCollectionTestCaseEventHandler : Test case completing.
TpTrace Information: 0 : 13532, 7, 2021/09/23, 14:49:12.548, 2761765477595, datacollector.dll, Blame Collector : Test Case End
TpTrace Information: 0 : 13532, 7, 2021/09/23, 14:49:12.548, 2761765478247, datacollector.dll, DataCollectionTestCaseEventHandler: Test case 'PuedeVenderCantidadProductoCompuestoCorrecta - 0ad616df-7dfa-1089-fdf3-3361613a60d8' completed
TpTrace Information: 0 : 13532, 7, 2021/09/23, 14:49:12.548, 2761765484092, datacollector.dll, DataCollectionTestCaseEventHandler: Test case starting.
TpTrace Information: 0 : 13532, 7, 2021/09/23, 14:49:12.548, 2761765485471, datacollector.dll, Blame Collector : Test Case Start
TpTrace Information: 0 : 13532, 7, 2021/09/23, 14:49:12.549, 2761765486004, datacollector.dll, DataCollectionTestCaseEventHandler: Test case 'PuedeVenderCantidadProductoSencilloCorrecta - 07444b0e-e098-7cf8-45e3-8ce0b3354cf0' started.
TpTrace Information: 0 : 13532, 7, 2021/09/23, 14:49:12.549, 2761765491346, datacollector.dll, DataCollectionTestCaseEventHandler : Test case completing.
TpTrace Information: 0 : 13532, 7, 2021/09/23, 14:49:12.549, 2761765492842, datacollector.dll, Blame Collector : Test Case End
TpTrace Information: 0 : 13532, 7, 2021/09/23, 14:49:12.549, 2761765493504, datacollector.dll, DataCollectionTestCaseEventHandler: Test case 'PuedeVenderCantidadProductoSencilloCorrecta - 07444b0e-e098-7cf8-45e3-8ce0b3354cf0' completed
TpTrace Information: 0 : 13532, 7, 2021/09/23, 14:49:12.557, 2761765567801, datacollector.dll, DataCollectionTestCaseEventHandler: Test session ended
TpTrace Information: 0 : 13532, 1, 2021/09/23, 14:49:12.620, 2761766195790, datacollector.dll, DataCollectionRequestHandler.ProcessRequests : Datacollector received message: (DataCollection.AfterTestRunEnd) -> false
TpTrace Information: 0 : 13532, 1, 2021/09/23, 14:49:12.620, 2761766201105, datacollector.dll, Blame Collector : Session End
TpTrace Information: 0 : 13532, 1, 2021/09/23, 14:49:12.620, 2761766201567, datacollector.dll, BlameCollector.CollectDumpAndAbortTesthost: Custom path to dump directory was provided via VSTEST_DUMP_PATH. Skipping attachment upload, the caller is responsible for collecting and uploading the dumps themselves.
TpTrace Information: 0 : 13532, 1, 2021/09/23, 14:49:12.620, 2761766202821, datacollector.dll, DataCollectionManager.CleanupPlugins: CleanupPlugins called
TpTrace Verbose: 0 : 13532, 1, 2021/09/23, 14:49:12.620, 2761766203116, datacollector.dll, DataCollectionManager.CleanupPlugins: Cleaning up 1 plugins
TpTrace Verbose: 0 : 13532, 1, 2021/09/23, 14:49:12.620, 2761766203803, datacollector.dll, dataCollectorInfo.DisposeDataCollector: calling Dispose() on Microsoft.TestPlatform.Extensions.BlameDataCollector.BlameCollector
TpTrace Information: 0 : 13532, 1, 2021/09/23, 14:49:12.620, 2761766204663, datacollector.dll, DataCollectionManager.CleanupPlugins: CleanupPlugins finished
TpTrace Information: 0 : 13532, 1, 2021/09/23, 14:49:12.623, 2761766228036, datacollector.dll, DataCollectionRequestHandler.ProcessRequests : Session End message received from server. Closing the connection.
TpTrace Information: 0 : 13532, 1, 2021/09/23, 14:49:12.623, 2761766229586, datacollector.dll, Closing the connection !
TpTrace Information: 0 : 13532, 1, 2021/09/23, 14:49:12.623, 2761766229826, datacollector.dll, DataCollectionRequestHandler.ProcessRequests : DataCollection completed
TpTrace Information: 0 : 13532, 1, 2021/09/23, 14:49:12.623, 2761766230025, datacollector.dll, Program.Main: exiting datacollector process.
