TpTrace Verbose: 0 : 2432, 1, 2021/09/23, 13:22:03.400, 2709474004182, testhost.dll, Version: 16.9.4
TpTrace Information: 0 : 2432, 1, 2021/09/23, 13:22:03.404, 2709474044170, testhost.dll, DefaultEngineInvoker.Invoke: Testhost process started with args :[--port, 64747],[--endpoint, 127.0.0.1:064747],[--role, client],[--parentprocessid, 2516],[--diag, D:\IsmaPCBlanco\Documentos\ISMA\Semestre 2021-2\Diseño dirigido por pruebas\Proyectos\Parcial\ProductoSolutionTDD\ProductoSolutionTDD\bin\Debug\net5.0\fine-code-coverage\coverage-tool-output\diagnostics.host.21-09-23_13-22-03_28968_6.log],[--tracelevel, 4],[--datacollectionport, 64746],[--telemetryoptedin, false]
TpTrace Information: 0 : 2432, 1, 2021/09/23, 13:22:03.406, 2709474059036, testhost.dll, Setting up debug trace listener.
TpTrace Verbose: 0 : 2432, 1, 2021/09/23, 13:22:03.406, 2709474060859, testhost.dll, TestPlatformTraceListener.Setup: Replacing listener 0 with TestHostTraceListener.
TpTrace Verbose: 0 : 2432, 1, 2021/09/23, 13:22:03.406, 2709474061176, testhost.dll, TestPlatformTraceListener.Setup: Added test platform trace listener.
TpTrace Information: 0 : 2432, 1, 2021/09/23, 13:22:03.406, 2709474064594, testhost.dll, DefaultEngineInvoker.SetParentProcessExitCallback: Monitoring parent process with id: '2516'
TpTrace Information: 0 : 2432, 1, 2021/09/23, 13:22:03.412, 2709474119985, testhost.dll, DefaultEngineInvoker.GetConnectionInfo: Initialize communication on endpoint address: '127.0.0.1:064747'
TpTrace Information: 0 : 2432, 1, 2021/09/23, 13:22:03.423, 2709474228207, testhost.dll, SocketClient.Start: connecting to server endpoint: 127.0.0.1:064747
TpTrace Information: 0 : 2432, 1, 2021/09/23, 13:22:03.429, 2709474285517, testhost.dll, DefaultEngineInvoker.ConnectToDatacollector: Connecting to datacollector, port: 64746
TpTrace Information: 0 : 2432, 9, 2021/09/23, 13:22:03.429, 2709474291553, testhost.dll, SocketClient.OnServerConnected: connected to server endpoint: 127.0.0.1:064747
TpTrace Verbose: 0 : 2432, 9, 2021/09/23, 13:22:03.430, 2709474303539, testhost.dll, Connected to server, and starting MessageLoopAsync
TpTrace Information: 0 : 2432, 1, 2021/09/23, 13:22:03.431, 2709474307629, testhost.dll, Trying to connect to server on socket : 127.0.0.1:64746 
TpTrace Verbose: 0 : 2432, 1, 2021/09/23, 13:22:03.431, 2709474309800, testhost.dll, SocketCommunicationManager : SetupClientAsync : Attempting to connect to the server.
TpTrace Information: 0 : 2432, 10, 2021/09/23, 13:22:03.432, 2709474319829, testhost.dll, Connected to the server successfully 
TpTrace Information: 0 : 2432, 10, 2021/09/23, 13:22:03.432, 2709474320347, testhost.dll, Using the buffer size of 16384 bytes
TpTrace Verbose: 0 : 2432, 9, 2021/09/23, 13:22:03.432, 2709474322687, testhost.dll, TcpClientExtensions.MessageLoopAsync: Polling on remoteEndPoint: [::ffff:127.0.0.1]:64747 localEndPoint: [::ffff:127.0.0.1]:64748
TpTrace Information: 0 : 2432, 1, 2021/09/23, 13:22:03.432, 2709474323497, testhost.dll, DefaultEngineInvoker.Invoke: Start Request Processing.
TpTrace Verbose: 0 : 2432, 9, 2021/09/23, 13:22:03.432, 2709474325172, testhost.dll, TcpClientExtensions.MessageLoopAsync: NotifyDataAvailable remoteEndPoint: [::ffff:127.0.0.1]:64747 localEndPoint: [::ffff:127.0.0.1]:64748
TpTrace Information: 0 : 2432, 11, 2021/09/23, 13:22:03.433, 2709474328618, testhost.dll, DefaultEngineInvoker.StartProcessingAsync: Connected to vstest.console, Starting process requests.
TpTrace Information: 0 : 2432, 9, 2021/09/23, 13:22:03.520, 2709475197732, testhost.dll, TestRequestHandler.ProcessRequests: received message: (ProtocolVersion) -> 5
TpTrace Verbose: 0 : 2432, 9, 2021/09/23, 13:22:03.545, 2709475445826, testhost.dll, TestRequestHandler.SendData:  sending data from testhost: {"Version":5,"MessageType":"TestSession.Message","Payload":{"MessageLevel":0,"Message":"Registrando diagnóstico de TestHost en el archivo: D:\\IsmaPCBlanco\\Documentos\\ISMA\\Semestre 2021-2\\Diseño dirigido por pruebas\\Proyectos\\Parcial\\ProductoSolutionTDD\\ProductoSolutionTDD\\bin\\Debug\\net5.0\\fine-code-coverage\\coverage-tool-output\\diagnostics.host.21-09-23_13-22-03_28968_6.log"}}
TpTrace Verbose: 0 : 2432, 9, 2021/09/23, 13:22:03.545, 2709475452043, testhost.dll, TcpClientExtensions.MessageLoopAsync: Polling on remoteEndPoint: [::ffff:127.0.0.1]:64747 localEndPoint: [::ffff:127.0.0.1]:64748
TpTrace Verbose: 0 : 2432, 9, 2021/09/23, 13:22:03.545, 2709475452691, testhost.dll, TcpClientExtensions.MessageLoopAsync: NotifyDataAvailable remoteEndPoint: [::ffff:127.0.0.1]:64747 localEndPoint: [::ffff:127.0.0.1]:64748
TpTrace Information: 0 : 2432, 9, 2021/09/23, 13:22:03.549, 2709475487738, testhost.dll, TestRequestHandler.ProcessRequests: received message: (TestExecution.Initialize) -> [
  "D:\\IsmaPCBlanco\\Documentos\\ISMA\\Semestre 2021-2\\Diseño dirigido por pruebas\\Proyectos\\Parcial\\ProductoSolutionTDD\\ProductoSolutionTDD\\bin\\Debug\\net5.0\\fine-code-coverage\\build-output\\NUnit3.TestAdapter.dll"
]
TpTrace Information: 0 : 2432, 9, 2021/09/23, 13:22:03.549, 2709475488836, testhost.dll, Execution Session Initialize.
TpTrace Verbose: 0 : 2432, 9, 2021/09/23, 13:22:03.554, 2709475540586, testhost.dll, TcpClientExtensions.MessageLoopAsync: Polling on remoteEndPoint: [::ffff:127.0.0.1]:64747 localEndPoint: [::ffff:127.0.0.1]:64748
TpTrace Verbose: 0 : 2432, 9, 2021/09/23, 13:22:03.554, 2709475542269, testhost.dll, TcpClientExtensions.MessageLoopAsync: NotifyDataAvailable remoteEndPoint: [::ffff:127.0.0.1]:64747 localEndPoint: [::ffff:127.0.0.1]:64748
TpTrace Verbose: 0 : 2432, 4, 2021/09/23, 13:22:03.556, 2709475564530, testhost.dll, TestExecutorService: Loading the extensions
TpTrace Information: 0 : 2432, 9, 2021/09/23, 13:22:03.557, 2709475569894, testhost.dll, TestRequestHandler.ProcessRequests: received message: (TestExecution.StartWithSources) -> {
  "AdapterSourceMap": {
    "_none_": [
      "D:\\IsmaPCBlanco\\Documentos\\ISMA\\Semestre 2021-2\\Diseño dirigido por pruebas\\Proyectos\\Parcial\\ProductoSolutionTDD\\ProductoSolutionTDD\\bin\\Debug\\net5.0\\fine-code-coverage\\build-output\\ProductoSolutionTDD.dll"
    ]
  },
  "RunSettings": "<RunSettings>\r\n  <RunConfiguration>\r\n    <ResultsDirectory>D:\\IsmaPCBlanco\\Documentos\\ISMA\\Semestre 2021-2\\Diseño dirigido por pruebas\\Proyectos\\Parcial\\ProductoSolutionTDD\\ProductoSolutionTDD\\bin\\Debug\\net5.0\\fine-code-coverage\\coverage-tool-output</ResultsDirectory>\r\n    <TargetPlatform>X64</TargetPlatform>\r\n    <TargetFrameworkVersion>.NETCoreApp,Version=v5.0</TargetFrameworkVersion>\r\n    <DesignMode>False</DesignMode>\r\n    <CollectSourceInformation>False</CollectSourceInformation>\r\n  </RunConfiguration>\r\n  <LoggerRunSettings>\r\n    <Loggers>\r\n      <Logger friendlyName=\"blame\" enabled=\"True\" />\r\n      <Logger friendlyName=\"Console\" uri=\"logger://microsoft/TestPlatform/ConsoleLogger/v1\" assemblyQualifiedName=\"Microsoft.VisualStudio.TestPlatform.CommandLine.Internal.ConsoleLogger, vstest.console, Version=15.0.0.0, Culture=neutral, PublicKeyToken=b03f5f7f11d50a3a\" codeBase=\"C:\\Program Files\\dotnet\\sdk\\5.0.301\\vstest.console.dll\" enabled=\"True\" />\r\n    </Loggers>\r\n  </LoggerRunSettings>\r\n  <DataCollectionRunSettings>\r\n    <DataCollectors>\r\n      <DataCollector friendlyName=\"blame\" enabled=\"True\">\r\n        <Configuration>\r\n          <ResultsDirectory>D:\\IsmaPCBlanco\\Documentos\\ISMA\\Semestre 2021-2\\Diseño dirigido por pruebas\\Proyectos\\Parcial\\ProductoSolutionTDD\\ProductoSolutionTDD\\bin\\Debug\\net5.0\\fine-code-coverage\\coverage-tool-output</ResultsDirectory>\r\n        </Configuration>\r\n      </DataCollector>\r\n    </DataCollectors>\r\n  </DataCollectionRunSettings>\r\n</RunSettings>",
  "TestExecutionContext": {
    "FrequencyOfRunStatsChangeEvent": 10,
    "RunStatsChangeEventTimeout": "00:00:01.5000000",
    "InIsolation": false,
    "KeepAlive": false,
    "AreTestCaseLevelEventsRequired": false,
    "IsDebug": false,
    "TestCaseFilter": null,
    "FilterOptions": null
  },
  "Package": null
}
TpTrace Information: 0 : 2432, 9, 2021/09/23, 13:22:03.557, 2709475570760, testhost.dll, Execution started.
TpTrace Verbose: 0 : 2432, 4, 2021/09/23, 13:22:03.558, 2709475578148, testhost.dll, TestPluginCache.DiscoverTestExtensions: finding test extensions in assemblies ends with: TestAdapter.dll TPluginInfo: Microsoft.VisualStudio.TestPlatform.Common.ExtensionFramework.Utilities.TestExecutorPluginInformation TExtension: Microsoft.VisualStudio.TestPlatform.ObjectModel.Adapter.ITestExecutor
TpTrace Verbose: 0 : 2432, 4, 2021/09/23, 13:22:03.559, 2709475585772, testhost.dll, TestPluginCache.GetExtensionPaths: Filtered extension paths: 
TpTrace Verbose: 0 : 2432, 4, 2021/09/23, 13:22:03.559, 2709475588518, testhost.dll, TestPluginCache.GetExtensionPaths: Added default extension paths: D:\IsmaPCBlanco\Documentos\ISMA\Semestre 2021-2\Diseño dirigido por pruebas\Proyectos\Parcial\ProductoSolutionTDD\ProductoSolutionTDD\bin\Debug\net5.0\fine-code-coverage\build-output\NUnit3.TestAdapter.dll
TpTrace Verbose: 0 : 2432, 4, 2021/09/23, 13:22:03.559, 2709475588821, testhost.dll, TestPluginCache.GetExtensionPaths: Added unfilterableExtensionPaths: 
TpTrace Information: 0 : 2432, 4, 2021/09/23, 13:22:03.561, 2709475606800, testhost.dll, AssemblyResolver.ctor: Creating AssemblyResolver with searchDirectories D:\IsmaPCBlanco\Documentos\ISMA\Semestre 2021-2\Diseño dirigido por pruebas\Proyectos\Parcial\ProductoSolutionTDD\ProductoSolutionTDD\bin\Debug\net5.0\fine-code-coverage\build-output
TpTrace Verbose: 0 : 2432, 4, 2021/09/23, 13:22:03.562, 2709475616070, testhost.dll, TestPluginCache.DiscoverTestExtensions: Discovering the extensions using extension path.
TpTrace Verbose: 0 : 2432, 4, 2021/09/23, 13:22:03.562, 2709475617171, testhost.dll, TestPluginCache.GetExtensionPaths: Filtered extension paths: 
TpTrace Verbose: 0 : 2432, 4, 2021/09/23, 13:22:03.562, 2709475617405, testhost.dll, TestPluginCache.GetExtensionPaths: Added default extension paths: D:\IsmaPCBlanco\Documentos\ISMA\Semestre 2021-2\Diseño dirigido por pruebas\Proyectos\Parcial\ProductoSolutionTDD\ProductoSolutionTDD\bin\Debug\net5.0\fine-code-coverage\build-output\NUnit3.TestAdapter.dll
TpTrace Verbose: 0 : 2432, 4, 2021/09/23, 13:22:03.562, 2709475617584, testhost.dll, TestPluginCache.GetExtensionPaths: Added unfilterableExtensionPaths: 
TpTrace Verbose: 0 : 2432, 4, 2021/09/23, 13:22:03.562, 2709475617954, testhost.dll, TestPluginCache.DiscoverTestExtensions: Discovering the extensions using allExtensionPaths: D:\IsmaPCBlanco\Documentos\ISMA\Semestre 2021-2\Diseño dirigido por pruebas\Proyectos\Parcial\ProductoSolutionTDD\ProductoSolutionTDD\bin\Debug\net5.0\fine-code-coverage\build-output\NUnit3.TestAdapter.dll
TpTrace Information: 0 : 2432, 4, 2021/09/23, 13:22:03.562, 2709475624749, testhost.dll, AssemblyResolver.AddSearchDirectories: Adding more searchDirectories D:\IsmaPCBlanco\Documentos\ISMA\Semestre 2021-2\Diseño dirigido por pruebas\Proyectos\Parcial\ProductoSolutionTDD\ProductoSolutionTDD\bin\Debug\net5.0\fine-code-coverage\build-output
TpTrace Information: 0 : 2432, 4, 2021/09/23, 13:22:03.566, 2709475657577, testhost.dll, AssemblyResolver.OnResolve: NUnit3.TestAdapter: Resolving assembly.
TpTrace Information: 0 : 2432, 4, 2021/09/23, 13:22:03.567, 2709475668344, testhost.dll, AssemblyResolver.OnResolve: Resolved assembly: NUnit3.TestAdapter, from path: D:\IsmaPCBlanco\Documentos\ISMA\Semestre 2021-2\Diseño dirigido por pruebas\Proyectos\Parcial\ProductoSolutionTDD\ProductoSolutionTDD\bin\Debug\net5.0\fine-code-coverage\build-output\NUnit3.TestAdapter.dll
TpTrace Information: 0 : 2432, 4, 2021/09/23, 13:22:03.569, 2709475695189, testhost.dll, AssemblyResolver.OnResolve: nunit.engine.api: Resolving assembly.
TpTrace Information: 0 : 2432, 4, 2021/09/23, 13:22:03.570, 2709475700503, testhost.dll, AssemblyResolver.OnResolve: Resolved assembly: nunit.engine.api, from path: D:\IsmaPCBlanco\Documentos\ISMA\Semestre 2021-2\Diseño dirigido por pruebas\Proyectos\Parcial\ProductoSolutionTDD\ProductoSolutionTDD\bin\Debug\net5.0\fine-code-coverage\build-output\nunit.engine.api.dll
TpTrace Verbose: 0 : 2432, 4, 2021/09/23, 13:22:03.573, 2709475734095, testhost.dll, TestPluginCache: Discovered the extensions using extension path ''.
TpTrace Verbose: 0 : 2432, 4, 2021/09/23, 13:22:03.574, 2709475737132, testhost.dll, TestPluginCache: Discoverers are ''.
TpTrace Verbose: 0 : 2432, 4, 2021/09/23, 13:22:03.574, 2709475737658, testhost.dll, TestPluginCache: Executors are 'executor://NUnit3TestExecutor'.
TpTrace Verbose: 0 : 2432, 4, 2021/09/23, 13:22:03.574, 2709475738017, testhost.dll, TestPluginCache: Executors2 are ''.
TpTrace Verbose: 0 : 2432, 4, 2021/09/23, 13:22:03.574, 2709475738308, testhost.dll, TestPluginCache: Setting providers are ''.
TpTrace Verbose: 0 : 2432, 4, 2021/09/23, 13:22:03.574, 2709475738570, testhost.dll, TestPluginCache: Loggers are ''.
TpTrace Verbose: 0 : 2432, 4, 2021/09/23, 13:22:03.576, 2709475756768, testhost.dll, TestPluginCache.DiscoverTestExtensions: finding test extensions in assemblies ends with: TestAdapter.dll TPluginInfo: Microsoft.VisualStudio.TestPlatform.Common.ExtensionFramework.Utilities.TestExecutorPluginInformation2 TExtension: Microsoft.VisualStudio.TestPlatform.ObjectModel.Adapter.ITestExecutor2
TpTrace Verbose: 0 : 2432, 4, 2021/09/23, 13:22:03.576, 2709475758337, testhost.dll, TestPluginCache.GetExtensionPaths: Filtered extension paths: 
TpTrace Verbose: 0 : 2432, 4, 2021/09/23, 13:22:03.576, 2709475758647, testhost.dll, TestPluginCache.GetExtensionPaths: Added default extension paths: D:\IsmaPCBlanco\Documentos\ISMA\Semestre 2021-2\Diseño dirigido por pruebas\Proyectos\Parcial\ProductoSolutionTDD\ProductoSolutionTDD\bin\Debug\net5.0\fine-code-coverage\build-output\NUnit3.TestAdapter.dll
TpTrace Verbose: 0 : 2432, 4, 2021/09/23, 13:22:03.576, 2709475758797, testhost.dll, TestPluginCache.GetExtensionPaths: Added unfilterableExtensionPaths: 
TpTrace Information: 0 : 2432, 4, 2021/09/23, 13:22:03.576, 2709475759864, testhost.dll, AssemblyResolver.AddSearchDirectories: Adding more searchDirectories D:\IsmaPCBlanco\Documentos\ISMA\Semestre 2021-2\Diseño dirigido por pruebas\Proyectos\Parcial\ProductoSolutionTDD\ProductoSolutionTDD\bin\Debug\net5.0\fine-code-coverage\build-output
TpTrace Verbose: 0 : 2432, 4, 2021/09/23, 13:22:03.576, 2709475760116, testhost.dll, TestPluginCache.DiscoverTestExtensions: Discovering the extensions using extension path.
TpTrace Verbose: 0 : 2432, 4, 2021/09/23, 13:22:03.576, 2709475760268, testhost.dll, TestPluginCache.GetExtensionPaths: Filtered extension paths: 
TpTrace Verbose: 0 : 2432, 4, 2021/09/23, 13:22:03.576, 2709475760404, testhost.dll, TestPluginCache.GetExtensionPaths: Added default extension paths: D:\IsmaPCBlanco\Documentos\ISMA\Semestre 2021-2\Diseño dirigido por pruebas\Proyectos\Parcial\ProductoSolutionTDD\ProductoSolutionTDD\bin\Debug\net5.0\fine-code-coverage\build-output\NUnit3.TestAdapter.dll
TpTrace Verbose: 0 : 2432, 4, 2021/09/23, 13:22:03.576, 2709475760567, testhost.dll, TestPluginCache.GetExtensionPaths: Added unfilterableExtensionPaths: 
TpTrace Verbose: 0 : 2432, 4, 2021/09/23, 13:22:03.576, 2709475760717, testhost.dll, TestPluginCache.DiscoverTestExtensions: Discovering the extensions using allExtensionPaths: D:\IsmaPCBlanco\Documentos\ISMA\Semestre 2021-2\Diseño dirigido por pruebas\Proyectos\Parcial\ProductoSolutionTDD\ProductoSolutionTDD\bin\Debug\net5.0\fine-code-coverage\build-output\NUnit3.TestAdapter.dll
TpTrace Information: 0 : 2432, 4, 2021/09/23, 13:22:03.576, 2709475760922, testhost.dll, AssemblyResolver.AddSearchDirectories: Adding more searchDirectories D:\IsmaPCBlanco\Documentos\ISMA\Semestre 2021-2\Diseño dirigido por pruebas\Proyectos\Parcial\ProductoSolutionTDD\ProductoSolutionTDD\bin\Debug\net5.0\fine-code-coverage\build-output
TpTrace Verbose: 0 : 2432, 4, 2021/09/23, 13:22:03.576, 2709475762605, testhost.dll, TestPluginCache: Discovered the extensions using extension path ''.
TpTrace Verbose: 0 : 2432, 4, 2021/09/23, 13:22:03.576, 2709475762894, testhost.dll, TestPluginCache: Discoverers are ''.
TpTrace Verbose: 0 : 2432, 4, 2021/09/23, 13:22:03.576, 2709475763075, testhost.dll, TestPluginCache: Executors are 'executor://NUnit3TestExecutor'.
TpTrace Verbose: 0 : 2432, 4, 2021/09/23, 13:22:03.576, 2709475763866, testhost.dll, TestPluginCache: Executors2 are ''.
TpTrace Verbose: 0 : 2432, 4, 2021/09/23, 13:22:03.576, 2709475764055, testhost.dll, TestPluginCache: Setting providers are ''.
TpTrace Verbose: 0 : 2432, 4, 2021/09/23, 13:22:03.576, 2709475764185, testhost.dll, TestPluginCache: Loggers are ''.
TpTrace Verbose: 0 : 2432, 9, 2021/09/23, 13:22:03.577, 2709475774619, testhost.dll, TcpClientExtensions.MessageLoopAsync: Polling on remoteEndPoint: [::ffff:127.0.0.1]:64747 localEndPoint: [::ffff:127.0.0.1]:64748
TpTrace Information: 0 : 2432, 4, 2021/09/23, 13:22:03.580, 2709475801663, testhost.dll, TestPluginManager.CreateTestExtension: Attempting to load test extension: NUnit.VisualStudio.TestAdapter.NUnit3TestExecutor
TpTrace Verbose: 0 : 2432, 4, 2021/09/23, 13:22:03.581, 2709475806774, testhost.dll, TestExecutorExtensionManager: Loading executor NUnit.VisualStudio.TestAdapter.NUnit3TestExecutor
TpTrace Verbose: 0 : 2432, 4, 2021/09/23, 13:22:03.581, 2709475807168, testhost.dll, TestExecutorService: Loaded the executors
TpTrace Verbose: 0 : 2432, 4, 2021/09/23, 13:22:03.581, 2709475812919, testhost.dll, TestPluginCache.DiscoverTestExtensions: finding test extensions in assemblies ends with: TestAdapter.dll TPluginInfo: Microsoft.VisualStudio.TestPlatform.Common.ExtensionFramework.Utilities.TestSettingsProviderPluginInformation TExtension: Microsoft.VisualStudio.TestPlatform.ObjectModel.Adapter.ISettingsProvider
TpTrace Verbose: 0 : 2432, 4, 2021/09/23, 13:22:03.581, 2709475813818, testhost.dll, TestPluginCache.GetExtensionPaths: Filtered extension paths: 
TpTrace Verbose: 0 : 2432, 4, 2021/09/23, 13:22:03.581, 2709475814031, testhost.dll, TestPluginCache.GetExtensionPaths: Added default extension paths: D:\IsmaPCBlanco\Documentos\ISMA\Semestre 2021-2\Diseño dirigido por pruebas\Proyectos\Parcial\ProductoSolutionTDD\ProductoSolutionTDD\bin\Debug\net5.0\fine-code-coverage\build-output\NUnit3.TestAdapter.dll
TpTrace Verbose: 0 : 2432, 4, 2021/09/23, 13:22:03.581, 2709475814180, testhost.dll, TestPluginCache.GetExtensionPaths: Added unfilterableExtensionPaths: 
TpTrace Information: 0 : 2432, 4, 2021/09/23, 13:22:03.581, 2709475815056, testhost.dll, AssemblyResolver.AddSearchDirectories: Adding more searchDirectories D:\IsmaPCBlanco\Documentos\ISMA\Semestre 2021-2\Diseño dirigido por pruebas\Proyectos\Parcial\ProductoSolutionTDD\ProductoSolutionTDD\bin\Debug\net5.0\fine-code-coverage\build-output
TpTrace Verbose: 0 : 2432, 4, 2021/09/23, 13:22:03.581, 2709475815257, testhost.dll, TestPluginCache.DiscoverTestExtensions: Discovering the extensions using extension path.
TpTrace Verbose: 0 : 2432, 4, 2021/09/23, 13:22:03.581, 2709475815442, testhost.dll, TestPluginCache.GetExtensionPaths: Filtered extension paths: 
TpTrace Verbose: 0 : 2432, 4, 2021/09/23, 13:22:03.582, 2709475815579, testhost.dll, TestPluginCache.GetExtensionPaths: Added default extension paths: D:\IsmaPCBlanco\Documentos\ISMA\Semestre 2021-2\Diseño dirigido por pruebas\Proyectos\Parcial\ProductoSolutionTDD\ProductoSolutionTDD\bin\Debug\net5.0\fine-code-coverage\build-output\NUnit3.TestAdapter.dll
TpTrace Verbose: 0 : 2432, 4, 2021/09/23, 13:22:03.582, 2709475815711, testhost.dll, TestPluginCache.GetExtensionPaths: Added unfilterableExtensionPaths: 
TpTrace Verbose: 0 : 2432, 4, 2021/09/23, 13:22:03.582, 2709475815855, testhost.dll, TestPluginCache.DiscoverTestExtensions: Discovering the extensions using allExtensionPaths: D:\IsmaPCBlanco\Documentos\ISMA\Semestre 2021-2\Diseño dirigido por pruebas\Proyectos\Parcial\ProductoSolutionTDD\ProductoSolutionTDD\bin\Debug\net5.0\fine-code-coverage\build-output\NUnit3.TestAdapter.dll
TpTrace Information: 0 : 2432, 4, 2021/09/23, 13:22:03.582, 2709475816095, testhost.dll, AssemblyResolver.AddSearchDirectories: Adding more searchDirectories D:\IsmaPCBlanco\Documentos\ISMA\Semestre 2021-2\Diseño dirigido por pruebas\Proyectos\Parcial\ProductoSolutionTDD\ProductoSolutionTDD\bin\Debug\net5.0\fine-code-coverage\build-output
TpTrace Verbose: 0 : 2432, 4, 2021/09/23, 13:22:03.582, 2709475818062, testhost.dll, TestPluginCache: Discovered the extensions using extension path ''.
TpTrace Verbose: 0 : 2432, 4, 2021/09/23, 13:22:03.582, 2709475818345, testhost.dll, TestPluginCache: Discoverers are ''.
TpTrace Verbose: 0 : 2432, 4, 2021/09/23, 13:22:03.582, 2709475818501, testhost.dll, TestPluginCache: Executors are 'executor://NUnit3TestExecutor'.
TpTrace Verbose: 0 : 2432, 4, 2021/09/23, 13:22:03.582, 2709475818640, testhost.dll, TestPluginCache: Executors2 are ''.
TpTrace Verbose: 0 : 2432, 4, 2021/09/23, 13:22:03.582, 2709475818830, testhost.dll, TestPluginCache: Setting providers are ''.
TpTrace Verbose: 0 : 2432, 4, 2021/09/23, 13:22:03.582, 2709475818991, testhost.dll, TestPluginCache: Loggers are ''.
TpTrace Verbose: 0 : 2432, 4, 2021/09/23, 13:22:03.582, 2709475824780, testhost.dll, TestExecutorService: Loaded the settings providers
TpTrace Information: 0 : 2432, 4, 2021/09/23, 13:22:03.582, 2709475825119, testhost.dll, TestExecutorService: Loaded the extensions
TpTrace Information: 0 : 2432, 4, 2021/09/23, 13:22:03.600, 2709476002068, testhost.dll, AssemblyResolver.OnResolve: Microsoft.VisualStudio.TestPlatform.Common.resources: Resolving assembly.
TpTrace Information: 0 : 2432, 4, 2021/09/23, 13:22:03.600, 2709476003344, testhost.dll, AssemblyResolver.OnResolve: Microsoft.VisualStudio.TestPlatform.Common.resources: Failed to load assembly.
TpTrace Information: 0 : 2432, 4, 2021/09/23, 13:22:03.645, 2709476455301, testhost.dll, TestDiscoveryManager: Discovering tests from sources D:\IsmaPCBlanco\Documentos\ISMA\Semestre 2021-2\Diseño dirigido por pruebas\Proyectos\Parcial\ProductoSolutionTDD\ProductoSolutionTDD\bin\Debug\net5.0\fine-code-coverage\build-output\ProductoSolutionTDD.dll
TpTrace Verbose: 0 : 2432, 4, 2021/09/23, 13:22:03.647, 2709476473419, testhost.dll, TestPluginCache.DiscoverTestExtensions: finding test extensions in assemblies ends with: TestAdapter.dll TPluginInfo: Microsoft.VisualStudio.TestPlatform.Common.ExtensionFramework.Utilities.TestDiscovererPluginInformation TExtension: Microsoft.VisualStudio.TestPlatform.ObjectModel.Adapter.ITestDiscoverer
TpTrace Verbose: 0 : 2432, 4, 2021/09/23, 13:22:03.647, 2709476474537, testhost.dll, TestPluginCache.GetExtensionPaths: Filtered extension paths: 
TpTrace Verbose: 0 : 2432, 4, 2021/09/23, 13:22:03.647, 2709476474784, testhost.dll, TestPluginCache.GetExtensionPaths: Added default extension paths: D:\IsmaPCBlanco\Documentos\ISMA\Semestre 2021-2\Diseño dirigido por pruebas\Proyectos\Parcial\ProductoSolutionTDD\ProductoSolutionTDD\bin\Debug\net5.0\fine-code-coverage\build-output\NUnit3.TestAdapter.dll
TpTrace Verbose: 0 : 2432, 4, 2021/09/23, 13:22:03.647, 2709476474944, testhost.dll, TestPluginCache.GetExtensionPaths: Added unfilterableExtensionPaths: 
TpTrace Information: 0 : 2432, 4, 2021/09/23, 13:22:03.648, 2709476475843, testhost.dll, AssemblyResolver.AddSearchDirectories: Adding more searchDirectories D:\IsmaPCBlanco\Documentos\ISMA\Semestre 2021-2\Diseño dirigido por pruebas\Proyectos\Parcial\ProductoSolutionTDD\ProductoSolutionTDD\bin\Debug\net5.0\fine-code-coverage\build-output
TpTrace Verbose: 0 : 2432, 4, 2021/09/23, 13:22:03.648, 2709476476103, testhost.dll, TestPluginCache.DiscoverTestExtensions: Discovering the extensions using extension path.
TpTrace Verbose: 0 : 2432, 4, 2021/09/23, 13:22:03.648, 2709476476272, testhost.dll, TestPluginCache.GetExtensionPaths: Filtered extension paths: 
TpTrace Verbose: 0 : 2432, 4, 2021/09/23, 13:22:03.648, 2709476476454, testhost.dll, TestPluginCache.GetExtensionPaths: Added default extension paths: D:\IsmaPCBlanco\Documentos\ISMA\Semestre 2021-2\Diseño dirigido por pruebas\Proyectos\Parcial\ProductoSolutionTDD\ProductoSolutionTDD\bin\Debug\net5.0\fine-code-coverage\build-output\NUnit3.TestAdapter.dll
TpTrace Verbose: 0 : 2432, 4, 2021/09/23, 13:22:03.648, 2709476476606, testhost.dll, TestPluginCache.GetExtensionPaths: Added unfilterableExtensionPaths: 
TpTrace Verbose: 0 : 2432, 4, 2021/09/23, 13:22:03.648, 2709476476819, testhost.dll, TestPluginCache.DiscoverTestExtensions: Discovering the extensions using allExtensionPaths: D:\IsmaPCBlanco\Documentos\ISMA\Semestre 2021-2\Diseño dirigido por pruebas\Proyectos\Parcial\ProductoSolutionTDD\ProductoSolutionTDD\bin\Debug\net5.0\fine-code-coverage\build-output\NUnit3.TestAdapter.dll
TpTrace Information: 0 : 2432, 4, 2021/09/23, 13:22:03.648, 2709476477083, testhost.dll, AssemblyResolver.AddSearchDirectories: Adding more searchDirectories D:\IsmaPCBlanco\Documentos\ISMA\Semestre 2021-2\Diseño dirigido por pruebas\Proyectos\Parcial\ProductoSolutionTDD\ProductoSolutionTDD\bin\Debug\net5.0\fine-code-coverage\build-output
TpTrace Information: 0 : 2432, 4, 2021/09/23, 13:22:03.649, 2709476491747, testhost.dll, AssemblyResolver.OnResolve: System.ComponentModel.Primitives.resources: Resolving assembly.
TpTrace Information: 0 : 2432, 4, 2021/09/23, 13:22:03.649, 2709476492625, testhost.dll, AssemblyResolver.OnResolve: System.ComponentModel.Primitives.resources: Failed to load assembly.
TpTrace Verbose: 0 : 2432, 4, 2021/09/23, 13:22:03.649, 2709476494882, testhost.dll, CurrentDomain_AssemblyResolve: Resolving assembly 'System.ComponentModel.Primitives.resources'.
TpTrace Information: 0 : 2432, 4, 2021/09/23, 13:22:03.649, 2709476495471, testhost.dll, AssemblyResolver.OnResolve: System.ComponentModel.Primitives.resources: Resolving assembly.
TpTrace Information: 0 : 2432, 4, 2021/09/23, 13:22:03.650, 2709476495779, testhost.dll, AssemblyResolver.OnResolve: System.ComponentModel.Primitives.resources: Resolved from cache.
TpTrace Verbose: 0 : 2432, 4, 2021/09/23, 13:22:03.650, 2709476495980, testhost.dll, CurrentDomain_AssemblyResolve: Resolving assembly 'System.ComponentModel.Primitives.resources'.
TpTrace Verbose: 0 : 2432, 4, 2021/09/23, 13:22:03.650, 2709476496147, testhost.dll, CurrentDomainAssemblyResolve: Failed to resolve assembly 'System.ComponentModel.Primitives.resources'.
TpTrace Verbose: 0 : 2432, 4, 2021/09/23, 13:22:03.650, 2709476501083, testhost.dll, CurrentDomainAssemblyResolve: Failed to resolve assembly 'System.ComponentModel.Primitives.resources'.
TpTrace Information: 0 : 2432, 4, 2021/09/23, 13:22:03.650, 2709476503951, testhost.dll, AssemblyResolver.OnResolve: System.ComponentModel.Primitives.resources: Resolving assembly.
TpTrace Information: 0 : 2432, 4, 2021/09/23, 13:22:03.650, 2709476504219, testhost.dll, AssemblyResolver.OnResolve: System.ComponentModel.Primitives.resources: Resolved from cache.
TpTrace Verbose: 0 : 2432, 4, 2021/09/23, 13:22:03.650, 2709476504410, testhost.dll, CurrentDomain_AssemblyResolve: Resolving assembly 'System.ComponentModel.Primitives.resources'.
TpTrace Verbose: 0 : 2432, 4, 2021/09/23, 13:22:03.650, 2709476504560, testhost.dll, CurrentDomainAssemblyResolve: Failed to resolve assembly 'System.ComponentModel.Primitives.resources'.
TpTrace Verbose: 0 : 2432, 4, 2021/09/23, 13:22:03.651, 2709476510954, testhost.dll, TestPluginCache: Discovered the extensions using extension path ''.
TpTrace Verbose: 0 : 2432, 4, 2021/09/23, 13:22:03.651, 2709476511476, testhost.dll, TestPluginCache: Discoverers are 'NUnit.VisualStudio.TestAdapter.NUnit3TestDiscoverer, NUnit3.TestAdapter, Version=3.17.0.0, Culture=neutral, PublicKeyToken=4cb40d35494691ac'.
TpTrace Verbose: 0 : 2432, 4, 2021/09/23, 13:22:03.651, 2709476511658, testhost.dll, TestPluginCache: Executors are 'executor://NUnit3TestExecutor'.
TpTrace Verbose: 0 : 2432, 4, 2021/09/23, 13:22:03.651, 2709476511858, testhost.dll, TestPluginCache: Executors2 are ''.
TpTrace Verbose: 0 : 2432, 4, 2021/09/23, 13:22:03.651, 2709476512003, testhost.dll, TestPluginCache: Setting providers are ''.
TpTrace Verbose: 0 : 2432, 4, 2021/09/23, 13:22:03.651, 2709476512140, testhost.dll, TestPluginCache: Loggers are ''.
TpTrace Information: 0 : 2432, 4, 2021/09/23, 13:22:03.658, 2709476584823, testhost.dll, PEReaderHelper.GetAssemblyType: Determined assemblyType:'Managed' for source: 'D:\IsmaPCBlanco\Documentos\ISMA\Semestre 2021-2\Diseño dirigido por pruebas\Proyectos\Parcial\ProductoSolutionTDD\ProductoSolutionTDD\bin\Debug\net5.0\fine-code-coverage\build-output\ProductoSolutionTDD.dll'
TpTrace Verbose: 0 : 2432, 4, 2021/09/23, 13:22:03.663, 2709476629998, testhost.dll, BaseRunTests.RunTestInternalWithExecutors: Running tests for executor://NUnit3TestExecutor
TpTrace Information: 0 : 2432, 4, 2021/09/23, 13:22:03.664, 2709476641037, testhost.dll, AssemblyResolver.OnResolve: nunit.engine: Resolving assembly.
TpTrace Information: 0 : 2432, 4, 2021/09/23, 13:22:03.664, 2709476644664, testhost.dll, AssemblyResolver.OnResolve: Resolved assembly: nunit.engine, from path: D:\IsmaPCBlanco\Documentos\ISMA\Semestre 2021-2\Diseño dirigido por pruebas\Proyectos\Parcial\ProductoSolutionTDD\ProductoSolutionTDD\bin\Debug\net5.0\fine-code-coverage\build-output\nunit.engine.dll
TpTrace Information: 0 : 2432, 4, 2021/09/23, 13:22:03.664, 2709476645307, testhost.dll, AssemblyResolver.OnResolve: nunit.engine.core: Resolving assembly.
TpTrace Information: 0 : 2432, 4, 2021/09/23, 13:22:03.665, 2709476648094, testhost.dll, AssemblyResolver.OnResolve: Resolved assembly: nunit.engine.core, from path: D:\IsmaPCBlanco\Documentos\ISMA\Semestre 2021-2\Diseño dirigido por pruebas\Proyectos\Parcial\ProductoSolutionTDD\ProductoSolutionTDD\bin\Debug\net5.0\fine-code-coverage\build-output\nunit.engine.core.dll
TpTrace Information: 0 : 2432, 4, 2021/09/23, 13:22:03.672, 2709476716192, testhost.dll, NUnit Adapter 3.17.0.0: Test execution started
TpTrace Verbose: 0 : 2432, 4, 2021/09/23, 13:22:03.672, 2709476717750, testhost.dll, TestRequestHandler.SendData:  sending data from testhost: {"Version":5,"MessageType":"TestSession.Message","Payload":{"MessageLevel":0,"Message":"NUnit Adapter 3.17.0.0: Test execution started"}}
TpTrace Information: 0 : 2432, 4, 2021/09/23, 13:22:03.700, 2709477001627, testhost.dll, Running all tests in D:\IsmaPCBlanco\Documentos\ISMA\Semestre 2021-2\Diseño dirigido por pruebas\Proyectos\Parcial\ProductoSolutionTDD\ProductoSolutionTDD\bin\Debug\net5.0\fine-code-coverage\build-output\ProductoSolutionTDD.dll
TpTrace Verbose: 0 : 2432, 4, 2021/09/23, 13:22:03.700, 2709477003567, testhost.dll, TestRequestHandler.SendData:  sending data from testhost: {"Version":5,"MessageType":"TestSession.Message","Payload":{"MessageLevel":0,"Message":"Running all tests in D:\\IsmaPCBlanco\\Documentos\\ISMA\\Semestre 2021-2\\Diseño dirigido por pruebas\\Proyectos\\Parcial\\ProductoSolutionTDD\\ProductoSolutionTDD\\bin\\Debug\\net5.0\\fine-code-coverage\\build-output\\ProductoSolutionTDD.dll"}}
TpTrace Information: 0 : 2432, 4, 2021/09/23, 13:22:03.708, 2709477079746, testhost.dll, AssemblyResolver.OnResolve: Mono.Cecil: Resolving assembly.
TpTrace Information: 0 : 2432, 4, 2021/09/23, 13:22:03.708, 2709477081269, testhost.dll, AssemblyResolver.OnResolve: Mono.Cecil: Failed to load assembly.
TpTrace Information: 0 : 2432, 4, 2021/09/23, 13:22:03.832, 2709478316156, testhost.dll,    NUnit3TestExecutor discovered 5 of 5 NUnit test cases
TpTrace Verbose: 0 : 2432, 4, 2021/09/23, 13:22:03.832, 2709478317408, testhost.dll, TestRequestHandler.SendData:  sending data from testhost: {"Version":5,"MessageType":"TestSession.Message","Payload":{"MessageLevel":0,"Message":"   NUnit3TestExecutor discovered 5 of 5 NUnit test cases"}}
TpTrace Verbose: 0 : 2432, 12, 2021/09/23, 13:22:03.852, 2709478515993, testhost.dll, TestExecutionRecorder.RecordStart: Starting test: ProductoSolutionTDD.ProductoSolutionTest.NoPuedeIngresarCantidadProductosDeMenosUno.
TpTrace Verbose: 0 : 2432, 12, 2021/09/23, 13:22:03.879, 2709478792027, testhost.dll, TestExecutionRecorder.RecordEnd: test: ProductoSolutionTDD.ProductoSolutionTest.NoPuedeIngresarCantidadProductosDeMenosUno execution completed.
TpTrace Verbose: 0 : 2432, 12, 2021/09/23, 13:22:03.891, 2709478907025, testhost.dll, TestExecutionRecorder.RecordResult: Received result for test: ProductoSolutionTDD.ProductoSolutionTest.NoPuedeIngresarCantidadProductosDeMenosUno.
TpTrace Warning: 0 : 2432, 12, 2021/09/23, 13:22:03.894, 2709478936021, testhost.dll, TestRunCache: InProgressTests is null
TpTrace Warning: 0 : 2432, 12, 2021/09/23, 13:22:03.894, 2709478937586, testhost.dll, TestRunCache: No test found corresponding to testResult 'NoPuedeIngresarCantidadProductosDeMenosUno' in inProgress list.
TpTrace Verbose: 0 : 2432, 12, 2021/09/23, 13:22:03.894, 2709478938881, testhost.dll, TestExecutionRecorder.RecordStart: Starting test: ProductoSolutionTDD.ProductoSolutionTest.NoPuedeVenderCantidadProductosDeMenosUno.
TpTrace Verbose: 0 : 2432, 12, 2021/09/23, 13:22:03.895, 2709478949805, testhost.dll, TestExecutionRecorder.RecordEnd: test: ProductoSolutionTDD.ProductoSolutionTest.NoPuedeVenderCantidadProductosDeMenosUno execution completed.
TpTrace Verbose: 0 : 2432, 12, 2021/09/23, 13:22:03.896, 2709478957007, testhost.dll, TestExecutionRecorder.RecordResult: Received result for test: ProductoSolutionTDD.ProductoSolutionTest.NoPuedeVenderCantidadProductosDeMenosUno.
TpTrace Warning: 0 : 2432, 12, 2021/09/23, 13:22:03.896, 2709478957471, testhost.dll, TestRunCache: InProgressTests is null
TpTrace Warning: 0 : 2432, 12, 2021/09/23, 13:22:03.896, 2709478957634, testhost.dll, TestRunCache: No test found corresponding to testResult 'NoPuedeVenderCantidadProductosDeMenosUno' in inProgress list.
TpTrace Verbose: 0 : 2432, 12, 2021/09/23, 13:22:03.896, 2709478958112, testhost.dll, TestExecutionRecorder.RecordStart: Starting test: ProductoSolutionTDD.ProductoSolutionTest.PuedeIngresarCantidadProductosCincuentaCorrecta.
TpTrace Verbose: 0 : 2432, 12, 2021/09/23, 13:22:03.896, 2709478964649, testhost.dll, TestExecutionRecorder.RecordEnd: test: ProductoSolutionTDD.ProductoSolutionTest.PuedeIngresarCantidadProductosCincuentaCorrecta execution completed.
TpTrace Verbose: 0 : 2432, 12, 2021/09/23, 13:22:03.897, 2709478970635, testhost.dll, TestExecutionRecorder.RecordResult: Received result for test: ProductoSolutionTDD.ProductoSolutionTest.PuedeIngresarCantidadProductosCincuentaCorrecta.
TpTrace Warning: 0 : 2432, 12, 2021/09/23, 13:22:03.897, 2709478971034, testhost.dll, TestRunCache: InProgressTests is null
TpTrace Warning: 0 : 2432, 12, 2021/09/23, 13:22:03.897, 2709478971194, testhost.dll, TestRunCache: No test found corresponding to testResult 'PuedeIngresarCantidadProductosCincuentaCorrecta' in inProgress list.
TpTrace Verbose: 0 : 2432, 12, 2021/09/23, 13:22:03.897, 2709478971616, testhost.dll, TestExecutionRecorder.RecordStart: Starting test: ProductoSolutionTDD.ProductoSolutionTest.PuedeVenderCantidadProductoCompuestoCorrecta.
TpTrace Verbose: 0 : 2432, 12, 2021/09/23, 13:22:03.899, 2709478989849, testhost.dll, TestExecutionRecorder.RecordEnd: test: ProductoSolutionTDD.ProductoSolutionTest.PuedeVenderCantidadProductoCompuestoCorrecta execution completed.
TpTrace Verbose: 0 : 2432, 12, 2021/09/23, 13:22:03.900, 2709478996444, testhost.dll, TestExecutionRecorder.RecordResult: Received result for test: ProductoSolutionTDD.ProductoSolutionTest.PuedeVenderCantidadProductoCompuestoCorrecta.
TpTrace Warning: 0 : 2432, 12, 2021/09/23, 13:22:03.900, 2709478996870, testhost.dll, TestRunCache: InProgressTests is null
TpTrace Warning: 0 : 2432, 12, 2021/09/23, 13:22:03.900, 2709478997030, testhost.dll, TestRunCache: No test found corresponding to testResult 'PuedeVenderCantidadProductoCompuestoCorrecta' in inProgress list.
TpTrace Verbose: 0 : 2432, 12, 2021/09/23, 13:22:03.900, 2709478997683, testhost.dll, TestExecutionRecorder.RecordStart: Starting test: ProductoSolutionTDD.ProductoSolutionTest.PuedeVenderCantidadProductoSencilloCorrecta.
TpTrace Verbose: 0 : 2432, 12, 2021/09/23, 13:22:03.900, 2709479004681, testhost.dll, TestExecutionRecorder.RecordEnd: test: ProductoSolutionTDD.ProductoSolutionTest.PuedeVenderCantidadProductoSencilloCorrecta execution completed.
TpTrace Verbose: 0 : 2432, 12, 2021/09/23, 13:22:03.901, 2709479011021, testhost.dll, TestExecutionRecorder.RecordResult: Received result for test: ProductoSolutionTDD.ProductoSolutionTest.PuedeVenderCantidadProductoSencilloCorrecta.
TpTrace Warning: 0 : 2432, 12, 2021/09/23, 13:22:03.901, 2709479011468, testhost.dll, TestRunCache: InProgressTests is null
TpTrace Warning: 0 : 2432, 12, 2021/09/23, 13:22:03.901, 2709479011969, testhost.dll, TestRunCache: No test found corresponding to testResult 'PuedeVenderCantidadProductoSencilloCorrecta' in inProgress list.
TpTrace Information: 0 : 2432, 4, 2021/09/23, 13:22:03.904, 2709479039737, testhost.dll, NUnit Adapter 3.17.0.0: Test execution complete
TpTrace Verbose: 0 : 2432, 4, 2021/09/23, 13:22:03.904, 2709479040762, testhost.dll, TestRequestHandler.SendData:  sending data from testhost: {"Version":5,"MessageType":"TestSession.Message","Payload":{"MessageLevel":0,"Message":"NUnit Adapter 3.17.0.0: Test execution complete"}}
TpTrace Verbose: 0 : 2432, 4, 2021/09/23, 13:22:03.908, 2709479076526, testhost.dll, BaseRunTests.RunTestInternalWithExecutors: Completed running tests for executor://NUnit3TestExecutor
TpTrace Information: 0 : 2432, 4, 2021/09/23, 13:22:03.910, 2709479100576, testhost.dll, Sending test run complete
TpTrace Verbose: 0 : 2432, 4, 2021/09/23, 13:22:03.932, 2709479318133, testhost.dll, TestRequestHandler.SendData:  sending data from testhost: {"Version":5,"MessageType":"TestExecution.Completed","Payload":{"TestRunCompleteArgs":{"TestRunStatistics":{"ExecutedTests":5,"Stats":{"Passed":4,"Failed":1}},"IsCanceled":false,"IsAborted":false,"Error":null,"AttachmentSets":[],"ElapsedTimeInRunningTests":"00:00:00.2478317","Metrics":{}},"LastRunTests":{"NewTestResults":[{"TestCase":{"Id":"1fd23cc2-ebc2-4f0e-3c28-85f7d285a74d","FullyQualifiedName":"ProductoSolutionTDD.ProductoSolutionTest.NoPuedeIngresarCantidadProductosDeMenosUno","DisplayName":"NoPuedeIngresarCantidadProductosDeMenosUno","ExecutorUri":"executor://NUnit3TestExecutor","Source":"D:\\IsmaPCBlanco\\Documentos\\ISMA\\Semestre 2021-2\\Diseño dirigido por pruebas\\Proyectos\\Parcial\\ProductoSolutionTDD\\ProductoSolutionTDD\\bin\\Debug\\net5.0\\fine-code-coverage\\build-output\\ProductoSolutionTDD.dll","CodeFilePath":null,"LineNumber":0,"Properties":[]},"Attachments":[],"Outcome":1,"ErrorMessage":null,"ErrorStackTrace":null,"DisplayName":"NoPuedeIngresarCantidadProductosDeMenosUno","Messages":[],"ComputerName":"DESKTOP-FFMH835","Duration":"00:00:00.0053200","StartTime":"2021-09-23T18:22:03.8514107+00:00","EndTime":"2021-09-23T18:22:03.8566459+00:00","Properties":[]},{"TestCase":{"Id":"d650e767-a285-850e-200d-13562b08d268","FullyQualifiedName":"ProductoSolutionTDD.ProductoSolutionTest.NoPuedeVenderCantidadProductosDeMenosUno","DisplayName":"NoPuedeVenderCantidadProductosDeMenosUno","ExecutorUri":"executor://NUnit3TestExecutor","Source":"D:\\IsmaPCBlanco\\Documentos\\ISMA\\Semestre 2021-2\\Diseño dirigido por pruebas\\Proyectos\\Parcial\\ProductoSolutionTDD\\ProductoSolutionTDD\\bin\\Debug\\net5.0\\fine-code-coverage\\build-output\\ProductoSolutionTDD.dll","CodeFilePath":null,"LineNumber":0,"Properties":[]},"Attachments":[],"Outcome":1,"ErrorMessage":null,"ErrorStackTrace":null,"DisplayName":"NoPuedeVenderCantidadProductosDeMenosUno","Messages":[],"ComputerName":"DESKTOP-FFMH835","Duration":"00:00:00.0004190","StartTime":"2021-09-23T18:22:03.8580495+00:00","EndTime":"2021-09-23T18:22:03.8584691+00:00","Properties":[]},{"TestCase":{"Id":"5aafae75-09ff-9b28-1901-0763a8ee5fcf","FullyQualifiedName":"ProductoSolutionTDD.ProductoSolutionTest.PuedeIngresarCantidadProductosCincuentaCorrecta","DisplayName":"PuedeIngresarCantidadProductosCincuentaCorrecta","ExecutorUri":"executor://NUnit3TestExecutor","Source":"D:\\IsmaPCBlanco\\Documentos\\ISMA\\Semestre 2021-2\\Diseño dirigido por pruebas\\Proyectos\\Parcial\\ProductoSolutionTDD\\ProductoSolutionTDD\\bin\\Debug\\net5.0\\fine-code-coverage\\build-output\\ProductoSolutionTDD.dll","CodeFilePath":null,"LineNumber":0,"Properties":[]},"Attachments":[],"Outcome":1,"ErrorMessage":null,"ErrorStackTrace":null,"DisplayName":"PuedeIngresarCantidadProductosCincuentaCorrecta","Messages":[],"ComputerName":"DESKTOP-FFMH835","Duration":"00:00:00.0015479","StartTime":"2021-09-23T18:22:03.8584905+00:00","EndTime":"2021-09-23T18:22:03.8600382+00:00","Properties":[]},{"TestCase":{"Id":"0ad616df-7dfa-1089-fdf3-3361613a60d8","FullyQualifiedName":"ProductoSolutionTDD.ProductoSolutionTest.PuedeVenderCantidadProductoCompuestoCorrecta","DisplayName":"PuedeVenderCantidadProductoCompuestoCorrecta","ExecutorUri":"executor://NUnit3TestExecutor","Source":"D:\\IsmaPCBlanco\\Documentos\\ISMA\\Semestre 2021-2\\Diseño dirigido por pruebas\\Proyectos\\Parcial\\ProductoSolutionTDD\\ProductoSolutionTDD\\bin\\Debug\\net5.0\\fine-code-coverage\\build-output\\ProductoSolutionTDD.dll","CodeFilePath":null,"LineNumber":0,"Properties":[]},"Attachments":[],"Outcome":2,"ErrorMessage":"System.NotImplementedException : The method or operation is not implemented.","ErrorStackTrace":"   at ProductoDomain.ProductoCompuesto.Vender(Int32 cantidadProducto, Decimal precio) in D:\\IsmaPCBlanco\\Documentos\\ISMA\\Semestre 2021-2\\Diseño dirigido por pruebas\\Proyectos\\Parcial\\ProductoSolutionTDD\\ProductoDomain\\ProductoCompuesto.cs:line 35\r\n   at ProductoSolutionTDD.ProductoSolutionTest.PuedeVenderCantidadProductoCompuestoCorrecta() in D:\\IsmaPCBlanco\\Documentos\\ISMA\\Semestre 2021-2\\Diseño dirigido por pruebas\\Proyectos\\Parcial\\ProductoSolutionTDD\\ProductoSolutionTDD\\ProductoSolutionTest.cs:line 154","DisplayName":"PuedeVenderCantidadProductoCompuestoCorrecta","Messages":[],"ComputerName":"DESKTOP-FFMH835","Duration":"00:00:00.0126710","StartTime":"2021-09-23T18:22:03.8600474+00:00","EndTime":"2021-09-23T18:22:03.8727175+00:00","Properties":[]},{"TestCase":{"Id":"07444b0e-e098-7cf8-45e3-8ce0b3354cf0","FullyQualifiedName":"ProductoSolutionTDD.ProductoSolutionTest.PuedeVenderCantidadProductoSencilloCorrecta","DisplayName":"PuedeVenderCantidadProductoSencilloCorrecta","ExecutorUri":"executor://NUnit3TestExecutor","Source":"D:\\IsmaPCBlanco\\Documentos\\ISMA\\Semestre 2021-2\\Diseño dirigido por pruebas\\Proyectos\\Parcial\\ProductoSolutionTDD\\ProductoSolutionTDD\\bin\\Debug\\net5.0\\fine-code-coverage\\build-output\\ProductoSolutionTDD.dll","CodeFilePath":null,"LineNumber":0,"Properties":[]},"Attachments":[],"Outcome":1,"ErrorMessage":null,"ErrorStackTrace":null,"DisplayName":"PuedeVenderCantidadProductoSencilloCorrecta","Messages":[],"ComputerName":"DESKTOP-FFMH835","Duration":"00:00:00.0008630","StartTime":"2021-09-23T18:22:03.8728409+00:00","EndTime":"2021-09-23T18:22:03.873703+00:00","Properties":[]}],"TestRunStatistics":{"ExecutedTests":5,"Stats":{"Passed":4,"Failed":1}},"ActiveTests":[]},"RunAttachments":[],"ExecutorUris":["executor://nunit3testexecutor/"]}}
TpTrace Verbose: 0 : 2432, 4, 2021/09/23, 13:22:03.932, 2709479321514, testhost.dll, BaseRunTests.RunTests: Run is complete.
TpTrace Verbose: 0 : 2432, 9, 2021/09/23, 13:22:03.934, 2709479343030, testhost.dll, TcpClientExtensions.MessageLoopAsync: NotifyDataAvailable remoteEndPoint: [::ffff:127.0.0.1]:64747 localEndPoint: [::ffff:127.0.0.1]:64748
TpTrace Information: 0 : 2432, 9, 2021/09/23, 13:22:03.934, 2709479344596, testhost.dll, TestRequestHandler.ProcessRequests: received message: (TestSession.Terminate) -> null
TpTrace Information: 0 : 2432, 9, 2021/09/23, 13:22:03.934, 2709479344831, testhost.dll, Session End message received from server. Closing the connection.
TpTrace Information: 0 : 2432, 9, 2021/09/23, 13:22:03.935, 2709479347248, testhost.dll, SocketClient.Stop: Stop communication from server endpoint: 127.0.0.1:064747
TpTrace Information: 0 : 2432, 9, 2021/09/23, 13:22:03.935, 2709479347666, testhost.dll, SocketClient: Stop: Cancellation requested. Stopping message loop.
TpTrace Verbose: 0 : 2432, 9, 2021/09/23, 13:22:03.935, 2709479348226, testhost.dll, LengthPrefixCommunicationChannel.Dispose: Dispose reader and writer.
TpTrace Information: 0 : 2432, 9, 2021/09/23, 13:22:03.935, 2709479348537, testhost.dll, Closing the connection !
TpTrace Information: 0 : 2432, 9, 2021/09/23, 13:22:03.935, 2709479350093, testhost.dll, SocketClient.PrivateStop: Stop communication from server endpoint: 127.0.0.1:064747, error:
TpTrace Information: 0 : 2432, 1, 2021/09/23, 13:22:03.935, 2709479355246, testhost.dll, Closing the connection !
TpTrace Information: 0 : 2432, 1, 2021/09/23, 13:22:03.936, 2709479355933, testhost.dll, SocketClient.Stop: Stop communication from server endpoint: 127.0.0.1:064747
TpTrace Verbose: 0 : 2432, 9, 2021/09/23, 13:22:03.935, 2709479355253, testhost.dll, LengthPrefixCommunicationChannel.Dispose: Dispose reader and writer.
TpTrace Verbose: 0 : 2432, 9, 2021/09/23, 13:22:03.936, 2709479356756, testhost.dll, TcpClientExtensions.MessageLoopAsync: exiting MessageLoopAsync remoteEndPoint: [::ffff:127.0.0.1]:64747 localEndPoint: [::ffff:127.0.0.1]:64748
TpTrace Verbose: 0 : 2432, 1, 2021/09/23, 13:22:03.936, 2709479356306, testhost.dll, LengthPrefixCommunicationChannel.Dispose: Dispose reader and writer.
TpTrace Information: 0 : 2432, 1, 2021/09/23, 13:22:03.936, 2709479358029, testhost.dll, Testhost process exiting.
