TpTrace Verbose: 0 : 7004, 1, 2021/09/23, 11:54:06.444, 2656704451618, testhost.dll, Version: 16.9.4
TpTrace Information: 0 : 7004, 1, 2021/09/23, 11:54:06.451, 2656704511438, testhost.dll, DefaultEngineInvoker.Invoke: Testhost process started with args :[--port, 52324],[--endpoint, 127.0.0.1:052324],[--role, client],[--parentprocessid, 21448],[--diag, D:\IsmaPCBlanco\Documentos\ISMA\Semestre 2021-2\Diseño dirigido por pruebas\Proyectos\Parcial\ProductoSolutionTDD\ProductoSolutionTDD\bin\Debug\net5.0\fine-code-coverage\coverage-tool-output\diagnostics.host.21-09-23_11-54-06_32627_6.log],[--tracelevel, 4],[--datacollectionport, 52323],[--telemetryoptedin, false]
TpTrace Information: 0 : 7004, 1, 2021/09/23, 11:54:06.453, 2656704532456, testhost.dll, Setting up debug trace listener.
TpTrace Verbose: 0 : 7004, 1, 2021/09/23, 11:54:06.453, 2656704534918, testhost.dll, TestPlatformTraceListener.Setup: Replacing listener 0 with TestHostTraceListener.
TpTrace Verbose: 0 : 7004, 1, 2021/09/23, 11:54:06.453, 2656704535328, testhost.dll, TestPlatformTraceListener.Setup: Added test platform trace listener.
TpTrace Information: 0 : 7004, 1, 2021/09/23, 11:54:06.454, 2656704539356, testhost.dll, DefaultEngineInvoker.SetParentProcessExitCallback: Monitoring parent process with id: '21448'
TpTrace Information: 0 : 7004, 1, 2021/09/23, 11:54:06.460, 2656704600330, testhost.dll, DefaultEngineInvoker.GetConnectionInfo: Initialize communication on endpoint address: '127.0.0.1:052324'
TpTrace Information: 0 : 7004, 1, 2021/09/23, 11:54:06.474, 2656704736145, testhost.dll, SocketClient.Start: connecting to server endpoint: 127.0.0.1:052324
TpTrace Information: 0 : 7004, 1, 2021/09/23, 11:54:06.480, 2656704804356, testhost.dll, DefaultEngineInvoker.ConnectToDatacollector: Connecting to datacollector, port: 52323
TpTrace Information: 0 : 7004, 8, 2021/09/23, 11:54:06.481, 2656704812871, testhost.dll, SocketClient.OnServerConnected: connected to server endpoint: 127.0.0.1:052324
TpTrace Verbose: 0 : 7004, 8, 2021/09/23, 11:54:06.484, 2656704836683, testhost.dll, Connected to server, and starting MessageLoopAsync
TpTrace Information: 0 : 7004, 1, 2021/09/23, 11:54:06.484, 2656704840712, testhost.dll, Trying to connect to server on socket : 127.0.0.1:52323 
TpTrace Verbose: 0 : 7004, 1, 2021/09/23, 11:54:06.484, 2656704843301, testhost.dll, SocketCommunicationManager : SetupClientAsync : Attempting to connect to the server.
TpTrace Verbose: 0 : 7004, 8, 2021/09/23, 11:54:06.486, 2656704864895, testhost.dll, TcpClientExtensions.MessageLoopAsync: Polling on remoteEndPoint: [::ffff:127.0.0.1]:52324 localEndPoint: [::ffff:127.0.0.1]:52325
TpTrace Verbose: 0 : 7004, 8, 2021/09/23, 11:54:06.487, 2656704868629, testhost.dll, TcpClientExtensions.MessageLoopAsync: NotifyDataAvailable remoteEndPoint: [::ffff:127.0.0.1]:52324 localEndPoint: [::ffff:127.0.0.1]:52325
TpTrace Information: 0 : 7004, 10, 2021/09/23, 11:54:06.487, 2656704870542, testhost.dll, Connected to the server successfully 
TpTrace Information: 0 : 7004, 10, 2021/09/23, 11:54:06.487, 2656704871213, testhost.dll, Using the buffer size of 16384 bytes
TpTrace Information: 0 : 7004, 1, 2021/09/23, 11:54:06.488, 2656704878006, testhost.dll, DefaultEngineInvoker.Invoke: Start Request Processing.
TpTrace Information: 0 : 7004, 11, 2021/09/23, 11:54:06.488, 2656704884246, testhost.dll, DefaultEngineInvoker.StartProcessingAsync: Connected to vstest.console, Starting process requests.
TpTrace Information: 0 : 7004, 8, 2021/09/23, 11:54:06.588, 2656705880652, testhost.dll, TestRequestHandler.ProcessRequests: received message: (ProtocolVersion) -> 5
TpTrace Verbose: 0 : 7004, 8, 2021/09/23, 11:54:06.609, 2656706090856, testhost.dll, TestRequestHandler.SendData:  sending data from testhost: {"Version":5,"MessageType":"TestSession.Message","Payload":{"MessageLevel":0,"Message":"Registrando diagnóstico de TestHost en el archivo: D:\\IsmaPCBlanco\\Documentos\\ISMA\\Semestre 2021-2\\Diseño dirigido por pruebas\\Proyectos\\Parcial\\ProductoSolutionTDD\\ProductoSolutionTDD\\bin\\Debug\\net5.0\\fine-code-coverage\\coverage-tool-output\\diagnostics.host.21-09-23_11-54-06_32627_6.log"}}
TpTrace Verbose: 0 : 7004, 8, 2021/09/23, 11:54:06.610, 2656706095917, testhost.dll, TcpClientExtensions.MessageLoopAsync: Polling on remoteEndPoint: [::ffff:127.0.0.1]:52324 localEndPoint: [::ffff:127.0.0.1]:52325
TpTrace Verbose: 0 : 7004, 8, 2021/09/23, 11:54:06.610, 2656706096511, testhost.dll, TcpClientExtensions.MessageLoopAsync: NotifyDataAvailable remoteEndPoint: [::ffff:127.0.0.1]:52324 localEndPoint: [::ffff:127.0.0.1]:52325
TpTrace Information: 0 : 7004, 8, 2021/09/23, 11:54:06.612, 2656706120849, testhost.dll, TestRequestHandler.ProcessRequests: received message: (TestExecution.Initialize) -> [
  "D:\\IsmaPCBlanco\\Documentos\\ISMA\\Semestre 2021-2\\Diseño dirigido por pruebas\\Proyectos\\Parcial\\ProductoSolutionTDD\\ProductoSolutionTDD\\bin\\Debug\\net5.0\\fine-code-coverage\\build-output\\NUnit3.TestAdapter.dll"
]
TpTrace Information: 0 : 7004, 8, 2021/09/23, 11:54:06.612, 2656706121501, testhost.dll, Execution Session Initialize.
TpTrace Verbose: 0 : 7004, 8, 2021/09/23, 11:54:06.617, 2656706173231, testhost.dll, TcpClientExtensions.MessageLoopAsync: Polling on remoteEndPoint: [::ffff:127.0.0.1]:52324 localEndPoint: [::ffff:127.0.0.1]:52325
TpTrace Verbose: 0 : 7004, 8, 2021/09/23, 11:54:06.617, 2656706174295, testhost.dll, TcpClientExtensions.MessageLoopAsync: NotifyDataAvailable remoteEndPoint: [::ffff:127.0.0.1]:52324 localEndPoint: [::ffff:127.0.0.1]:52325
TpTrace Verbose: 0 : 7004, 4, 2021/09/23, 11:54:06.619, 2656706188898, testhost.dll, TestExecutorService: Loading the extensions
TpTrace Information: 0 : 7004, 8, 2021/09/23, 11:54:06.619, 2656706192406, testhost.dll, TestRequestHandler.ProcessRequests: received message: (TestExecution.StartWithSources) -> {
  "AdapterSourceMap": {
    "_none_": [
      "D:\\IsmaPCBlanco\\Documentos\\ISMA\\Semestre 2021-2\\Diseño dirigido por pruebas\\Proyectos\\Parcial\\ProductoSolutionTDD\\ProductoSolutionTDD\\bin\\Debug\\net5.0\\fine-code-coverage\\build-output\\ProductoSolutionTDD.dll"
    ]
  },
  "RunSettings": "<RunSettings>\r\n  <RunConfiguration>\r\n    <ResultsDirectory>D:\\IsmaPCBlanco\\Documentos\\ISMA\\Semestre 2021-2\\Diseño dirigido por pruebas\\Proyectos\\Parcial\\ProductoSolutionTDD\\ProductoSolutionTDD\\bin\\Debug\\net5.0\\fine-code-coverage\\coverage-tool-output</ResultsDirectory>\r\n    <TargetPlatform>X64</TargetPlatform>\r\n    <TargetFrameworkVersion>.NETCoreApp,Version=v5.0</TargetFrameworkVersion>\r\n    <DesignMode>False</DesignMode>\r\n    <CollectSourceInformation>False</CollectSourceInformation>\r\n  </RunConfiguration>\r\n  <LoggerRunSettings>\r\n    <Loggers>\r\n      <Logger friendlyName=\"blame\" enabled=\"True\" />\r\n      <Logger friendlyName=\"Console\" uri=\"logger://microsoft/TestPlatform/ConsoleLogger/v1\" assemblyQualifiedName=\"Microsoft.VisualStudio.TestPlatform.CommandLine.Internal.ConsoleLogger, vstest.console, Version=15.0.0.0, Culture=neutral, PublicKeyToken=b03f5f7f11d50a3a\" codeBase=\"C:\\Program Files\\dotnet\\sdk\\5.0.301\\vstest.console.dll\" enabled=\"True\" />\r\n    </Loggers>\r\n  </LoggerRunSettings>\r\n  <DataCollectionRunSettings>\r\n    <DataCollectors>\r\n      <DataCollector friendlyName=\"blame\" enabled=\"True\">\r\n        <Configuration>\r\n          <ResultsDirectory>D:\\IsmaPCBlanco\\Documentos\\ISMA\\Semestre 2021-2\\Diseño dirigido por pruebas\\Proyectos\\Parcial\\ProductoSolutionTDD\\ProductoSolutionTDD\\bin\\Debug\\net5.0\\fine-code-coverage\\coverage-tool-output</ResultsDirectory>\r\n        </Configuration>\r\n      </DataCollector>\r\n    </DataCollectors>\r\n  </DataCollectionRunSettings>\r\n</RunSettings>",
  "TestExecutionContext": {
    "FrequencyOfRunStatsChangeEvent": 10,
    "RunStatsChangeEventTimeout": "00:00:01.5000000",
    "InIsolation": false,
    "KeepAlive": false,
    "AreTestCaseLevelEventsRequired": false,
    "IsDebug": false,
    "TestCaseFilter": null,
    "FilterOptions": null
  },
  "Package": null
}
TpTrace Information: 0 : 7004, 8, 2021/09/23, 11:54:06.619, 2656706193066, testhost.dll, Execution started.
TpTrace Verbose: 0 : 7004, 4, 2021/09/23, 11:54:06.620, 2656706200471, testhost.dll, TestPluginCache.DiscoverTestExtensions: finding test extensions in assemblies ends with: TestAdapter.dll TPluginInfo: Microsoft.VisualStudio.TestPlatform.Common.ExtensionFramework.Utilities.TestExecutorPluginInformation TExtension: Microsoft.VisualStudio.TestPlatform.ObjectModel.Adapter.ITestExecutor
TpTrace Verbose: 0 : 7004, 4, 2021/09/23, 11:54:06.621, 2656706206628, testhost.dll, TestPluginCache.GetExtensionPaths: Filtered extension paths: 
TpTrace Verbose: 0 : 7004, 4, 2021/09/23, 11:54:06.621, 2656706209096, testhost.dll, TestPluginCache.GetExtensionPaths: Added default extension paths: D:\IsmaPCBlanco\Documentos\ISMA\Semestre 2021-2\Diseño dirigido por pruebas\Proyectos\Parcial\ProductoSolutionTDD\ProductoSolutionTDD\bin\Debug\net5.0\fine-code-coverage\build-output\NUnit3.TestAdapter.dll
TpTrace Verbose: 0 : 7004, 4, 2021/09/23, 11:54:06.621, 2656706209383, testhost.dll, TestPluginCache.GetExtensionPaths: Added unfilterableExtensionPaths: 
TpTrace Information: 0 : 7004, 4, 2021/09/23, 11:54:06.623, 2656706229003, testhost.dll, AssemblyResolver.ctor: Creating AssemblyResolver with searchDirectories D:\IsmaPCBlanco\Documentos\ISMA\Semestre 2021-2\Diseño dirigido por pruebas\Proyectos\Parcial\ProductoSolutionTDD\ProductoSolutionTDD\bin\Debug\net5.0\fine-code-coverage\build-output
TpTrace Verbose: 0 : 7004, 4, 2021/09/23, 11:54:06.624, 2656706238193, testhost.dll, TestPluginCache.DiscoverTestExtensions: Discovering the extensions using extension path.
TpTrace Verbose: 0 : 7004, 4, 2021/09/23, 11:54:06.624, 2656706239069, testhost.dll, TestPluginCache.GetExtensionPaths: Filtered extension paths: 
TpTrace Verbose: 0 : 7004, 4, 2021/09/23, 11:54:06.624, 2656706239421, testhost.dll, TestPluginCache.GetExtensionPaths: Added default extension paths: D:\IsmaPCBlanco\Documentos\ISMA\Semestre 2021-2\Diseño dirigido por pruebas\Proyectos\Parcial\ProductoSolutionTDD\ProductoSolutionTDD\bin\Debug\net5.0\fine-code-coverage\build-output\NUnit3.TestAdapter.dll
TpTrace Verbose: 0 : 7004, 4, 2021/09/23, 11:54:06.624, 2656706239582, testhost.dll, TestPluginCache.GetExtensionPaths: Added unfilterableExtensionPaths: 
TpTrace Verbose: 0 : 7004, 4, 2021/09/23, 11:54:06.624, 2656706239965, testhost.dll, TestPluginCache.DiscoverTestExtensions: Discovering the extensions using allExtensionPaths: D:\IsmaPCBlanco\Documentos\ISMA\Semestre 2021-2\Diseño dirigido por pruebas\Proyectos\Parcial\ProductoSolutionTDD\ProductoSolutionTDD\bin\Debug\net5.0\fine-code-coverage\build-output\NUnit3.TestAdapter.dll
TpTrace Information: 0 : 7004, 4, 2021/09/23, 11:54:06.625, 2656706245834, testhost.dll, AssemblyResolver.AddSearchDirectories: Adding more searchDirectories D:\IsmaPCBlanco\Documentos\ISMA\Semestre 2021-2\Diseño dirigido por pruebas\Proyectos\Parcial\ProductoSolutionTDD\ProductoSolutionTDD\bin\Debug\net5.0\fine-code-coverage\build-output
TpTrace Information: 0 : 7004, 4, 2021/09/23, 11:54:06.627, 2656706274684, testhost.dll, AssemblyResolver.OnResolve: NUnit3.TestAdapter: Resolving assembly.
TpTrace Information: 0 : 7004, 4, 2021/09/23, 11:54:06.628, 2656706284460, testhost.dll, AssemblyResolver.OnResolve: Resolved assembly: NUnit3.TestAdapter, from path: D:\IsmaPCBlanco\Documentos\ISMA\Semestre 2021-2\Diseño dirigido por pruebas\Proyectos\Parcial\ProductoSolutionTDD\ProductoSolutionTDD\bin\Debug\net5.0\fine-code-coverage\build-output\NUnit3.TestAdapter.dll
TpTrace Information: 0 : 7004, 4, 2021/09/23, 11:54:06.630, 2656706304310, testhost.dll, AssemblyResolver.OnResolve: nunit.engine.api: Resolving assembly.
TpTrace Information: 0 : 7004, 4, 2021/09/23, 11:54:06.631, 2656706308393, testhost.dll, AssemblyResolver.OnResolve: Resolved assembly: nunit.engine.api, from path: D:\IsmaPCBlanco\Documentos\ISMA\Semestre 2021-2\Diseño dirigido por pruebas\Proyectos\Parcial\ProductoSolutionTDD\ProductoSolutionTDD\bin\Debug\net5.0\fine-code-coverage\build-output\nunit.engine.api.dll
TpTrace Verbose: 0 : 7004, 4, 2021/09/23, 11:54:06.635, 2656706352993, testhost.dll, TestPluginCache: Discovered the extensions using extension path ''.
TpTrace Verbose: 0 : 7004, 4, 2021/09/23, 11:54:06.636, 2656706358000, testhost.dll, TestPluginCache: Discoverers are ''.
TpTrace Verbose: 0 : 7004, 4, 2021/09/23, 11:54:06.636, 2656706359100, testhost.dll, TestPluginCache: Executors are 'executor://NUnit3TestExecutor'.
TpTrace Verbose: 0 : 7004, 4, 2021/09/23, 11:54:06.636, 2656706359745, testhost.dll, TestPluginCache: Executors2 are ''.
TpTrace Verbose: 0 : 7004, 4, 2021/09/23, 11:54:06.636, 2656706360258, testhost.dll, TestPluginCache: Setting providers are ''.
TpTrace Verbose: 0 : 7004, 4, 2021/09/23, 11:54:06.636, 2656706360759, testhost.dll, TestPluginCache: Loggers are ''.
TpTrace Verbose: 0 : 7004, 8, 2021/09/23, 11:54:06.638, 2656706380624, testhost.dll, TcpClientExtensions.MessageLoopAsync: Polling on remoteEndPoint: [::ffff:127.0.0.1]:52324 localEndPoint: [::ffff:127.0.0.1]:52325
TpTrace Verbose: 0 : 7004, 4, 2021/09/23, 11:54:06.639, 2656706389468, testhost.dll, TestPluginCache.DiscoverTestExtensions: finding test extensions in assemblies ends with: TestAdapter.dll TPluginInfo: Microsoft.VisualStudio.TestPlatform.Common.ExtensionFramework.Utilities.TestExecutorPluginInformation2 TExtension: Microsoft.VisualStudio.TestPlatform.ObjectModel.Adapter.ITestExecutor2
TpTrace Verbose: 0 : 7004, 4, 2021/09/23, 11:54:06.639, 2656706392463, testhost.dll, TestPluginCache.GetExtensionPaths: Filtered extension paths: 
TpTrace Verbose: 0 : 7004, 4, 2021/09/23, 11:54:06.639, 2656706392849, testhost.dll, TestPluginCache.GetExtensionPaths: Added default extension paths: D:\IsmaPCBlanco\Documentos\ISMA\Semestre 2021-2\Diseño dirigido por pruebas\Proyectos\Parcial\ProductoSolutionTDD\ProductoSolutionTDD\bin\Debug\net5.0\fine-code-coverage\build-output\NUnit3.TestAdapter.dll
TpTrace Verbose: 0 : 7004, 4, 2021/09/23, 11:54:06.639, 2656706393153, testhost.dll, TestPluginCache.GetExtensionPaths: Added unfilterableExtensionPaths: 
TpTrace Information: 0 : 7004, 4, 2021/09/23, 11:54:06.639, 2656706394456, testhost.dll, AssemblyResolver.AddSearchDirectories: Adding more searchDirectories D:\IsmaPCBlanco\Documentos\ISMA\Semestre 2021-2\Diseño dirigido por pruebas\Proyectos\Parcial\ProductoSolutionTDD\ProductoSolutionTDD\bin\Debug\net5.0\fine-code-coverage\build-output
TpTrace Verbose: 0 : 7004, 4, 2021/09/23, 11:54:06.639, 2656706394778, testhost.dll, TestPluginCache.DiscoverTestExtensions: Discovering the extensions using extension path.
TpTrace Verbose: 0 : 7004, 4, 2021/09/23, 11:54:06.639, 2656706394951, testhost.dll, TestPluginCache.GetExtensionPaths: Filtered extension paths: 
TpTrace Verbose: 0 : 7004, 4, 2021/09/23, 11:54:06.639, 2656706395112, testhost.dll, TestPluginCache.GetExtensionPaths: Added default extension paths: D:\IsmaPCBlanco\Documentos\ISMA\Semestre 2021-2\Diseño dirigido por pruebas\Proyectos\Parcial\ProductoSolutionTDD\ProductoSolutionTDD\bin\Debug\net5.0\fine-code-coverage\build-output\NUnit3.TestAdapter.dll
TpTrace Verbose: 0 : 7004, 4, 2021/09/23, 11:54:06.639, 2656706395294, testhost.dll, TestPluginCache.GetExtensionPaths: Added unfilterableExtensionPaths: 
TpTrace Verbose: 0 : 7004, 4, 2021/09/23, 11:54:06.640, 2656706395511, testhost.dll, TestPluginCache.DiscoverTestExtensions: Discovering the extensions using allExtensionPaths: D:\IsmaPCBlanco\Documentos\ISMA\Semestre 2021-2\Diseño dirigido por pruebas\Proyectos\Parcial\ProductoSolutionTDD\ProductoSolutionTDD\bin\Debug\net5.0\fine-code-coverage\build-output\NUnit3.TestAdapter.dll
TpTrace Information: 0 : 7004, 4, 2021/09/23, 11:54:06.640, 2656706395727, testhost.dll, AssemblyResolver.AddSearchDirectories: Adding more searchDirectories D:\IsmaPCBlanco\Documentos\ISMA\Semestre 2021-2\Diseño dirigido por pruebas\Proyectos\Parcial\ProductoSolutionTDD\ProductoSolutionTDD\bin\Debug\net5.0\fine-code-coverage\build-output
TpTrace Verbose: 0 : 7004, 4, 2021/09/23, 11:54:06.640, 2656706397676, testhost.dll, TestPluginCache: Discovered the extensions using extension path ''.
TpTrace Verbose: 0 : 7004, 4, 2021/09/23, 11:54:06.640, 2656706398493, testhost.dll, TestPluginCache: Discoverers are ''.
TpTrace Verbose: 0 : 7004, 4, 2021/09/23, 11:54:06.640, 2656706398745, testhost.dll, TestPluginCache: Executors are 'executor://NUnit3TestExecutor'.
TpTrace Verbose: 0 : 7004, 4, 2021/09/23, 11:54:06.640, 2656706399090, testhost.dll, TestPluginCache: Executors2 are ''.
TpTrace Verbose: 0 : 7004, 4, 2021/09/23, 11:54:06.640, 2656706399247, testhost.dll, TestPluginCache: Setting providers are ''.
TpTrace Verbose: 0 : 7004, 4, 2021/09/23, 11:54:06.640, 2656706399373, testhost.dll, TestPluginCache: Loggers are ''.
TpTrace Information: 0 : 7004, 4, 2021/09/23, 11:54:06.643, 2656706431655, testhost.dll, TestPluginManager.CreateTestExtension: Attempting to load test extension: NUnit.VisualStudio.TestAdapter.NUnit3TestExecutor
TpTrace Verbose: 0 : 7004, 4, 2021/09/23, 11:54:06.644, 2656706435786, testhost.dll, TestExecutorExtensionManager: Loading executor NUnit.VisualStudio.TestAdapter.NUnit3TestExecutor
TpTrace Verbose: 0 : 7004, 4, 2021/09/23, 11:54:06.644, 2656706436125, testhost.dll, TestExecutorService: Loaded the executors
TpTrace Verbose: 0 : 7004, 4, 2021/09/23, 11:54:06.644, 2656706441536, testhost.dll, TestPluginCache.DiscoverTestExtensions: finding test extensions in assemblies ends with: TestAdapter.dll TPluginInfo: Microsoft.VisualStudio.TestPlatform.Common.ExtensionFramework.Utilities.TestSettingsProviderPluginInformation TExtension: Microsoft.VisualStudio.TestPlatform.ObjectModel.Adapter.ISettingsProvider
TpTrace Verbose: 0 : 7004, 4, 2021/09/23, 11:54:06.644, 2656706442172, testhost.dll, TestPluginCache.GetExtensionPaths: Filtered extension paths: 
TpTrace Verbose: 0 : 7004, 4, 2021/09/23, 11:54:06.644, 2656706442403, testhost.dll, TestPluginCache.GetExtensionPaths: Added default extension paths: D:\IsmaPCBlanco\Documentos\ISMA\Semestre 2021-2\Diseño dirigido por pruebas\Proyectos\Parcial\ProductoSolutionTDD\ProductoSolutionTDD\bin\Debug\net5.0\fine-code-coverage\build-output\NUnit3.TestAdapter.dll
TpTrace Verbose: 0 : 7004, 4, 2021/09/23, 11:54:06.644, 2656706442560, testhost.dll, TestPluginCache.GetExtensionPaths: Added unfilterableExtensionPaths: 
TpTrace Information: 0 : 7004, 4, 2021/09/23, 11:54:06.644, 2656706443342, testhost.dll, AssemblyResolver.AddSearchDirectories: Adding more searchDirectories D:\IsmaPCBlanco\Documentos\ISMA\Semestre 2021-2\Diseño dirigido por pruebas\Proyectos\Parcial\ProductoSolutionTDD\ProductoSolutionTDD\bin\Debug\net5.0\fine-code-coverage\build-output
TpTrace Verbose: 0 : 7004, 4, 2021/09/23, 11:54:06.644, 2656706443540, testhost.dll, TestPluginCache.DiscoverTestExtensions: Discovering the extensions using extension path.
TpTrace Verbose: 0 : 7004, 4, 2021/09/23, 11:54:06.644, 2656706443748, testhost.dll, TestPluginCache.GetExtensionPaths: Filtered extension paths: 
TpTrace Verbose: 0 : 7004, 4, 2021/09/23, 11:54:06.644, 2656706443894, testhost.dll, TestPluginCache.GetExtensionPaths: Added default extension paths: D:\IsmaPCBlanco\Documentos\ISMA\Semestre 2021-2\Diseño dirigido por pruebas\Proyectos\Parcial\ProductoSolutionTDD\ProductoSolutionTDD\bin\Debug\net5.0\fine-code-coverage\build-output\NUnit3.TestAdapter.dll
TpTrace Verbose: 0 : 7004, 4, 2021/09/23, 11:54:06.644, 2656706444040, testhost.dll, TestPluginCache.GetExtensionPaths: Added unfilterableExtensionPaths: 
TpTrace Verbose: 0 : 7004, 4, 2021/09/23, 11:54:06.644, 2656706444205, testhost.dll, TestPluginCache.DiscoverTestExtensions: Discovering the extensions using allExtensionPaths: D:\IsmaPCBlanco\Documentos\ISMA\Semestre 2021-2\Diseño dirigido por pruebas\Proyectos\Parcial\ProductoSolutionTDD\ProductoSolutionTDD\bin\Debug\net5.0\fine-code-coverage\build-output\NUnit3.TestAdapter.dll
TpTrace Information: 0 : 7004, 4, 2021/09/23, 11:54:06.644, 2656706444470, testhost.dll, AssemblyResolver.AddSearchDirectories: Adding more searchDirectories D:\IsmaPCBlanco\Documentos\ISMA\Semestre 2021-2\Diseño dirigido por pruebas\Proyectos\Parcial\ProductoSolutionTDD\ProductoSolutionTDD\bin\Debug\net5.0\fine-code-coverage\build-output
TpTrace Verbose: 0 : 7004, 4, 2021/09/23, 11:54:06.645, 2656706446385, testhost.dll, TestPluginCache: Discovered the extensions using extension path ''.
TpTrace Verbose: 0 : 7004, 4, 2021/09/23, 11:54:06.645, 2656706446651, testhost.dll, TestPluginCache: Discoverers are ''.
TpTrace Verbose: 0 : 7004, 4, 2021/09/23, 11:54:06.645, 2656706446933, testhost.dll, TestPluginCache: Executors are 'executor://NUnit3TestExecutor'.
TpTrace Verbose: 0 : 7004, 4, 2021/09/23, 11:54:06.645, 2656706447162, testhost.dll, TestPluginCache: Executors2 are ''.
TpTrace Verbose: 0 : 7004, 4, 2021/09/23, 11:54:06.645, 2656706447354, testhost.dll, TestPluginCache: Setting providers are ''.
TpTrace Verbose: 0 : 7004, 4, 2021/09/23, 11:54:06.645, 2656706447534, testhost.dll, TestPluginCache: Loggers are ''.
TpTrace Verbose: 0 : 7004, 4, 2021/09/23, 11:54:06.645, 2656706455290, testhost.dll, TestExecutorService: Loaded the settings providers
TpTrace Information: 0 : 7004, 4, 2021/09/23, 11:54:06.646, 2656706455800, testhost.dll, TestExecutorService: Loaded the extensions
TpTrace Information: 0 : 7004, 4, 2021/09/23, 11:54:06.660, 2656706595840, testhost.dll, AssemblyResolver.OnResolve: Microsoft.VisualStudio.TestPlatform.Common.resources: Resolving assembly.
TpTrace Information: 0 : 7004, 4, 2021/09/23, 11:54:06.660, 2656706596914, testhost.dll, AssemblyResolver.OnResolve: Microsoft.VisualStudio.TestPlatform.Common.resources: Failed to load assembly.
TpTrace Information: 0 : 7004, 4, 2021/09/23, 11:54:06.698, 2656706979393, testhost.dll, TestDiscoveryManager: Discovering tests from sources D:\IsmaPCBlanco\Documentos\ISMA\Semestre 2021-2\Diseño dirigido por pruebas\Proyectos\Parcial\ProductoSolutionTDD\ProductoSolutionTDD\bin\Debug\net5.0\fine-code-coverage\build-output\ProductoSolutionTDD.dll
TpTrace Verbose: 0 : 7004, 4, 2021/09/23, 11:54:06.699, 2656706994177, testhost.dll, TestPluginCache.DiscoverTestExtensions: finding test extensions in assemblies ends with: TestAdapter.dll TPluginInfo: Microsoft.VisualStudio.TestPlatform.Common.ExtensionFramework.Utilities.TestDiscovererPluginInformation TExtension: Microsoft.VisualStudio.TestPlatform.ObjectModel.Adapter.ITestDiscoverer
TpTrace Verbose: 0 : 7004, 4, 2021/09/23, 11:54:06.699, 2656706995089, testhost.dll, TestPluginCache.GetExtensionPaths: Filtered extension paths: 
TpTrace Verbose: 0 : 7004, 4, 2021/09/23, 11:54:06.699, 2656706995308, testhost.dll, TestPluginCache.GetExtensionPaths: Added default extension paths: D:\IsmaPCBlanco\Documentos\ISMA\Semestre 2021-2\Diseño dirigido por pruebas\Proyectos\Parcial\ProductoSolutionTDD\ProductoSolutionTDD\bin\Debug\net5.0\fine-code-coverage\build-output\NUnit3.TestAdapter.dll
TpTrace Verbose: 0 : 7004, 4, 2021/09/23, 11:54:06.699, 2656706995457, testhost.dll, TestPluginCache.GetExtensionPaths: Added unfilterableExtensionPaths: 
TpTrace Information: 0 : 7004, 4, 2021/09/23, 11:54:06.700, 2656706996292, testhost.dll, AssemblyResolver.AddSearchDirectories: Adding more searchDirectories D:\IsmaPCBlanco\Documentos\ISMA\Semestre 2021-2\Diseño dirigido por pruebas\Proyectos\Parcial\ProductoSolutionTDD\ProductoSolutionTDD\bin\Debug\net5.0\fine-code-coverage\build-output
TpTrace Verbose: 0 : 7004, 4, 2021/09/23, 11:54:06.700, 2656706996512, testhost.dll, TestPluginCache.DiscoverTestExtensions: Discovering the extensions using extension path.
TpTrace Verbose: 0 : 7004, 4, 2021/09/23, 11:54:06.700, 2656706996670, testhost.dll, TestPluginCache.GetExtensionPaths: Filtered extension paths: 
TpTrace Verbose: 0 : 7004, 4, 2021/09/23, 11:54:06.700, 2656706996829, testhost.dll, TestPluginCache.GetExtensionPaths: Added default extension paths: D:\IsmaPCBlanco\Documentos\ISMA\Semestre 2021-2\Diseño dirigido por pruebas\Proyectos\Parcial\ProductoSolutionTDD\ProductoSolutionTDD\bin\Debug\net5.0\fine-code-coverage\build-output\NUnit3.TestAdapter.dll
TpTrace Verbose: 0 : 7004, 4, 2021/09/23, 11:54:06.700, 2656706996968, testhost.dll, TestPluginCache.GetExtensionPaths: Added unfilterableExtensionPaths: 
TpTrace Verbose: 0 : 7004, 4, 2021/09/23, 11:54:06.700, 2656706997158, testhost.dll, TestPluginCache.DiscoverTestExtensions: Discovering the extensions using allExtensionPaths: D:\IsmaPCBlanco\Documentos\ISMA\Semestre 2021-2\Diseño dirigido por pruebas\Proyectos\Parcial\ProductoSolutionTDD\ProductoSolutionTDD\bin\Debug\net5.0\fine-code-coverage\build-output\NUnit3.TestAdapter.dll
TpTrace Information: 0 : 7004, 4, 2021/09/23, 11:54:06.700, 2656706997415, testhost.dll, AssemblyResolver.AddSearchDirectories: Adding more searchDirectories D:\IsmaPCBlanco\Documentos\ISMA\Semestre 2021-2\Diseño dirigido por pruebas\Proyectos\Parcial\ProductoSolutionTDD\ProductoSolutionTDD\bin\Debug\net5.0\fine-code-coverage\build-output
TpTrace Information: 0 : 7004, 4, 2021/09/23, 11:54:06.701, 2656707010862, testhost.dll, AssemblyResolver.OnResolve: System.ComponentModel.Primitives.resources: Resolving assembly.
TpTrace Information: 0 : 7004, 4, 2021/09/23, 11:54:06.701, 2656707011621, testhost.dll, AssemblyResolver.OnResolve: System.ComponentModel.Primitives.resources: Failed to load assembly.
TpTrace Verbose: 0 : 7004, 4, 2021/09/23, 11:54:06.701, 2656707013637, testhost.dll, CurrentDomain_AssemblyResolve: Resolving assembly 'System.ComponentModel.Primitives.resources'.
TpTrace Information: 0 : 7004, 4, 2021/09/23, 11:54:06.701, 2656707014155, testhost.dll, AssemblyResolver.OnResolve: System.ComponentModel.Primitives.resources: Resolving assembly.
TpTrace Information: 0 : 7004, 4, 2021/09/23, 11:54:06.701, 2656707014420, testhost.dll, AssemblyResolver.OnResolve: System.ComponentModel.Primitives.resources: Resolved from cache.
TpTrace Verbose: 0 : 7004, 4, 2021/09/23, 11:54:06.701, 2656707014599, testhost.dll, CurrentDomain_AssemblyResolve: Resolving assembly 'System.ComponentModel.Primitives.resources'.
TpTrace Verbose: 0 : 7004, 4, 2021/09/23, 11:54:06.701, 2656707014748, testhost.dll, CurrentDomainAssemblyResolve: Failed to resolve assembly 'System.ComponentModel.Primitives.resources'.
TpTrace Verbose: 0 : 7004, 4, 2021/09/23, 11:54:06.702, 2656707019452, testhost.dll, CurrentDomainAssemblyResolve: Failed to resolve assembly 'System.ComponentModel.Primitives.resources'.
TpTrace Information: 0 : 7004, 4, 2021/09/23, 11:54:06.702, 2656707022039, testhost.dll, AssemblyResolver.OnResolve: System.ComponentModel.Primitives.resources: Resolving assembly.
TpTrace Information: 0 : 7004, 4, 2021/09/23, 11:54:06.702, 2656707022283, testhost.dll, AssemblyResolver.OnResolve: System.ComponentModel.Primitives.resources: Resolved from cache.
TpTrace Verbose: 0 : 7004, 4, 2021/09/23, 11:54:06.702, 2656707022454, testhost.dll, CurrentDomain_AssemblyResolve: Resolving assembly 'System.ComponentModel.Primitives.resources'.
TpTrace Verbose: 0 : 7004, 4, 2021/09/23, 11:54:06.702, 2656707022589, testhost.dll, CurrentDomainAssemblyResolve: Failed to resolve assembly 'System.ComponentModel.Primitives.resources'.
TpTrace Verbose: 0 : 7004, 4, 2021/09/23, 11:54:06.703, 2656707027947, testhost.dll, TestPluginCache: Discovered the extensions using extension path ''.
TpTrace Verbose: 0 : 7004, 4, 2021/09/23, 11:54:06.703, 2656707028369, testhost.dll, TestPluginCache: Discoverers are 'NUnit.VisualStudio.TestAdapter.NUnit3TestDiscoverer, NUnit3.TestAdapter, Version=3.17.0.0, Culture=neutral, PublicKeyToken=4cb40d35494691ac'.
TpTrace Verbose: 0 : 7004, 4, 2021/09/23, 11:54:06.703, 2656707028568, testhost.dll, TestPluginCache: Executors are 'executor://NUnit3TestExecutor'.
TpTrace Verbose: 0 : 7004, 4, 2021/09/23, 11:54:06.703, 2656707028717, testhost.dll, TestPluginCache: Executors2 are ''.
TpTrace Verbose: 0 : 7004, 4, 2021/09/23, 11:54:06.703, 2656707028848, testhost.dll, TestPluginCache: Setting providers are ''.
TpTrace Verbose: 0 : 7004, 4, 2021/09/23, 11:54:06.703, 2656707028972, testhost.dll, TestPluginCache: Loggers are ''.
TpTrace Information: 0 : 7004, 4, 2021/09/23, 11:54:06.708, 2656707080007, testhost.dll, PEReaderHelper.GetAssemblyType: Determined assemblyType:'Managed' for source: 'D:\IsmaPCBlanco\Documentos\ISMA\Semestre 2021-2\Diseño dirigido por pruebas\Proyectos\Parcial\ProductoSolutionTDD\ProductoSolutionTDD\bin\Debug\net5.0\fine-code-coverage\build-output\ProductoSolutionTDD.dll'
TpTrace Verbose: 0 : 7004, 4, 2021/09/23, 11:54:06.713, 2656707126386, testhost.dll, BaseRunTests.RunTestInternalWithExecutors: Running tests for executor://NUnit3TestExecutor
TpTrace Information: 0 : 7004, 4, 2021/09/23, 11:54:06.714, 2656707137386, testhost.dll, AssemblyResolver.OnResolve: nunit.engine: Resolving assembly.
TpTrace Information: 0 : 7004, 4, 2021/09/23, 11:54:06.714, 2656707142900, testhost.dll, AssemblyResolver.OnResolve: Resolved assembly: nunit.engine, from path: D:\IsmaPCBlanco\Documentos\ISMA\Semestre 2021-2\Diseño dirigido por pruebas\Proyectos\Parcial\ProductoSolutionTDD\ProductoSolutionTDD\bin\Debug\net5.0\fine-code-coverage\build-output\nunit.engine.dll
TpTrace Information: 0 : 7004, 4, 2021/09/23, 11:54:06.714, 2656707143579, testhost.dll, AssemblyResolver.OnResolve: nunit.engine.core: Resolving assembly.
TpTrace Information: 0 : 7004, 4, 2021/09/23, 11:54:06.715, 2656707148187, testhost.dll, AssemblyResolver.OnResolve: Resolved assembly: nunit.engine.core, from path: D:\IsmaPCBlanco\Documentos\ISMA\Semestre 2021-2\Diseño dirigido por pruebas\Proyectos\Parcial\ProductoSolutionTDD\ProductoSolutionTDD\bin\Debug\net5.0\fine-code-coverage\build-output\nunit.engine.core.dll
TpTrace Information: 0 : 7004, 4, 2021/09/23, 11:54:06.721, 2656707210849, testhost.dll, NUnit Adapter 3.17.0.0: Test execution started
TpTrace Verbose: 0 : 7004, 4, 2021/09/23, 11:54:06.721, 2656707212127, testhost.dll, TestRequestHandler.SendData:  sending data from testhost: {"Version":5,"MessageType":"TestSession.Message","Payload":{"MessageLevel":0,"Message":"NUnit Adapter 3.17.0.0: Test execution started"}}
TpTrace Information: 0 : 7004, 4, 2021/09/23, 11:54:06.744, 2656707435526, testhost.dll, Running all tests in D:\IsmaPCBlanco\Documentos\ISMA\Semestre 2021-2\Diseño dirigido por pruebas\Proyectos\Parcial\ProductoSolutionTDD\ProductoSolutionTDD\bin\Debug\net5.0\fine-code-coverage\build-output\ProductoSolutionTDD.dll
TpTrace Verbose: 0 : 7004, 4, 2021/09/23, 11:54:06.744, 2656707436901, testhost.dll, TestRequestHandler.SendData:  sending data from testhost: {"Version":5,"MessageType":"TestSession.Message","Payload":{"MessageLevel":0,"Message":"Running all tests in D:\\IsmaPCBlanco\\Documentos\\ISMA\\Semestre 2021-2\\Diseño dirigido por pruebas\\Proyectos\\Parcial\\ProductoSolutionTDD\\ProductoSolutionTDD\\bin\\Debug\\net5.0\\fine-code-coverage\\build-output\\ProductoSolutionTDD.dll"}}
TpTrace Information: 0 : 7004, 4, 2021/09/23, 11:54:06.750, 2656707502884, testhost.dll, AssemblyResolver.OnResolve: Mono.Cecil: Resolving assembly.
TpTrace Information: 0 : 7004, 4, 2021/09/23, 11:54:06.750, 2656707504160, testhost.dll, AssemblyResolver.OnResolve: Mono.Cecil: Failed to load assembly.
TpTrace Information: 0 : 7004, 4, 2021/09/23, 11:54:06.876, 2656708765316, testhost.dll,    NUnit3TestExecutor discovered 2 of 2 NUnit test cases
TpTrace Verbose: 0 : 7004, 4, 2021/09/23, 11:54:06.877, 2656708766582, testhost.dll, TestRequestHandler.SendData:  sending data from testhost: {"Version":5,"MessageType":"TestSession.Message","Payload":{"MessageLevel":0,"Message":"   NUnit3TestExecutor discovered 2 of 2 NUnit test cases"}}
TpTrace Verbose: 0 : 7004, 12, 2021/09/23, 11:54:06.900, 2656708999710, testhost.dll, TestExecutionRecorder.RecordStart: Starting test: ProductoSolutionTDD.ProductoSolutionTest.NoPuedeIngresarCantidadProductosDeMenosUno.
TpTrace Verbose: 0 : 7004, 12, 2021/09/23, 11:54:06.933, 2656709333555, testhost.dll, TestExecutionRecorder.RecordEnd: test: ProductoSolutionTDD.ProductoSolutionTest.NoPuedeIngresarCantidadProductosDeMenosUno execution completed.
TpTrace Verbose: 0 : 7004, 12, 2021/09/23, 11:54:06.950, 2656709505143, testhost.dll, TestExecutionRecorder.RecordResult: Received result for test: ProductoSolutionTDD.ProductoSolutionTest.NoPuedeIngresarCantidadProductosDeMenosUno.
TpTrace Warning: 0 : 7004, 12, 2021/09/23, 11:54:06.954, 2656709536051, testhost.dll, TestRunCache: InProgressTests is null
TpTrace Warning: 0 : 7004, 12, 2021/09/23, 11:54:06.954, 2656709538057, testhost.dll, TestRunCache: No test found corresponding to testResult 'NoPuedeIngresarCantidadProductosDeMenosUno' in inProgress list.
TpTrace Verbose: 0 : 7004, 12, 2021/09/23, 11:54:06.954, 2656709539855, testhost.dll, TestExecutionRecorder.RecordStart: Starting test: ProductoSolutionTDD.ProductoSolutionTest.PuedeIngresarCantidadProductosCincuentaCorrecta.
TpTrace Verbose: 0 : 7004, 12, 2021/09/23, 11:54:06.955, 2656709550920, testhost.dll, TestExecutionRecorder.RecordEnd: test: ProductoSolutionTDD.ProductoSolutionTest.PuedeIngresarCantidadProductosCincuentaCorrecta execution completed.
TpTrace Verbose: 0 : 7004, 12, 2021/09/23, 11:54:06.956, 2656709557602, testhost.dll, TestExecutionRecorder.RecordResult: Received result for test: ProductoSolutionTDD.ProductoSolutionTest.PuedeIngresarCantidadProductosCincuentaCorrecta.
TpTrace Warning: 0 : 7004, 12, 2021/09/23, 11:54:06.956, 2656709558709, testhost.dll, TestRunCache: InProgressTests is null
TpTrace Warning: 0 : 7004, 12, 2021/09/23, 11:54:06.956, 2656709558971, testhost.dll, TestRunCache: No test found corresponding to testResult 'PuedeIngresarCantidadProductosCincuentaCorrecta' in inProgress list.
TpTrace Information: 0 : 7004, 4, 2021/09/23, 11:54:06.959, 2656709586572, testhost.dll, NUnit Adapter 3.17.0.0: Test execution complete
TpTrace Verbose: 0 : 7004, 4, 2021/09/23, 11:54:06.959, 2656709587459, testhost.dll, TestRequestHandler.SendData:  sending data from testhost: {"Version":5,"MessageType":"TestSession.Message","Payload":{"MessageLevel":0,"Message":"NUnit Adapter 3.17.0.0: Test execution complete"}}
TpTrace Verbose: 0 : 7004, 4, 2021/09/23, 11:54:06.963, 2656709626086, testhost.dll, BaseRunTests.RunTestInternalWithExecutors: Completed running tests for executor://NUnit3TestExecutor
TpTrace Information: 0 : 7004, 4, 2021/09/23, 11:54:06.966, 2656709655923, testhost.dll, Sending test run complete
TpTrace Verbose: 0 : 7004, 4, 2021/09/23, 11:54:06.990, 2656709905372, testhost.dll, TestRequestHandler.SendData:  sending data from testhost: {"Version":5,"MessageType":"TestExecution.Completed","Payload":{"TestRunCompleteArgs":{"TestRunStatistics":{"ExecutedTests":2,"Stats":{"Passed":2}},"IsCanceled":false,"IsAborted":false,"Error":null,"AttachmentSets":[],"ElapsedTimeInRunningTests":"00:00:00.2533850","Metrics":{}},"LastRunTests":{"NewTestResults":[{"TestCase":{"Id":"1fd23cc2-ebc2-4f0e-3c28-85f7d285a74d","FullyQualifiedName":"ProductoSolutionTDD.ProductoSolutionTest.NoPuedeIngresarCantidadProductosDeMenosUno","DisplayName":"NoPuedeIngresarCantidadProductosDeMenosUno","ExecutorUri":"executor://NUnit3TestExecutor","Source":"D:\\IsmaPCBlanco\\Documentos\\ISMA\\Semestre 2021-2\\Diseño dirigido por pruebas\\Proyectos\\Parcial\\ProductoSolutionTDD\\ProductoSolutionTDD\\bin\\Debug\\net5.0\\fine-code-coverage\\build-output\\ProductoSolutionTDD.dll","CodeFilePath":null,"LineNumber":0,"Properties":[]},"Attachments":[],"Outcome":1,"ErrorMessage":null,"ErrorStackTrace":null,"DisplayName":"NoPuedeIngresarCantidadProductosDeMenosUno","Messages":[],"ComputerName":"DESKTOP-FFMH835","Duration":"00:00:00.0063359","StartTime":"2021-09-23T16:54:06.899798+00:00","EndTime":"2021-09-23T16:54:06.9060658+00:00","Properties":[]},{"TestCase":{"Id":"5aafae75-09ff-9b28-1901-0763a8ee5fcf","FullyQualifiedName":"ProductoSolutionTDD.ProductoSolutionTest.PuedeIngresarCantidadProductosCincuentaCorrecta","DisplayName":"PuedeIngresarCantidadProductosCincuentaCorrecta","ExecutorUri":"executor://NUnit3TestExecutor","Source":"D:\\IsmaPCBlanco\\Documentos\\ISMA\\Semestre 2021-2\\Diseño dirigido por pruebas\\Proyectos\\Parcial\\ProductoSolutionTDD\\ProductoSolutionTDD\\bin\\Debug\\net5.0\\fine-code-coverage\\build-output\\ProductoSolutionTDD.dll","CodeFilePath":null,"LineNumber":0,"Properties":[]},"Attachments":[],"Outcome":1,"ErrorMessage":null,"ErrorStackTrace":null,"DisplayName":"PuedeIngresarCantidadProductosCincuentaCorrecta","Messages":[],"ComputerName":"DESKTOP-FFMH835","Duration":"00:00:00.0019410","StartTime":"2021-09-23T16:54:06.9074306+00:00","EndTime":"2021-09-23T16:54:06.9093708+00:00","Properties":[]}],"TestRunStatistics":{"ExecutedTests":2,"Stats":{"Passed":2}},"ActiveTests":[]},"RunAttachments":[],"ExecutorUris":["executor://nunit3testexecutor/"]}}
TpTrace Verbose: 0 : 7004, 4, 2021/09/23, 11:54:06.991, 2656709908890, testhost.dll, BaseRunTests.RunTests: Run is complete.
TpTrace Verbose: 0 : 7004, 8, 2021/09/23, 11:54:06.993, 2656709926415, testhost.dll, TcpClientExtensions.MessageLoopAsync: NotifyDataAvailable remoteEndPoint: [::ffff:127.0.0.1]:52324 localEndPoint: [::ffff:127.0.0.1]:52325
TpTrace Information: 0 : 7004, 8, 2021/09/23, 11:54:06.993, 2656709927489, testhost.dll, TestRequestHandler.ProcessRequests: received message: (TestSession.Terminate) -> null
TpTrace Information: 0 : 7004, 8, 2021/09/23, 11:54:06.993, 2656709927718, testhost.dll, Session End message received from server. Closing the connection.
TpTrace Information: 0 : 7004, 8, 2021/09/23, 11:54:06.993, 2656709929950, testhost.dll, SocketClient.Stop: Stop communication from server endpoint: 127.0.0.1:052324
TpTrace Information: 0 : 7004, 8, 2021/09/23, 11:54:06.993, 2656709930304, testhost.dll, SocketClient: Stop: Cancellation requested. Stopping message loop.
TpTrace Verbose: 0 : 7004, 8, 2021/09/23, 11:54:06.993, 2656709931572, testhost.dll, LengthPrefixCommunicationChannel.Dispose: Dispose reader and writer.
TpTrace Information: 0 : 7004, 8, 2021/09/23, 11:54:06.993, 2656709931898, testhost.dll, Closing the connection !
TpTrace Information: 0 : 7004, 8, 2021/09/23, 11:54:06.993, 2656709933268, testhost.dll, SocketClient.PrivateStop: Stop communication from server endpoint: 127.0.0.1:052324, error:
TpTrace Verbose: 0 : 7004, 8, 2021/09/23, 11:54:06.994, 2656709935619, testhost.dll, LengthPrefixCommunicationChannel.Dispose: Dispose reader and writer.
TpTrace Information: 0 : 7004, 1, 2021/09/23, 11:54:06.994, 2656709935652, testhost.dll, Closing the connection !
TpTrace Verbose: 0 : 7004, 8, 2021/09/23, 11:54:06.994, 2656709936013, testhost.dll, TcpClientExtensions.MessageLoopAsync: exiting MessageLoopAsync remoteEndPoint: [::ffff:127.0.0.1]:52324 localEndPoint: [::ffff:127.0.0.1]:52325
TpTrace Information: 0 : 7004, 1, 2021/09/23, 11:54:06.994, 2656709936444, testhost.dll, SocketClient.Stop: Stop communication from server endpoint: 127.0.0.1:052324
TpTrace Verbose: 0 : 7004, 1, 2021/09/23, 11:54:06.994, 2656709936729, testhost.dll, LengthPrefixCommunicationChannel.Dispose: Dispose reader and writer.
TpTrace Information: 0 : 7004, 1, 2021/09/23, 11:54:06.994, 2656709937264, testhost.dll, Testhost process exiting.
