TpTrace Verbose: 0 : 3252, 1, 2021/09/23, 11:49:53.508, 2654175084829, testhost.dll, Version: 16.9.4
TpTrace Information: 0 : 3252, 1, 2021/09/23, 11:49:53.512, 2654175122483, testhost.dll, DefaultEngineInvoker.Invoke: Testhost process started with args :[--port, 58491],[--endpoint, 127.0.0.1:058491],[--role, client],[--parentprocessid, 16880],[--diag, D:\IsmaPCBlanco\Documentos\ISMA\Semestre 2021-2\Diseño dirigido por pruebas\Proyectos\Parcial\ProductoSolutionTDD\ProductoSolutionTDD\bin\Debug\net5.0\fine-code-coverage\coverage-tool-output\diagnostics.host.21-09-23_11-49-53_35316_4.log],[--tracelevel, 4],[--datacollectionport, 58490],[--telemetryoptedin, false]
TpTrace Information: 0 : 3252, 1, 2021/09/23, 11:49:53.514, 2654175137503, testhost.dll, Setting up debug trace listener.
TpTrace Verbose: 0 : 3252, 1, 2021/09/23, 11:49:53.514, 2654175139187, testhost.dll, TestPlatformTraceListener.Setup: Replacing listener 0 with TestHostTraceListener.
TpTrace Verbose: 0 : 3252, 1, 2021/09/23, 11:49:53.514, 2654175139693, testhost.dll, TestPlatformTraceListener.Setup: Added test platform trace listener.
TpTrace Information: 0 : 3252, 1, 2021/09/23, 11:49:53.514, 2654175143617, testhost.dll, DefaultEngineInvoker.SetParentProcessExitCallback: Monitoring parent process with id: '16880'
TpTrace Information: 0 : 3252, 1, 2021/09/23, 11:49:53.520, 2654175199564, testhost.dll, DefaultEngineInvoker.GetConnectionInfo: Initialize communication on endpoint address: '127.0.0.1:058491'
TpTrace Information: 0 : 3252, 1, 2021/09/23, 11:49:53.531, 2654175306982, testhost.dll, SocketClient.Start: connecting to server endpoint: 127.0.0.1:058491
TpTrace Information: 0 : 3252, 1, 2021/09/23, 11:49:53.536, 2654175359337, testhost.dll, DefaultEngineInvoker.ConnectToDatacollector: Connecting to datacollector, port: 58490
TpTrace Information: 0 : 3252, 8, 2021/09/23, 11:49:53.537, 2654175366647, testhost.dll, SocketClient.OnServerConnected: connected to server endpoint: 127.0.0.1:058491
TpTrace Verbose: 0 : 3252, 8, 2021/09/23, 11:49:53.538, 2654175378948, testhost.dll, Connected to server, and starting MessageLoopAsync
TpTrace Information: 0 : 3252, 1, 2021/09/23, 11:49:53.538, 2654175382908, testhost.dll, Trying to connect to server on socket : 127.0.0.1:58490 
TpTrace Verbose: 0 : 3252, 1, 2021/09/23, 11:49:53.538, 2654175385077, testhost.dll, SocketCommunicationManager : SetupClientAsync : Attempting to connect to the server.
TpTrace Information: 0 : 3252, 10, 2021/09/23, 11:49:53.540, 2654175396282, testhost.dll, Connected to the server successfully 
TpTrace Verbose: 0 : 3252, 8, 2021/09/23, 11:49:53.540, 2654175396666, testhost.dll, TcpClientExtensions.MessageLoopAsync: Polling on remoteEndPoint: [::ffff:127.0.0.1]:58491 localEndPoint: [::ffff:127.0.0.1]:58492
TpTrace Information: 0 : 3252, 10, 2021/09/23, 11:49:53.540, 2654175396789, testhost.dll, Using the buffer size of 16384 bytes
TpTrace Verbose: 0 : 3252, 8, 2021/09/23, 11:49:53.540, 2654175399028, testhost.dll, TcpClientExtensions.MessageLoopAsync: NotifyDataAvailable remoteEndPoint: [::ffff:127.0.0.1]:58491 localEndPoint: [::ffff:127.0.0.1]:58492
TpTrace Information: 0 : 3252, 1, 2021/09/23, 11:49:53.540, 2654175401879, testhost.dll, DefaultEngineInvoker.Invoke: Start Request Processing.
TpTrace Information: 0 : 3252, 11, 2021/09/23, 11:49:53.541, 2654175407345, testhost.dll, DefaultEngineInvoker.StartProcessingAsync: Connected to vstest.console, Starting process requests.
TpTrace Information: 0 : 3252, 8, 2021/09/23, 11:49:53.623, 2654176225599, testhost.dll, TestRequestHandler.ProcessRequests: received message: (ProtocolVersion) -> 5
TpTrace Verbose: 0 : 3252, 8, 2021/09/23, 11:49:53.642, 2654176417176, testhost.dll, TestRequestHandler.SendData:  sending data from testhost: {"Version":5,"MessageType":"TestSession.Message","Payload":{"MessageLevel":0,"Message":"Registrando diagnóstico de TestHost en el archivo: D:\\IsmaPCBlanco\\Documentos\\ISMA\\Semestre 2021-2\\Diseño dirigido por pruebas\\Proyectos\\Parcial\\ProductoSolutionTDD\\ProductoSolutionTDD\\bin\\Debug\\net5.0\\fine-code-coverage\\coverage-tool-output\\diagnostics.host.21-09-23_11-49-53_35316_4.log"}}
TpTrace Verbose: 0 : 3252, 8, 2021/09/23, 11:49:53.642, 2654176421963, testhost.dll, TcpClientExtensions.MessageLoopAsync: Polling on remoteEndPoint: [::ffff:127.0.0.1]:58491 localEndPoint: [::ffff:127.0.0.1]:58492
TpTrace Verbose: 0 : 3252, 8, 2021/09/23, 11:49:53.642, 2654176422659, testhost.dll, TcpClientExtensions.MessageLoopAsync: NotifyDataAvailable remoteEndPoint: [::ffff:127.0.0.1]:58491 localEndPoint: [::ffff:127.0.0.1]:58492
TpTrace Information: 0 : 3252, 8, 2021/09/23, 11:49:53.645, 2654176450456, testhost.dll, TestRequestHandler.ProcessRequests: received message: (TestExecution.Initialize) -> [
  "D:\\IsmaPCBlanco\\Documentos\\ISMA\\Semestre 2021-2\\Diseño dirigido por pruebas\\Proyectos\\Parcial\\ProductoSolutionTDD\\ProductoSolutionTDD\\bin\\Debug\\net5.0\\fine-code-coverage\\build-output\\NUnit3.TestAdapter.dll"
]
TpTrace Information: 0 : 3252, 8, 2021/09/23, 11:49:53.645, 2654176451452, testhost.dll, Execution Session Initialize.
TpTrace Verbose: 0 : 3252, 8, 2021/09/23, 11:49:53.651, 2654176509848, testhost.dll, TcpClientExtensions.MessageLoopAsync: Polling on remoteEndPoint: [::ffff:127.0.0.1]:58491 localEndPoint: [::ffff:127.0.0.1]:58492
TpTrace Verbose: 0 : 3252, 8, 2021/09/23, 11:49:53.651, 2654176511062, testhost.dll, TcpClientExtensions.MessageLoopAsync: NotifyDataAvailable remoteEndPoint: [::ffff:127.0.0.1]:58491 localEndPoint: [::ffff:127.0.0.1]:58492
TpTrace Verbose: 0 : 3252, 4, 2021/09/23, 11:49:53.653, 2654176532808, testhost.dll, TestExecutorService: Loading the extensions
TpTrace Information: 0 : 3252, 8, 2021/09/23, 11:49:53.654, 2654176537253, testhost.dll, TestRequestHandler.ProcessRequests: received message: (TestExecution.StartWithSources) -> {
  "AdapterSourceMap": {
    "_none_": [
      "D:\\IsmaPCBlanco\\Documentos\\ISMA\\Semestre 2021-2\\Diseño dirigido por pruebas\\Proyectos\\Parcial\\ProductoSolutionTDD\\ProductoSolutionTDD\\bin\\Debug\\net5.0\\fine-code-coverage\\build-output\\ProductoSolutionTDD.dll"
    ]
  },
  "RunSettings": "<RunSettings>\r\n  <RunConfiguration>\r\n    <ResultsDirectory>D:\\IsmaPCBlanco\\Documentos\\ISMA\\Semestre 2021-2\\Diseño dirigido por pruebas\\Proyectos\\Parcial\\ProductoSolutionTDD\\ProductoSolutionTDD\\bin\\Debug\\net5.0\\fine-code-coverage\\coverage-tool-output</ResultsDirectory>\r\n    <TargetPlatform>X64</TargetPlatform>\r\n    <TargetFrameworkVersion>.NETCoreApp,Version=v5.0</TargetFrameworkVersion>\r\n    <DesignMode>False</DesignMode>\r\n    <CollectSourceInformation>False</CollectSourceInformation>\r\n  </RunConfiguration>\r\n  <LoggerRunSettings>\r\n    <Loggers>\r\n      <Logger friendlyName=\"blame\" enabled=\"True\" />\r\n      <Logger friendlyName=\"Console\" uri=\"logger://microsoft/TestPlatform/ConsoleLogger/v1\" assemblyQualifiedName=\"Microsoft.VisualStudio.TestPlatform.CommandLine.Internal.ConsoleLogger, vstest.console, Version=15.0.0.0, Culture=neutral, PublicKeyToken=b03f5f7f11d50a3a\" codeBase=\"C:\\Program Files\\dotnet\\sdk\\5.0.301\\vstest.console.dll\" enabled=\"True\" />\r\n    </Loggers>\r\n  </LoggerRunSettings>\r\n  <DataCollectionRunSettings>\r\n    <DataCollectors>\r\n      <DataCollector friendlyName=\"blame\" enabled=\"True\">\r\n        <Configuration>\r\n          <ResultsDirectory>D:\\IsmaPCBlanco\\Documentos\\ISMA\\Semestre 2021-2\\Diseño dirigido por pruebas\\Proyectos\\Parcial\\ProductoSolutionTDD\\ProductoSolutionTDD\\bin\\Debug\\net5.0\\fine-code-coverage\\coverage-tool-output</ResultsDirectory>\r\n        </Configuration>\r\n      </DataCollector>\r\n    </DataCollectors>\r\n  </DataCollectionRunSettings>\r\n</RunSettings>",
  "TestExecutionContext": {
    "FrequencyOfRunStatsChangeEvent": 10,
    "RunStatsChangeEventTimeout": "00:00:01.5000000",
    "InIsolation": false,
    "KeepAlive": false,
    "AreTestCaseLevelEventsRequired": false,
    "IsDebug": false,
    "TestCaseFilter": null,
    "FilterOptions": null
  },
  "Package": null
}
TpTrace Information: 0 : 3252, 8, 2021/09/23, 11:49:53.654, 2654176538127, testhost.dll, Execution started.
TpTrace Verbose: 0 : 3252, 4, 2021/09/23, 11:49:53.655, 2654176547348, testhost.dll, TestPluginCache.DiscoverTestExtensions: finding test extensions in assemblies ends with: TestAdapter.dll TPluginInfo: Microsoft.VisualStudio.TestPlatform.Common.ExtensionFramework.Utilities.TestExecutorPluginInformation TExtension: Microsoft.VisualStudio.TestPlatform.ObjectModel.Adapter.ITestExecutor
TpTrace Verbose: 0 : 3252, 4, 2021/09/23, 11:49:53.655, 2654176554979, testhost.dll, TestPluginCache.GetExtensionPaths: Filtered extension paths: 
TpTrace Verbose: 0 : 3252, 4, 2021/09/23, 11:49:53.656, 2654176557551, testhost.dll, TestPluginCache.GetExtensionPaths: Added default extension paths: D:\IsmaPCBlanco\Documentos\ISMA\Semestre 2021-2\Diseño dirigido por pruebas\Proyectos\Parcial\ProductoSolutionTDD\ProductoSolutionTDD\bin\Debug\net5.0\fine-code-coverage\build-output\NUnit3.TestAdapter.dll
TpTrace Verbose: 0 : 3252, 4, 2021/09/23, 11:49:53.656, 2654176557836, testhost.dll, TestPluginCache.GetExtensionPaths: Added unfilterableExtensionPaths: 
TpTrace Information: 0 : 3252, 4, 2021/09/23, 11:49:53.658, 2654176575762, testhost.dll, AssemblyResolver.ctor: Creating AssemblyResolver with searchDirectories D:\IsmaPCBlanco\Documentos\ISMA\Semestre 2021-2\Diseño dirigido por pruebas\Proyectos\Parcial\ProductoSolutionTDD\ProductoSolutionTDD\bin\Debug\net5.0\fine-code-coverage\build-output
TpTrace Verbose: 0 : 3252, 4, 2021/09/23, 11:49:53.658, 2654176584760, testhost.dll, TestPluginCache.DiscoverTestExtensions: Discovering the extensions using extension path.
TpTrace Verbose: 0 : 3252, 4, 2021/09/23, 11:49:53.659, 2654176585755, testhost.dll, TestPluginCache.GetExtensionPaths: Filtered extension paths: 
TpTrace Verbose: 0 : 3252, 4, 2021/09/23, 11:49:53.659, 2654176585980, testhost.dll, TestPluginCache.GetExtensionPaths: Added default extension paths: D:\IsmaPCBlanco\Documentos\ISMA\Semestre 2021-2\Diseño dirigido por pruebas\Proyectos\Parcial\ProductoSolutionTDD\ProductoSolutionTDD\bin\Debug\net5.0\fine-code-coverage\build-output\NUnit3.TestAdapter.dll
TpTrace Verbose: 0 : 3252, 4, 2021/09/23, 11:49:53.659, 2654176586141, testhost.dll, TestPluginCache.GetExtensionPaths: Added unfilterableExtensionPaths: 
TpTrace Verbose: 0 : 3252, 4, 2021/09/23, 11:49:53.659, 2654176586517, testhost.dll, TestPluginCache.DiscoverTestExtensions: Discovering the extensions using allExtensionPaths: D:\IsmaPCBlanco\Documentos\ISMA\Semestre 2021-2\Diseño dirigido por pruebas\Proyectos\Parcial\ProductoSolutionTDD\ProductoSolutionTDD\bin\Debug\net5.0\fine-code-coverage\build-output\NUnit3.TestAdapter.dll
TpTrace Information: 0 : 3252, 4, 2021/09/23, 11:49:53.659, 2654176593541, testhost.dll, AssemblyResolver.AddSearchDirectories: Adding more searchDirectories D:\IsmaPCBlanco\Documentos\ISMA\Semestre 2021-2\Diseño dirigido por pruebas\Proyectos\Parcial\ProductoSolutionTDD\ProductoSolutionTDD\bin\Debug\net5.0\fine-code-coverage\build-output
TpTrace Information: 0 : 3252, 4, 2021/09/23, 11:49:53.663, 2654176632787, testhost.dll, AssemblyResolver.OnResolve: NUnit3.TestAdapter: Resolving assembly.
TpTrace Information: 0 : 3252, 4, 2021/09/23, 11:49:53.664, 2654176643996, testhost.dll, AssemblyResolver.OnResolve: Resolved assembly: NUnit3.TestAdapter, from path: D:\IsmaPCBlanco\Documentos\ISMA\Semestre 2021-2\Diseño dirigido por pruebas\Proyectos\Parcial\ProductoSolutionTDD\ProductoSolutionTDD\bin\Debug\net5.0\fine-code-coverage\build-output\NUnit3.TestAdapter.dll
TpTrace Information: 0 : 3252, 4, 2021/09/23, 11:49:53.667, 2654176666898, testhost.dll, AssemblyResolver.OnResolve: nunit.engine.api: Resolving assembly.
TpTrace Information: 0 : 3252, 4, 2021/09/23, 11:49:53.667, 2654176670919, testhost.dll, AssemblyResolver.OnResolve: Resolved assembly: nunit.engine.api, from path: D:\IsmaPCBlanco\Documentos\ISMA\Semestre 2021-2\Diseño dirigido por pruebas\Proyectos\Parcial\ProductoSolutionTDD\ProductoSolutionTDD\bin\Debug\net5.0\fine-code-coverage\build-output\nunit.engine.api.dll
TpTrace Verbose: 0 : 3252, 4, 2021/09/23, 11:49:53.671, 2654176705904, testhost.dll, TestPluginCache: Discovered the extensions using extension path ''.
TpTrace Verbose: 0 : 3252, 4, 2021/09/23, 11:49:53.671, 2654176709310, testhost.dll, TestPluginCache: Discoverers are ''.
TpTrace Verbose: 0 : 3252, 4, 2021/09/23, 11:49:53.671, 2654176709893, testhost.dll, TestPluginCache: Executors are 'executor://NUnit3TestExecutor'.
TpTrace Verbose: 0 : 3252, 4, 2021/09/23, 11:49:53.671, 2654176710298, testhost.dll, TestPluginCache: Executors2 are ''.
TpTrace Verbose: 0 : 3252, 4, 2021/09/23, 11:49:53.671, 2654176710606, testhost.dll, TestPluginCache: Setting providers are ''.
TpTrace Verbose: 0 : 3252, 4, 2021/09/23, 11:49:53.671, 2654176710894, testhost.dll, TestPluginCache: Loggers are ''.
TpTrace Verbose: 0 : 3252, 8, 2021/09/23, 11:49:53.672, 2654176723655, testhost.dll, TcpClientExtensions.MessageLoopAsync: Polling on remoteEndPoint: [::ffff:127.0.0.1]:58491 localEndPoint: [::ffff:127.0.0.1]:58492
TpTrace Verbose: 0 : 3252, 4, 2021/09/23, 11:49:53.674, 2654176737362, testhost.dll, TestPluginCache.DiscoverTestExtensions: finding test extensions in assemblies ends with: TestAdapter.dll TPluginInfo: Microsoft.VisualStudio.TestPlatform.Common.ExtensionFramework.Utilities.TestExecutorPluginInformation2 TExtension: Microsoft.VisualStudio.TestPlatform.ObjectModel.Adapter.ITestExecutor2
TpTrace Verbose: 0 : 3252, 4, 2021/09/23, 11:49:53.674, 2654176740270, testhost.dll, TestPluginCache.GetExtensionPaths: Filtered extension paths: 
TpTrace Verbose: 0 : 3252, 4, 2021/09/23, 11:49:53.674, 2654176740732, testhost.dll, TestPluginCache.GetExtensionPaths: Added default extension paths: D:\IsmaPCBlanco\Documentos\ISMA\Semestre 2021-2\Diseño dirigido por pruebas\Proyectos\Parcial\ProductoSolutionTDD\ProductoSolutionTDD\bin\Debug\net5.0\fine-code-coverage\build-output\NUnit3.TestAdapter.dll
TpTrace Verbose: 0 : 3252, 4, 2021/09/23, 11:49:53.674, 2654176741029, testhost.dll, TestPluginCache.GetExtensionPaths: Added unfilterableExtensionPaths: 
TpTrace Information: 0 : 3252, 4, 2021/09/23, 11:49:53.674, 2654176743313, testhost.dll, AssemblyResolver.AddSearchDirectories: Adding more searchDirectories D:\IsmaPCBlanco\Documentos\ISMA\Semestre 2021-2\Diseño dirigido por pruebas\Proyectos\Parcial\ProductoSolutionTDD\ProductoSolutionTDD\bin\Debug\net5.0\fine-code-coverage\build-output
TpTrace Verbose: 0 : 3252, 4, 2021/09/23, 11:49:53.674, 2654176743907, testhost.dll, TestPluginCache.DiscoverTestExtensions: Discovering the extensions using extension path.
TpTrace Verbose: 0 : 3252, 4, 2021/09/23, 11:49:53.674, 2654176744175, testhost.dll, TestPluginCache.GetExtensionPaths: Filtered extension paths: 
TpTrace Verbose: 0 : 3252, 4, 2021/09/23, 11:49:53.674, 2654176744377, testhost.dll, TestPluginCache.GetExtensionPaths: Added default extension paths: D:\IsmaPCBlanco\Documentos\ISMA\Semestre 2021-2\Diseño dirigido por pruebas\Proyectos\Parcial\ProductoSolutionTDD\ProductoSolutionTDD\bin\Debug\net5.0\fine-code-coverage\build-output\NUnit3.TestAdapter.dll
TpTrace Verbose: 0 : 3252, 4, 2021/09/23, 11:49:53.674, 2654176744625, testhost.dll, TestPluginCache.GetExtensionPaths: Added unfilterableExtensionPaths: 
TpTrace Verbose: 0 : 3252, 4, 2021/09/23, 11:49:53.674, 2654176744808, testhost.dll, TestPluginCache.DiscoverTestExtensions: Discovering the extensions using allExtensionPaths: D:\IsmaPCBlanco\Documentos\ISMA\Semestre 2021-2\Diseño dirigido por pruebas\Proyectos\Parcial\ProductoSolutionTDD\ProductoSolutionTDD\bin\Debug\net5.0\fine-code-coverage\build-output\NUnit3.TestAdapter.dll
TpTrace Information: 0 : 3252, 4, 2021/09/23, 11:49:53.674, 2654176745108, testhost.dll, AssemblyResolver.AddSearchDirectories: Adding more searchDirectories D:\IsmaPCBlanco\Documentos\ISMA\Semestre 2021-2\Diseño dirigido por pruebas\Proyectos\Parcial\ProductoSolutionTDD\ProductoSolutionTDD\bin\Debug\net5.0\fine-code-coverage\build-output
TpTrace Verbose: 0 : 3252, 4, 2021/09/23, 11:49:53.675, 2654176747949, testhost.dll, TestPluginCache: Discovered the extensions using extension path ''.
TpTrace Verbose: 0 : 3252, 4, 2021/09/23, 11:49:53.675, 2654176749096, testhost.dll, TestPluginCache: Discoverers are ''.
TpTrace Verbose: 0 : 3252, 4, 2021/09/23, 11:49:53.675, 2654176749456, testhost.dll, TestPluginCache: Executors are 'executor://NUnit3TestExecutor'.
TpTrace Verbose: 0 : 3252, 4, 2021/09/23, 11:49:53.675, 2654176749949, testhost.dll, TestPluginCache: Executors2 are ''.
TpTrace Verbose: 0 : 3252, 4, 2021/09/23, 11:49:53.675, 2654176750126, testhost.dll, TestPluginCache: Setting providers are ''.
TpTrace Verbose: 0 : 3252, 4, 2021/09/23, 11:49:53.675, 2654176750280, testhost.dll, TestPluginCache: Loggers are ''.
TpTrace Information: 0 : 3252, 4, 2021/09/23, 11:49:53.679, 2654176794799, testhost.dll, TestPluginManager.CreateTestExtension: Attempting to load test extension: NUnit.VisualStudio.TestAdapter.NUnit3TestExecutor
TpTrace Verbose: 0 : 3252, 4, 2021/09/23, 11:49:53.680, 2654176800280, testhost.dll, TestExecutorExtensionManager: Loading executor NUnit.VisualStudio.TestAdapter.NUnit3TestExecutor
TpTrace Verbose: 0 : 3252, 4, 2021/09/23, 11:49:53.680, 2654176800914, testhost.dll, TestExecutorService: Loaded the executors
TpTrace Verbose: 0 : 3252, 4, 2021/09/23, 11:49:53.681, 2654176808263, testhost.dll, TestPluginCache.DiscoverTestExtensions: finding test extensions in assemblies ends with: TestAdapter.dll TPluginInfo: Microsoft.VisualStudio.TestPlatform.Common.ExtensionFramework.Utilities.TestSettingsProviderPluginInformation TExtension: Microsoft.VisualStudio.TestPlatform.ObjectModel.Adapter.ISettingsProvider
TpTrace Verbose: 0 : 3252, 4, 2021/09/23, 11:49:53.681, 2654176809147, testhost.dll, TestPluginCache.GetExtensionPaths: Filtered extension paths: 
TpTrace Verbose: 0 : 3252, 4, 2021/09/23, 11:49:53.681, 2654176809391, testhost.dll, TestPluginCache.GetExtensionPaths: Added default extension paths: D:\IsmaPCBlanco\Documentos\ISMA\Semestre 2021-2\Diseño dirigido por pruebas\Proyectos\Parcial\ProductoSolutionTDD\ProductoSolutionTDD\bin\Debug\net5.0\fine-code-coverage\build-output\NUnit3.TestAdapter.dll
TpTrace Verbose: 0 : 3252, 4, 2021/09/23, 11:49:53.681, 2654176809557, testhost.dll, TestPluginCache.GetExtensionPaths: Added unfilterableExtensionPaths: 
TpTrace Information: 0 : 3252, 4, 2021/09/23, 11:49:53.681, 2654176810723, testhost.dll, AssemblyResolver.AddSearchDirectories: Adding more searchDirectories D:\IsmaPCBlanco\Documentos\ISMA\Semestre 2021-2\Diseño dirigido por pruebas\Proyectos\Parcial\ProductoSolutionTDD\ProductoSolutionTDD\bin\Debug\net5.0\fine-code-coverage\build-output
TpTrace Verbose: 0 : 3252, 4, 2021/09/23, 11:49:53.681, 2654176811149, testhost.dll, TestPluginCache.DiscoverTestExtensions: Discovering the extensions using extension path.
TpTrace Verbose: 0 : 3252, 4, 2021/09/23, 11:49:53.681, 2654176811508, testhost.dll, TestPluginCache.GetExtensionPaths: Filtered extension paths: 
TpTrace Verbose: 0 : 3252, 4, 2021/09/23, 11:49:53.681, 2654176811723, testhost.dll, TestPluginCache.GetExtensionPaths: Added default extension paths: D:\IsmaPCBlanco\Documentos\ISMA\Semestre 2021-2\Diseño dirigido por pruebas\Proyectos\Parcial\ProductoSolutionTDD\ProductoSolutionTDD\bin\Debug\net5.0\fine-code-coverage\build-output\NUnit3.TestAdapter.dll
TpTrace Verbose: 0 : 3252, 4, 2021/09/23, 11:49:53.681, 2654176811926, testhost.dll, TestPluginCache.GetExtensionPaths: Added unfilterableExtensionPaths: 
TpTrace Verbose: 0 : 3252, 4, 2021/09/23, 11:49:53.681, 2654176812187, testhost.dll, TestPluginCache.DiscoverTestExtensions: Discovering the extensions using allExtensionPaths: D:\IsmaPCBlanco\Documentos\ISMA\Semestre 2021-2\Diseño dirigido por pruebas\Proyectos\Parcial\ProductoSolutionTDD\ProductoSolutionTDD\bin\Debug\net5.0\fine-code-coverage\build-output\NUnit3.TestAdapter.dll
TpTrace Information: 0 : 3252, 4, 2021/09/23, 11:49:53.681, 2654176812665, testhost.dll, AssemblyResolver.AddSearchDirectories: Adding more searchDirectories D:\IsmaPCBlanco\Documentos\ISMA\Semestre 2021-2\Diseño dirigido por pruebas\Proyectos\Parcial\ProductoSolutionTDD\ProductoSolutionTDD\bin\Debug\net5.0\fine-code-coverage\build-output
TpTrace Verbose: 0 : 3252, 4, 2021/09/23, 11:49:53.681, 2654176815389, testhost.dll, TestPluginCache: Discovered the extensions using extension path ''.
TpTrace Verbose: 0 : 3252, 4, 2021/09/23, 11:49:53.682, 2654176815749, testhost.dll, TestPluginCache: Discoverers are ''.
TpTrace Verbose: 0 : 3252, 4, 2021/09/23, 11:49:53.682, 2654176815932, testhost.dll, TestPluginCache: Executors are 'executor://NUnit3TestExecutor'.
TpTrace Verbose: 0 : 3252, 4, 2021/09/23, 11:49:53.682, 2654176816089, testhost.dll, TestPluginCache: Executors2 are ''.
TpTrace Verbose: 0 : 3252, 4, 2021/09/23, 11:49:53.682, 2654176816337, testhost.dll, TestPluginCache: Setting providers are ''.
TpTrace Verbose: 0 : 3252, 4, 2021/09/23, 11:49:53.682, 2654176816527, testhost.dll, TestPluginCache: Loggers are ''.
TpTrace Verbose: 0 : 3252, 4, 2021/09/23, 11:49:53.682, 2654176823376, testhost.dll, TestExecutorService: Loaded the settings providers
TpTrace Information: 0 : 3252, 4, 2021/09/23, 11:49:53.682, 2654176823893, testhost.dll, TestExecutorService: Loaded the extensions
TpTrace Information: 0 : 3252, 4, 2021/09/23, 11:49:53.698, 2654176982229, testhost.dll, AssemblyResolver.OnResolve: Microsoft.VisualStudio.TestPlatform.Common.resources: Resolving assembly.
TpTrace Information: 0 : 3252, 4, 2021/09/23, 11:49:53.698, 2654176983470, testhost.dll, AssemblyResolver.OnResolve: Microsoft.VisualStudio.TestPlatform.Common.resources: Failed to load assembly.
TpTrace Information: 0 : 3252, 4, 2021/09/23, 11:49:53.737, 2654177373171, testhost.dll, TestDiscoveryManager: Discovering tests from sources D:\IsmaPCBlanco\Documentos\ISMA\Semestre 2021-2\Diseño dirigido por pruebas\Proyectos\Parcial\ProductoSolutionTDD\ProductoSolutionTDD\bin\Debug\net5.0\fine-code-coverage\build-output\ProductoSolutionTDD.dll
TpTrace Verbose: 0 : 3252, 4, 2021/09/23, 11:49:53.739, 2654177390397, testhost.dll, TestPluginCache.DiscoverTestExtensions: finding test extensions in assemblies ends with: TestAdapter.dll TPluginInfo: Microsoft.VisualStudio.TestPlatform.Common.ExtensionFramework.Utilities.TestDiscovererPluginInformation TExtension: Microsoft.VisualStudio.TestPlatform.ObjectModel.Adapter.ITestDiscoverer
TpTrace Verbose: 0 : 3252, 4, 2021/09/23, 11:49:53.739, 2654177391449, testhost.dll, TestPluginCache.GetExtensionPaths: Filtered extension paths: 
TpTrace Verbose: 0 : 3252, 4, 2021/09/23, 11:49:53.739, 2654177391672, testhost.dll, TestPluginCache.GetExtensionPaths: Added default extension paths: D:\IsmaPCBlanco\Documentos\ISMA\Semestre 2021-2\Diseño dirigido por pruebas\Proyectos\Parcial\ProductoSolutionTDD\ProductoSolutionTDD\bin\Debug\net5.0\fine-code-coverage\build-output\NUnit3.TestAdapter.dll
TpTrace Verbose: 0 : 3252, 4, 2021/09/23, 11:49:53.739, 2654177391827, testhost.dll, TestPluginCache.GetExtensionPaths: Added unfilterableExtensionPaths: 
TpTrace Information: 0 : 3252, 4, 2021/09/23, 11:49:53.739, 2654177392900, testhost.dll, AssemblyResolver.AddSearchDirectories: Adding more searchDirectories D:\IsmaPCBlanco\Documentos\ISMA\Semestre 2021-2\Diseño dirigido por pruebas\Proyectos\Parcial\ProductoSolutionTDD\ProductoSolutionTDD\bin\Debug\net5.0\fine-code-coverage\build-output
TpTrace Verbose: 0 : 3252, 4, 2021/09/23, 11:49:53.739, 2654177393151, testhost.dll, TestPluginCache.DiscoverTestExtensions: Discovering the extensions using extension path.
TpTrace Verbose: 0 : 3252, 4, 2021/09/23, 11:49:53.739, 2654177393325, testhost.dll, TestPluginCache.GetExtensionPaths: Filtered extension paths: 
TpTrace Verbose: 0 : 3252, 4, 2021/09/23, 11:49:53.739, 2654177393501, testhost.dll, TestPluginCache.GetExtensionPaths: Added default extension paths: D:\IsmaPCBlanco\Documentos\ISMA\Semestre 2021-2\Diseño dirigido por pruebas\Proyectos\Parcial\ProductoSolutionTDD\ProductoSolutionTDD\bin\Debug\net5.0\fine-code-coverage\build-output\NUnit3.TestAdapter.dll
TpTrace Verbose: 0 : 3252, 4, 2021/09/23, 11:49:53.739, 2654177393650, testhost.dll, TestPluginCache.GetExtensionPaths: Added unfilterableExtensionPaths: 
TpTrace Verbose: 0 : 3252, 4, 2021/09/23, 11:49:53.739, 2654177393904, testhost.dll, TestPluginCache.DiscoverTestExtensions: Discovering the extensions using allExtensionPaths: D:\IsmaPCBlanco\Documentos\ISMA\Semestre 2021-2\Diseño dirigido por pruebas\Proyectos\Parcial\ProductoSolutionTDD\ProductoSolutionTDD\bin\Debug\net5.0\fine-code-coverage\build-output\NUnit3.TestAdapter.dll
TpTrace Information: 0 : 3252, 4, 2021/09/23, 11:49:53.739, 2654177394273, testhost.dll, AssemblyResolver.AddSearchDirectories: Adding more searchDirectories D:\IsmaPCBlanco\Documentos\ISMA\Semestre 2021-2\Diseño dirigido por pruebas\Proyectos\Parcial\ProductoSolutionTDD\ProductoSolutionTDD\bin\Debug\net5.0\fine-code-coverage\build-output
TpTrace Information: 0 : 3252, 4, 2021/09/23, 11:49:53.741, 2654177408061, testhost.dll, AssemblyResolver.OnResolve: System.ComponentModel.Primitives.resources: Resolving assembly.
TpTrace Information: 0 : 3252, 4, 2021/09/23, 11:49:53.741, 2654177408804, testhost.dll, AssemblyResolver.OnResolve: System.ComponentModel.Primitives.resources: Failed to load assembly.
TpTrace Verbose: 0 : 3252, 4, 2021/09/23, 11:49:53.741, 2654177410811, testhost.dll, CurrentDomain_AssemblyResolve: Resolving assembly 'System.ComponentModel.Primitives.resources'.
TpTrace Information: 0 : 3252, 4, 2021/09/23, 11:49:53.741, 2654177411308, testhost.dll, AssemblyResolver.OnResolve: System.ComponentModel.Primitives.resources: Resolving assembly.
TpTrace Information: 0 : 3252, 4, 2021/09/23, 11:49:53.741, 2654177411564, testhost.dll, AssemblyResolver.OnResolve: System.ComponentModel.Primitives.resources: Resolved from cache.
TpTrace Verbose: 0 : 3252, 4, 2021/09/23, 11:49:53.741, 2654177411738, testhost.dll, CurrentDomain_AssemblyResolve: Resolving assembly 'System.ComponentModel.Primitives.resources'.
TpTrace Verbose: 0 : 3252, 4, 2021/09/23, 11:49:53.741, 2654177411891, testhost.dll, CurrentDomainAssemblyResolve: Failed to resolve assembly 'System.ComponentModel.Primitives.resources'.
TpTrace Verbose: 0 : 3252, 4, 2021/09/23, 11:49:53.742, 2654177417522, testhost.dll, CurrentDomainAssemblyResolve: Failed to resolve assembly 'System.ComponentModel.Primitives.resources'.
TpTrace Information: 0 : 3252, 4, 2021/09/23, 11:49:53.742, 2654177420128, testhost.dll, AssemblyResolver.OnResolve: System.ComponentModel.Primitives.resources: Resolving assembly.
TpTrace Information: 0 : 3252, 4, 2021/09/23, 11:49:53.742, 2654177420381, testhost.dll, AssemblyResolver.OnResolve: System.ComponentModel.Primitives.resources: Resolved from cache.
TpTrace Verbose: 0 : 3252, 4, 2021/09/23, 11:49:53.742, 2654177420560, testhost.dll, CurrentDomain_AssemblyResolve: Resolving assembly 'System.ComponentModel.Primitives.resources'.
TpTrace Verbose: 0 : 3252, 4, 2021/09/23, 11:49:53.742, 2654177420693, testhost.dll, CurrentDomainAssemblyResolve: Failed to resolve assembly 'System.ComponentModel.Primitives.resources'.
TpTrace Verbose: 0 : 3252, 4, 2021/09/23, 11:49:53.743, 2654177426115, testhost.dll, TestPluginCache: Discovered the extensions using extension path ''.
TpTrace Verbose: 0 : 3252, 4, 2021/09/23, 11:49:53.743, 2654177426524, testhost.dll, TestPluginCache: Discoverers are 'NUnit.VisualStudio.TestAdapter.NUnit3TestDiscoverer, NUnit3.TestAdapter, Version=3.17.0.0, Culture=neutral, PublicKeyToken=4cb40d35494691ac'.
TpTrace Verbose: 0 : 3252, 4, 2021/09/23, 11:49:53.743, 2654177426726, testhost.dll, TestPluginCache: Executors are 'executor://NUnit3TestExecutor'.
TpTrace Verbose: 0 : 3252, 4, 2021/09/23, 11:49:53.743, 2654177426869, testhost.dll, TestPluginCache: Executors2 are ''.
TpTrace Verbose: 0 : 3252, 4, 2021/09/23, 11:49:53.743, 2654177426997, testhost.dll, TestPluginCache: Setting providers are ''.
TpTrace Verbose: 0 : 3252, 4, 2021/09/23, 11:49:53.743, 2654177427119, testhost.dll, TestPluginCache: Loggers are ''.
TpTrace Information: 0 : 3252, 4, 2021/09/23, 11:49:53.748, 2654177477626, testhost.dll, PEReaderHelper.GetAssemblyType: Determined assemblyType:'Managed' for source: 'D:\IsmaPCBlanco\Documentos\ISMA\Semestre 2021-2\Diseño dirigido por pruebas\Proyectos\Parcial\ProductoSolutionTDD\ProductoSolutionTDD\bin\Debug\net5.0\fine-code-coverage\build-output\ProductoSolutionTDD.dll'
TpTrace Verbose: 0 : 3252, 4, 2021/09/23, 11:49:53.752, 2654177516806, testhost.dll, BaseRunTests.RunTestInternalWithExecutors: Running tests for executor://NUnit3TestExecutor
TpTrace Information: 0 : 3252, 4, 2021/09/23, 11:49:53.753, 2654177526973, testhost.dll, AssemblyResolver.OnResolve: nunit.engine: Resolving assembly.
TpTrace Information: 0 : 3252, 4, 2021/09/23, 11:49:53.753, 2654177530394, testhost.dll, AssemblyResolver.OnResolve: Resolved assembly: nunit.engine, from path: D:\IsmaPCBlanco\Documentos\ISMA\Semestre 2021-2\Diseño dirigido por pruebas\Proyectos\Parcial\ProductoSolutionTDD\ProductoSolutionTDD\bin\Debug\net5.0\fine-code-coverage\build-output\nunit.engine.dll
TpTrace Information: 0 : 3252, 4, 2021/09/23, 11:49:53.753, 2654177530953, testhost.dll, AssemblyResolver.OnResolve: nunit.engine.core: Resolving assembly.
TpTrace Information: 0 : 3252, 4, 2021/09/23, 11:49:53.753, 2654177534133, testhost.dll, AssemblyResolver.OnResolve: Resolved assembly: nunit.engine.core, from path: D:\IsmaPCBlanco\Documentos\ISMA\Semestre 2021-2\Diseño dirigido por pruebas\Proyectos\Parcial\ProductoSolutionTDD\ProductoSolutionTDD\bin\Debug\net5.0\fine-code-coverage\build-output\nunit.engine.core.dll
TpTrace Information: 0 : 3252, 4, 2021/09/23, 11:49:53.759, 2654177588231, testhost.dll, NUnit Adapter 3.17.0.0: Test execution started
TpTrace Verbose: 0 : 3252, 4, 2021/09/23, 11:49:53.759, 2654177589743, testhost.dll, TestRequestHandler.SendData:  sending data from testhost: {"Version":5,"MessageType":"TestSession.Message","Payload":{"MessageLevel":0,"Message":"NUnit Adapter 3.17.0.0: Test execution started"}}
TpTrace Information: 0 : 3252, 4, 2021/09/23, 11:49:53.782, 2654177818729, testhost.dll, Running all tests in D:\IsmaPCBlanco\Documentos\ISMA\Semestre 2021-2\Diseño dirigido por pruebas\Proyectos\Parcial\ProductoSolutionTDD\ProductoSolutionTDD\bin\Debug\net5.0\fine-code-coverage\build-output\ProductoSolutionTDD.dll
TpTrace Verbose: 0 : 3252, 4, 2021/09/23, 11:49:53.782, 2654177820023, testhost.dll, TestRequestHandler.SendData:  sending data from testhost: {"Version":5,"MessageType":"TestSession.Message","Payload":{"MessageLevel":0,"Message":"Running all tests in D:\\IsmaPCBlanco\\Documentos\\ISMA\\Semestre 2021-2\\Diseño dirigido por pruebas\\Proyectos\\Parcial\\ProductoSolutionTDD\\ProductoSolutionTDD\\bin\\Debug\\net5.0\\fine-code-coverage\\build-output\\ProductoSolutionTDD.dll"}}
TpTrace Information: 0 : 3252, 4, 2021/09/23, 11:49:53.789, 2654177888593, testhost.dll, AssemblyResolver.OnResolve: Mono.Cecil: Resolving assembly.
TpTrace Information: 0 : 3252, 4, 2021/09/23, 11:49:53.789, 2654177890110, testhost.dll, AssemblyResolver.OnResolve: Mono.Cecil: Failed to load assembly.
TpTrace Information: 0 : 3252, 4, 2021/09/23, 11:49:53.912, 2654179123851, testhost.dll,    NUnit3TestExecutor discovered 2 of 2 NUnit test cases
TpTrace Verbose: 0 : 3252, 4, 2021/09/23, 11:49:53.912, 2654179125157, testhost.dll, TestRequestHandler.SendData:  sending data from testhost: {"Version":5,"MessageType":"TestSession.Message","Payload":{"MessageLevel":0,"Message":"   NUnit3TestExecutor discovered 2 of 2 NUnit test cases"}}
TpTrace Verbose: 0 : 3252, 12, 2021/09/23, 11:49:53.933, 2654179334669, testhost.dll, TestExecutionRecorder.RecordStart: Starting test: ProductoSolutionTDD.ProductoSolutionTest.NoPuedeIngresarCantidadProductosDeMenosUno.
TpTrace Verbose: 0 : 3252, 12, 2021/09/23, 11:49:53.966, 2654179657530, testhost.dll, TestExecutionRecorder.RecordEnd: test: ProductoSolutionTDD.ProductoSolutionTest.NoPuedeIngresarCantidadProductosDeMenosUno execution completed.
TpTrace Verbose: 0 : 3252, 12, 2021/09/23, 11:49:53.978, 2654179777021, testhost.dll, TestExecutionRecorder.RecordResult: Received result for test: ProductoSolutionTDD.ProductoSolutionTest.NoPuedeIngresarCantidadProductosDeMenosUno.
TpTrace Warning: 0 : 3252, 12, 2021/09/23, 11:49:53.980, 2654179805422, testhost.dll, TestRunCache: InProgressTests is null
TpTrace Warning: 0 : 3252, 12, 2021/09/23, 11:49:53.981, 2654179807151, testhost.dll, TestRunCache: No test found corresponding to testResult 'NoPuedeIngresarCantidadProductosDeMenosUno' in inProgress list.
TpTrace Verbose: 0 : 3252, 12, 2021/09/23, 11:49:53.981, 2654179808447, testhost.dll, TestExecutionRecorder.RecordStart: Starting test: ProductoSolutionTDD.ProductoSolutionTest.PuedeIngresarCantidadProductosCincuentaCorrecta.
TpTrace Verbose: 0 : 3252, 12, 2021/09/23, 11:49:53.983, 2654179826668, testhost.dll, TestExecutionRecorder.RecordEnd: test: ProductoSolutionTDD.ProductoSolutionTest.PuedeIngresarCantidadProductosCincuentaCorrecta execution completed.
TpTrace Verbose: 0 : 3252, 12, 2021/09/23, 11:49:53.984, 2654179835909, testhost.dll, TestExecutionRecorder.RecordResult: Received result for test: ProductoSolutionTDD.ProductoSolutionTest.PuedeIngresarCantidadProductosCincuentaCorrecta.
TpTrace Warning: 0 : 3252, 12, 2021/09/23, 11:49:53.984, 2654179836677, testhost.dll, TestRunCache: InProgressTests is null
TpTrace Warning: 0 : 3252, 12, 2021/09/23, 11:49:53.984, 2654179836865, testhost.dll, TestRunCache: No test found corresponding to testResult 'PuedeIngresarCantidadProductosCincuentaCorrecta' in inProgress list.
TpTrace Information: 0 : 3252, 4, 2021/09/23, 11:49:53.986, 2654179865334, testhost.dll, NUnit Adapter 3.17.0.0: Test execution complete
TpTrace Verbose: 0 : 3252, 4, 2021/09/23, 11:49:53.987, 2654179866512, testhost.dll, TestRequestHandler.SendData:  sending data from testhost: {"Version":5,"MessageType":"TestSession.Message","Payload":{"MessageLevel":0,"Message":"NUnit Adapter 3.17.0.0: Test execution complete"}}
TpTrace Verbose: 0 : 3252, 4, 2021/09/23, 11:49:53.990, 2654179902358, testhost.dll, BaseRunTests.RunTestInternalWithExecutors: Completed running tests for executor://NUnit3TestExecutor
TpTrace Information: 0 : 3252, 4, 2021/09/23, 11:49:53.993, 2654179925591, testhost.dll, Sending test run complete
TpTrace Verbose: 0 : 3252, 4, 2021/09/23, 11:49:54.018, 2654180177693, testhost.dll, TestRequestHandler.SendData:  sending data from testhost: {"Version":5,"MessageType":"TestExecution.Completed","Payload":{"TestRunCompleteArgs":{"TestRunStatistics":{"ExecutedTests":2,"Stats":{"Passed":1,"Failed":1}},"IsCanceled":false,"IsAborted":false,"Error":null,"AttachmentSets":[],"ElapsedTimeInRunningTests":"00:00:00.2413551","Metrics":{}},"LastRunTests":{"NewTestResults":[{"TestCase":{"Id":"1fd23cc2-ebc2-4f0e-3c28-85f7d285a74d","FullyQualifiedName":"ProductoSolutionTDD.ProductoSolutionTest.NoPuedeIngresarCantidadProductosDeMenosUno","DisplayName":"NoPuedeIngresarCantidadProductosDeMenosUno","ExecutorUri":"executor://NUnit3TestExecutor","Source":"D:\\IsmaPCBlanco\\Documentos\\ISMA\\Semestre 2021-2\\Diseño dirigido por pruebas\\Proyectos\\Parcial\\ProductoSolutionTDD\\ProductoSolutionTDD\\bin\\Debug\\net5.0\\fine-code-coverage\\build-output\\ProductoSolutionTDD.dll","CodeFilePath":null,"LineNumber":0,"Properties":[]},"Attachments":[],"Outcome":1,"ErrorMessage":null,"ErrorStackTrace":null,"DisplayName":"NoPuedeIngresarCantidadProductosDeMenosUno","Messages":[],"ComputerName":"DESKTOP-FFMH835","Duration":"00:00:00.0051800","StartTime":"2021-09-23T16:49:53.9332014+00:00","EndTime":"2021-09-23T16:49:53.9383233+00:00","Properties":[]},{"TestCase":{"Id":"5aafae75-09ff-9b28-1901-0763a8ee5fcf","FullyQualifiedName":"ProductoSolutionTDD.ProductoSolutionTest.PuedeIngresarCantidadProductosCincuentaCorrecta","DisplayName":"PuedeIngresarCantidadProductosCincuentaCorrecta","ExecutorUri":"executor://NUnit3TestExecutor","Source":"D:\\IsmaPCBlanco\\Documentos\\ISMA\\Semestre 2021-2\\Diseño dirigido por pruebas\\Proyectos\\Parcial\\ProductoSolutionTDD\\ProductoSolutionTDD\\bin\\Debug\\net5.0\\fine-code-coverage\\build-output\\ProductoSolutionTDD.dll","CodeFilePath":null,"LineNumber":0,"Properties":[]},"Attachments":[],"Outcome":2,"ErrorMessage":"System.NotImplementedException : The method or operation is not implemented.","ErrorStackTrace":"   at ProductoSolutionTDD.ProductoSimple.Ingresar(Decimal cantidadProducto) in D:\\IsmaPCBlanco\\Documentos\\ISMA\\Semestre 2021-2\\Diseño dirigido por pruebas\\Proyectos\\Parcial\\ProductoSolutionTDD\\ProductoSolutionTDD\\ProductoSolutionTest.cs:line 83\r\n   at ProductoSolutionTDD.ProductoSolutionTest.PuedeIngresarCantidadProductosCincuentaCorrecta() in D:\\IsmaPCBlanco\\Documentos\\ISMA\\Semestre 2021-2\\Diseño dirigido por pruebas\\Proyectos\\Parcial\\ProductoSolutionTDD\\ProductoSolutionTDD\\ProductoSolutionTest.cs:line 53","DisplayName":"PuedeIngresarCantidadProductosCincuentaCorrecta","Messages":[],"ComputerName":"DESKTOP-FFMH835","Duration":"00:00:00.0084220","StartTime":"2021-09-23T16:49:53.939621+00:00","EndTime":"2021-09-23T16:49:53.9480433+00:00","Properties":[]}],"TestRunStatistics":{"ExecutedTests":2,"Stats":{"Passed":1,"Failed":1}},"ActiveTests":[]},"RunAttachments":[],"ExecutorUris":["executor://nunit3testexecutor/"]}}
TpTrace Verbose: 0 : 3252, 4, 2021/09/23, 11:49:54.018, 2654180181110, testhost.dll, BaseRunTests.RunTests: Run is complete.
TpTrace Verbose: 0 : 3252, 8, 2021/09/23, 11:49:54.020, 2654180200438, testhost.dll, TcpClientExtensions.MessageLoopAsync: NotifyDataAvailable remoteEndPoint: [::ffff:127.0.0.1]:58491 localEndPoint: [::ffff:127.0.0.1]:58492
TpTrace Information: 0 : 3252, 8, 2021/09/23, 11:49:54.020, 2654180201763, testhost.dll, TestRequestHandler.ProcessRequests: received message: (TestSession.Terminate) -> null
TpTrace Information: 0 : 3252, 8, 2021/09/23, 11:49:54.020, 2654180202026, testhost.dll, Session End message received from server. Closing the connection.
TpTrace Information: 0 : 3252, 8, 2021/09/23, 11:49:54.020, 2654180204631, testhost.dll, SocketClient.Stop: Stop communication from server endpoint: 127.0.0.1:058491
TpTrace Information: 0 : 3252, 8, 2021/09/23, 11:49:54.020, 2654180204891, testhost.dll, SocketClient: Stop: Cancellation requested. Stopping message loop.
TpTrace Verbose: 0 : 3252, 8, 2021/09/23, 11:49:54.020, 2654180205470, testhost.dll, LengthPrefixCommunicationChannel.Dispose: Dispose reader and writer.
TpTrace Information: 0 : 3252, 8, 2021/09/23, 11:49:54.021, 2654180205728, testhost.dll, Closing the connection !
TpTrace Information: 0 : 3252, 8, 2021/09/23, 11:49:54.021, 2654180207119, testhost.dll, SocketClient.PrivateStop: Stop communication from server endpoint: 127.0.0.1:058491, error:
TpTrace Verbose: 0 : 3252, 8, 2021/09/23, 11:49:54.021, 2654180211468, testhost.dll, LengthPrefixCommunicationChannel.Dispose: Dispose reader and writer.
TpTrace Verbose: 0 : 3252, 8, 2021/09/23, 11:49:54.021, 2654180211998, testhost.dll, TcpClientExtensions.MessageLoopAsync: exiting MessageLoopAsync remoteEndPoint: [::ffff:127.0.0.1]:58491 localEndPoint: [::ffff:127.0.0.1]:58492
TpTrace Information: 0 : 3252, 1, 2021/09/23, 11:49:54.021, 2654180211542, testhost.dll, Closing the connection !
TpTrace Information: 0 : 3252, 1, 2021/09/23, 11:49:54.021, 2654180212745, testhost.dll, SocketClient.Stop: Stop communication from server endpoint: 127.0.0.1:058491
TpTrace Verbose: 0 : 3252, 1, 2021/09/23, 11:49:54.021, 2654180212973, testhost.dll, LengthPrefixCommunicationChannel.Dispose: Dispose reader and writer.
TpTrace Information: 0 : 3252, 1, 2021/09/23, 11:49:54.021, 2654180213630, testhost.dll, Testhost process exiting.
