TpTrace Verbose: 0 : 11604, 1, 2021/09/23, 11:54:06.189, 2656701893602, datacollector.dll, Version: 16.10.0-release-20210520-03
TpTrace Information: 0 : 11604, 1, 2021/09/23, 11:54:06.192, 2656701916216, datacollector.dll, DataCollectorMain.Run: Starting data collector run with args: --port,52321,--parentprocessid,21448,--diag,D:\IsmaPCBlanco\Documentos\ISMA\Semestre 2021-2\Dise単o dirigido por pruebas\Proyectos\Parcial\ProductoSolutionTDD\ProductoSolutionTDD\bin\Debug\net5.0\fine-code-coverage\coverage-tool-output\diagnostics.datacollector.21-09-23_11-54-06_10302_4.log,--tracelevel,4
TpTrace Information: 0 : 11604, 1, 2021/09/23, 11:54:06.192, 2656701917552, datacollector.dll, DataCollector: Monitoring parent process with id: '21448'
TpTrace Information: 0 : 11604, 1, 2021/09/23, 11:54:06.198, 2656701981529, datacollector.dll, Trying to connect to server on socket : 127.0.0.1:52321 
TpTrace Verbose: 0 : 11604, 1, 2021/09/23, 11:54:06.215, 2656702153992, datacollector.dll, SocketCommunicationManager : SetupClientAsync : Attempting to connect to the server.
TpTrace Information: 0 : 11604, 7, 2021/09/23, 11:54:06.221, 2656702212706, datacollector.dll, Connected to the server successfully 
TpTrace Information: 0 : 11604, 7, 2021/09/23, 11:54:06.221, 2656702213384, datacollector.dll, Using the buffer size of 16384 bytes
TpTrace Information: 0 : 11604, 1, 2021/09/23, 11:54:06.269, 2656702695031, datacollector.dll, DataCollector: Start Request Processing.
TpTrace Information: 0 : 11604, 1, 2021/09/23, 11:54:06.272, 2656702721212, datacollector.dll, DataCollectionRequestHandler.ProcessRequests : Datacollector received message: (DataCollection.BeforeTestRunStart) -> {
  "SettingsXml": "<RunSettings><RunConfiguration><ResultsDirectory>D:\\IsmaPCBlanco\\Documentos\\ISMA\\Semestre 2021-2\\Dise単o dirigido por pruebas\\Proyectos\\Parcial\\ProductoSolutionTDD\\ProductoSolutionTDD\\bin\\Debug\\net5.0\\fine-code-coverage\\coverage-tool-output</ResultsDirectory><TargetPlatform>X64</TargetPlatform><TargetFrameworkVersion>.NETCoreApp,Version=v5.0</TargetFrameworkVersion><DesignMode>False</DesignMode><CollectSourceInformation>False</CollectSourceInformation><TestAdaptersPaths>C:\\Program Files\\dotnet\\sdk\\5.0.301\\Extensions</TestAdaptersPaths></RunConfiguration><LoggerRunSettings><Loggers><Logger friendlyName=\"blame\" enabled=\"True\" /><Logger friendlyName=\"Console\" uri=\"logger://microsoft/TestPlatform/ConsoleLogger/v1\" assemblyQualifiedName=\"Microsoft.VisualStudio.TestPlatform.CommandLine.Internal.ConsoleLogger, vstest.console, Version=15.0.0.0, Culture=neutral, PublicKeyToken=b03f5f7f11d50a3a\" codeBase=\"C:\\Program Files\\dotnet\\sdk\\5.0.301\\vstest.console.dll\" enabled=\"True\" /></Loggers></LoggerRunSettings><DataCollectionRunSettings><DataCollectors><DataCollector friendlyName=\"blame\" enabled=\"True\"><Configuration><ResultsDirectory>D:\\IsmaPCBlanco\\Documentos\\ISMA\\Semestre 2021-2\\Dise単o dirigido por pruebas\\Proyectos\\Parcial\\ProductoSolutionTDD\\ProductoSolutionTDD\\bin\\Debug\\net5.0\\fine-code-coverage\\coverage-tool-output</ResultsDirectory></Configuration></DataCollector></DataCollectors></DataCollectionRunSettings></RunSettings>",
  "Sources": [
    "D:\\IsmaPCBlanco\\Documentos\\ISMA\\Semestre 2021-2\\Dise単o dirigido por pruebas\\Proyectos\\Parcial\\ProductoSolutionTDD\\ProductoSolutionTDD\\bin\\Debug\\net5.0\\fine-code-coverage\\build-output\\ProductoSolutionTDD.dll"
  ],
  "IsTelemetryOptedIn": false
}
TpTrace Verbose: 0 : 11604, 1, 2021/09/23, 11:54:06.295, 2656702954504, datacollector.dll, TestPluginCache: Update extensions started. Skip filter = False
TpTrace Verbose: 0 : 11604, 1, 2021/09/23, 11:54:06.296, 2656702960023, datacollector.dll, TestPluginCache: Using directories for assembly resolution 'C:\Program Files\dotnet\sdk\5.0.301\Extensions'.
TpTrace Verbose: 0 : 11604, 1, 2021/09/23, 11:54:06.296, 2656702960695, datacollector.dll, TestPluginCache: Updated the available extensions to 'C:\Program Files\dotnet\sdk\5.0.301\Extensions\Microsoft.TestPlatform.Extensions.BlameDataCollector.dll,C:\Program Files\dotnet\sdk\5.0.301\Extensions\Microsoft.TestPlatform.Extensions.EventLogCollector.dll'.
TpTrace Verbose: 0 : 11604, 1, 2021/09/23, 11:54:06.300, 2656702999860, datacollector.dll, TestPluginCache.DiscoverTestExtensions: finding test extensions in assemblies ends with: Collector.dll TPluginInfo: Microsoft.VisualStudio.TestPlatform.Common.DataCollector.DataCollectorConfig TExtension: Microsoft.VisualStudio.TestPlatform.ObjectModel.DataCollection.DataCollector
TpTrace Verbose: 0 : 11604, 1, 2021/09/23, 11:54:06.300, 2656703001246, datacollector.dll, TestPluginCache.GetExtensionPaths: Filtered extension paths: C:\Program Files\dotnet\sdk\5.0.301\Extensions\Microsoft.TestPlatform.Extensions.BlameDataCollector.dll
C:\Program Files\dotnet\sdk\5.0.301\Extensions\Microsoft.TestPlatform.Extensions.EventLogCollector.dll
TpTrace Verbose: 0 : 11604, 1, 2021/09/23, 11:54:06.300, 2656703001532, datacollector.dll, TestPluginCache.GetExtensionPaths: Added default extension paths: 
TpTrace Verbose: 0 : 11604, 1, 2021/09/23, 11:54:06.300, 2656703001687, datacollector.dll, TestPluginCache.GetExtensionPaths: Added unfilterableExtensionPaths: 
TpTrace Information: 0 : 11604, 1, 2021/09/23, 11:54:06.301, 2656703005564, datacollector.dll, AssemblyResolver.ctor: Creating AssemblyResolver with searchDirectories C:\Program Files\dotnet\sdk\5.0.301\Extensions,C:\Program Files\dotnet\sdk\5.0.301
TpTrace Verbose: 0 : 11604, 1, 2021/09/23, 11:54:06.301, 2656703014359, datacollector.dll, TestPluginCache.DiscoverTestExtensions: Discovering the extensions using extension path.
TpTrace Verbose: 0 : 11604, 1, 2021/09/23, 11:54:06.302, 2656703016025, datacollector.dll, TestPluginCache.GetExtensionPaths: Filtered extension paths: C:\Program Files\dotnet\sdk\5.0.301\Extensions\Microsoft.TestPlatform.Extensions.BlameDataCollector.dll
C:\Program Files\dotnet\sdk\5.0.301\Extensions\Microsoft.TestPlatform.Extensions.EventLogCollector.dll
TpTrace Verbose: 0 : 11604, 1, 2021/09/23, 11:54:06.302, 2656703016447, datacollector.dll, TestPluginCache.GetExtensionPaths: Added default extension paths: 
TpTrace Verbose: 0 : 11604, 1, 2021/09/23, 11:54:06.302, 2656703016594, datacollector.dll, TestPluginCache.GetExtensionPaths: Added unfilterableExtensionPaths: 
TpTrace Verbose: 0 : 11604, 1, 2021/09/23, 11:54:06.302, 2656703017014, datacollector.dll, TestPluginCache.DiscoverTestExtensions: Discovering the extensions using allExtensionPaths: C:\Program Files\dotnet\sdk\5.0.301\Extensions\Microsoft.TestPlatform.Extensions.BlameDataCollector.dll
C:\Program Files\dotnet\sdk\5.0.301\Extensions\Microsoft.TestPlatform.Extensions.EventLogCollector.dll
TpTrace Information: 0 : 11604, 1, 2021/09/23, 11:54:06.302, 2656703017826, datacollector.dll, AssemblyResolver.AddSearchDirectories: Adding more searchDirectories C:\Program Files\dotnet\sdk\5.0.301\Extensions,C:\Program Files\dotnet\sdk\5.0.301
TpTrace Information: 0 : 11604, 1, 2021/09/23, 11:54:06.302, 2656703018319, datacollector.dll, AssemblyResolver.AddSearchDirectories: Adding more searchDirectories C:\Program Files\dotnet\sdk\5.0.301\Extensions,C:\Program Files\dotnet\sdk\5.0.301
TpTrace Information: 0 : 11604, 1, 2021/09/23, 11:54:06.302, 2656703021138, datacollector.dll, AssemblyResolver.OnResolve: Microsoft.TestPlatform.Extensions.BlameDataCollector: Resolving assembly.
TpTrace Information: 0 : 11604, 1, 2021/09/23, 11:54:06.302, 2656703021545, datacollector.dll, AssemblyResolver.OnResolve: Microsoft.TestPlatform.Extensions.BlameDataCollector: Searching in: 'C:\Program Files\dotnet\sdk\5.0.301\Extensions'.
TpTrace Information: 0 : 11604, 1, 2021/09/23, 11:54:06.303, 2656703029862, datacollector.dll, AssemblyResolver.OnResolve: Microsoft.TestPlatform.Extensions.BlameDataCollector: Loading assembly 'C:\Program Files\dotnet\sdk\5.0.301\Extensions\Microsoft.TestPlatform.Extensions.BlameDataCollector.dll'.
TpTrace Information: 0 : 11604, 1, 2021/09/23, 11:54:06.304, 2656703037232, datacollector.dll, AssemblyResolver.OnResolve: Resolved assembly: Microsoft.TestPlatform.Extensions.BlameDataCollector, from path: C:\Program Files\dotnet\sdk\5.0.301\Extensions\Microsoft.TestPlatform.Extensions.BlameDataCollector.dll
TpTrace Error: 0 : 11604, 1, 2021/09/23, 11:54:06.305, 2656703045664, datacollector.dll, The type "Microsoft.TestPlatform.Extensions.BlameDataCollector.BlameCollector" defined in "Microsoft.TestPlatform.Extensions.BlameDataCollector.dll" does not have ExtensionUri attribute.
TpTrace Information: 0 : 11604, 1, 2021/09/23, 11:54:06.305, 2656703055204, datacollector.dll, AssemblyResolver.OnResolve: Microsoft.TestPlatform.Extensions.EventLogCollector: Resolving assembly.
TpTrace Information: 0 : 11604, 1, 2021/09/23, 11:54:06.306, 2656703055826, datacollector.dll, AssemblyResolver.OnResolve: Microsoft.TestPlatform.Extensions.EventLogCollector: Searching in: 'C:\Program Files\dotnet\sdk\5.0.301\Extensions'.
TpTrace Information: 0 : 11604, 1, 2021/09/23, 11:54:06.306, 2656703061086, datacollector.dll, AssemblyResolver.OnResolve: Microsoft.TestPlatform.Extensions.EventLogCollector: Loading assembly 'C:\Program Files\dotnet\sdk\5.0.301\Extensions\Microsoft.TestPlatform.Extensions.EventLogCollector.dll'.
TpTrace Information: 0 : 11604, 1, 2021/09/23, 11:54:06.307, 2656703069797, datacollector.dll, AssemblyResolver.OnResolve: Resolved assembly: Microsoft.TestPlatform.Extensions.EventLogCollector, from path: C:\Program Files\dotnet\sdk\5.0.301\Extensions\Microsoft.TestPlatform.Extensions.EventLogCollector.dll
TpTrace Error: 0 : 11604, 1, 2021/09/23, 11:54:06.309, 2656703090094, datacollector.dll, The type "Microsoft.TestPlatform.Extensions.EventLogCollector.EventLogDataCollector" defined in "Microsoft.TestPlatform.Extensions.EventLogCollector.dll" does not have ExtensionUri attribute.
TpTrace Verbose: 0 : 11604, 1, 2021/09/23, 11:54:06.309, 2656703093181, datacollector.dll, TestPluginCache: Discovered the extensions using extension path 'C:\Program Files\dotnet\sdk\5.0.301\Extensions\Microsoft.TestPlatform.Extensions.BlameDataCollector.dll,C:\Program Files\dotnet\sdk\5.0.301\Extensions\Microsoft.TestPlatform.Extensions.EventLogCollector.dll'.
TpTrace Verbose: 0 : 11604, 1, 2021/09/23, 11:54:06.309, 2656703093579, datacollector.dll, TestPluginCache: Discoverers are ''.
TpTrace Verbose: 0 : 11604, 1, 2021/09/23, 11:54:06.309, 2656703093718, datacollector.dll, TestPluginCache: Executors are ''.
TpTrace Verbose: 0 : 11604, 1, 2021/09/23, 11:54:06.309, 2656703093873, datacollector.dll, TestPluginCache: Executors2 are ''.
TpTrace Verbose: 0 : 11604, 1, 2021/09/23, 11:54:06.309, 2656703094165, datacollector.dll, TestPluginCache: Setting providers are ''.
TpTrace Verbose: 0 : 11604, 1, 2021/09/23, 11:54:06.309, 2656703094316, datacollector.dll, TestPluginCache: Loggers are ''.
TpTrace Information: 0 : 11604, 1, 2021/09/23, 11:54:06.310, 2656703102916, datacollector.dll, TestPluginManager.CreateTestExtension: Attempting to load test extension: Microsoft.TestPlatform.Extensions.BlameDataCollector.BlameCollector
TpTrace Error: 0 : 11604, 1, 2021/09/23, 11:54:06.311, 2656703106302, datacollector.dll, The type "Microsoft.TestPlatform.Extensions.BlameDataCollector.BlameCollector" defined in "Microsoft.TestPlatform.Extensions.BlameDataCollector.dll" does not have ExtensionUri attribute.
TpTrace Information: 0 : 11604, 1, 2021/09/23, 11:54:06.315, 2656703149167, datacollector.dll, Listening on Endpoint : 127.0.0.1:52323
TpTrace Information: 0 : 11604, 1, 2021/09/23, 11:54:06.320, 2656703198339, datacollector.dll, DataCollectionRequestHandler.ProcessRequests : DataCollection started.
TpTrace Information: 0 : 11604, 1, 2021/09/23, 11:54:06.331, 2656703311604, datacollector.dll, DataCollectionRequestHandler.ProcessRequests : Datacollector received message: (DataCollection.TestHostLaunched) -> {
  "ProcessId": 7004
}
TpTrace Information: 0 : 11604, 5, 2021/09/23, 11:54:06.487, 2656704869565, datacollector.dll, Using the buffer size of 16384 bytes
TpTrace Information: 0 : 11604, 5, 2021/09/23, 11:54:06.487, 2656704870293, datacollector.dll, Accepted Client request and set the flag
TpTrace Information: 0 : 11604, 7, 2021/09/23, 11:54:06.918, 2656709176712, datacollector.dll, DataCollectionTestCaseEventHandler: Test case starting.
TpTrace Information: 0 : 11604, 7, 2021/09/23, 11:54:06.925, 2656709250247, datacollector.dll, Blame Collector : Test Case Start
TpTrace Information: 0 : 11604, 7, 2021/09/23, 11:54:06.927, 2656709267018, datacollector.dll, DataCollectionTestCaseEventHandler: Test case 'NoPuedeIngresarCantidadProductosDeMenosUno - 1fd23cc2-ebc2-4f0e-3c28-85f7d285a74d' started.
TpTrace Information: 0 : 11604, 7, 2021/09/23, 11:54:06.940, 2656709403872, datacollector.dll, DataCollectionTestCaseEventHandler : Test case completing.
TpTrace Information: 0 : 11604, 7, 2021/09/23, 11:54:06.943, 2656709431472, datacollector.dll, Blame Collector : Test Case End
TpTrace Information: 0 : 11604, 7, 2021/09/23, 11:54:06.946, 2656709465344, datacollector.dll, DataCollectionTestCaseEventHandler: Test case 'NoPuedeIngresarCantidadProductosDeMenosUno - 1fd23cc2-ebc2-4f0e-3c28-85f7d285a74d' completed
TpTrace Information: 0 : 11604, 7, 2021/09/23, 11:54:06.955, 2656709545659, datacollector.dll, DataCollectionTestCaseEventHandler: Test case starting.
TpTrace Information: 0 : 11604, 7, 2021/09/23, 11:54:06.955, 2656709548233, datacollector.dll, Blame Collector : Test Case Start
TpTrace Information: 0 : 11604, 7, 2021/09/23, 11:54:06.955, 2656709549218, datacollector.dll, DataCollectionTestCaseEventHandler: Test case 'PuedeIngresarCantidadProductosCincuentaCorrecta - 5aafae75-09ff-9b28-1901-0763a8ee5fcf' started.
TpTrace Information: 0 : 11604, 7, 2021/09/23, 11:54:06.955, 2656709554160, datacollector.dll, DataCollectionTestCaseEventHandler : Test case completing.
TpTrace Information: 0 : 11604, 7, 2021/09/23, 11:54:06.956, 2656709555828, datacollector.dll, Blame Collector : Test Case End
TpTrace Information: 0 : 11604, 7, 2021/09/23, 11:54:06.956, 2656709557086, datacollector.dll, DataCollectionTestCaseEventHandler: Test case 'PuedeIngresarCantidadProductosCincuentaCorrecta - 5aafae75-09ff-9b28-1901-0763a8ee5fcf' completed
TpTrace Information: 0 : 11604, 7, 2021/09/23, 11:54:06.964, 2656709635779, datacollector.dll, DataCollectionTestCaseEventHandler: Test session ended
TpTrace Information: 0 : 11604, 1, 2021/09/23, 11:54:07.035, 2656710353771, datacollector.dll, DataCollectionRequestHandler.ProcessRequests : Datacollector received message: (DataCollection.AfterTestRunEnd) -> false
TpTrace Information: 0 : 11604, 1, 2021/09/23, 11:54:07.036, 2656710359098, datacollector.dll, Blame Collector : Session End
TpTrace Information: 0 : 11604, 1, 2021/09/23, 11:54:07.036, 2656710359648, datacollector.dll, BlameCollector.CollectDumpAndAbortTesthost: Custom path to dump directory was provided via VSTEST_DUMP_PATH. Skipping attachment upload, the caller is responsible for collecting and uploading the dumps themselves.
TpTrace Information: 0 : 11604, 1, 2021/09/23, 11:54:07.036, 2656710360365, datacollector.dll, DataCollectionManager.CleanupPlugins: CleanupPlugins called
TpTrace Verbose: 0 : 11604, 1, 2021/09/23, 11:54:07.036, 2656710360564, datacollector.dll, DataCollectionManager.CleanupPlugins: Cleaning up 1 plugins
TpTrace Verbose: 0 : 11604, 1, 2021/09/23, 11:54:07.036, 2656710361307, datacollector.dll, dataCollectorInfo.DisposeDataCollector: calling Dispose() on Microsoft.TestPlatform.Extensions.BlameDataCollector.BlameCollector
TpTrace Information: 0 : 11604, 1, 2021/09/23, 11:54:07.036, 2656710361718, datacollector.dll, DataCollectionManager.CleanupPlugins: CleanupPlugins finished
TpTrace Information: 0 : 11604, 1, 2021/09/23, 11:54:07.038, 2656710384469, datacollector.dll, DataCollectionRequestHandler.ProcessRequests : Session End message received from server. Closing the connection.
TpTrace Information: 0 : 11604, 1, 2021/09/23, 11:54:07.039, 2656710386412, datacollector.dll, Closing the connection !
TpTrace Information: 0 : 11604, 1, 2021/09/23, 11:54:07.039, 2656710386667, datacollector.dll, DataCollectionRequestHandler.ProcessRequests : DataCollection completed
TpTrace Information: 0 : 11604, 1, 2021/09/23, 11:54:07.039, 2656710386912, datacollector.dll, Program.Main: exiting datacollector process.
