TpTrace Verbose: 0 : 556, 1, 2021/09/23, 11:49:53.208, 2654172083782, datacollector.dll, Version: 16.10.0-release-20210520-03
TpTrace Information: 0 : 556, 1, 2021/09/23, 11:49:53.211, 2654172108873, datacollector.dll, DataCollectorMain.Run: Starting data collector run with args: --port,58488,--parentprocessid,16880,--diag,D:\IsmaPCBlanco\Documentos\ISMA\Semestre 2021-2\Dise単o dirigido por pruebas\Proyectos\Parcial\ProductoSolutionTDD\ProductoSolutionTDD\bin\Debug\net5.0\fine-code-coverage\coverage-tool-output\diagnostics.datacollector.21-09-23_11-49-53_11063_4.log,--tracelevel,4
TpTrace Information: 0 : 556, 1, 2021/09/23, 11:49:53.211, 2654172110813, datacollector.dll, DataCollector: Monitoring parent process with id: '16880'
TpTrace Information: 0 : 556, 1, 2021/09/23, 11:49:53.217, 2654172171608, datacollector.dll, Trying to connect to server on socket : 127.0.0.1:58488 
TpTrace Verbose: 0 : 556, 1, 2021/09/23, 11:49:53.235, 2654172347845, datacollector.dll, SocketCommunicationManager : SetupClientAsync : Attempting to connect to the server.
TpTrace Information: 0 : 556, 7, 2021/09/23, 11:49:53.241, 2654172407356, datacollector.dll, Connected to the server successfully 
TpTrace Information: 0 : 556, 7, 2021/09/23, 11:49:53.241, 2654172408002, datacollector.dll, Using the buffer size of 16384 bytes
TpTrace Information: 0 : 556, 1, 2021/09/23, 11:49:53.290, 2654172904003, datacollector.dll, DataCollector: Start Request Processing.
TpTrace Information: 0 : 556, 1, 2021/09/23, 11:49:53.293, 2654172927883, datacollector.dll, DataCollectionRequestHandler.ProcessRequests : Datacollector received message: (DataCollection.BeforeTestRunStart) -> {
  "SettingsXml": "<RunSettings><RunConfiguration><ResultsDirectory>D:\\IsmaPCBlanco\\Documentos\\ISMA\\Semestre 2021-2\\Dise単o dirigido por pruebas\\Proyectos\\Parcial\\ProductoSolutionTDD\\ProductoSolutionTDD\\bin\\Debug\\net5.0\\fine-code-coverage\\coverage-tool-output</ResultsDirectory><TargetPlatform>X64</TargetPlatform><TargetFrameworkVersion>.NETCoreApp,Version=v5.0</TargetFrameworkVersion><DesignMode>False</DesignMode><CollectSourceInformation>False</CollectSourceInformation><TestAdaptersPaths>C:\\Program Files\\dotnet\\sdk\\5.0.301\\Extensions</TestAdaptersPaths></RunConfiguration><LoggerRunSettings><Loggers><Logger friendlyName=\"blame\" enabled=\"True\" /><Logger friendlyName=\"Console\" uri=\"logger://microsoft/TestPlatform/ConsoleLogger/v1\" assemblyQualifiedName=\"Microsoft.VisualStudio.TestPlatform.CommandLine.Internal.ConsoleLogger, vstest.console, Version=15.0.0.0, Culture=neutral, PublicKeyToken=b03f5f7f11d50a3a\" codeBase=\"C:\\Program Files\\dotnet\\sdk\\5.0.301\\vstest.console.dll\" enabled=\"True\" /></Loggers></LoggerRunSettings><DataCollectionRunSettings><DataCollectors><DataCollector friendlyName=\"blame\" enabled=\"True\"><Configuration><ResultsDirectory>D:\\IsmaPCBlanco\\Documentos\\ISMA\\Semestre 2021-2\\Dise単o dirigido por pruebas\\Proyectos\\Parcial\\ProductoSolutionTDD\\ProductoSolutionTDD\\bin\\Debug\\net5.0\\fine-code-coverage\\coverage-tool-output</ResultsDirectory></Configuration></DataCollector></DataCollectors></DataCollectionRunSettings></RunSettings>",
  "Sources": [
    "D:\\IsmaPCBlanco\\Documentos\\ISMA\\Semestre 2021-2\\Dise単o dirigido por pruebas\\Proyectos\\Parcial\\ProductoSolutionTDD\\ProductoSolutionTDD\\bin\\Debug\\net5.0\\fine-code-coverage\\build-output\\ProductoSolutionTDD.dll"
  ],
  "IsTelemetryOptedIn": false
}
TpTrace Verbose: 0 : 556, 1, 2021/09/23, 11:49:53.319, 2654173188708, datacollector.dll, TestPluginCache: Update extensions started. Skip filter = False
TpTrace Verbose: 0 : 556, 1, 2021/09/23, 11:49:53.319, 2654173193778, datacollector.dll, TestPluginCache: Using directories for assembly resolution 'C:\Program Files\dotnet\sdk\5.0.301\Extensions'.
TpTrace Verbose: 0 : 556, 1, 2021/09/23, 11:49:53.319, 2654173194181, datacollector.dll, TestPluginCache: Updated the available extensions to 'C:\Program Files\dotnet\sdk\5.0.301\Extensions\Microsoft.TestPlatform.Extensions.BlameDataCollector.dll,C:\Program Files\dotnet\sdk\5.0.301\Extensions\Microsoft.TestPlatform.Extensions.EventLogCollector.dll'.
TpTrace Verbose: 0 : 556, 1, 2021/09/23, 11:49:53.323, 2654173235053, datacollector.dll, TestPluginCache.DiscoverTestExtensions: finding test extensions in assemblies ends with: Collector.dll TPluginInfo: Microsoft.VisualStudio.TestPlatform.Common.DataCollector.DataCollectorConfig TExtension: Microsoft.VisualStudio.TestPlatform.ObjectModel.DataCollection.DataCollector
TpTrace Verbose: 0 : 556, 1, 2021/09/23, 11:49:53.324, 2654173236390, datacollector.dll, TestPluginCache.GetExtensionPaths: Filtered extension paths: C:\Program Files\dotnet\sdk\5.0.301\Extensions\Microsoft.TestPlatform.Extensions.BlameDataCollector.dll
C:\Program Files\dotnet\sdk\5.0.301\Extensions\Microsoft.TestPlatform.Extensions.EventLogCollector.dll
TpTrace Verbose: 0 : 556, 1, 2021/09/23, 11:49:53.324, 2654173236642, datacollector.dll, TestPluginCache.GetExtensionPaths: Added default extension paths: 
TpTrace Verbose: 0 : 556, 1, 2021/09/23, 11:49:53.324, 2654173236779, datacollector.dll, TestPluginCache.GetExtensionPaths: Added unfilterableExtensionPaths: 
TpTrace Information: 0 : 556, 1, 2021/09/23, 11:49:53.324, 2654173240638, datacollector.dll, AssemblyResolver.ctor: Creating AssemblyResolver with searchDirectories C:\Program Files\dotnet\sdk\5.0.301\Extensions,C:\Program Files\dotnet\sdk\5.0.301
TpTrace Verbose: 0 : 556, 1, 2021/09/23, 11:49:53.325, 2654173250227, datacollector.dll, TestPluginCache.DiscoverTestExtensions: Discovering the extensions using extension path.
TpTrace Verbose: 0 : 556, 1, 2021/09/23, 11:49:53.325, 2654173251620, datacollector.dll, TestPluginCache.GetExtensionPaths: Filtered extension paths: C:\Program Files\dotnet\sdk\5.0.301\Extensions\Microsoft.TestPlatform.Extensions.BlameDataCollector.dll
C:\Program Files\dotnet\sdk\5.0.301\Extensions\Microsoft.TestPlatform.Extensions.EventLogCollector.dll
TpTrace Verbose: 0 : 556, 1, 2021/09/23, 11:49:53.325, 2654173251912, datacollector.dll, TestPluginCache.GetExtensionPaths: Added default extension paths: 
TpTrace Verbose: 0 : 556, 1, 2021/09/23, 11:49:53.325, 2654173252047, datacollector.dll, TestPluginCache.GetExtensionPaths: Added unfilterableExtensionPaths: 
TpTrace Verbose: 0 : 556, 1, 2021/09/23, 11:49:53.325, 2654173252461, datacollector.dll, TestPluginCache.DiscoverTestExtensions: Discovering the extensions using allExtensionPaths: C:\Program Files\dotnet\sdk\5.0.301\Extensions\Microsoft.TestPlatform.Extensions.BlameDataCollector.dll
C:\Program Files\dotnet\sdk\5.0.301\Extensions\Microsoft.TestPlatform.Extensions.EventLogCollector.dll
TpTrace Information: 0 : 556, 1, 2021/09/23, 11:49:53.325, 2654173253133, datacollector.dll, AssemblyResolver.AddSearchDirectories: Adding more searchDirectories C:\Program Files\dotnet\sdk\5.0.301\Extensions,C:\Program Files\dotnet\sdk\5.0.301
TpTrace Information: 0 : 556, 1, 2021/09/23, 11:49:53.325, 2654173253487, datacollector.dll, AssemblyResolver.AddSearchDirectories: Adding more searchDirectories C:\Program Files\dotnet\sdk\5.0.301\Extensions,C:\Program Files\dotnet\sdk\5.0.301
TpTrace Information: 0 : 556, 1, 2021/09/23, 11:49:53.326, 2654173256356, datacollector.dll, AssemblyResolver.OnResolve: Microsoft.TestPlatform.Extensions.BlameDataCollector: Resolving assembly.
TpTrace Information: 0 : 556, 1, 2021/09/23, 11:49:53.326, 2654173256806, datacollector.dll, AssemblyResolver.OnResolve: Microsoft.TestPlatform.Extensions.BlameDataCollector: Searching in: 'C:\Program Files\dotnet\sdk\5.0.301\Extensions'.
TpTrace Information: 0 : 556, 1, 2021/09/23, 11:49:53.326, 2654173264131, datacollector.dll, AssemblyResolver.OnResolve: Microsoft.TestPlatform.Extensions.BlameDataCollector: Loading assembly 'C:\Program Files\dotnet\sdk\5.0.301\Extensions\Microsoft.TestPlatform.Extensions.BlameDataCollector.dll'.
TpTrace Information: 0 : 556, 1, 2021/09/23, 11:49:53.327, 2654173272963, datacollector.dll, AssemblyResolver.OnResolve: Resolved assembly: Microsoft.TestPlatform.Extensions.BlameDataCollector, from path: C:\Program Files\dotnet\sdk\5.0.301\Extensions\Microsoft.TestPlatform.Extensions.BlameDataCollector.dll
TpTrace Error: 0 : 556, 1, 2021/09/23, 11:49:53.328, 2654173282199, datacollector.dll, The type "Microsoft.TestPlatform.Extensions.BlameDataCollector.BlameCollector" defined in "Microsoft.TestPlatform.Extensions.BlameDataCollector.dll" does not have ExtensionUri attribute.
TpTrace Information: 0 : 556, 1, 2021/09/23, 11:49:53.329, 2654173291813, datacollector.dll, AssemblyResolver.OnResolve: Microsoft.TestPlatform.Extensions.EventLogCollector: Resolving assembly.
TpTrace Information: 0 : 556, 1, 2021/09/23, 11:49:53.329, 2654173292180, datacollector.dll, AssemblyResolver.OnResolve: Microsoft.TestPlatform.Extensions.EventLogCollector: Searching in: 'C:\Program Files\dotnet\sdk\5.0.301\Extensions'.
TpTrace Information: 0 : 556, 1, 2021/09/23, 11:49:53.330, 2654173299521, datacollector.dll, AssemblyResolver.OnResolve: Microsoft.TestPlatform.Extensions.EventLogCollector: Loading assembly 'C:\Program Files\dotnet\sdk\5.0.301\Extensions\Microsoft.TestPlatform.Extensions.EventLogCollector.dll'.
TpTrace Information: 0 : 556, 1, 2021/09/23, 11:49:53.331, 2654173306809, datacollector.dll, AssemblyResolver.OnResolve: Resolved assembly: Microsoft.TestPlatform.Extensions.EventLogCollector, from path: C:\Program Files\dotnet\sdk\5.0.301\Extensions\Microsoft.TestPlatform.Extensions.EventLogCollector.dll
TpTrace Error: 0 : 556, 1, 2021/09/23, 11:49:53.333, 2654173330764, datacollector.dll, The type "Microsoft.TestPlatform.Extensions.EventLogCollector.EventLogDataCollector" defined in "Microsoft.TestPlatform.Extensions.EventLogCollector.dll" does not have ExtensionUri attribute.
TpTrace Verbose: 0 : 556, 1, 2021/09/23, 11:49:53.333, 2654173334746, datacollector.dll, TestPluginCache: Discovered the extensions using extension path 'C:\Program Files\dotnet\sdk\5.0.301\Extensions\Microsoft.TestPlatform.Extensions.BlameDataCollector.dll,C:\Program Files\dotnet\sdk\5.0.301\Extensions\Microsoft.TestPlatform.Extensions.EventLogCollector.dll'.
TpTrace Verbose: 0 : 556, 1, 2021/09/23, 11:49:53.333, 2654173335272, datacollector.dll, TestPluginCache: Discoverers are ''.
TpTrace Verbose: 0 : 556, 1, 2021/09/23, 11:49:53.333, 2654173335429, datacollector.dll, TestPluginCache: Executors are ''.
TpTrace Verbose: 0 : 556, 1, 2021/09/23, 11:49:53.334, 2654173335567, datacollector.dll, TestPluginCache: Executors2 are ''.
TpTrace Verbose: 0 : 556, 1, 2021/09/23, 11:49:53.334, 2654173335702, datacollector.dll, TestPluginCache: Setting providers are ''.
TpTrace Verbose: 0 : 556, 1, 2021/09/23, 11:49:53.334, 2654173335838, datacollector.dll, TestPluginCache: Loggers are ''.
TpTrace Information: 0 : 556, 1, 2021/09/23, 11:49:53.334, 2654173344118, datacollector.dll, TestPluginManager.CreateTestExtension: Attempting to load test extension: Microsoft.TestPlatform.Extensions.BlameDataCollector.BlameCollector
TpTrace Error: 0 : 556, 1, 2021/09/23, 11:49:53.335, 2654173349795, datacollector.dll, The type "Microsoft.TestPlatform.Extensions.BlameDataCollector.BlameCollector" defined in "Microsoft.TestPlatform.Extensions.BlameDataCollector.dll" does not have ExtensionUri attribute.
TpTrace Information: 0 : 556, 1, 2021/09/23, 11:49:53.340, 2654173403506, datacollector.dll, Listening on Endpoint : 127.0.0.1:58490
TpTrace Information: 0 : 556, 1, 2021/09/23, 11:49:53.346, 2654173460848, datacollector.dll, DataCollectionRequestHandler.ProcessRequests : DataCollection started.
TpTrace Information: 0 : 556, 1, 2021/09/23, 11:49:53.359, 2654173591345, datacollector.dll, DataCollectionRequestHandler.ProcessRequests : Datacollector received message: (DataCollection.TestHostLaunched) -> {
  "ProcessId": 3252
}
TpTrace Information: 0 : 556, 5, 2021/09/23, 11:49:53.540, 2654175405025, datacollector.dll, Using the buffer size of 16384 bytes
TpTrace Information: 0 : 556, 5, 2021/09/23, 11:49:53.541, 2654175405773, datacollector.dll, Accepted Client request and set the flag
TpTrace Information: 0 : 556, 7, 2021/09/23, 11:49:53.948, 2654179484177, datacollector.dll, DataCollectionTestCaseEventHandler: Test case starting.
TpTrace Information: 0 : 556, 7, 2021/09/23, 11:49:53.955, 2654179545926, datacollector.dll, Blame Collector : Test Case Start
TpTrace Information: 0 : 556, 7, 2021/09/23, 11:49:53.956, 2654179563734, datacollector.dll, DataCollectionTestCaseEventHandler: Test case 'NoPuedeIngresarCantidadProductosDeMenosUno - 1fd23cc2-ebc2-4f0e-3c28-85f7d285a74d' started.
TpTrace Information: 0 : 556, 7, 2021/09/23, 11:49:53.969, 2654179690133, datacollector.dll, DataCollectionTestCaseEventHandler : Test case completing.
TpTrace Information: 0 : 556, 7, 2021/09/23, 11:49:53.971, 2654179713612, datacollector.dll, Blame Collector : Test Case End
TpTrace Information: 0 : 556, 7, 2021/09/23, 11:49:53.974, 2654179740935, datacollector.dll, DataCollectionTestCaseEventHandler: Test case 'NoPuedeIngresarCantidadProductosDeMenosUno - 1fd23cc2-ebc2-4f0e-3c28-85f7d285a74d' completed
TpTrace Information: 0 : 556, 7, 2021/09/23, 11:49:53.981, 2654179813499, datacollector.dll, DataCollectionTestCaseEventHandler: Test case starting.
TpTrace Information: 0 : 556, 7, 2021/09/23, 11:49:53.982, 2654179816003, datacollector.dll, Blame Collector : Test Case Start
TpTrace Information: 0 : 556, 7, 2021/09/23, 11:49:53.982, 2654179816912, datacollector.dll, DataCollectionTestCaseEventHandler: Test case 'PuedeIngresarCantidadProductosCincuentaCorrecta - 5aafae75-09ff-9b28-1901-0763a8ee5fcf' started.
TpTrace Information: 0 : 556, 7, 2021/09/23, 11:49:53.983, 2654179831932, datacollector.dll, DataCollectionTestCaseEventHandler : Test case completing.
TpTrace Information: 0 : 556, 7, 2021/09/23, 11:49:53.983, 2654179834148, datacollector.dll, Blame Collector : Test Case End
TpTrace Information: 0 : 556, 7, 2021/09/23, 11:49:53.983, 2654179835104, datacollector.dll, DataCollectionTestCaseEventHandler: Test case 'PuedeIngresarCantidadProductosCincuentaCorrecta - 5aafae75-09ff-9b28-1901-0763a8ee5fcf' completed
TpTrace Information: 0 : 556, 7, 2021/09/23, 11:49:53.991, 2654179912163, datacollector.dll, DataCollectionTestCaseEventHandler: Test session ended
TpTrace Information: 0 : 556, 1, 2021/09/23, 11:49:54.065, 2654180652110, datacollector.dll, DataCollectionRequestHandler.ProcessRequests : Datacollector received message: (DataCollection.AfterTestRunEnd) -> false
TpTrace Information: 0 : 556, 1, 2021/09/23, 11:49:54.066, 2654180656561, datacollector.dll, Blame Collector : Session End
TpTrace Information: 0 : 556, 1, 2021/09/23, 11:49:54.066, 2654180657019, datacollector.dll, BlameCollector.CollectDumpAndAbortTesthost: Custom path to dump directory was provided via VSTEST_DUMP_PATH. Skipping attachment upload, the caller is responsible for collecting and uploading the dumps themselves.
TpTrace Information: 0 : 556, 1, 2021/09/23, 11:49:54.066, 2654180657818, datacollector.dll, DataCollectionManager.CleanupPlugins: CleanupPlugins called
TpTrace Verbose: 0 : 556, 1, 2021/09/23, 11:49:54.066, 2654180658024, datacollector.dll, DataCollectionManager.CleanupPlugins: Cleaning up 1 plugins
TpTrace Verbose: 0 : 556, 1, 2021/09/23, 11:49:54.066, 2654180658663, datacollector.dll, dataCollectorInfo.DisposeDataCollector: calling Dispose() on Microsoft.TestPlatform.Extensions.BlameDataCollector.BlameCollector
TpTrace Information: 0 : 556, 1, 2021/09/23, 11:49:54.066, 2654180659088, datacollector.dll, DataCollectionManager.CleanupPlugins: CleanupPlugins finished
TpTrace Information: 0 : 556, 1, 2021/09/23, 11:49:54.068, 2654180677908, datacollector.dll, DataCollectionRequestHandler.ProcessRequests : Session End message received from server. Closing the connection.
TpTrace Information: 0 : 556, 1, 2021/09/23, 11:49:54.068, 2654180679432, datacollector.dll, Closing the connection !
TpTrace Information: 0 : 556, 1, 2021/09/23, 11:49:54.068, 2654180679693, datacollector.dll, DataCollectionRequestHandler.ProcessRequests : DataCollection completed
TpTrace Information: 0 : 556, 1, 2021/09/23, 11:49:54.068, 2654180679859, datacollector.dll, Program.Main: exiting datacollector process.
