TpTrace Verbose: 0 : 21080, 1, 2021/09/23, 11:35:28.666, 2645526670634, testhost.dll, Version: 16.9.4
TpTrace Information: 0 : 21080, 1, 2021/09/23, 11:35:28.670, 2645526703517, testhost.dll, DefaultEngineInvoker.Invoke: Testhost process started with args :[--port, 55233],[--endpoint, 127.0.0.1:055233],[--role, client],[--parentprocessid, 14024],[--diag, D:\IsmaPCBlanco\Documentos\ISMA\Semestre 2021-2\Diseño dirigido por pruebas\Proyectos\Parcial\ProductoSolutionTDD\ProductoSolutionTDD\bin\Debug\net5.0\fine-code-coverage\coverage-tool-output\diagnostics.host.21-09-23_11-35-28_50947_6.log],[--tracelevel, 4],[--datacollectionport, 55232],[--telemetryoptedin, false]
TpTrace Information: 0 : 21080, 1, 2021/09/23, 11:35:28.672, 2645526716324, testhost.dll, Setting up debug trace listener.
TpTrace Verbose: 0 : 21080, 1, 2021/09/23, 11:35:28.672, 2645526718002, testhost.dll, TestPlatformTraceListener.Setup: Replacing listener 0 with TestHostTraceListener.
TpTrace Verbose: 0 : 21080, 1, 2021/09/23, 11:35:28.672, 2645526718287, testhost.dll, TestPlatformTraceListener.Setup: Added test platform trace listener.
TpTrace Information: 0 : 21080, 1, 2021/09/23, 11:35:28.672, 2645526721229, testhost.dll, DefaultEngineInvoker.SetParentProcessExitCallback: Monitoring parent process with id: '14024'
TpTrace Information: 0 : 21080, 1, 2021/09/23, 11:35:28.677, 2645526767476, testhost.dll, DefaultEngineInvoker.GetConnectionInfo: Initialize communication on endpoint address: '127.0.0.1:055233'
TpTrace Information: 0 : 21080, 1, 2021/09/23, 11:35:28.687, 2645526872245, testhost.dll, SocketClient.Start: connecting to server endpoint: 127.0.0.1:055233
TpTrace Information: 0 : 21080, 1, 2021/09/23, 11:35:28.692, 2645526918875, testhost.dll, DefaultEngineInvoker.ConnectToDatacollector: Connecting to datacollector, port: 55232
TpTrace Information: 0 : 21080, 8, 2021/09/23, 11:35:28.692, 2645526924631, testhost.dll, SocketClient.OnServerConnected: connected to server endpoint: 127.0.0.1:055233
TpTrace Verbose: 0 : 21080, 8, 2021/09/23, 11:35:28.694, 2645526937973, testhost.dll, Connected to server, and starting MessageLoopAsync
TpTrace Information: 0 : 21080, 1, 2021/09/23, 11:35:28.694, 2645526941224, testhost.dll, Trying to connect to server on socket : 127.0.0.1:55232 
TpTrace Verbose: 0 : 21080, 1, 2021/09/23, 11:35:28.694, 2645526943468, testhost.dll, SocketCommunicationManager : SetupClientAsync : Attempting to connect to the server.
TpTrace Information: 0 : 21080, 9, 2021/09/23, 11:35:28.696, 2645526957180, testhost.dll, Connected to the server successfully 
TpTrace Information: 0 : 21080, 9, 2021/09/23, 11:35:28.696, 2645526958061, testhost.dll, Using the buffer size of 16384 bytes
TpTrace Verbose: 0 : 21080, 8, 2021/09/23, 11:35:28.696, 2645526958123, testhost.dll, TcpClientExtensions.MessageLoopAsync: Polling on remoteEndPoint: [::ffff:127.0.0.1]:55233 localEndPoint: [::ffff:127.0.0.1]:55234
TpTrace Verbose: 0 : 21080, 8, 2021/09/23, 11:35:28.696, 2645526960637, testhost.dll, TcpClientExtensions.MessageLoopAsync: NotifyDataAvailable remoteEndPoint: [::ffff:127.0.0.1]:55233 localEndPoint: [::ffff:127.0.0.1]:55234
TpTrace Information: 0 : 21080, 1, 2021/09/23, 11:35:28.697, 2645526966000, testhost.dll, DefaultEngineInvoker.Invoke: Start Request Processing.
TpTrace Information: 0 : 21080, 11, 2021/09/23, 11:35:28.698, 2645526975681, testhost.dll, DefaultEngineInvoker.StartProcessingAsync: Connected to vstest.console, Starting process requests.
TpTrace Information: 0 : 21080, 8, 2021/09/23, 11:35:28.786, 2645527863110, testhost.dll, TestRequestHandler.ProcessRequests: received message: (ProtocolVersion) -> 5
TpTrace Verbose: 0 : 21080, 8, 2021/09/23, 11:35:28.823, 2645528232900, testhost.dll, TestRequestHandler.SendData:  sending data from testhost: {"Version":5,"MessageType":"TestSession.Message","Payload":{"MessageLevel":0,"Message":"Registrando diagnóstico de TestHost en el archivo: D:\\IsmaPCBlanco\\Documentos\\ISMA\\Semestre 2021-2\\Diseño dirigido por pruebas\\Proyectos\\Parcial\\ProductoSolutionTDD\\ProductoSolutionTDD\\bin\\Debug\\net5.0\\fine-code-coverage\\coverage-tool-output\\diagnostics.host.21-09-23_11-35-28_50947_6.log"}}
TpTrace Verbose: 0 : 21080, 8, 2021/09/23, 11:35:28.824, 2645528237332, testhost.dll, TcpClientExtensions.MessageLoopAsync: Polling on remoteEndPoint: [::ffff:127.0.0.1]:55233 localEndPoint: [::ffff:127.0.0.1]:55234
TpTrace Verbose: 0 : 21080, 8, 2021/09/23, 11:35:28.824, 2645528237912, testhost.dll, TcpClientExtensions.MessageLoopAsync: NotifyDataAvailable remoteEndPoint: [::ffff:127.0.0.1]:55233 localEndPoint: [::ffff:127.0.0.1]:55234
TpTrace Information: 0 : 21080, 8, 2021/09/23, 11:35:28.826, 2645528261673, testhost.dll, TestRequestHandler.ProcessRequests: received message: (TestExecution.Initialize) -> [
  "D:\\IsmaPCBlanco\\Documentos\\ISMA\\Semestre 2021-2\\Diseño dirigido por pruebas\\Proyectos\\Parcial\\ProductoSolutionTDD\\ProductoSolutionTDD\\bin\\Debug\\net5.0\\fine-code-coverage\\build-output\\NUnit3.TestAdapter.dll"
]
TpTrace Information: 0 : 21080, 8, 2021/09/23, 11:35:28.826, 2645528262438, testhost.dll, Execution Session Initialize.
TpTrace Verbose: 0 : 21080, 8, 2021/09/23, 11:35:28.830, 2645528305135, testhost.dll, TcpClientExtensions.MessageLoopAsync: Polling on remoteEndPoint: [::ffff:127.0.0.1]:55233 localEndPoint: [::ffff:127.0.0.1]:55234
TpTrace Verbose: 0 : 21080, 8, 2021/09/23, 11:35:28.831, 2645528305903, testhost.dll, TcpClientExtensions.MessageLoopAsync: NotifyDataAvailable remoteEndPoint: [::ffff:127.0.0.1]:55233 localEndPoint: [::ffff:127.0.0.1]:55234
TpTrace Information: 0 : 21080, 8, 2021/09/23, 11:35:28.832, 2645528325000, testhost.dll, TestRequestHandler.ProcessRequests: received message: (TestExecution.StartWithSources) -> {
  "AdapterSourceMap": {
    "_none_": [
      "D:\\IsmaPCBlanco\\Documentos\\ISMA\\Semestre 2021-2\\Diseño dirigido por pruebas\\Proyectos\\Parcial\\ProductoSolutionTDD\\ProductoSolutionTDD\\bin\\Debug\\net5.0\\fine-code-coverage\\build-output\\ProductoSolutionTDD.dll"
    ]
  },
  "RunSettings": "<RunSettings>\r\n  <RunConfiguration>\r\n    <ResultsDirectory>D:\\IsmaPCBlanco\\Documentos\\ISMA\\Semestre 2021-2\\Diseño dirigido por pruebas\\Proyectos\\Parcial\\ProductoSolutionTDD\\ProductoSolutionTDD\\bin\\Debug\\net5.0\\fine-code-coverage\\coverage-tool-output</ResultsDirectory>\r\n    <TargetPlatform>X64</TargetPlatform>\r\n    <TargetFrameworkVersion>.NETCoreApp,Version=v5.0</TargetFrameworkVersion>\r\n    <DesignMode>False</DesignMode>\r\n    <CollectSourceInformation>False</CollectSourceInformation>\r\n  </RunConfiguration>\r\n  <LoggerRunSettings>\r\n    <Loggers>\r\n      <Logger friendlyName=\"blame\" enabled=\"True\" />\r\n      <Logger friendlyName=\"Console\" uri=\"logger://microsoft/TestPlatform/ConsoleLogger/v1\" assemblyQualifiedName=\"Microsoft.VisualStudio.TestPlatform.CommandLine.Internal.ConsoleLogger, vstest.console, Version=15.0.0.0, Culture=neutral, PublicKeyToken=b03f5f7f11d50a3a\" codeBase=\"C:\\Program Files\\dotnet\\sdk\\5.0.301\\vstest.console.dll\" enabled=\"True\" />\r\n    </Loggers>\r\n  </LoggerRunSettings>\r\n  <DataCollectionRunSettings>\r\n    <DataCollectors>\r\n      <DataCollector friendlyName=\"blame\" enabled=\"True\">\r\n        <Configuration>\r\n          <ResultsDirectory>D:\\IsmaPCBlanco\\Documentos\\ISMA\\Semestre 2021-2\\Diseño dirigido por pruebas\\Proyectos\\Parcial\\ProductoSolutionTDD\\ProductoSolutionTDD\\bin\\Debug\\net5.0\\fine-code-coverage\\coverage-tool-output</ResultsDirectory>\r\n        </Configuration>\r\n      </DataCollector>\r\n    </DataCollectors>\r\n  </DataCollectionRunSettings>\r\n</RunSettings>",
  "TestExecutionContext": {
    "FrequencyOfRunStatsChangeEvent": 10,
    "RunStatsChangeEventTimeout": "00:00:01.5000000",
    "InIsolation": false,
    "KeepAlive": false,
    "AreTestCaseLevelEventsRequired": false,
    "IsDebug": false,
    "TestCaseFilter": null,
    "FilterOptions": null
  },
  "Package": null
}
TpTrace Information: 0 : 21080, 8, 2021/09/23, 11:35:28.833, 2645528325839, testhost.dll, Execution started.
TpTrace Verbose: 0 : 21080, 4, 2021/09/23, 11:35:28.833, 2645528332955, testhost.dll, TestExecutorService: Loading the extensions
TpTrace Verbose: 0 : 21080, 4, 2021/09/23, 11:35:28.835, 2645528351440, testhost.dll, TestPluginCache.DiscoverTestExtensions: finding test extensions in assemblies ends with: TestAdapter.dll TPluginInfo: Microsoft.VisualStudio.TestPlatform.Common.ExtensionFramework.Utilities.TestExecutorPluginInformation TExtension: Microsoft.VisualStudio.TestPlatform.ObjectModel.Adapter.ITestExecutor
TpTrace Verbose: 0 : 21080, 4, 2021/09/23, 11:35:28.836, 2645528358765, testhost.dll, TestPluginCache.GetExtensionPaths: Filtered extension paths: 
TpTrace Verbose: 0 : 21080, 4, 2021/09/23, 11:35:28.836, 2645528361910, testhost.dll, TestPluginCache.GetExtensionPaths: Added default extension paths: D:\IsmaPCBlanco\Documentos\ISMA\Semestre 2021-2\Diseño dirigido por pruebas\Proyectos\Parcial\ProductoSolutionTDD\ProductoSolutionTDD\bin\Debug\net5.0\fine-code-coverage\build-output\NUnit3.TestAdapter.dll
TpTrace Verbose: 0 : 21080, 4, 2021/09/23, 11:35:28.836, 2645528362227, testhost.dll, TestPluginCache.GetExtensionPaths: Added unfilterableExtensionPaths: 
TpTrace Information: 0 : 21080, 4, 2021/09/23, 11:35:28.838, 2645528384575, testhost.dll, AssemblyResolver.ctor: Creating AssemblyResolver with searchDirectories D:\IsmaPCBlanco\Documentos\ISMA\Semestre 2021-2\Diseño dirigido por pruebas\Proyectos\Parcial\ProductoSolutionTDD\ProductoSolutionTDD\bin\Debug\net5.0\fine-code-coverage\build-output
TpTrace Verbose: 0 : 21080, 4, 2021/09/23, 11:35:28.839, 2645528393452, testhost.dll, TestPluginCache.DiscoverTestExtensions: Discovering the extensions using extension path.
TpTrace Verbose: 0 : 21080, 4, 2021/09/23, 11:35:28.839, 2645528394277, testhost.dll, TestPluginCache.GetExtensionPaths: Filtered extension paths: 
TpTrace Verbose: 0 : 21080, 4, 2021/09/23, 11:35:28.839, 2645528394506, testhost.dll, TestPluginCache.GetExtensionPaths: Added default extension paths: D:\IsmaPCBlanco\Documentos\ISMA\Semestre 2021-2\Diseño dirigido por pruebas\Proyectos\Parcial\ProductoSolutionTDD\ProductoSolutionTDD\bin\Debug\net5.0\fine-code-coverage\build-output\NUnit3.TestAdapter.dll
TpTrace Verbose: 0 : 21080, 4, 2021/09/23, 11:35:28.839, 2645528394654, testhost.dll, TestPluginCache.GetExtensionPaths: Added unfilterableExtensionPaths: 
TpTrace Verbose: 0 : 21080, 4, 2021/09/23, 11:35:28.839, 2645528395004, testhost.dll, TestPluginCache.DiscoverTestExtensions: Discovering the extensions using allExtensionPaths: D:\IsmaPCBlanco\Documentos\ISMA\Semestre 2021-2\Diseño dirigido por pruebas\Proyectos\Parcial\ProductoSolutionTDD\ProductoSolutionTDD\bin\Debug\net5.0\fine-code-coverage\build-output\NUnit3.TestAdapter.dll
TpTrace Information: 0 : 21080, 4, 2021/09/23, 11:35:28.840, 2645528400509, testhost.dll, AssemblyResolver.AddSearchDirectories: Adding more searchDirectories D:\IsmaPCBlanco\Documentos\ISMA\Semestre 2021-2\Diseño dirigido por pruebas\Proyectos\Parcial\ProductoSolutionTDD\ProductoSolutionTDD\bin\Debug\net5.0\fine-code-coverage\build-output
TpTrace Information: 0 : 21080, 4, 2021/09/23, 11:35:28.843, 2645528428494, testhost.dll, AssemblyResolver.OnResolve: NUnit3.TestAdapter: Resolving assembly.
TpTrace Information: 0 : 21080, 4, 2021/09/23, 11:35:28.846, 2645528456730, testhost.dll, AssemblyResolver.OnResolve: Resolved assembly: NUnit3.TestAdapter, from path: D:\IsmaPCBlanco\Documentos\ISMA\Semestre 2021-2\Diseño dirigido por pruebas\Proyectos\Parcial\ProductoSolutionTDD\ProductoSolutionTDD\bin\Debug\net5.0\fine-code-coverage\build-output\NUnit3.TestAdapter.dll
TpTrace Information: 0 : 21080, 4, 2021/09/23, 11:35:28.848, 2645528482567, testhost.dll, AssemblyResolver.OnResolve: nunit.engine.api: Resolving assembly.
TpTrace Information: 0 : 21080, 4, 2021/09/23, 11:35:28.849, 2645528490491, testhost.dll, AssemblyResolver.OnResolve: Resolved assembly: nunit.engine.api, from path: D:\IsmaPCBlanco\Documentos\ISMA\Semestre 2021-2\Diseño dirigido por pruebas\Proyectos\Parcial\ProductoSolutionTDD\ProductoSolutionTDD\bin\Debug\net5.0\fine-code-coverage\build-output\nunit.engine.api.dll
TpTrace Verbose: 0 : 21080, 8, 2021/09/23, 11:35:28.849, 2645528494464, testhost.dll, TcpClientExtensions.MessageLoopAsync: Polling on remoteEndPoint: [::ffff:127.0.0.1]:55233 localEndPoint: [::ffff:127.0.0.1]:55234
TpTrace Verbose: 0 : 21080, 4, 2021/09/23, 11:35:28.853, 2645528526151, testhost.dll, TestPluginCache: Discovered the extensions using extension path ''.
TpTrace Verbose: 0 : 21080, 4, 2021/09/23, 11:35:28.853, 2645528530606, testhost.dll, TestPluginCache: Discoverers are ''.
TpTrace Verbose: 0 : 21080, 4, 2021/09/23, 11:35:28.853, 2645528531436, testhost.dll, TestPluginCache: Executors are 'executor://NUnit3TestExecutor'.
TpTrace Verbose: 0 : 21080, 4, 2021/09/23, 11:35:28.853, 2645528531885, testhost.dll, TestPluginCache: Executors2 are ''.
TpTrace Verbose: 0 : 21080, 4, 2021/09/23, 11:35:28.853, 2645528532237, testhost.dll, TestPluginCache: Setting providers are ''.
TpTrace Verbose: 0 : 21080, 4, 2021/09/23, 11:35:28.853, 2645528532593, testhost.dll, TestPluginCache: Loggers are ''.
TpTrace Verbose: 0 : 21080, 4, 2021/09/23, 11:35:28.855, 2645528553247, testhost.dll, TestPluginCache.DiscoverTestExtensions: finding test extensions in assemblies ends with: TestAdapter.dll TPluginInfo: Microsoft.VisualStudio.TestPlatform.Common.ExtensionFramework.Utilities.TestExecutorPluginInformation2 TExtension: Microsoft.VisualStudio.TestPlatform.ObjectModel.Adapter.ITestExecutor2
TpTrace Verbose: 0 : 21080, 4, 2021/09/23, 11:35:28.855, 2645528555002, testhost.dll, TestPluginCache.GetExtensionPaths: Filtered extension paths: 
TpTrace Verbose: 0 : 21080, 4, 2021/09/23, 11:35:28.855, 2645528555287, testhost.dll, TestPluginCache.GetExtensionPaths: Added default extension paths: D:\IsmaPCBlanco\Documentos\ISMA\Semestre 2021-2\Diseño dirigido por pruebas\Proyectos\Parcial\ProductoSolutionTDD\ProductoSolutionTDD\bin\Debug\net5.0\fine-code-coverage\build-output\NUnit3.TestAdapter.dll
TpTrace Verbose: 0 : 21080, 4, 2021/09/23, 11:35:28.855, 2645528555446, testhost.dll, TestPluginCache.GetExtensionPaths: Added unfilterableExtensionPaths: 
TpTrace Information: 0 : 21080, 4, 2021/09/23, 11:35:28.856, 2645528556763, testhost.dll, AssemblyResolver.AddSearchDirectories: Adding more searchDirectories D:\IsmaPCBlanco\Documentos\ISMA\Semestre 2021-2\Diseño dirigido por pruebas\Proyectos\Parcial\ProductoSolutionTDD\ProductoSolutionTDD\bin\Debug\net5.0\fine-code-coverage\build-output
TpTrace Verbose: 0 : 21080, 4, 2021/09/23, 11:35:28.856, 2645528557051, testhost.dll, TestPluginCache.DiscoverTestExtensions: Discovering the extensions using extension path.
TpTrace Verbose: 0 : 21080, 4, 2021/09/23, 11:35:28.856, 2645528557253, testhost.dll, TestPluginCache.GetExtensionPaths: Filtered extension paths: 
TpTrace Verbose: 0 : 21080, 4, 2021/09/23, 11:35:28.856, 2645528557392, testhost.dll, TestPluginCache.GetExtensionPaths: Added default extension paths: D:\IsmaPCBlanco\Documentos\ISMA\Semestre 2021-2\Diseño dirigido por pruebas\Proyectos\Parcial\ProductoSolutionTDD\ProductoSolutionTDD\bin\Debug\net5.0\fine-code-coverage\build-output\NUnit3.TestAdapter.dll
TpTrace Verbose: 0 : 21080, 4, 2021/09/23, 11:35:28.856, 2645528557532, testhost.dll, TestPluginCache.GetExtensionPaths: Added unfilterableExtensionPaths: 
TpTrace Verbose: 0 : 21080, 4, 2021/09/23, 11:35:28.856, 2645528557741, testhost.dll, TestPluginCache.DiscoverTestExtensions: Discovering the extensions using allExtensionPaths: D:\IsmaPCBlanco\Documentos\ISMA\Semestre 2021-2\Diseño dirigido por pruebas\Proyectos\Parcial\ProductoSolutionTDD\ProductoSolutionTDD\bin\Debug\net5.0\fine-code-coverage\build-output\NUnit3.TestAdapter.dll
TpTrace Information: 0 : 21080, 4, 2021/09/23, 11:35:28.856, 2645528557994, testhost.dll, AssemblyResolver.AddSearchDirectories: Adding more searchDirectories D:\IsmaPCBlanco\Documentos\ISMA\Semestre 2021-2\Diseño dirigido por pruebas\Proyectos\Parcial\ProductoSolutionTDD\ProductoSolutionTDD\bin\Debug\net5.0\fine-code-coverage\build-output
TpTrace Verbose: 0 : 21080, 4, 2021/09/23, 11:35:28.856, 2645528560168, testhost.dll, TestPluginCache: Discovered the extensions using extension path ''.
TpTrace Verbose: 0 : 21080, 4, 2021/09/23, 11:35:28.856, 2645528560846, testhost.dll, TestPluginCache: Discoverers are ''.
TpTrace Verbose: 0 : 21080, 4, 2021/09/23, 11:35:28.856, 2645528561094, testhost.dll, TestPluginCache: Executors are 'executor://NUnit3TestExecutor'.
TpTrace Verbose: 0 : 21080, 4, 2021/09/23, 11:35:28.856, 2645528561439, testhost.dll, TestPluginCache: Executors2 are ''.
TpTrace Verbose: 0 : 21080, 4, 2021/09/23, 11:35:28.856, 2645528561651, testhost.dll, TestPluginCache: Setting providers are ''.
TpTrace Verbose: 0 : 21080, 4, 2021/09/23, 11:35:28.856, 2645528561824, testhost.dll, TestPluginCache: Loggers are ''.
TpTrace Information: 0 : 21080, 4, 2021/09/23, 11:35:28.860, 2645528596003, testhost.dll, TestPluginManager.CreateTestExtension: Attempting to load test extension: NUnit.VisualStudio.TestAdapter.NUnit3TestExecutor
TpTrace Verbose: 0 : 21080, 4, 2021/09/23, 11:35:28.860, 2645528600721, testhost.dll, TestExecutorExtensionManager: Loading executor NUnit.VisualStudio.TestAdapter.NUnit3TestExecutor
TpTrace Verbose: 0 : 21080, 4, 2021/09/23, 11:35:28.860, 2645528601113, testhost.dll, TestExecutorService: Loaded the executors
TpTrace Verbose: 0 : 21080, 4, 2021/09/23, 11:35:28.861, 2645528606509, testhost.dll, TestPluginCache.DiscoverTestExtensions: finding test extensions in assemblies ends with: TestAdapter.dll TPluginInfo: Microsoft.VisualStudio.TestPlatform.Common.ExtensionFramework.Utilities.TestSettingsProviderPluginInformation TExtension: Microsoft.VisualStudio.TestPlatform.ObjectModel.Adapter.ISettingsProvider
TpTrace Verbose: 0 : 21080, 4, 2021/09/23, 11:35:28.861, 2645528607168, testhost.dll, TestPluginCache.GetExtensionPaths: Filtered extension paths: 
TpTrace Verbose: 0 : 21080, 4, 2021/09/23, 11:35:28.861, 2645528607389, testhost.dll, TestPluginCache.GetExtensionPaths: Added default extension paths: D:\IsmaPCBlanco\Documentos\ISMA\Semestre 2021-2\Diseño dirigido por pruebas\Proyectos\Parcial\ProductoSolutionTDD\ProductoSolutionTDD\bin\Debug\net5.0\fine-code-coverage\build-output\NUnit3.TestAdapter.dll
TpTrace Verbose: 0 : 21080, 4, 2021/09/23, 11:35:28.861, 2645528607560, testhost.dll, TestPluginCache.GetExtensionPaths: Added unfilterableExtensionPaths: 
TpTrace Information: 0 : 21080, 4, 2021/09/23, 11:35:28.861, 2645528608406, testhost.dll, AssemblyResolver.AddSearchDirectories: Adding more searchDirectories D:\IsmaPCBlanco\Documentos\ISMA\Semestre 2021-2\Diseño dirigido por pruebas\Proyectos\Parcial\ProductoSolutionTDD\ProductoSolutionTDD\bin\Debug\net5.0\fine-code-coverage\build-output
TpTrace Verbose: 0 : 21080, 4, 2021/09/23, 11:35:28.861, 2645528608610, testhost.dll, TestPluginCache.DiscoverTestExtensions: Discovering the extensions using extension path.
TpTrace Verbose: 0 : 21080, 4, 2021/09/23, 11:35:28.861, 2645528608766, testhost.dll, TestPluginCache.GetExtensionPaths: Filtered extension paths: 
TpTrace Verbose: 0 : 21080, 4, 2021/09/23, 11:35:28.861, 2645528608903, testhost.dll, TestPluginCache.GetExtensionPaths: Added default extension paths: D:\IsmaPCBlanco\Documentos\ISMA\Semestre 2021-2\Diseño dirigido por pruebas\Proyectos\Parcial\ProductoSolutionTDD\ProductoSolutionTDD\bin\Debug\net5.0\fine-code-coverage\build-output\NUnit3.TestAdapter.dll
TpTrace Verbose: 0 : 21080, 4, 2021/09/23, 11:35:28.861, 2645528609097, testhost.dll, TestPluginCache.GetExtensionPaths: Added unfilterableExtensionPaths: 
TpTrace Verbose: 0 : 21080, 4, 2021/09/23, 11:35:28.861, 2645528609248, testhost.dll, TestPluginCache.DiscoverTestExtensions: Discovering the extensions using allExtensionPaths: D:\IsmaPCBlanco\Documentos\ISMA\Semestre 2021-2\Diseño dirigido por pruebas\Proyectos\Parcial\ProductoSolutionTDD\ProductoSolutionTDD\bin\Debug\net5.0\fine-code-coverage\build-output\NUnit3.TestAdapter.dll
TpTrace Information: 0 : 21080, 4, 2021/09/23, 11:35:28.861, 2645528609490, testhost.dll, AssemblyResolver.AddSearchDirectories: Adding more searchDirectories D:\IsmaPCBlanco\Documentos\ISMA\Semestre 2021-2\Diseño dirigido por pruebas\Proyectos\Parcial\ProductoSolutionTDD\ProductoSolutionTDD\bin\Debug\net5.0\fine-code-coverage\build-output
TpTrace Verbose: 0 : 21080, 4, 2021/09/23, 11:35:28.861, 2645528611188, testhost.dll, TestPluginCache: Discovered the extensions using extension path ''.
TpTrace Verbose: 0 : 21080, 4, 2021/09/23, 11:35:28.861, 2645528611506, testhost.dll, TestPluginCache: Discoverers are ''.
TpTrace Verbose: 0 : 21080, 4, 2021/09/23, 11:35:28.861, 2645528611657, testhost.dll, TestPluginCache: Executors are 'executor://NUnit3TestExecutor'.
TpTrace Verbose: 0 : 21080, 4, 2021/09/23, 11:35:28.861, 2645528611795, testhost.dll, TestPluginCache: Executors2 are ''.
TpTrace Verbose: 0 : 21080, 4, 2021/09/23, 11:35:28.861, 2645528611977, testhost.dll, TestPluginCache: Setting providers are ''.
TpTrace Verbose: 0 : 21080, 4, 2021/09/23, 11:35:28.861, 2645528612112, testhost.dll, TestPluginCache: Loggers are ''.
TpTrace Verbose: 0 : 21080, 4, 2021/09/23, 11:35:28.862, 2645528617926, testhost.dll, TestExecutorService: Loaded the settings providers
TpTrace Information: 0 : 21080, 4, 2021/09/23, 11:35:28.862, 2645528618260, testhost.dll, TestExecutorService: Loaded the extensions
TpTrace Information: 0 : 21080, 4, 2021/09/23, 11:35:28.876, 2645528759542, testhost.dll, AssemblyResolver.OnResolve: Microsoft.VisualStudio.TestPlatform.Common.resources: Resolving assembly.
TpTrace Information: 0 : 21080, 4, 2021/09/23, 11:35:28.876, 2645528760603, testhost.dll, AssemblyResolver.OnResolve: Microsoft.VisualStudio.TestPlatform.Common.resources: Failed to load assembly.
TpTrace Information: 0 : 21080, 4, 2021/09/23, 11:35:28.929, 2645529292835, testhost.dll, TestDiscoveryManager: Discovering tests from sources D:\IsmaPCBlanco\Documentos\ISMA\Semestre 2021-2\Diseño dirigido por pruebas\Proyectos\Parcial\ProductoSolutionTDD\ProductoSolutionTDD\bin\Debug\net5.0\fine-code-coverage\build-output\ProductoSolutionTDD.dll
TpTrace Verbose: 0 : 21080, 4, 2021/09/23, 11:35:28.931, 2645529307282, testhost.dll, TestPluginCache.DiscoverTestExtensions: finding test extensions in assemblies ends with: TestAdapter.dll TPluginInfo: Microsoft.VisualStudio.TestPlatform.Common.ExtensionFramework.Utilities.TestDiscovererPluginInformation TExtension: Microsoft.VisualStudio.TestPlatform.ObjectModel.Adapter.ITestDiscoverer
TpTrace Verbose: 0 : 21080, 4, 2021/09/23, 11:35:28.931, 2645529308073, testhost.dll, TestPluginCache.GetExtensionPaths: Filtered extension paths: 
TpTrace Verbose: 0 : 21080, 4, 2021/09/23, 11:35:28.931, 2645529308308, testhost.dll, TestPluginCache.GetExtensionPaths: Added default extension paths: D:\IsmaPCBlanco\Documentos\ISMA\Semestre 2021-2\Diseño dirigido por pruebas\Proyectos\Parcial\ProductoSolutionTDD\ProductoSolutionTDD\bin\Debug\net5.0\fine-code-coverage\build-output\NUnit3.TestAdapter.dll
TpTrace Verbose: 0 : 21080, 4, 2021/09/23, 11:35:28.931, 2645529308507, testhost.dll, TestPluginCache.GetExtensionPaths: Added unfilterableExtensionPaths: 
TpTrace Information: 0 : 21080, 4, 2021/09/23, 11:35:28.931, 2645529309291, testhost.dll, AssemblyResolver.AddSearchDirectories: Adding more searchDirectories D:\IsmaPCBlanco\Documentos\ISMA\Semestre 2021-2\Diseño dirigido por pruebas\Proyectos\Parcial\ProductoSolutionTDD\ProductoSolutionTDD\bin\Debug\net5.0\fine-code-coverage\build-output
TpTrace Verbose: 0 : 21080, 4, 2021/09/23, 11:35:28.931, 2645529309533, testhost.dll, TestPluginCache.DiscoverTestExtensions: Discovering the extensions using extension path.
TpTrace Verbose: 0 : 21080, 4, 2021/09/23, 11:35:28.931, 2645529309693, testhost.dll, TestPluginCache.GetExtensionPaths: Filtered extension paths: 
TpTrace Verbose: 0 : 21080, 4, 2021/09/23, 11:35:28.931, 2645529309830, testhost.dll, TestPluginCache.GetExtensionPaths: Added default extension paths: D:\IsmaPCBlanco\Documentos\ISMA\Semestre 2021-2\Diseño dirigido por pruebas\Proyectos\Parcial\ProductoSolutionTDD\ProductoSolutionTDD\bin\Debug\net5.0\fine-code-coverage\build-output\NUnit3.TestAdapter.dll
TpTrace Verbose: 0 : 21080, 4, 2021/09/23, 11:35:28.931, 2645529309969, testhost.dll, TestPluginCache.GetExtensionPaths: Added unfilterableExtensionPaths: 
TpTrace Verbose: 0 : 21080, 4, 2021/09/23, 11:35:28.931, 2645529310188, testhost.dll, TestPluginCache.DiscoverTestExtensions: Discovering the extensions using allExtensionPaths: D:\IsmaPCBlanco\Documentos\ISMA\Semestre 2021-2\Diseño dirigido por pruebas\Proyectos\Parcial\ProductoSolutionTDD\ProductoSolutionTDD\bin\Debug\net5.0\fine-code-coverage\build-output\NUnit3.TestAdapter.dll
TpTrace Information: 0 : 21080, 4, 2021/09/23, 11:35:28.931, 2645529310428, testhost.dll, AssemblyResolver.AddSearchDirectories: Adding more searchDirectories D:\IsmaPCBlanco\Documentos\ISMA\Semestre 2021-2\Diseño dirigido por pruebas\Proyectos\Parcial\ProductoSolutionTDD\ProductoSolutionTDD\bin\Debug\net5.0\fine-code-coverage\build-output
TpTrace Information: 0 : 21080, 4, 2021/09/23, 11:35:28.932, 2645529323673, testhost.dll, AssemblyResolver.OnResolve: System.ComponentModel.Primitives.resources: Resolving assembly.
TpTrace Information: 0 : 21080, 4, 2021/09/23, 11:35:28.932, 2645529324450, testhost.dll, AssemblyResolver.OnResolve: System.ComponentModel.Primitives.resources: Failed to load assembly.
TpTrace Verbose: 0 : 21080, 4, 2021/09/23, 11:35:28.933, 2645529326584, testhost.dll, CurrentDomain_AssemblyResolve: Resolving assembly 'System.ComponentModel.Primitives.resources'.
TpTrace Information: 0 : 21080, 4, 2021/09/23, 11:35:28.933, 2645529327092, testhost.dll, AssemblyResolver.OnResolve: System.ComponentModel.Primitives.resources: Resolving assembly.
TpTrace Information: 0 : 21080, 4, 2021/09/23, 11:35:28.933, 2645529327306, testhost.dll, AssemblyResolver.OnResolve: System.ComponentModel.Primitives.resources: Resolved from cache.
TpTrace Verbose: 0 : 21080, 4, 2021/09/23, 11:35:28.933, 2645529327479, testhost.dll, CurrentDomain_AssemblyResolve: Resolving assembly 'System.ComponentModel.Primitives.resources'.
TpTrace Verbose: 0 : 21080, 4, 2021/09/23, 11:35:28.933, 2645529327668, testhost.dll, CurrentDomainAssemblyResolve: Failed to resolve assembly 'System.ComponentModel.Primitives.resources'.
TpTrace Verbose: 0 : 21080, 4, 2021/09/23, 11:35:28.933, 2645529332287, testhost.dll, CurrentDomainAssemblyResolve: Failed to resolve assembly 'System.ComponentModel.Primitives.resources'.
TpTrace Information: 0 : 21080, 4, 2021/09/23, 11:35:28.933, 2645529334893, testhost.dll, AssemblyResolver.OnResolve: System.ComponentModel.Primitives.resources: Resolving assembly.
TpTrace Information: 0 : 21080, 4, 2021/09/23, 11:35:28.933, 2645529335193, testhost.dll, AssemblyResolver.OnResolve: System.ComponentModel.Primitives.resources: Resolved from cache.
TpTrace Verbose: 0 : 21080, 4, 2021/09/23, 11:35:28.934, 2645529335504, testhost.dll, CurrentDomain_AssemblyResolve: Resolving assembly 'System.ComponentModel.Primitives.resources'.
TpTrace Verbose: 0 : 21080, 4, 2021/09/23, 11:35:28.934, 2645529335654, testhost.dll, CurrentDomainAssemblyResolve: Failed to resolve assembly 'System.ComponentModel.Primitives.resources'.
TpTrace Verbose: 0 : 21080, 4, 2021/09/23, 11:35:28.934, 2645529342110, testhost.dll, TestPluginCache: Discovered the extensions using extension path ''.
TpTrace Verbose: 0 : 21080, 4, 2021/09/23, 11:35:28.934, 2645529342609, testhost.dll, TestPluginCache: Discoverers are 'NUnit.VisualStudio.TestAdapter.NUnit3TestDiscoverer, NUnit3.TestAdapter, Version=3.17.0.0, Culture=neutral, PublicKeyToken=4cb40d35494691ac'.
TpTrace Verbose: 0 : 21080, 4, 2021/09/23, 11:35:28.934, 2645529342782, testhost.dll, TestPluginCache: Executors are 'executor://NUnit3TestExecutor'.
TpTrace Verbose: 0 : 21080, 4, 2021/09/23, 11:35:28.934, 2645529342932, testhost.dll, TestPluginCache: Executors2 are ''.
TpTrace Verbose: 0 : 21080, 4, 2021/09/23, 11:35:28.934, 2645529343065, testhost.dll, TestPluginCache: Setting providers are ''.
TpTrace Verbose: 0 : 21080, 4, 2021/09/23, 11:35:28.934, 2645529343194, testhost.dll, TestPluginCache: Loggers are ''.
TpTrace Information: 0 : 21080, 4, 2021/09/23, 11:35:28.939, 2645529394492, testhost.dll, PEReaderHelper.GetAssemblyType: Determined assemblyType:'Managed' for source: 'D:\IsmaPCBlanco\Documentos\ISMA\Semestre 2021-2\Diseño dirigido por pruebas\Proyectos\Parcial\ProductoSolutionTDD\ProductoSolutionTDD\bin\Debug\net5.0\fine-code-coverage\build-output\ProductoSolutionTDD.dll'
TpTrace Verbose: 0 : 21080, 4, 2021/09/23, 11:35:28.944, 2645529440888, testhost.dll, BaseRunTests.RunTestInternalWithExecutors: Running tests for executor://NUnit3TestExecutor
TpTrace Information: 0 : 21080, 4, 2021/09/23, 11:35:28.946, 2645529455697, testhost.dll, AssemblyResolver.OnResolve: nunit.engine: Resolving assembly.
TpTrace Information: 0 : 21080, 4, 2021/09/23, 11:35:28.946, 2645529463502, testhost.dll, AssemblyResolver.OnResolve: Resolved assembly: nunit.engine, from path: D:\IsmaPCBlanco\Documentos\ISMA\Semestre 2021-2\Diseño dirigido por pruebas\Proyectos\Parcial\ProductoSolutionTDD\ProductoSolutionTDD\bin\Debug\net5.0\fine-code-coverage\build-output\nunit.engine.dll
TpTrace Information: 0 : 21080, 4, 2021/09/23, 11:35:28.946, 2645529464409, testhost.dll, AssemblyResolver.OnResolve: nunit.engine.core: Resolving assembly.
TpTrace Information: 0 : 21080, 4, 2021/09/23, 11:35:28.947, 2645529473450, testhost.dll, AssemblyResolver.OnResolve: Resolved assembly: nunit.engine.core, from path: D:\IsmaPCBlanco\Documentos\ISMA\Semestre 2021-2\Diseño dirigido por pruebas\Proyectos\Parcial\ProductoSolutionTDD\ProductoSolutionTDD\bin\Debug\net5.0\fine-code-coverage\build-output\nunit.engine.core.dll
TpTrace Information: 0 : 21080, 4, 2021/09/23, 11:35:28.953, 2645529531404, testhost.dll, NUnit Adapter 3.17.0.0: Test execution started
TpTrace Verbose: 0 : 21080, 4, 2021/09/23, 11:35:28.953, 2645529532674, testhost.dll, TestRequestHandler.SendData:  sending data from testhost: {"Version":5,"MessageType":"TestSession.Message","Payload":{"MessageLevel":0,"Message":"NUnit Adapter 3.17.0.0: Test execution started"}}
TpTrace Information: 0 : 21080, 4, 2021/09/23, 11:35:28.975, 2645529747630, testhost.dll, Running all tests in D:\IsmaPCBlanco\Documentos\ISMA\Semestre 2021-2\Diseño dirigido por pruebas\Proyectos\Parcial\ProductoSolutionTDD\ProductoSolutionTDD\bin\Debug\net5.0\fine-code-coverage\build-output\ProductoSolutionTDD.dll
TpTrace Verbose: 0 : 21080, 4, 2021/09/23, 11:35:28.975, 2645529749405, testhost.dll, TestRequestHandler.SendData:  sending data from testhost: {"Version":5,"MessageType":"TestSession.Message","Payload":{"MessageLevel":0,"Message":"Running all tests in D:\\IsmaPCBlanco\\Documentos\\ISMA\\Semestre 2021-2\\Diseño dirigido por pruebas\\Proyectos\\Parcial\\ProductoSolutionTDD\\ProductoSolutionTDD\\bin\\Debug\\net5.0\\fine-code-coverage\\build-output\\ProductoSolutionTDD.dll"}}
TpTrace Information: 0 : 21080, 4, 2021/09/23, 11:35:28.984, 2645529838473, testhost.dll, AssemblyResolver.OnResolve: Mono.Cecil: Resolving assembly.
TpTrace Information: 0 : 21080, 4, 2021/09/23, 11:35:28.984, 2645529840152, testhost.dll, AssemblyResolver.OnResolve: Mono.Cecil: Failed to load assembly.
TpTrace Information: 0 : 21080, 4, 2021/09/23, 11:35:29.122, 2645531221091, testhost.dll,    NUnit3TestExecutor discovered 1 of 1 NUnit test cases
TpTrace Verbose: 0 : 21080, 4, 2021/09/23, 11:35:29.122, 2645531222495, testhost.dll, TestRequestHandler.SendData:  sending data from testhost: {"Version":5,"MessageType":"TestSession.Message","Payload":{"MessageLevel":0,"Message":"   NUnit3TestExecutor discovered 1 of 1 NUnit test cases"}}
TpTrace Verbose: 0 : 21080, 12, 2021/09/23, 11:35:29.146, 2645531456715, testhost.dll, TestExecutionRecorder.RecordStart: Starting test: ProductoSolutionTDD.ProductoSolutionTest.NoPuedeIngresarCantidadProductosDeMenosUno.
TpTrace Verbose: 0 : 21080, 12, 2021/09/23, 11:35:29.181, 2645531810238, testhost.dll, TestExecutionRecorder.RecordEnd: test: ProductoSolutionTDD.ProductoSolutionTest.NoPuedeIngresarCantidadProductosDeMenosUno execution completed.
TpTrace Verbose: 0 : 21080, 12, 2021/09/23, 11:35:29.199, 2645531988435, testhost.dll, TestExecutionRecorder.RecordResult: Received result for test: ProductoSolutionTDD.ProductoSolutionTest.NoPuedeIngresarCantidadProductosDeMenosUno.
TpTrace Warning: 0 : 21080, 12, 2021/09/23, 11:35:29.202, 2645532022341, testhost.dll, TestRunCache: InProgressTests is null
TpTrace Warning: 0 : 21080, 12, 2021/09/23, 11:35:29.202, 2645532023905, testhost.dll, TestRunCache: No test found corresponding to testResult 'NoPuedeIngresarCantidadProductosDeMenosUno' in inProgress list.
TpTrace Information: 0 : 21080, 4, 2021/09/23, 11:35:29.205, 2645532049907, testhost.dll, NUnit Adapter 3.17.0.0: Test execution complete
TpTrace Verbose: 0 : 21080, 4, 2021/09/23, 11:35:29.205, 2645532050930, testhost.dll, TestRequestHandler.SendData:  sending data from testhost: {"Version":5,"MessageType":"TestSession.Message","Payload":{"MessageLevel":0,"Message":"NUnit Adapter 3.17.0.0: Test execution complete"}}
TpTrace Verbose: 0 : 21080, 4, 2021/09/23, 11:35:29.210, 2645532102312, testhost.dll, BaseRunTests.RunTestInternalWithExecutors: Completed running tests for executor://NUnit3TestExecutor
TpTrace Information: 0 : 21080, 4, 2021/09/23, 11:35:29.213, 2645532134553, testhost.dll, Sending test run complete
TpTrace Verbose: 0 : 21080, 4, 2021/09/23, 11:35:29.243, 2645532426156, testhost.dll, TestRequestHandler.SendData:  sending data from testhost: {"Version":5,"MessageType":"TestExecution.Completed","Payload":{"TestRunCompleteArgs":{"TestRunStatistics":{"ExecutedTests":1,"Stats":{"Failed":1}},"IsCanceled":false,"IsAborted":false,"Error":null,"AttachmentSets":[],"ElapsedTimeInRunningTests":"00:00:00.2697299","Metrics":{}},"LastRunTests":{"NewTestResults":[{"TestCase":{"Id":"1fd23cc2-ebc2-4f0e-3c28-85f7d285a74d","FullyQualifiedName":"ProductoSolutionTDD.ProductoSolutionTest.NoPuedeIngresarCantidadProductosDeMenosUno","DisplayName":"NoPuedeIngresarCantidadProductosDeMenosUno","ExecutorUri":"executor://NUnit3TestExecutor","Source":"D:\\IsmaPCBlanco\\Documentos\\ISMA\\Semestre 2021-2\\Diseño dirigido por pruebas\\Proyectos\\Parcial\\ProductoSolutionTDD\\ProductoSolutionTDD\\bin\\Debug\\net5.0\\fine-code-coverage\\build-output\\ProductoSolutionTDD.dll","CodeFilePath":null,"LineNumber":0,"Properties":[]},"Attachments":[],"Outcome":2,"ErrorMessage":"System.NotImplementedException : The method or operation is not implemented.","ErrorStackTrace":"   at ProductoSolutionTDD.ProductoSimple.Ingresar(Decimal cantidadProducto) in D:\\IsmaPCBlanco\\Documentos\\ISMA\\Semestre 2021-2\\Diseño dirigido por pruebas\\Proyectos\\Parcial\\ProductoSolutionTDD\\ProductoSolutionTDD\\ProductoSolutionTest.cs:line 51\r\n   at ProductoSolutionTDD.ProductoSolutionTest.NoPuedeIngresarCantidadProductosDeMenosUno() in D:\\IsmaPCBlanco\\Documentos\\ISMA\\Semestre 2021-2\\Diseño dirigido por pruebas\\Proyectos\\Parcial\\ProductoSolutionTDD\\ProductoSolutionTDD\\ProductoSolutionTest.cs:line 31","DisplayName":"NoPuedeIngresarCantidadProductosDeMenosUno","Messages":[],"ComputerName":"DESKTOP-FFMH835","Duration":"00:00:00.0109210","StartTime":"2021-09-23T16:35:29.1452434+00:00","EndTime":"2021-09-23T16:35:29.1560718+00:00","Properties":[]}],"TestRunStatistics":{"ExecutedTests":1,"Stats":{"Failed":1}},"ActiveTests":[]},"RunAttachments":[],"ExecutorUris":["executor://nunit3testexecutor/"]}}
TpTrace Verbose: 0 : 21080, 4, 2021/09/23, 11:35:29.243, 2645532428956, testhost.dll, BaseRunTests.RunTests: Run is complete.
TpTrace Verbose: 0 : 21080, 8, 2021/09/23, 11:35:29.245, 2645532447672, testhost.dll, TcpClientExtensions.MessageLoopAsync: NotifyDataAvailable remoteEndPoint: [::ffff:127.0.0.1]:55233 localEndPoint: [::ffff:127.0.0.1]:55234
TpTrace Information: 0 : 21080, 8, 2021/09/23, 11:35:29.245, 2645532449037, testhost.dll, TestRequestHandler.ProcessRequests: received message: (TestSession.Terminate) -> null
TpTrace Information: 0 : 21080, 8, 2021/09/23, 11:35:29.245, 2645532449288, testhost.dll, Session End message received from server. Closing the connection.
TpTrace Information: 0 : 21080, 8, 2021/09/23, 11:35:29.245, 2645532451983, testhost.dll, SocketClient.Stop: Stop communication from server endpoint: 127.0.0.1:055233
TpTrace Information: 0 : 21080, 8, 2021/09/23, 11:35:29.245, 2645532452280, testhost.dll, SocketClient: Stop: Cancellation requested. Stopping message loop.
TpTrace Verbose: 0 : 21080, 8, 2021/09/23, 11:35:29.245, 2645532452922, testhost.dll, LengthPrefixCommunicationChannel.Dispose: Dispose reader and writer.
TpTrace Information: 0 : 21080, 8, 2021/09/23, 11:35:29.245, 2645532453209, testhost.dll, Closing the connection !
TpTrace Information: 0 : 21080, 8, 2021/09/23, 11:35:29.245, 2645532454579, testhost.dll, SocketClient.PrivateStop: Stop communication from server endpoint: 127.0.0.1:055233, error:
TpTrace Verbose: 0 : 21080, 8, 2021/09/23, 11:35:29.246, 2645532459306, testhost.dll, LengthPrefixCommunicationChannel.Dispose: Dispose reader and writer.
TpTrace Information: 0 : 21080, 1, 2021/09/23, 11:35:29.246, 2645532459311, testhost.dll, Closing the connection !
TpTrace Information: 0 : 21080, 1, 2021/09/23, 11:35:29.246, 2645532460260, testhost.dll, SocketClient.Stop: Stop communication from server endpoint: 127.0.0.1:055233
TpTrace Verbose: 0 : 21080, 1, 2021/09/23, 11:35:29.246, 2645532460432, testhost.dll, LengthPrefixCommunicationChannel.Dispose: Dispose reader and writer.
TpTrace Verbose: 0 : 21080, 8, 2021/09/23, 11:35:29.246, 2645532459933, testhost.dll, TcpClientExtensions.MessageLoopAsync: exiting MessageLoopAsync remoteEndPoint: [::ffff:127.0.0.1]:55233 localEndPoint: [::ffff:127.0.0.1]:55234
TpTrace Information: 0 : 21080, 1, 2021/09/23, 11:35:29.246, 2645532461264, testhost.dll, Testhost process exiting.
