TpTrace Verbose: 0 : 15984, 1, 2021/09/23, 11:52:30.863, 2655748633991, testhost.dll, Version: 16.9.4
TpTrace Information: 0 : 15984, 1, 2021/09/23, 11:52:30.868, 2655748679473, testhost.dll, DefaultEngineInvoker.Invoke: Testhost process started with args :[--port, 56658],[--endpoint, 127.0.0.1:056658],[--role, client],[--parentprocessid, 12580],[--diag, D:\IsmaPCBlanco\Documentos\ISMA\Semestre 2021-2\Diseño dirigido por pruebas\Proyectos\Parcial\ProductoSolutionTDD\ProductoSolutionTDD\bin\Debug\net5.0\fine-code-coverage\coverage-tool-output\diagnostics.host.21-09-23_11-52-30_75501_6.log],[--tracelevel, 4],[--datacollectionport, 56657],[--telemetryoptedin, false]
TpTrace Information: 0 : 15984, 1, 2021/09/23, 11:52:30.870, 2655748696434, testhost.dll, Setting up debug trace listener.
TpTrace Verbose: 0 : 15984, 1, 2021/09/23, 11:52:30.870, 2655748698945, testhost.dll, TestPlatformTraceListener.Setup: Replacing listener 0 with TestHostTraceListener.
TpTrace Verbose: 0 : 15984, 1, 2021/09/23, 11:52:30.870, 2655748699373, testhost.dll, TestPlatformTraceListener.Setup: Added test platform trace listener.
TpTrace Information: 0 : 15984, 1, 2021/09/23, 11:52:30.870, 2655748703165, testhost.dll, DefaultEngineInvoker.SetParentProcessExitCallback: Monitoring parent process with id: '12580'
TpTrace Information: 0 : 15984, 1, 2021/09/23, 11:52:30.875, 2655748749290, testhost.dll, DefaultEngineInvoker.GetConnectionInfo: Initialize communication on endpoint address: '127.0.0.1:056658'
TpTrace Information: 0 : 15984, 1, 2021/09/23, 11:52:30.886, 2655748862663, testhost.dll, SocketClient.Start: connecting to server endpoint: 127.0.0.1:056658
TpTrace Information: 0 : 15984, 1, 2021/09/23, 11:52:30.892, 2655748918692, testhost.dll, DefaultEngineInvoker.ConnectToDatacollector: Connecting to datacollector, port: 56657
TpTrace Information: 0 : 15984, 9, 2021/09/23, 11:52:30.892, 2655748923828, testhost.dll, SocketClient.OnServerConnected: connected to server endpoint: 127.0.0.1:056658
TpTrace Verbose: 0 : 15984, 9, 2021/09/23, 11:52:30.894, 2655748937179, testhost.dll, Connected to server, and starting MessageLoopAsync
TpTrace Information: 0 : 15984, 1, 2021/09/23, 11:52:30.895, 2655748947050, testhost.dll, Trying to connect to server on socket : 127.0.0.1:56657 
TpTrace Verbose: 0 : 15984, 1, 2021/09/23, 11:52:30.895, 2655748949364, testhost.dll, SocketCommunicationManager : SetupClientAsync : Attempting to connect to the server.
TpTrace Verbose: 0 : 15984, 9, 2021/09/23, 11:52:30.896, 2655748956745, testhost.dll, TcpClientExtensions.MessageLoopAsync: Polling on remoteEndPoint: [::ffff:127.0.0.1]:56658 localEndPoint: [::ffff:127.0.0.1]:56659
TpTrace Verbose: 0 : 15984, 9, 2021/09/23, 11:52:30.896, 2655748959759, testhost.dll, TcpClientExtensions.MessageLoopAsync: NotifyDataAvailable remoteEndPoint: [::ffff:127.0.0.1]:56658 localEndPoint: [::ffff:127.0.0.1]:56659
TpTrace Information: 0 : 15984, 8, 2021/09/23, 11:52:30.896, 2655748961622, testhost.dll, Connected to the server successfully 
TpTrace Information: 0 : 15984, 8, 2021/09/23, 11:52:30.896, 2655748962153, testhost.dll, Using the buffer size of 16384 bytes
TpTrace Information: 0 : 15984, 1, 2021/09/23, 11:52:30.896, 2655748965285, testhost.dll, DefaultEngineInvoker.Invoke: Start Request Processing.
TpTrace Information: 0 : 15984, 11, 2021/09/23, 11:52:30.897, 2655748970370, testhost.dll, DefaultEngineInvoker.StartProcessingAsync: Connected to vstest.console, Starting process requests.
TpTrace Information: 0 : 15984, 9, 2021/09/23, 11:52:30.979, 2655749788065, testhost.dll, TestRequestHandler.ProcessRequests: received message: (ProtocolVersion) -> 5
TpTrace Verbose: 0 : 15984, 9, 2021/09/23, 11:52:31.000, 2655750001285, testhost.dll, TestRequestHandler.SendData:  sending data from testhost: {"Version":5,"MessageType":"TestSession.Message","Payload":{"MessageLevel":0,"Message":"Registrando diagnóstico de TestHost en el archivo: D:\\IsmaPCBlanco\\Documentos\\ISMA\\Semestre 2021-2\\Diseño dirigido por pruebas\\Proyectos\\Parcial\\ProductoSolutionTDD\\ProductoSolutionTDD\\bin\\Debug\\net5.0\\fine-code-coverage\\coverage-tool-output\\diagnostics.host.21-09-23_11-52-30_75501_6.log"}}
TpTrace Verbose: 0 : 15984, 9, 2021/09/23, 11:52:31.001, 2655750005579, testhost.dll, TcpClientExtensions.MessageLoopAsync: Polling on remoteEndPoint: [::ffff:127.0.0.1]:56658 localEndPoint: [::ffff:127.0.0.1]:56659
TpTrace Verbose: 0 : 15984, 9, 2021/09/23, 11:52:31.001, 2655750006118, testhost.dll, TcpClientExtensions.MessageLoopAsync: NotifyDataAvailable remoteEndPoint: [::ffff:127.0.0.1]:56658 localEndPoint: [::ffff:127.0.0.1]:56659
TpTrace Information: 0 : 15984, 9, 2021/09/23, 11:52:31.004, 2655750037360, testhost.dll, TestRequestHandler.ProcessRequests: received message: (TestExecution.Initialize) -> [
  "D:\\IsmaPCBlanco\\Documentos\\ISMA\\Semestre 2021-2\\Diseño dirigido por pruebas\\Proyectos\\Parcial\\ProductoSolutionTDD\\ProductoSolutionTDD\\bin\\Debug\\net5.0\\fine-code-coverage\\build-output\\NUnit3.TestAdapter.dll"
]
TpTrace Information: 0 : 15984, 9, 2021/09/23, 11:52:31.004, 2655750038595, testhost.dll, Execution Session Initialize.
TpTrace Verbose: 0 : 15984, 9, 2021/09/23, 11:52:31.009, 2655750095211, testhost.dll, TcpClientExtensions.MessageLoopAsync: Polling on remoteEndPoint: [::ffff:127.0.0.1]:56658 localEndPoint: [::ffff:127.0.0.1]:56659
TpTrace Verbose: 0 : 15984, 9, 2021/09/23, 11:52:31.010, 2655750096324, testhost.dll, TcpClientExtensions.MessageLoopAsync: NotifyDataAvailable remoteEndPoint: [::ffff:127.0.0.1]:56658 localEndPoint: [::ffff:127.0.0.1]:56659
TpTrace Verbose: 0 : 15984, 4, 2021/09/23, 11:52:31.011, 2655750111260, testhost.dll, TestExecutorService: Loading the extensions
TpTrace Information: 0 : 15984, 9, 2021/09/23, 11:52:31.011, 2655750114686, testhost.dll, TestRequestHandler.ProcessRequests: received message: (TestExecution.StartWithSources) -> {
  "AdapterSourceMap": {
    "_none_": [
      "D:\\IsmaPCBlanco\\Documentos\\ISMA\\Semestre 2021-2\\Diseño dirigido por pruebas\\Proyectos\\Parcial\\ProductoSolutionTDD\\ProductoSolutionTDD\\bin\\Debug\\net5.0\\fine-code-coverage\\build-output\\ProductoSolutionTDD.dll"
    ]
  },
  "RunSettings": "<RunSettings>\r\n  <RunConfiguration>\r\n    <ResultsDirectory>D:\\IsmaPCBlanco\\Documentos\\ISMA\\Semestre 2021-2\\Diseño dirigido por pruebas\\Proyectos\\Parcial\\ProductoSolutionTDD\\ProductoSolutionTDD\\bin\\Debug\\net5.0\\fine-code-coverage\\coverage-tool-output</ResultsDirectory>\r\n    <TargetPlatform>X64</TargetPlatform>\r\n    <TargetFrameworkVersion>.NETCoreApp,Version=v5.0</TargetFrameworkVersion>\r\n    <DesignMode>False</DesignMode>\r\n    <CollectSourceInformation>False</CollectSourceInformation>\r\n  </RunConfiguration>\r\n  <LoggerRunSettings>\r\n    <Loggers>\r\n      <Logger friendlyName=\"blame\" enabled=\"True\" />\r\n      <Logger friendlyName=\"Console\" uri=\"logger://microsoft/TestPlatform/ConsoleLogger/v1\" assemblyQualifiedName=\"Microsoft.VisualStudio.TestPlatform.CommandLine.Internal.ConsoleLogger, vstest.console, Version=15.0.0.0, Culture=neutral, PublicKeyToken=b03f5f7f11d50a3a\" codeBase=\"C:\\Program Files\\dotnet\\sdk\\5.0.301\\vstest.console.dll\" enabled=\"True\" />\r\n    </Loggers>\r\n  </LoggerRunSettings>\r\n  <DataCollectionRunSettings>\r\n    <DataCollectors>\r\n      <DataCollector friendlyName=\"blame\" enabled=\"True\">\r\n        <Configuration>\r\n          <ResultsDirectory>D:\\IsmaPCBlanco\\Documentos\\ISMA\\Semestre 2021-2\\Diseño dirigido por pruebas\\Proyectos\\Parcial\\ProductoSolutionTDD\\ProductoSolutionTDD\\bin\\Debug\\net5.0\\fine-code-coverage\\coverage-tool-output</ResultsDirectory>\r\n        </Configuration>\r\n      </DataCollector>\r\n    </DataCollectors>\r\n  </DataCollectionRunSettings>\r\n</RunSettings>",
  "TestExecutionContext": {
    "FrequencyOfRunStatsChangeEvent": 10,
    "RunStatsChangeEventTimeout": "00:00:01.5000000",
    "InIsolation": false,
    "KeepAlive": false,
    "AreTestCaseLevelEventsRequired": false,
    "IsDebug": false,
    "TestCaseFilter": null,
    "FilterOptions": null
  },
  "Package": null
}
TpTrace Information: 0 : 15984, 9, 2021/09/23, 11:52:31.011, 2655750115381, testhost.dll, Execution started.
TpTrace Verbose: 0 : 15984, 4, 2021/09/23, 11:52:31.012, 2655750122485, testhost.dll, TestPluginCache.DiscoverTestExtensions: finding test extensions in assemblies ends with: TestAdapter.dll TPluginInfo: Microsoft.VisualStudio.TestPlatform.Common.ExtensionFramework.Utilities.TestExecutorPluginInformation TExtension: Microsoft.VisualStudio.TestPlatform.ObjectModel.Adapter.ITestExecutor
TpTrace Verbose: 0 : 15984, 4, 2021/09/23, 11:52:31.013, 2655750129214, testhost.dll, TestPluginCache.GetExtensionPaths: Filtered extension paths: 
TpTrace Verbose: 0 : 15984, 4, 2021/09/23, 11:52:31.013, 2655750131623, testhost.dll, TestPluginCache.GetExtensionPaths: Added default extension paths: D:\IsmaPCBlanco\Documentos\ISMA\Semestre 2021-2\Diseño dirigido por pruebas\Proyectos\Parcial\ProductoSolutionTDD\ProductoSolutionTDD\bin\Debug\net5.0\fine-code-coverage\build-output\NUnit3.TestAdapter.dll
TpTrace Verbose: 0 : 15984, 4, 2021/09/23, 11:52:31.013, 2655750131917, testhost.dll, TestPluginCache.GetExtensionPaths: Added unfilterableExtensionPaths: 
TpTrace Information: 0 : 15984, 4, 2021/09/23, 11:52:31.015, 2655750147760, testhost.dll, AssemblyResolver.ctor: Creating AssemblyResolver with searchDirectories D:\IsmaPCBlanco\Documentos\ISMA\Semestre 2021-2\Diseño dirigido por pruebas\Proyectos\Parcial\ProductoSolutionTDD\ProductoSolutionTDD\bin\Debug\net5.0\fine-code-coverage\build-output
TpTrace Verbose: 0 : 15984, 4, 2021/09/23, 11:52:31.016, 2655750156576, testhost.dll, TestPluginCache.DiscoverTestExtensions: Discovering the extensions using extension path.
TpTrace Verbose: 0 : 15984, 4, 2021/09/23, 11:52:31.016, 2655750157652, testhost.dll, TestPluginCache.GetExtensionPaths: Filtered extension paths: 
TpTrace Verbose: 0 : 15984, 4, 2021/09/23, 11:52:31.016, 2655750157968, testhost.dll, TestPluginCache.GetExtensionPaths: Added default extension paths: D:\IsmaPCBlanco\Documentos\ISMA\Semestre 2021-2\Diseño dirigido por pruebas\Proyectos\Parcial\ProductoSolutionTDD\ProductoSolutionTDD\bin\Debug\net5.0\fine-code-coverage\build-output\NUnit3.TestAdapter.dll
TpTrace Verbose: 0 : 15984, 4, 2021/09/23, 11:52:31.016, 2655750158139, testhost.dll, TestPluginCache.GetExtensionPaths: Added unfilterableExtensionPaths: 
TpTrace Verbose: 0 : 15984, 4, 2021/09/23, 11:52:31.016, 2655750158571, testhost.dll, TestPluginCache.DiscoverTestExtensions: Discovering the extensions using allExtensionPaths: D:\IsmaPCBlanco\Documentos\ISMA\Semestre 2021-2\Diseño dirigido por pruebas\Proyectos\Parcial\ProductoSolutionTDD\ProductoSolutionTDD\bin\Debug\net5.0\fine-code-coverage\build-output\NUnit3.TestAdapter.dll
TpTrace Information: 0 : 15984, 4, 2021/09/23, 11:52:31.016, 2655750165183, testhost.dll, AssemblyResolver.AddSearchDirectories: Adding more searchDirectories D:\IsmaPCBlanco\Documentos\ISMA\Semestre 2021-2\Diseño dirigido por pruebas\Proyectos\Parcial\ProductoSolutionTDD\ProductoSolutionTDD\bin\Debug\net5.0\fine-code-coverage\build-output
TpTrace Information: 0 : 15984, 4, 2021/09/23, 11:52:31.019, 2655750194725, testhost.dll, AssemblyResolver.OnResolve: NUnit3.TestAdapter: Resolving assembly.
TpTrace Information: 0 : 15984, 4, 2021/09/23, 11:52:31.020, 2655750205101, testhost.dll, AssemblyResolver.OnResolve: Resolved assembly: NUnit3.TestAdapter, from path: D:\IsmaPCBlanco\Documentos\ISMA\Semestre 2021-2\Diseño dirigido por pruebas\Proyectos\Parcial\ProductoSolutionTDD\ProductoSolutionTDD\bin\Debug\net5.0\fine-code-coverage\build-output\NUnit3.TestAdapter.dll
TpTrace Information: 0 : 15984, 4, 2021/09/23, 11:52:31.023, 2655750225566, testhost.dll, AssemblyResolver.OnResolve: nunit.engine.api: Resolving assembly.
TpTrace Information: 0 : 15984, 4, 2021/09/23, 11:52:31.023, 2655750229628, testhost.dll, AssemblyResolver.OnResolve: Resolved assembly: nunit.engine.api, from path: D:\IsmaPCBlanco\Documentos\ISMA\Semestre 2021-2\Diseño dirigido por pruebas\Proyectos\Parcial\ProductoSolutionTDD\ProductoSolutionTDD\bin\Debug\net5.0\fine-code-coverage\build-output\nunit.engine.api.dll
TpTrace Verbose: 0 : 15984, 4, 2021/09/23, 11:52:31.027, 2655750268089, testhost.dll, TestPluginCache: Discovered the extensions using extension path ''.
TpTrace Verbose: 0 : 15984, 4, 2021/09/23, 11:52:31.027, 2655750271233, testhost.dll, TestPluginCache: Discoverers are ''.
TpTrace Verbose: 0 : 15984, 4, 2021/09/23, 11:52:31.027, 2655750271745, testhost.dll, TestPluginCache: Executors are 'executor://NUnit3TestExecutor'.
TpTrace Verbose: 0 : 15984, 4, 2021/09/23, 11:52:31.027, 2655750272058, testhost.dll, TestPluginCache: Executors2 are ''.
TpTrace Verbose: 0 : 15984, 4, 2021/09/23, 11:52:31.027, 2655750272333, testhost.dll, TestPluginCache: Setting providers are ''.
TpTrace Verbose: 0 : 15984, 4, 2021/09/23, 11:52:31.027, 2655750272596, testhost.dll, TestPluginCache: Loggers are ''.
TpTrace Verbose: 0 : 15984, 9, 2021/09/23, 11:52:31.028, 2655750284599, testhost.dll, TcpClientExtensions.MessageLoopAsync: Polling on remoteEndPoint: [::ffff:127.0.0.1]:56658 localEndPoint: [::ffff:127.0.0.1]:56659
TpTrace Verbose: 0 : 15984, 4, 2021/09/23, 11:52:31.029, 2655750291675, testhost.dll, TestPluginCache.DiscoverTestExtensions: finding test extensions in assemblies ends with: TestAdapter.dll TPluginInfo: Microsoft.VisualStudio.TestPlatform.Common.ExtensionFramework.Utilities.TestExecutorPluginInformation2 TExtension: Microsoft.VisualStudio.TestPlatform.ObjectModel.Adapter.ITestExecutor2
TpTrace Verbose: 0 : 15984, 4, 2021/09/23, 11:52:31.029, 2655750293632, testhost.dll, TestPluginCache.GetExtensionPaths: Filtered extension paths: 
TpTrace Verbose: 0 : 15984, 4, 2021/09/23, 11:52:31.029, 2655750293948, testhost.dll, TestPluginCache.GetExtensionPaths: Added default extension paths: D:\IsmaPCBlanco\Documentos\ISMA\Semestre 2021-2\Diseño dirigido por pruebas\Proyectos\Parcial\ProductoSolutionTDD\ProductoSolutionTDD\bin\Debug\net5.0\fine-code-coverage\build-output\NUnit3.TestAdapter.dll
TpTrace Verbose: 0 : 15984, 4, 2021/09/23, 11:52:31.029, 2655750294130, testhost.dll, TestPluginCache.GetExtensionPaths: Added unfilterableExtensionPaths: 
TpTrace Information: 0 : 15984, 4, 2021/09/23, 11:52:31.030, 2655750295813, testhost.dll, AssemblyResolver.AddSearchDirectories: Adding more searchDirectories D:\IsmaPCBlanco\Documentos\ISMA\Semestre 2021-2\Diseño dirigido por pruebas\Proyectos\Parcial\ProductoSolutionTDD\ProductoSolutionTDD\bin\Debug\net5.0\fine-code-coverage\build-output
TpTrace Verbose: 0 : 15984, 4, 2021/09/23, 11:52:31.030, 2655750296294, testhost.dll, TestPluginCache.DiscoverTestExtensions: Discovering the extensions using extension path.
TpTrace Verbose: 0 : 15984, 4, 2021/09/23, 11:52:31.030, 2655750296508, testhost.dll, TestPluginCache.GetExtensionPaths: Filtered extension paths: 
TpTrace Verbose: 0 : 15984, 4, 2021/09/23, 11:52:31.030, 2655750296659, testhost.dll, TestPluginCache.GetExtensionPaths: Added default extension paths: D:\IsmaPCBlanco\Documentos\ISMA\Semestre 2021-2\Diseño dirigido por pruebas\Proyectos\Parcial\ProductoSolutionTDD\ProductoSolutionTDD\bin\Debug\net5.0\fine-code-coverage\build-output\NUnit3.TestAdapter.dll
TpTrace Verbose: 0 : 15984, 4, 2021/09/23, 11:52:31.030, 2655750296826, testhost.dll, TestPluginCache.GetExtensionPaths: Added unfilterableExtensionPaths: 
TpTrace Verbose: 0 : 15984, 4, 2021/09/23, 11:52:31.030, 2655750296994, testhost.dll, TestPluginCache.DiscoverTestExtensions: Discovering the extensions using allExtensionPaths: D:\IsmaPCBlanco\Documentos\ISMA\Semestre 2021-2\Diseño dirigido por pruebas\Proyectos\Parcial\ProductoSolutionTDD\ProductoSolutionTDD\bin\Debug\net5.0\fine-code-coverage\build-output\NUnit3.TestAdapter.dll
TpTrace Information: 0 : 15984, 4, 2021/09/23, 11:52:31.030, 2655750297446, testhost.dll, AssemblyResolver.AddSearchDirectories: Adding more searchDirectories D:\IsmaPCBlanco\Documentos\ISMA\Semestre 2021-2\Diseño dirigido por pruebas\Proyectos\Parcial\ProductoSolutionTDD\ProductoSolutionTDD\bin\Debug\net5.0\fine-code-coverage\build-output
TpTrace Verbose: 0 : 15984, 4, 2021/09/23, 11:52:31.030, 2655750301532, testhost.dll, TestPluginCache: Discovered the extensions using extension path ''.
TpTrace Verbose: 0 : 15984, 4, 2021/09/23, 11:52:31.030, 2655750303112, testhost.dll, TestPluginCache: Discoverers are ''.
TpTrace Verbose: 0 : 15984, 4, 2021/09/23, 11:52:31.030, 2655750303565, testhost.dll, TestPluginCache: Executors are 'executor://NUnit3TestExecutor'.
TpTrace Verbose: 0 : 15984, 4, 2021/09/23, 11:52:31.030, 2655750303951, testhost.dll, TestPluginCache: Executors2 are ''.
TpTrace Verbose: 0 : 15984, 4, 2021/09/23, 11:52:31.030, 2655750304177, testhost.dll, TestPluginCache: Setting providers are ''.
TpTrace Verbose: 0 : 15984, 4, 2021/09/23, 11:52:31.030, 2655750304308, testhost.dll, TestPluginCache: Loggers are ''.
TpTrace Information: 0 : 15984, 4, 2021/09/23, 11:52:31.034, 2655750342430, testhost.dll, TestPluginManager.CreateTestExtension: Attempting to load test extension: NUnit.VisualStudio.TestAdapter.NUnit3TestExecutor
TpTrace Verbose: 0 : 15984, 4, 2021/09/23, 11:52:31.035, 2655750347115, testhost.dll, TestExecutorExtensionManager: Loading executor NUnit.VisualStudio.TestAdapter.NUnit3TestExecutor
TpTrace Verbose: 0 : 15984, 4, 2021/09/23, 11:52:31.035, 2655750347482, testhost.dll, TestExecutorService: Loaded the executors
TpTrace Verbose: 0 : 15984, 4, 2021/09/23, 11:52:31.035, 2655750353361, testhost.dll, TestPluginCache.DiscoverTestExtensions: finding test extensions in assemblies ends with: TestAdapter.dll TPluginInfo: Microsoft.VisualStudio.TestPlatform.Common.ExtensionFramework.Utilities.TestSettingsProviderPluginInformation TExtension: Microsoft.VisualStudio.TestPlatform.ObjectModel.Adapter.ISettingsProvider
TpTrace Verbose: 0 : 15984, 4, 2021/09/23, 11:52:31.035, 2655750354026, testhost.dll, TestPluginCache.GetExtensionPaths: Filtered extension paths: 
TpTrace Verbose: 0 : 15984, 4, 2021/09/23, 11:52:31.035, 2655750354266, testhost.dll, TestPluginCache.GetExtensionPaths: Added default extension paths: D:\IsmaPCBlanco\Documentos\ISMA\Semestre 2021-2\Diseño dirigido por pruebas\Proyectos\Parcial\ProductoSolutionTDD\ProductoSolutionTDD\bin\Debug\net5.0\fine-code-coverage\build-output\NUnit3.TestAdapter.dll
TpTrace Verbose: 0 : 15984, 4, 2021/09/23, 11:52:31.035, 2655750354430, testhost.dll, TestPluginCache.GetExtensionPaths: Added unfilterableExtensionPaths: 
TpTrace Information: 0 : 15984, 4, 2021/09/23, 11:52:31.035, 2655750355346, testhost.dll, AssemblyResolver.AddSearchDirectories: Adding more searchDirectories D:\IsmaPCBlanco\Documentos\ISMA\Semestre 2021-2\Diseño dirigido por pruebas\Proyectos\Parcial\ProductoSolutionTDD\ProductoSolutionTDD\bin\Debug\net5.0\fine-code-coverage\build-output
TpTrace Verbose: 0 : 15984, 4, 2021/09/23, 11:52:31.036, 2655750355576, testhost.dll, TestPluginCache.DiscoverTestExtensions: Discovering the extensions using extension path.
TpTrace Verbose: 0 : 15984, 4, 2021/09/23, 11:52:31.036, 2655750355749, testhost.dll, TestPluginCache.GetExtensionPaths: Filtered extension paths: 
TpTrace Verbose: 0 : 15984, 4, 2021/09/23, 11:52:31.036, 2655750355901, testhost.dll, TestPluginCache.GetExtensionPaths: Added default extension paths: D:\IsmaPCBlanco\Documentos\ISMA\Semestre 2021-2\Diseño dirigido por pruebas\Proyectos\Parcial\ProductoSolutionTDD\ProductoSolutionTDD\bin\Debug\net5.0\fine-code-coverage\build-output\NUnit3.TestAdapter.dll
TpTrace Verbose: 0 : 15984, 4, 2021/09/23, 11:52:31.036, 2655750356092, testhost.dll, TestPluginCache.GetExtensionPaths: Added unfilterableExtensionPaths: 
TpTrace Verbose: 0 : 15984, 4, 2021/09/23, 11:52:31.036, 2655750356256, testhost.dll, TestPluginCache.DiscoverTestExtensions: Discovering the extensions using allExtensionPaths: D:\IsmaPCBlanco\Documentos\ISMA\Semestre 2021-2\Diseño dirigido por pruebas\Proyectos\Parcial\ProductoSolutionTDD\ProductoSolutionTDD\bin\Debug\net5.0\fine-code-coverage\build-output\NUnit3.TestAdapter.dll
TpTrace Information: 0 : 15984, 4, 2021/09/23, 11:52:31.036, 2655750356482, testhost.dll, AssemblyResolver.AddSearchDirectories: Adding more searchDirectories D:\IsmaPCBlanco\Documentos\ISMA\Semestre 2021-2\Diseño dirigido por pruebas\Proyectos\Parcial\ProductoSolutionTDD\ProductoSolutionTDD\bin\Debug\net5.0\fine-code-coverage\build-output
TpTrace Verbose: 0 : 15984, 4, 2021/09/23, 11:52:31.036, 2655750358681, testhost.dll, TestPluginCache: Discovered the extensions using extension path ''.
TpTrace Verbose: 0 : 15984, 4, 2021/09/23, 11:52:31.036, 2655750359178, testhost.dll, TestPluginCache: Discoverers are ''.
TpTrace Verbose: 0 : 15984, 4, 2021/09/23, 11:52:31.036, 2655750359443, testhost.dll, TestPluginCache: Executors are 'executor://NUnit3TestExecutor'.
TpTrace Verbose: 0 : 15984, 4, 2021/09/23, 11:52:31.036, 2655750359669, testhost.dll, TestPluginCache: Executors2 are ''.
TpTrace Verbose: 0 : 15984, 4, 2021/09/23, 11:52:31.036, 2655750359916, testhost.dll, TestPluginCache: Setting providers are ''.
TpTrace Verbose: 0 : 15984, 4, 2021/09/23, 11:52:31.036, 2655750360066, testhost.dll, TestPluginCache: Loggers are ''.
TpTrace Verbose: 0 : 15984, 4, 2021/09/23, 11:52:31.037, 2655750368048, testhost.dll, TestExecutorService: Loaded the settings providers
TpTrace Information: 0 : 15984, 4, 2021/09/23, 11:52:31.037, 2655750368894, testhost.dll, TestExecutorService: Loaded the extensions
TpTrace Information: 0 : 15984, 4, 2021/09/23, 11:52:31.051, 2655750515364, testhost.dll, AssemblyResolver.OnResolve: Microsoft.VisualStudio.TestPlatform.Common.resources: Resolving assembly.
TpTrace Information: 0 : 15984, 4, 2021/09/23, 11:52:31.052, 2655750516425, testhost.dll, AssemblyResolver.OnResolve: Microsoft.VisualStudio.TestPlatform.Common.resources: Failed to load assembly.
TpTrace Information: 0 : 15984, 4, 2021/09/23, 11:52:31.087, 2655750866172, testhost.dll, TestDiscoveryManager: Discovering tests from sources D:\IsmaPCBlanco\Documentos\ISMA\Semestre 2021-2\Diseño dirigido por pruebas\Proyectos\Parcial\ProductoSolutionTDD\ProductoSolutionTDD\bin\Debug\net5.0\fine-code-coverage\build-output\ProductoSolutionTDD.dll
TpTrace Verbose: 0 : 15984, 4, 2021/09/23, 11:52:31.088, 2655750880769, testhost.dll, TestPluginCache.DiscoverTestExtensions: finding test extensions in assemblies ends with: TestAdapter.dll TPluginInfo: Microsoft.VisualStudio.TestPlatform.Common.ExtensionFramework.Utilities.TestDiscovererPluginInformation TExtension: Microsoft.VisualStudio.TestPlatform.ObjectModel.Adapter.ITestDiscoverer
TpTrace Verbose: 0 : 15984, 4, 2021/09/23, 11:52:31.088, 2655750881596, testhost.dll, TestPluginCache.GetExtensionPaths: Filtered extension paths: 
TpTrace Verbose: 0 : 15984, 4, 2021/09/23, 11:52:31.088, 2655750881823, testhost.dll, TestPluginCache.GetExtensionPaths: Added default extension paths: D:\IsmaPCBlanco\Documentos\ISMA\Semestre 2021-2\Diseño dirigido por pruebas\Proyectos\Parcial\ProductoSolutionTDD\ProductoSolutionTDD\bin\Debug\net5.0\fine-code-coverage\build-output\NUnit3.TestAdapter.dll
TpTrace Verbose: 0 : 15984, 4, 2021/09/23, 11:52:31.088, 2655750882044, testhost.dll, TestPluginCache.GetExtensionPaths: Added unfilterableExtensionPaths: 
TpTrace Information: 0 : 15984, 4, 2021/09/23, 11:52:31.088, 2655750882865, testhost.dll, AssemblyResolver.AddSearchDirectories: Adding more searchDirectories D:\IsmaPCBlanco\Documentos\ISMA\Semestre 2021-2\Diseño dirigido por pruebas\Proyectos\Parcial\ProductoSolutionTDD\ProductoSolutionTDD\bin\Debug\net5.0\fine-code-coverage\build-output
TpTrace Verbose: 0 : 15984, 4, 2021/09/23, 11:52:31.088, 2655750883127, testhost.dll, TestPluginCache.DiscoverTestExtensions: Discovering the extensions using extension path.
TpTrace Verbose: 0 : 15984, 4, 2021/09/23, 11:52:31.088, 2655750883286, testhost.dll, TestPluginCache.GetExtensionPaths: Filtered extension paths: 
TpTrace Verbose: 0 : 15984, 4, 2021/09/23, 11:52:31.088, 2655750883421, testhost.dll, TestPluginCache.GetExtensionPaths: Added default extension paths: D:\IsmaPCBlanco\Documentos\ISMA\Semestre 2021-2\Diseño dirigido por pruebas\Proyectos\Parcial\ProductoSolutionTDD\ProductoSolutionTDD\bin\Debug\net5.0\fine-code-coverage\build-output\NUnit3.TestAdapter.dll
TpTrace Verbose: 0 : 15984, 4, 2021/09/23, 11:52:31.088, 2655750883559, testhost.dll, TestPluginCache.GetExtensionPaths: Added unfilterableExtensionPaths: 
TpTrace Verbose: 0 : 15984, 4, 2021/09/23, 11:52:31.088, 2655750883784, testhost.dll, TestPluginCache.DiscoverTestExtensions: Discovering the extensions using allExtensionPaths: D:\IsmaPCBlanco\Documentos\ISMA\Semestre 2021-2\Diseño dirigido por pruebas\Proyectos\Parcial\ProductoSolutionTDD\ProductoSolutionTDD\bin\Debug\net5.0\fine-code-coverage\build-output\NUnit3.TestAdapter.dll
TpTrace Information: 0 : 15984, 4, 2021/09/23, 11:52:31.088, 2655750884042, testhost.dll, AssemblyResolver.AddSearchDirectories: Adding more searchDirectories D:\IsmaPCBlanco\Documentos\ISMA\Semestre 2021-2\Diseño dirigido por pruebas\Proyectos\Parcial\ProductoSolutionTDD\ProductoSolutionTDD\bin\Debug\net5.0\fine-code-coverage\build-output
TpTrace Information: 0 : 15984, 4, 2021/09/23, 11:52:31.090, 2655750897250, testhost.dll, AssemblyResolver.OnResolve: System.ComponentModel.Primitives.resources: Resolving assembly.
TpTrace Information: 0 : 15984, 4, 2021/09/23, 11:52:31.090, 2655750897968, testhost.dll, AssemblyResolver.OnResolve: System.ComponentModel.Primitives.resources: Failed to load assembly.
TpTrace Verbose: 0 : 15984, 4, 2021/09/23, 11:52:31.090, 2655750899962, testhost.dll, CurrentDomain_AssemblyResolve: Resolving assembly 'System.ComponentModel.Primitives.resources'.
TpTrace Information: 0 : 15984, 4, 2021/09/23, 11:52:31.090, 2655750900498, testhost.dll, AssemblyResolver.OnResolve: System.ComponentModel.Primitives.resources: Resolving assembly.
TpTrace Information: 0 : 15984, 4, 2021/09/23, 11:52:31.090, 2655750900724, testhost.dll, AssemblyResolver.OnResolve: System.ComponentModel.Primitives.resources: Resolved from cache.
TpTrace Verbose: 0 : 15984, 4, 2021/09/23, 11:52:31.090, 2655750900899, testhost.dll, CurrentDomain_AssemblyResolve: Resolving assembly 'System.ComponentModel.Primitives.resources'.
TpTrace Verbose: 0 : 15984, 4, 2021/09/23, 11:52:31.090, 2655750901085, testhost.dll, CurrentDomainAssemblyResolve: Failed to resolve assembly 'System.ComponentModel.Primitives.resources'.
TpTrace Verbose: 0 : 15984, 4, 2021/09/23, 11:52:31.091, 2655750905981, testhost.dll, CurrentDomainAssemblyResolve: Failed to resolve assembly 'System.ComponentModel.Primitives.resources'.
TpTrace Information: 0 : 15984, 4, 2021/09/23, 11:52:31.091, 2655750908719, testhost.dll, AssemblyResolver.OnResolve: System.ComponentModel.Primitives.resources: Resolving assembly.
TpTrace Information: 0 : 15984, 4, 2021/09/23, 11:52:31.091, 2655750908999, testhost.dll, AssemblyResolver.OnResolve: System.ComponentModel.Primitives.resources: Resolved from cache.
TpTrace Verbose: 0 : 15984, 4, 2021/09/23, 11:52:31.091, 2655750909174, testhost.dll, CurrentDomain_AssemblyResolve: Resolving assembly 'System.ComponentModel.Primitives.resources'.
TpTrace Verbose: 0 : 15984, 4, 2021/09/23, 11:52:31.091, 2655750909315, testhost.dll, CurrentDomainAssemblyResolve: Failed to resolve assembly 'System.ComponentModel.Primitives.resources'.
TpTrace Verbose: 0 : 15984, 4, 2021/09/23, 11:52:31.091, 2655750914731, testhost.dll, TestPluginCache: Discovered the extensions using extension path ''.
TpTrace Verbose: 0 : 15984, 4, 2021/09/23, 11:52:31.091, 2655750915148, testhost.dll, TestPluginCache: Discoverers are 'NUnit.VisualStudio.TestAdapter.NUnit3TestDiscoverer, NUnit3.TestAdapter, Version=3.17.0.0, Culture=neutral, PublicKeyToken=4cb40d35494691ac'.
TpTrace Verbose: 0 : 15984, 4, 2021/09/23, 11:52:31.091, 2655750915313, testhost.dll, TestPluginCache: Executors are 'executor://NUnit3TestExecutor'.
TpTrace Verbose: 0 : 15984, 4, 2021/09/23, 11:52:31.091, 2655750915457, testhost.dll, TestPluginCache: Executors2 are ''.
TpTrace Verbose: 0 : 15984, 4, 2021/09/23, 11:52:31.092, 2655750915589, testhost.dll, TestPluginCache: Setting providers are ''.
TpTrace Verbose: 0 : 15984, 4, 2021/09/23, 11:52:31.092, 2655750915737, testhost.dll, TestPluginCache: Loggers are ''.
TpTrace Information: 0 : 15984, 4, 2021/09/23, 11:52:31.097, 2655750965580, testhost.dll, PEReaderHelper.GetAssemblyType: Determined assemblyType:'Managed' for source: 'D:\IsmaPCBlanco\Documentos\ISMA\Semestre 2021-2\Diseño dirigido por pruebas\Proyectos\Parcial\ProductoSolutionTDD\ProductoSolutionTDD\bin\Debug\net5.0\fine-code-coverage\build-output\ProductoSolutionTDD.dll'
TpTrace Verbose: 0 : 15984, 4, 2021/09/23, 11:52:31.100, 2655751003151, testhost.dll, BaseRunTests.RunTestInternalWithExecutors: Running tests for executor://NUnit3TestExecutor
TpTrace Information: 0 : 15984, 4, 2021/09/23, 11:52:31.102, 2655751016167, testhost.dll, AssemblyResolver.OnResolve: nunit.engine: Resolving assembly.
TpTrace Information: 0 : 15984, 4, 2021/09/23, 11:52:31.102, 2655751021302, testhost.dll, AssemblyResolver.OnResolve: Resolved assembly: nunit.engine, from path: D:\IsmaPCBlanco\Documentos\ISMA\Semestre 2021-2\Diseño dirigido por pruebas\Proyectos\Parcial\ProductoSolutionTDD\ProductoSolutionTDD\bin\Debug\net5.0\fine-code-coverage\build-output\nunit.engine.dll
TpTrace Information: 0 : 15984, 4, 2021/09/23, 11:52:31.102, 2655751022486, testhost.dll, AssemblyResolver.OnResolve: nunit.engine.core: Resolving assembly.
TpTrace Information: 0 : 15984, 4, 2021/09/23, 11:52:31.103, 2655751025943, testhost.dll, AssemblyResolver.OnResolve: Resolved assembly: nunit.engine.core, from path: D:\IsmaPCBlanco\Documentos\ISMA\Semestre 2021-2\Diseño dirigido por pruebas\Proyectos\Parcial\ProductoSolutionTDD\ProductoSolutionTDD\bin\Debug\net5.0\fine-code-coverage\build-output\nunit.engine.core.dll
TpTrace Information: 0 : 15984, 4, 2021/09/23, 11:52:31.108, 2655751080111, testhost.dll, NUnit Adapter 3.17.0.0: Test execution started
TpTrace Verbose: 0 : 15984, 4, 2021/09/23, 11:52:31.108, 2655751081366, testhost.dll, TestRequestHandler.SendData:  sending data from testhost: {"Version":5,"MessageType":"TestSession.Message","Payload":{"MessageLevel":0,"Message":"NUnit Adapter 3.17.0.0: Test execution started"}}
TpTrace Information: 0 : 15984, 4, 2021/09/23, 11:52:31.131, 2655751309267, testhost.dll, Running all tests in D:\IsmaPCBlanco\Documentos\ISMA\Semestre 2021-2\Diseño dirigido por pruebas\Proyectos\Parcial\ProductoSolutionTDD\ProductoSolutionTDD\bin\Debug\net5.0\fine-code-coverage\build-output\ProductoSolutionTDD.dll
TpTrace Verbose: 0 : 15984, 4, 2021/09/23, 11:52:31.131, 2655751310562, testhost.dll, TestRequestHandler.SendData:  sending data from testhost: {"Version":5,"MessageType":"TestSession.Message","Payload":{"MessageLevel":0,"Message":"Running all tests in D:\\IsmaPCBlanco\\Documentos\\ISMA\\Semestre 2021-2\\Diseño dirigido por pruebas\\Proyectos\\Parcial\\ProductoSolutionTDD\\ProductoSolutionTDD\\bin\\Debug\\net5.0\\fine-code-coverage\\build-output\\ProductoSolutionTDD.dll"}}
TpTrace Information: 0 : 15984, 4, 2021/09/23, 11:52:31.138, 2655751384373, testhost.dll, AssemblyResolver.OnResolve: Mono.Cecil: Resolving assembly.
TpTrace Information: 0 : 15984, 4, 2021/09/23, 11:52:31.139, 2655751385820, testhost.dll, AssemblyResolver.OnResolve: Mono.Cecil: Failed to load assembly.
TpTrace Information: 0 : 15984, 4, 2021/09/23, 11:52:31.263, 2655752626491, testhost.dll,    NUnit3TestExecutor discovered 2 of 2 NUnit test cases
TpTrace Verbose: 0 : 15984, 4, 2021/09/23, 11:52:31.263, 2655752627915, testhost.dll, TestRequestHandler.SendData:  sending data from testhost: {"Version":5,"MessageType":"TestSession.Message","Payload":{"MessageLevel":0,"Message":"   NUnit3TestExecutor discovered 2 of 2 NUnit test cases"}}
TpTrace Verbose: 0 : 15984, 12, 2021/09/23, 11:52:31.285, 2655752852801, testhost.dll, TestExecutionRecorder.RecordStart: Starting test: ProductoSolutionTDD.ProductoSolutionTest.NoPuedeIngresarCantidadProductosDeMenosUno.
TpTrace Verbose: 0 : 15984, 12, 2021/09/23, 11:52:31.314, 2655753140837, testhost.dll, TestExecutionRecorder.RecordEnd: test: ProductoSolutionTDD.ProductoSolutionTest.NoPuedeIngresarCantidadProductosDeMenosUno execution completed.
TpTrace Verbose: 0 : 15984, 12, 2021/09/23, 11:52:31.329, 2655753294162, testhost.dll, TestExecutionRecorder.RecordResult: Received result for test: ProductoSolutionTDD.ProductoSolutionTest.NoPuedeIngresarCantidadProductosDeMenosUno.
TpTrace Warning: 0 : 15984, 12, 2021/09/23, 11:52:31.332, 2655753324818, testhost.dll, TestRunCache: InProgressTests is null
TpTrace Warning: 0 : 15984, 12, 2021/09/23, 11:52:31.333, 2655753325926, testhost.dll, TestRunCache: No test found corresponding to testResult 'NoPuedeIngresarCantidadProductosDeMenosUno' in inProgress list.
TpTrace Verbose: 0 : 15984, 12, 2021/09/23, 11:52:31.333, 2655753327122, testhost.dll, TestExecutionRecorder.RecordStart: Starting test: ProductoSolutionTDD.ProductoSolutionTest.PuedeIngresarCantidadProductosCincuentaCorrecta.
TpTrace Verbose: 0 : 15984, 12, 2021/09/23, 11:52:31.334, 2655753336734, testhost.dll, TestExecutionRecorder.RecordEnd: test: ProductoSolutionTDD.ProductoSolutionTest.PuedeIngresarCantidadProductosCincuentaCorrecta execution completed.
TpTrace Verbose: 0 : 15984, 12, 2021/09/23, 11:52:31.334, 2655753342235, testhost.dll, TestExecutionRecorder.RecordResult: Received result for test: ProductoSolutionTDD.ProductoSolutionTest.PuedeIngresarCantidadProductosCincuentaCorrecta.
TpTrace Warning: 0 : 15984, 12, 2021/09/23, 11:52:31.334, 2655753342948, testhost.dll, TestRunCache: InProgressTests is null
TpTrace Warning: 0 : 15984, 12, 2021/09/23, 11:52:31.334, 2655753343230, testhost.dll, TestRunCache: No test found corresponding to testResult 'PuedeIngresarCantidadProductosCincuentaCorrecta' in inProgress list.
TpTrace Information: 0 : 15984, 4, 2021/09/23, 11:52:31.337, 2655753371389, testhost.dll, NUnit Adapter 3.17.0.0: Test execution complete
TpTrace Verbose: 0 : 15984, 4, 2021/09/23, 11:52:31.337, 2655753372491, testhost.dll, TestRequestHandler.SendData:  sending data from testhost: {"Version":5,"MessageType":"TestSession.Message","Payload":{"MessageLevel":0,"Message":"NUnit Adapter 3.17.0.0: Test execution complete"}}
TpTrace Verbose: 0 : 15984, 4, 2021/09/23, 11:52:31.341, 2655753412624, testhost.dll, BaseRunTests.RunTestInternalWithExecutors: Completed running tests for executor://NUnit3TestExecutor
TpTrace Information: 0 : 15984, 4, 2021/09/23, 11:52:31.344, 2655753437140, testhost.dll, Sending test run complete
TpTrace Verbose: 0 : 15984, 4, 2021/09/23, 11:52:31.368, 2655753685330, testhost.dll, TestRequestHandler.SendData:  sending data from testhost: {"Version":5,"MessageType":"TestExecution.Completed","Payload":{"TestRunCompleteArgs":{"TestRunStatistics":{"ExecutedTests":2,"Stats":{"Passed":2}},"IsCanceled":false,"IsAborted":false,"Error":null,"AttachmentSets":[],"ElapsedTimeInRunningTests":"00:00:00.2436171","Metrics":{}},"LastRunTests":{"NewTestResults":[{"TestCase":{"Id":"1fd23cc2-ebc2-4f0e-3c28-85f7d285a74d","FullyQualifiedName":"ProductoSolutionTDD.ProductoSolutionTest.NoPuedeIngresarCantidadProductosDeMenosUno","DisplayName":"NoPuedeIngresarCantidadProductosDeMenosUno","ExecutorUri":"executor://NUnit3TestExecutor","Source":"D:\\IsmaPCBlanco\\Documentos\\ISMA\\Semestre 2021-2\\Diseño dirigido por pruebas\\Proyectos\\Parcial\\ProductoSolutionTDD\\ProductoSolutionTDD\\bin\\Debug\\net5.0\\fine-code-coverage\\build-output\\ProductoSolutionTDD.dll","CodeFilePath":null,"LineNumber":0,"Properties":[]},"Attachments":[],"Outcome":1,"ErrorMessage":null,"ErrorStackTrace":null,"DisplayName":"NoPuedeIngresarCantidadProductosDeMenosUno","Messages":[],"ComputerName":"DESKTOP-FFMH835","Duration":"00:00:00.0056800","StartTime":"2021-09-23T16:52:31.2850256+00:00","EndTime":"2021-09-23T16:52:31.2906473+00:00","Properties":[]},{"TestCase":{"Id":"5aafae75-09ff-9b28-1901-0763a8ee5fcf","FullyQualifiedName":"ProductoSolutionTDD.ProductoSolutionTest.PuedeIngresarCantidadProductosCincuentaCorrecta","DisplayName":"PuedeIngresarCantidadProductosCincuentaCorrecta","ExecutorUri":"executor://NUnit3TestExecutor","Source":"D:\\IsmaPCBlanco\\Documentos\\ISMA\\Semestre 2021-2\\Diseño dirigido por pruebas\\Proyectos\\Parcial\\ProductoSolutionTDD\\ProductoSolutionTDD\\bin\\Debug\\net5.0\\fine-code-coverage\\build-output\\ProductoSolutionTDD.dll","CodeFilePath":null,"LineNumber":0,"Properties":[]},"Attachments":[],"Outcome":1,"ErrorMessage":null,"ErrorStackTrace":null,"DisplayName":"PuedeIngresarCantidadProductosCincuentaCorrecta","Messages":[],"ComputerName":"DESKTOP-FFMH835","Duration":"00:00:00.0016450","StartTime":"2021-09-23T16:52:31.2918147+00:00","EndTime":"2021-09-23T16:52:31.2934596+00:00","Properties":[]}],"TestRunStatistics":{"ExecutedTests":2,"Stats":{"Passed":2}},"ActiveTests":[]},"RunAttachments":[],"ExecutorUris":["executor://nunit3testexecutor/"]}}
TpTrace Verbose: 0 : 15984, 4, 2021/09/23, 11:52:31.369, 2655753688487, testhost.dll, BaseRunTests.RunTests: Run is complete.
TpTrace Verbose: 0 : 15984, 9, 2021/09/23, 11:52:31.371, 2655753707064, testhost.dll, TcpClientExtensions.MessageLoopAsync: NotifyDataAvailable remoteEndPoint: [::ffff:127.0.0.1]:56658 localEndPoint: [::ffff:127.0.0.1]:56659
TpTrace Information: 0 : 15984, 9, 2021/09/23, 11:52:31.371, 2655753708430, testhost.dll, TestRequestHandler.ProcessRequests: received message: (TestSession.Terminate) -> null
TpTrace Information: 0 : 15984, 9, 2021/09/23, 11:52:31.371, 2655753708654, testhost.dll, Session End message received from server. Closing the connection.
TpTrace Information: 0 : 15984, 9, 2021/09/23, 11:52:31.371, 2655753710844, testhost.dll, SocketClient.Stop: Stop communication from server endpoint: 127.0.0.1:056658
TpTrace Information: 0 : 15984, 9, 2021/09/23, 11:52:31.371, 2655753711141, testhost.dll, SocketClient: Stop: Cancellation requested. Stopping message loop.
TpTrace Verbose: 0 : 15984, 9, 2021/09/23, 11:52:31.371, 2655753712133, testhost.dll, LengthPrefixCommunicationChannel.Dispose: Dispose reader and writer.
TpTrace Information: 0 : 15984, 9, 2021/09/23, 11:52:31.371, 2655753712417, testhost.dll, Closing the connection !
TpTrace Information: 0 : 15984, 9, 2021/09/23, 11:52:31.371, 2655753713763, testhost.dll, SocketClient.PrivateStop: Stop communication from server endpoint: 127.0.0.1:056658, error:
TpTrace Verbose: 0 : 15984, 9, 2021/09/23, 11:52:31.372, 2655753716488, testhost.dll, LengthPrefixCommunicationChannel.Dispose: Dispose reader and writer.
TpTrace Information: 0 : 15984, 1, 2021/09/23, 11:52:31.372, 2655753716509, testhost.dll, Closing the connection !
TpTrace Verbose: 0 : 15984, 9, 2021/09/23, 11:52:31.372, 2655753716928, testhost.dll, TcpClientExtensions.MessageLoopAsync: exiting MessageLoopAsync remoteEndPoint: [::ffff:127.0.0.1]:56658 localEndPoint: [::ffff:127.0.0.1]:56659
TpTrace Information: 0 : 15984, 1, 2021/09/23, 11:52:31.372, 2655753717352, testhost.dll, SocketClient.Stop: Stop communication from server endpoint: 127.0.0.1:056658
TpTrace Verbose: 0 : 15984, 1, 2021/09/23, 11:52:31.372, 2655753717580, testhost.dll, LengthPrefixCommunicationChannel.Dispose: Dispose reader and writer.
TpTrace Information: 0 : 15984, 1, 2021/09/23, 11:52:31.372, 2655753718144, testhost.dll, Testhost process exiting.
