TpTrace Verbose: 0 : 5888, 1, 2021/09/23, 11:42:28.225, 2649722257175, datacollector.dll, Version: 16.10.0-release-20210520-03
TpTrace Information: 0 : 5888, 1, 2021/09/23, 11:42:28.228, 2649722280355, datacollector.dll, DataCollectorMain.Run: Starting data collector run with args: --port,60775,--parentprocessid,20532,--diag,D:\IsmaPCBlanco\Documentos\ISMA\Semestre 2021-2\Dise単o dirigido por pruebas\Proyectos\Parcial\ProductoSolutionTDD\ProductoSolutionTDD\bin\Debug\net5.0\fine-code-coverage\coverage-tool-output\diagnostics.datacollector.21-09-23_11-42-28_13445_4.log,--tracelevel,4
TpTrace Information: 0 : 5888, 1, 2021/09/23, 11:42:28.228, 2649722281857, datacollector.dll, DataCollector: Monitoring parent process with id: '20532'
TpTrace Information: 0 : 5888, 1, 2021/09/23, 11:42:28.234, 2649722338338, datacollector.dll, Trying to connect to server on socket : 127.0.0.1:60775 
TpTrace Verbose: 0 : 5888, 1, 2021/09/23, 11:42:28.251, 2649722513101, datacollector.dll, SocketCommunicationManager : SetupClientAsync : Attempting to connect to the server.
TpTrace Information: 0 : 5888, 7, 2021/09/23, 11:42:28.257, 2649722571706, datacollector.dll, Connected to the server successfully 
TpTrace Information: 0 : 5888, 7, 2021/09/23, 11:42:28.257, 2649722572419, datacollector.dll, Using the buffer size of 16384 bytes
TpTrace Information: 0 : 5888, 1, 2021/09/23, 11:42:28.306, 2649723060991, datacollector.dll, DataCollector: Start Request Processing.
TpTrace Information: 0 : 5888, 1, 2021/09/23, 11:42:28.308, 2649723085352, datacollector.dll, DataCollectionRequestHandler.ProcessRequests : Datacollector received message: (DataCollection.BeforeTestRunStart) -> {
  "SettingsXml": "<RunSettings><RunConfiguration><ResultsDirectory>D:\\IsmaPCBlanco\\Documentos\\ISMA\\Semestre 2021-2\\Dise単o dirigido por pruebas\\Proyectos\\Parcial\\ProductoSolutionTDD\\ProductoSolutionTDD\\bin\\Debug\\net5.0\\fine-code-coverage\\coverage-tool-output</ResultsDirectory><TargetPlatform>X64</TargetPlatform><TargetFrameworkVersion>.NETCoreApp,Version=v5.0</TargetFrameworkVersion><DesignMode>False</DesignMode><CollectSourceInformation>False</CollectSourceInformation><TestAdaptersPaths>C:\\Program Files\\dotnet\\sdk\\5.0.301\\Extensions</TestAdaptersPaths></RunConfiguration><LoggerRunSettings><Loggers><Logger friendlyName=\"blame\" enabled=\"True\" /><Logger friendlyName=\"Console\" uri=\"logger://microsoft/TestPlatform/ConsoleLogger/v1\" assemblyQualifiedName=\"Microsoft.VisualStudio.TestPlatform.CommandLine.Internal.ConsoleLogger, vstest.console, Version=15.0.0.0, Culture=neutral, PublicKeyToken=b03f5f7f11d50a3a\" codeBase=\"C:\\Program Files\\dotnet\\sdk\\5.0.301\\vstest.console.dll\" enabled=\"True\" /></Loggers></LoggerRunSettings><DataCollectionRunSettings><DataCollectors><DataCollector friendlyName=\"blame\" enabled=\"True\"><Configuration><ResultsDirectory>D:\\IsmaPCBlanco\\Documentos\\ISMA\\Semestre 2021-2\\Dise単o dirigido por pruebas\\Proyectos\\Parcial\\ProductoSolutionTDD\\ProductoSolutionTDD\\bin\\Debug\\net5.0\\fine-code-coverage\\coverage-tool-output</ResultsDirectory></Configuration></DataCollector></DataCollectors></DataCollectionRunSettings></RunSettings>",
  "Sources": [
    "D:\\IsmaPCBlanco\\Documentos\\ISMA\\Semestre 2021-2\\Dise単o dirigido por pruebas\\Proyectos\\Parcial\\ProductoSolutionTDD\\ProductoSolutionTDD\\bin\\Debug\\net5.0\\fine-code-coverage\\build-output\\ProductoSolutionTDD.dll"
  ],
  "IsTelemetryOptedIn": false
}
TpTrace Verbose: 0 : 5888, 1, 2021/09/23, 11:42:28.332, 2649723318999, datacollector.dll, TestPluginCache: Update extensions started. Skip filter = False
TpTrace Verbose: 0 : 5888, 1, 2021/09/23, 11:42:28.332, 2649723324241, datacollector.dll, TestPluginCache: Using directories for assembly resolution 'C:\Program Files\dotnet\sdk\5.0.301\Extensions'.
TpTrace Verbose: 0 : 5888, 1, 2021/09/23, 11:42:28.332, 2649723324756, datacollector.dll, TestPluginCache: Updated the available extensions to 'C:\Program Files\dotnet\sdk\5.0.301\Extensions\Microsoft.TestPlatform.Extensions.BlameDataCollector.dll,C:\Program Files\dotnet\sdk\5.0.301\Extensions\Microsoft.TestPlatform.Extensions.EventLogCollector.dll'.
TpTrace Verbose: 0 : 5888, 1, 2021/09/23, 11:42:28.337, 2649723367537, datacollector.dll, TestPluginCache.DiscoverTestExtensions: finding test extensions in assemblies ends with: Collector.dll TPluginInfo: Microsoft.VisualStudio.TestPlatform.Common.DataCollector.DataCollectorConfig TExtension: Microsoft.VisualStudio.TestPlatform.ObjectModel.DataCollection.DataCollector
TpTrace Verbose: 0 : 5888, 1, 2021/09/23, 11:42:28.337, 2649723368998, datacollector.dll, TestPluginCache.GetExtensionPaths: Filtered extension paths: C:\Program Files\dotnet\sdk\5.0.301\Extensions\Microsoft.TestPlatform.Extensions.BlameDataCollector.dll
C:\Program Files\dotnet\sdk\5.0.301\Extensions\Microsoft.TestPlatform.Extensions.EventLogCollector.dll
TpTrace Verbose: 0 : 5888, 1, 2021/09/23, 11:42:28.337, 2649723369287, datacollector.dll, TestPluginCache.GetExtensionPaths: Added default extension paths: 
TpTrace Verbose: 0 : 5888, 1, 2021/09/23, 11:42:28.337, 2649723369443, datacollector.dll, TestPluginCache.GetExtensionPaths: Added unfilterableExtensionPaths: 
TpTrace Information: 0 : 5888, 1, 2021/09/23, 11:42:28.337, 2649723373623, datacollector.dll, AssemblyResolver.ctor: Creating AssemblyResolver with searchDirectories C:\Program Files\dotnet\sdk\5.0.301\Extensions,C:\Program Files\dotnet\sdk\5.0.301
TpTrace Verbose: 0 : 5888, 1, 2021/09/23, 11:42:28.338, 2649723382647, datacollector.dll, TestPluginCache.DiscoverTestExtensions: Discovering the extensions using extension path.
TpTrace Verbose: 0 : 5888, 1, 2021/09/23, 11:42:28.338, 2649723383666, datacollector.dll, TestPluginCache.GetExtensionPaths: Filtered extension paths: C:\Program Files\dotnet\sdk\5.0.301\Extensions\Microsoft.TestPlatform.Extensions.BlameDataCollector.dll
C:\Program Files\dotnet\sdk\5.0.301\Extensions\Microsoft.TestPlatform.Extensions.EventLogCollector.dll
TpTrace Verbose: 0 : 5888, 1, 2021/09/23, 11:42:28.338, 2649723383941, datacollector.dll, TestPluginCache.GetExtensionPaths: Added default extension paths: 
TpTrace Verbose: 0 : 5888, 1, 2021/09/23, 11:42:28.338, 2649723384079, datacollector.dll, TestPluginCache.GetExtensionPaths: Added unfilterableExtensionPaths: 
TpTrace Verbose: 0 : 5888, 1, 2021/09/23, 11:42:28.338, 2649723384360, datacollector.dll, TestPluginCache.DiscoverTestExtensions: Discovering the extensions using allExtensionPaths: C:\Program Files\dotnet\sdk\5.0.301\Extensions\Microsoft.TestPlatform.Extensions.BlameDataCollector.dll
C:\Program Files\dotnet\sdk\5.0.301\Extensions\Microsoft.TestPlatform.Extensions.EventLogCollector.dll
TpTrace Information: 0 : 5888, 1, 2021/09/23, 11:42:28.338, 2649723384882, datacollector.dll, AssemblyResolver.AddSearchDirectories: Adding more searchDirectories C:\Program Files\dotnet\sdk\5.0.301\Extensions,C:\Program Files\dotnet\sdk\5.0.301
TpTrace Information: 0 : 5888, 1, 2021/09/23, 11:42:28.338, 2649723385227, datacollector.dll, AssemblyResolver.AddSearchDirectories: Adding more searchDirectories C:\Program Files\dotnet\sdk\5.0.301\Extensions,C:\Program Files\dotnet\sdk\5.0.301
TpTrace Information: 0 : 5888, 1, 2021/09/23, 11:42:28.339, 2649723387828, datacollector.dll, AssemblyResolver.OnResolve: Microsoft.TestPlatform.Extensions.BlameDataCollector: Resolving assembly.
TpTrace Information: 0 : 5888, 1, 2021/09/23, 11:42:28.339, 2649723388271, datacollector.dll, AssemblyResolver.OnResolve: Microsoft.TestPlatform.Extensions.BlameDataCollector: Searching in: 'C:\Program Files\dotnet\sdk\5.0.301\Extensions'.
TpTrace Information: 0 : 5888, 1, 2021/09/23, 11:42:28.339, 2649723393660, datacollector.dll, AssemblyResolver.OnResolve: Microsoft.TestPlatform.Extensions.BlameDataCollector: Loading assembly 'C:\Program Files\dotnet\sdk\5.0.301\Extensions\Microsoft.TestPlatform.Extensions.BlameDataCollector.dll'.
TpTrace Information: 0 : 5888, 1, 2021/09/23, 11:42:28.340, 2649723398778, datacollector.dll, AssemblyResolver.OnResolve: Resolved assembly: Microsoft.TestPlatform.Extensions.BlameDataCollector, from path: C:\Program Files\dotnet\sdk\5.0.301\Extensions\Microsoft.TestPlatform.Extensions.BlameDataCollector.dll
TpTrace Error: 0 : 5888, 1, 2021/09/23, 11:42:28.341, 2649723406327, datacollector.dll, The type "Microsoft.TestPlatform.Extensions.BlameDataCollector.BlameCollector" defined in "Microsoft.TestPlatform.Extensions.BlameDataCollector.dll" does not have ExtensionUri attribute.
TpTrace Information: 0 : 5888, 1, 2021/09/23, 11:42:28.342, 2649723416756, datacollector.dll, AssemblyResolver.OnResolve: Microsoft.TestPlatform.Extensions.EventLogCollector: Resolving assembly.
TpTrace Information: 0 : 5888, 1, 2021/09/23, 11:42:28.342, 2649723417306, datacollector.dll, AssemblyResolver.OnResolve: Microsoft.TestPlatform.Extensions.EventLogCollector: Searching in: 'C:\Program Files\dotnet\sdk\5.0.301\Extensions'.
TpTrace Information: 0 : 5888, 1, 2021/09/23, 11:42:28.342, 2649723422426, datacollector.dll, AssemblyResolver.OnResolve: Microsoft.TestPlatform.Extensions.EventLogCollector: Loading assembly 'C:\Program Files\dotnet\sdk\5.0.301\Extensions\Microsoft.TestPlatform.Extensions.EventLogCollector.dll'.
TpTrace Information: 0 : 5888, 1, 2021/09/23, 11:42:28.343, 2649723426931, datacollector.dll, AssemblyResolver.OnResolve: Resolved assembly: Microsoft.TestPlatform.Extensions.EventLogCollector, from path: C:\Program Files\dotnet\sdk\5.0.301\Extensions\Microsoft.TestPlatform.Extensions.EventLogCollector.dll
TpTrace Error: 0 : 5888, 1, 2021/09/23, 11:42:28.345, 2649723449363, datacollector.dll, The type "Microsoft.TestPlatform.Extensions.EventLogCollector.EventLogDataCollector" defined in "Microsoft.TestPlatform.Extensions.EventLogCollector.dll" does not have ExtensionUri attribute.
TpTrace Verbose: 0 : 5888, 1, 2021/09/23, 11:42:28.345, 2649723452386, datacollector.dll, TestPluginCache: Discovered the extensions using extension path 'C:\Program Files\dotnet\sdk\5.0.301\Extensions\Microsoft.TestPlatform.Extensions.BlameDataCollector.dll,C:\Program Files\dotnet\sdk\5.0.301\Extensions\Microsoft.TestPlatform.Extensions.EventLogCollector.dll'.
TpTrace Verbose: 0 : 5888, 1, 2021/09/23, 11:42:28.345, 2649723452811, datacollector.dll, TestPluginCache: Discoverers are ''.
TpTrace Verbose: 0 : 5888, 1, 2021/09/23, 11:42:28.345, 2649723452950, datacollector.dll, TestPluginCache: Executors are ''.
TpTrace Verbose: 0 : 5888, 1, 2021/09/23, 11:42:28.345, 2649723453076, datacollector.dll, TestPluginCache: Executors2 are ''.
TpTrace Verbose: 0 : 5888, 1, 2021/09/23, 11:42:28.345, 2649723453197, datacollector.dll, TestPluginCache: Setting providers are ''.
TpTrace Verbose: 0 : 5888, 1, 2021/09/23, 11:42:28.345, 2649723453318, datacollector.dll, TestPluginCache: Loggers are ''.
TpTrace Information: 0 : 5888, 1, 2021/09/23, 11:42:28.346, 2649723461319, datacollector.dll, TestPluginManager.CreateTestExtension: Attempting to load test extension: Microsoft.TestPlatform.Extensions.BlameDataCollector.BlameCollector
TpTrace Error: 0 : 5888, 1, 2021/09/23, 11:42:28.346, 2649723464856, datacollector.dll, The type "Microsoft.TestPlatform.Extensions.BlameDataCollector.BlameCollector" defined in "Microsoft.TestPlatform.Extensions.BlameDataCollector.dll" does not have ExtensionUri attribute.
TpTrace Information: 0 : 5888, 1, 2021/09/23, 11:42:28.351, 2649723509232, datacollector.dll, Listening on Endpoint : 127.0.0.1:60777
TpTrace Information: 0 : 5888, 1, 2021/09/23, 11:42:28.356, 2649723556065, datacollector.dll, DataCollectionRequestHandler.ProcessRequests : DataCollection started.
TpTrace Information: 0 : 5888, 1, 2021/09/23, 11:42:28.368, 2649723682715, datacollector.dll, DataCollectionRequestHandler.ProcessRequests : Datacollector received message: (DataCollection.TestHostLaunched) -> {
  "ProcessId": 21896
}
TpTrace Information: 0 : 5888, 5, 2021/09/23, 11:42:28.503, 2649725027954, datacollector.dll, Using the buffer size of 16384 bytes
TpTrace Information: 0 : 5888, 5, 2021/09/23, 11:42:28.503, 2649725028721, datacollector.dll, Accepted Client request and set the flag
TpTrace Information: 0 : 5888, 7, 2021/09/23, 11:42:28.936, 2649729364055, datacollector.dll, DataCollectionTestCaseEventHandler: Test case starting.
TpTrace Information: 0 : 5888, 7, 2021/09/23, 11:42:28.942, 2649729418329, datacollector.dll, Blame Collector : Test Case Start
TpTrace Information: 0 : 5888, 7, 2021/09/23, 11:42:28.943, 2649729433540, datacollector.dll, DataCollectionTestCaseEventHandler: Test case 'NoPuedeIngresarCantidadProductosDeMenosUno - 1fd23cc2-ebc2-4f0e-3c28-85f7d285a74d' started.
TpTrace Information: 0 : 5888, 7, 2021/09/23, 11:42:28.957, 2649729570928, datacollector.dll, DataCollectionTestCaseEventHandler : Test case completing.
TpTrace Information: 0 : 5888, 7, 2021/09/23, 11:42:28.959, 2649729594522, datacollector.dll, Blame Collector : Test Case End
TpTrace Information: 0 : 5888, 7, 2021/09/23, 11:42:28.962, 2649729618761, datacollector.dll, DataCollectionTestCaseEventHandler: Test case 'NoPuedeIngresarCantidadProductosDeMenosUno - 1fd23cc2-ebc2-4f0e-3c28-85f7d285a74d' completed
TpTrace Information: 0 : 5888, 7, 2021/09/23, 11:42:28.976, 2649729763725, datacollector.dll, DataCollectionTestCaseEventHandler: Test session ended
TpTrace Information: 0 : 5888, 1, 2021/09/23, 11:42:29.039, 2649730392884, datacollector.dll, DataCollectionRequestHandler.ProcessRequests : Datacollector received message: (DataCollection.AfterTestRunEnd) -> false
TpTrace Information: 0 : 5888, 1, 2021/09/23, 11:42:29.040, 2649730400088, datacollector.dll, Blame Collector : Session End
TpTrace Information: 0 : 5888, 1, 2021/09/23, 11:42:29.040, 2649730400648, datacollector.dll, BlameCollector.CollectDumpAndAbortTesthost: Custom path to dump directory was provided via VSTEST_DUMP_PATH. Skipping attachment upload, the caller is responsible for collecting and uploading the dumps themselves.
TpTrace Information: 0 : 5888, 1, 2021/09/23, 11:42:29.040, 2649730401473, datacollector.dll, DataCollectionManager.CleanupPlugins: CleanupPlugins called
TpTrace Verbose: 0 : 5888, 1, 2021/09/23, 11:42:29.040, 2649730401659, datacollector.dll, DataCollectionManager.CleanupPlugins: Cleaning up 1 plugins
TpTrace Verbose: 0 : 5888, 1, 2021/09/23, 11:42:29.040, 2649730402267, datacollector.dll, dataCollectorInfo.DisposeDataCollector: calling Dispose() on Microsoft.TestPlatform.Extensions.BlameDataCollector.BlameCollector
TpTrace Information: 0 : 5888, 1, 2021/09/23, 11:42:29.040, 2649730402652, datacollector.dll, DataCollectionManager.CleanupPlugins: CleanupPlugins finished
TpTrace Information: 0 : 5888, 1, 2021/09/23, 11:42:29.042, 2649730421821, datacollector.dll, DataCollectionRequestHandler.ProcessRequests : Session End message received from server. Closing the connection.
TpTrace Information: 0 : 5888, 1, 2021/09/23, 11:42:29.042, 2649730423264, datacollector.dll, Closing the connection !
TpTrace Information: 0 : 5888, 1, 2021/09/23, 11:42:29.042, 2649730423493, datacollector.dll, DataCollectionRequestHandler.ProcessRequests : DataCollection completed
TpTrace Information: 0 : 5888, 1, 2021/09/23, 11:42:29.042, 2649730423638, datacollector.dll, Program.Main: exiting datacollector process.
