TpTrace Verbose: 0 : 17792, 1, 2021/09/23, 14:44:48.773, 2759127734243, testhost.dll, Version: 16.9.4
TpTrace Information: 0 : 17792, 1, 2021/09/23, 14:44:48.777, 2759127774678, testhost.dll, DefaultEngineInvoker.Invoke: Testhost process started with args :[--port, 60755],[--endpoint, 127.0.0.1:060755],[--role, client],[--parentprocessid, 8508],[--diag, D:\IsmaPCBlanco\Documentos\ISMA\Semestre 2021-2\Diseño dirigido por pruebas\Proyectos\Parcial\ProductoSolutionTDD\ProductoSolutionTDD\bin\Debug\net5.0\fine-code-coverage\coverage-tool-output\diagnostics.host.21-09-23_14-44-48_59864_6.log],[--tracelevel, 4],[--datacollectionport, 60754],[--telemetryoptedin, false]
TpTrace Information: 0 : 17792, 1, 2021/09/23, 14:44:48.779, 2759127792771, testhost.dll, Setting up debug trace listener.
TpTrace Verbose: 0 : 17792, 1, 2021/09/23, 14:44:48.779, 2759127794870, testhost.dll, TestPlatformTraceListener.Setup: Replacing listener 0 with TestHostTraceListener.
TpTrace Verbose: 0 : 17792, 1, 2021/09/23, 14:44:48.779, 2759127795225, testhost.dll, TestPlatformTraceListener.Setup: Added test platform trace listener.
TpTrace Information: 0 : 17792, 1, 2021/09/23, 14:44:48.780, 2759127799591, testhost.dll, DefaultEngineInvoker.SetParentProcessExitCallback: Monitoring parent process with id: '8508'
TpTrace Information: 0 : 17792, 1, 2021/09/23, 14:44:48.785, 2759127846148, testhost.dll, DefaultEngineInvoker.GetConnectionInfo: Initialize communication on endpoint address: '127.0.0.1:060755'
TpTrace Information: 0 : 17792, 1, 2021/09/23, 14:44:48.794, 2759127938142, testhost.dll, SocketClient.Start: connecting to server endpoint: 127.0.0.1:060755
TpTrace Information: 0 : 17792, 1, 2021/09/23, 14:44:48.799, 2759127990411, testhost.dll, DefaultEngineInvoker.ConnectToDatacollector: Connecting to datacollector, port: 60754
TpTrace Information: 0 : 17792, 8, 2021/09/23, 14:44:48.800, 2759127996997, testhost.dll, SocketClient.OnServerConnected: connected to server endpoint: 127.0.0.1:060755
TpTrace Verbose: 0 : 17792, 8, 2021/09/23, 14:44:48.801, 2759128008986, testhost.dll, Connected to server, and starting MessageLoopAsync
TpTrace Information: 0 : 17792, 1, 2021/09/23, 14:44:48.801, 2759128013810, testhost.dll, Trying to connect to server on socket : 127.0.0.1:60754 
TpTrace Verbose: 0 : 17792, 1, 2021/09/23, 14:44:48.802, 2759128016163, testhost.dll, SocketCommunicationManager : SetupClientAsync : Attempting to connect to the server.
TpTrace Verbose: 0 : 17792, 8, 2021/09/23, 14:44:48.803, 2759128026987, testhost.dll, TcpClientExtensions.MessageLoopAsync: Polling on remoteEndPoint: [::ffff:127.0.0.1]:60755 localEndPoint: [::ffff:127.0.0.1]:60756
TpTrace Information: 0 : 17792, 10, 2021/09/23, 14:44:48.803, 2759128027051, testhost.dll, Connected to the server successfully 
TpTrace Information: 0 : 17792, 10, 2021/09/23, 14:44:48.803, 2759128028729, testhost.dll, Using the buffer size of 16384 bytes
TpTrace Verbose: 0 : 17792, 8, 2021/09/23, 14:44:48.803, 2759128029353, testhost.dll, TcpClientExtensions.MessageLoopAsync: NotifyDataAvailable remoteEndPoint: [::ffff:127.0.0.1]:60755 localEndPoint: [::ffff:127.0.0.1]:60756
TpTrace Information: 0 : 17792, 1, 2021/09/23, 14:44:48.803, 2759128032719, testhost.dll, DefaultEngineInvoker.Invoke: Start Request Processing.
TpTrace Information: 0 : 17792, 11, 2021/09/23, 14:44:48.804, 2759128037863, testhost.dll, DefaultEngineInvoker.StartProcessingAsync: Connected to vstest.console, Starting process requests.
TpTrace Information: 0 : 17792, 8, 2021/09/23, 14:44:48.883, 2759128827443, testhost.dll, TestRequestHandler.ProcessRequests: received message: (ProtocolVersion) -> 5
TpTrace Verbose: 0 : 17792, 8, 2021/09/23, 14:44:48.904, 2759129036879, testhost.dll, TestRequestHandler.SendData:  sending data from testhost: {"Version":5,"MessageType":"TestSession.Message","Payload":{"MessageLevel":0,"Message":"Registrando diagnóstico de TestHost en el archivo: D:\\IsmaPCBlanco\\Documentos\\ISMA\\Semestre 2021-2\\Diseño dirigido por pruebas\\Proyectos\\Parcial\\ProductoSolutionTDD\\ProductoSolutionTDD\\bin\\Debug\\net5.0\\fine-code-coverage\\coverage-tool-output\\diagnostics.host.21-09-23_14-44-48_59864_6.log"}}
TpTrace Verbose: 0 : 17792, 8, 2021/09/23, 14:44:48.904, 2759129041748, testhost.dll, TcpClientExtensions.MessageLoopAsync: Polling on remoteEndPoint: [::ffff:127.0.0.1]:60755 localEndPoint: [::ffff:127.0.0.1]:60756
TpTrace Verbose: 0 : 17792, 8, 2021/09/23, 14:44:48.904, 2759129042362, testhost.dll, TcpClientExtensions.MessageLoopAsync: NotifyDataAvailable remoteEndPoint: [::ffff:127.0.0.1]:60755 localEndPoint: [::ffff:127.0.0.1]:60756
TpTrace Information: 0 : 17792, 8, 2021/09/23, 14:44:48.907, 2759129068354, testhost.dll, TestRequestHandler.ProcessRequests: received message: (TestExecution.Initialize) -> [
  "D:\\IsmaPCBlanco\\Documentos\\ISMA\\Semestre 2021-2\\Diseño dirigido por pruebas\\Proyectos\\Parcial\\ProductoSolutionTDD\\ProductoSolutionTDD\\bin\\Debug\\net5.0\\fine-code-coverage\\build-output\\NUnit3.TestAdapter.dll"
]
TpTrace Information: 0 : 17792, 8, 2021/09/23, 14:44:48.907, 2759129069111, testhost.dll, Execution Session Initialize.
TpTrace Verbose: 0 : 17792, 8, 2021/09/23, 14:44:48.911, 2759129111682, testhost.dll, TcpClientExtensions.MessageLoopAsync: Polling on remoteEndPoint: [::ffff:127.0.0.1]:60755 localEndPoint: [::ffff:127.0.0.1]:60756
TpTrace Verbose: 0 : 17792, 8, 2021/09/23, 14:44:48.911, 2759129112457, testhost.dll, TcpClientExtensions.MessageLoopAsync: NotifyDataAvailable remoteEndPoint: [::ffff:127.0.0.1]:60755 localEndPoint: [::ffff:127.0.0.1]:60756
TpTrace Verbose: 0 : 17792, 4, 2021/09/23, 14:44:48.913, 2759129126882, testhost.dll, TestExecutorService: Loading the extensions
TpTrace Information: 0 : 17792, 8, 2021/09/23, 14:44:48.913, 2759129130330, testhost.dll, TestRequestHandler.ProcessRequests: received message: (TestExecution.StartWithSources) -> {
  "AdapterSourceMap": {
    "_none_": [
      "D:\\IsmaPCBlanco\\Documentos\\ISMA\\Semestre 2021-2\\Diseño dirigido por pruebas\\Proyectos\\Parcial\\ProductoSolutionTDD\\ProductoSolutionTDD\\bin\\Debug\\net5.0\\fine-code-coverage\\build-output\\ProductoSolutionTDD.dll"
    ]
  },
  "RunSettings": "<RunSettings>\r\n  <RunConfiguration>\r\n    <ResultsDirectory>D:\\IsmaPCBlanco\\Documentos\\ISMA\\Semestre 2021-2\\Diseño dirigido por pruebas\\Proyectos\\Parcial\\ProductoSolutionTDD\\ProductoSolutionTDD\\bin\\Debug\\net5.0\\fine-code-coverage\\coverage-tool-output</ResultsDirectory>\r\n    <TargetPlatform>X64</TargetPlatform>\r\n    <TargetFrameworkVersion>.NETCoreApp,Version=v5.0</TargetFrameworkVersion>\r\n    <DesignMode>False</DesignMode>\r\n    <CollectSourceInformation>False</CollectSourceInformation>\r\n  </RunConfiguration>\r\n  <LoggerRunSettings>\r\n    <Loggers>\r\n      <Logger friendlyName=\"blame\" enabled=\"True\" />\r\n      <Logger friendlyName=\"Console\" uri=\"logger://microsoft/TestPlatform/ConsoleLogger/v1\" assemblyQualifiedName=\"Microsoft.VisualStudio.TestPlatform.CommandLine.Internal.ConsoleLogger, vstest.console, Version=15.0.0.0, Culture=neutral, PublicKeyToken=b03f5f7f11d50a3a\" codeBase=\"C:\\Program Files\\dotnet\\sdk\\5.0.301\\vstest.console.dll\" enabled=\"True\" />\r\n    </Loggers>\r\n  </LoggerRunSettings>\r\n  <DataCollectionRunSettings>\r\n    <DataCollectors>\r\n      <DataCollector friendlyName=\"blame\" enabled=\"True\">\r\n        <Configuration>\r\n          <ResultsDirectory>D:\\IsmaPCBlanco\\Documentos\\ISMA\\Semestre 2021-2\\Diseño dirigido por pruebas\\Proyectos\\Parcial\\ProductoSolutionTDD\\ProductoSolutionTDD\\bin\\Debug\\net5.0\\fine-code-coverage\\coverage-tool-output</ResultsDirectory>\r\n        </Configuration>\r\n      </DataCollector>\r\n    </DataCollectors>\r\n  </DataCollectionRunSettings>\r\n</RunSettings>",
  "TestExecutionContext": {
    "FrequencyOfRunStatsChangeEvent": 10,
    "RunStatsChangeEventTimeout": "00:00:01.5000000",
    "InIsolation": false,
    "KeepAlive": false,
    "AreTestCaseLevelEventsRequired": false,
    "IsDebug": false,
    "TestCaseFilter": null,
    "FilterOptions": null
  },
  "Package": null
}
TpTrace Information: 0 : 17792, 8, 2021/09/23, 14:44:48.913, 2759129130934, testhost.dll, Execution started.
TpTrace Verbose: 0 : 17792, 4, 2021/09/23, 14:44:48.914, 2759129138587, testhost.dll, TestPluginCache.DiscoverTestExtensions: finding test extensions in assemblies ends with: TestAdapter.dll TPluginInfo: Microsoft.VisualStudio.TestPlatform.Common.ExtensionFramework.Utilities.TestExecutorPluginInformation TExtension: Microsoft.VisualStudio.TestPlatform.ObjectModel.Adapter.ITestExecutor
TpTrace Verbose: 0 : 17792, 4, 2021/09/23, 14:44:48.914, 2759129145111, testhost.dll, TestPluginCache.GetExtensionPaths: Filtered extension paths: 
TpTrace Verbose: 0 : 17792, 4, 2021/09/23, 14:44:48.915, 2759129147472, testhost.dll, TestPluginCache.GetExtensionPaths: Added default extension paths: D:\IsmaPCBlanco\Documentos\ISMA\Semestre 2021-2\Diseño dirigido por pruebas\Proyectos\Parcial\ProductoSolutionTDD\ProductoSolutionTDD\bin\Debug\net5.0\fine-code-coverage\build-output\NUnit3.TestAdapter.dll
TpTrace Verbose: 0 : 17792, 4, 2021/09/23, 14:44:48.915, 2759129147754, testhost.dll, TestPluginCache.GetExtensionPaths: Added unfilterableExtensionPaths: 
TpTrace Information: 0 : 17792, 4, 2021/09/23, 14:44:48.916, 2759129164142, testhost.dll, AssemblyResolver.ctor: Creating AssemblyResolver with searchDirectories D:\IsmaPCBlanco\Documentos\ISMA\Semestre 2021-2\Diseño dirigido por pruebas\Proyectos\Parcial\ProductoSolutionTDD\ProductoSolutionTDD\bin\Debug\net5.0\fine-code-coverage\build-output
TpTrace Verbose: 0 : 17792, 4, 2021/09/23, 14:44:48.917, 2759129174265, testhost.dll, TestPluginCache.DiscoverTestExtensions: Discovering the extensions using extension path.
TpTrace Verbose: 0 : 17792, 4, 2021/09/23, 14:44:48.917, 2759129175354, testhost.dll, TestPluginCache.GetExtensionPaths: Filtered extension paths: 
TpTrace Verbose: 0 : 17792, 4, 2021/09/23, 14:44:48.918, 2759129175584, testhost.dll, TestPluginCache.GetExtensionPaths: Added default extension paths: D:\IsmaPCBlanco\Documentos\ISMA\Semestre 2021-2\Diseño dirigido por pruebas\Proyectos\Parcial\ProductoSolutionTDD\ProductoSolutionTDD\bin\Debug\net5.0\fine-code-coverage\build-output\NUnit3.TestAdapter.dll
TpTrace Verbose: 0 : 17792, 4, 2021/09/23, 14:44:48.918, 2759129175746, testhost.dll, TestPluginCache.GetExtensionPaths: Added unfilterableExtensionPaths: 
TpTrace Verbose: 0 : 17792, 4, 2021/09/23, 14:44:48.918, 2759129176131, testhost.dll, TestPluginCache.DiscoverTestExtensions: Discovering the extensions using allExtensionPaths: D:\IsmaPCBlanco\Documentos\ISMA\Semestre 2021-2\Diseño dirigido por pruebas\Proyectos\Parcial\ProductoSolutionTDD\ProductoSolutionTDD\bin\Debug\net5.0\fine-code-coverage\build-output\NUnit3.TestAdapter.dll
TpTrace Information: 0 : 17792, 4, 2021/09/23, 14:44:48.918, 2759129183738, testhost.dll, AssemblyResolver.AddSearchDirectories: Adding more searchDirectories D:\IsmaPCBlanco\Documentos\ISMA\Semestre 2021-2\Diseño dirigido por pruebas\Proyectos\Parcial\ProductoSolutionTDD\ProductoSolutionTDD\bin\Debug\net5.0\fine-code-coverage\build-output
TpTrace Information: 0 : 17792, 4, 2021/09/23, 14:44:48.923, 2759129228502, testhost.dll, AssemblyResolver.OnResolve: NUnit3.TestAdapter: Resolving assembly.
TpTrace Information: 0 : 17792, 4, 2021/09/23, 14:44:48.924, 2759129241931, testhost.dll, AssemblyResolver.OnResolve: Resolved assembly: NUnit3.TestAdapter, from path: D:\IsmaPCBlanco\Documentos\ISMA\Semestre 2021-2\Diseño dirigido por pruebas\Proyectos\Parcial\ProductoSolutionTDD\ProductoSolutionTDD\bin\Debug\net5.0\fine-code-coverage\build-output\NUnit3.TestAdapter.dll
TpTrace Information: 0 : 17792, 4, 2021/09/23, 14:44:48.926, 2759129263876, testhost.dll, AssemblyResolver.OnResolve: nunit.engine.api: Resolving assembly.
TpTrace Information: 0 : 17792, 4, 2021/09/23, 14:44:48.927, 2759129267525, testhost.dll, AssemblyResolver.OnResolve: Resolved assembly: nunit.engine.api, from path: D:\IsmaPCBlanco\Documentos\ISMA\Semestre 2021-2\Diseño dirigido por pruebas\Proyectos\Parcial\ProductoSolutionTDD\ProductoSolutionTDD\bin\Debug\net5.0\fine-code-coverage\build-output\nunit.engine.api.dll
TpTrace Verbose: 0 : 17792, 4, 2021/09/23, 14:44:48.930, 2759129297234, testhost.dll, TestPluginCache: Discovered the extensions using extension path ''.
TpTrace Verbose: 0 : 17792, 4, 2021/09/23, 14:44:48.930, 2759129299940, testhost.dll, TestPluginCache: Discoverers are ''.
TpTrace Verbose: 0 : 17792, 4, 2021/09/23, 14:44:48.930, 2759129300346, testhost.dll, TestPluginCache: Executors are 'executor://NUnit3TestExecutor'.
TpTrace Verbose: 0 : 17792, 4, 2021/09/23, 14:44:48.930, 2759129300697, testhost.dll, TestPluginCache: Executors2 are ''.
TpTrace Verbose: 0 : 17792, 4, 2021/09/23, 14:44:48.930, 2759129300977, testhost.dll, TestPluginCache: Setting providers are ''.
TpTrace Verbose: 0 : 17792, 4, 2021/09/23, 14:44:48.930, 2759129301235, testhost.dll, TestPluginCache: Loggers are ''.
TpTrace Verbose: 0 : 17792, 8, 2021/09/23, 14:44:48.932, 2759129317032, testhost.dll, TcpClientExtensions.MessageLoopAsync: Polling on remoteEndPoint: [::ffff:127.0.0.1]:60755 localEndPoint: [::ffff:127.0.0.1]:60756
TpTrace Verbose: 0 : 17792, 4, 2021/09/23, 14:44:48.932, 2759129319637, testhost.dll, TestPluginCache.DiscoverTestExtensions: finding test extensions in assemblies ends with: TestAdapter.dll TPluginInfo: Microsoft.VisualStudio.TestPlatform.Common.ExtensionFramework.Utilities.TestExecutorPluginInformation2 TExtension: Microsoft.VisualStudio.TestPlatform.ObjectModel.Adapter.ITestExecutor2
TpTrace Verbose: 0 : 17792, 4, 2021/09/23, 14:44:48.932, 2759129321735, testhost.dll, TestPluginCache.GetExtensionPaths: Filtered extension paths: 
TpTrace Verbose: 0 : 17792, 4, 2021/09/23, 14:44:48.932, 2759129321992, testhost.dll, TestPluginCache.GetExtensionPaths: Added default extension paths: D:\IsmaPCBlanco\Documentos\ISMA\Semestre 2021-2\Diseño dirigido por pruebas\Proyectos\Parcial\ProductoSolutionTDD\ProductoSolutionTDD\bin\Debug\net5.0\fine-code-coverage\build-output\NUnit3.TestAdapter.dll
TpTrace Verbose: 0 : 17792, 4, 2021/09/23, 14:44:48.932, 2759129322143, testhost.dll, TestPluginCache.GetExtensionPaths: Added unfilterableExtensionPaths: 
TpTrace Information: 0 : 17792, 4, 2021/09/23, 14:44:48.932, 2759129323431, testhost.dll, AssemblyResolver.AddSearchDirectories: Adding more searchDirectories D:\IsmaPCBlanco\Documentos\ISMA\Semestre 2021-2\Diseño dirigido por pruebas\Proyectos\Parcial\ProductoSolutionTDD\ProductoSolutionTDD\bin\Debug\net5.0\fine-code-coverage\build-output
TpTrace Verbose: 0 : 17792, 4, 2021/09/23, 14:44:48.932, 2759129323755, testhost.dll, TestPluginCache.DiscoverTestExtensions: Discovering the extensions using extension path.
TpTrace Verbose: 0 : 17792, 4, 2021/09/23, 14:44:48.932, 2759129323923, testhost.dll, TestPluginCache.GetExtensionPaths: Filtered extension paths: 
TpTrace Verbose: 0 : 17792, 4, 2021/09/23, 14:44:48.932, 2759129324068, testhost.dll, TestPluginCache.GetExtensionPaths: Added default extension paths: D:\IsmaPCBlanco\Documentos\ISMA\Semestre 2021-2\Diseño dirigido por pruebas\Proyectos\Parcial\ProductoSolutionTDD\ProductoSolutionTDD\bin\Debug\net5.0\fine-code-coverage\build-output\NUnit3.TestAdapter.dll
TpTrace Verbose: 0 : 17792, 4, 2021/09/23, 14:44:48.932, 2759129324252, testhost.dll, TestPluginCache.GetExtensionPaths: Added unfilterableExtensionPaths: 
TpTrace Verbose: 0 : 17792, 4, 2021/09/23, 14:44:48.932, 2759129324413, testhost.dll, TestPluginCache.DiscoverTestExtensions: Discovering the extensions using allExtensionPaths: D:\IsmaPCBlanco\Documentos\ISMA\Semestre 2021-2\Diseño dirigido por pruebas\Proyectos\Parcial\ProductoSolutionTDD\ProductoSolutionTDD\bin\Debug\net5.0\fine-code-coverage\build-output\NUnit3.TestAdapter.dll
TpTrace Information: 0 : 17792, 4, 2021/09/23, 14:44:48.932, 2759129324668, testhost.dll, AssemblyResolver.AddSearchDirectories: Adding more searchDirectories D:\IsmaPCBlanco\Documentos\ISMA\Semestre 2021-2\Diseño dirigido por pruebas\Proyectos\Parcial\ProductoSolutionTDD\ProductoSolutionTDD\bin\Debug\net5.0\fine-code-coverage\build-output
TpTrace Verbose: 0 : 17792, 4, 2021/09/23, 14:44:48.933, 2759129326798, testhost.dll, TestPluginCache: Discovered the extensions using extension path ''.
TpTrace Verbose: 0 : 17792, 4, 2021/09/23, 14:44:48.933, 2759129327567, testhost.dll, TestPluginCache: Discoverers are ''.
TpTrace Verbose: 0 : 17792, 4, 2021/09/23, 14:44:48.933, 2759129327815, testhost.dll, TestPluginCache: Executors are 'executor://NUnit3TestExecutor'.
TpTrace Verbose: 0 : 17792, 4, 2021/09/23, 14:44:48.933, 2759129328153, testhost.dll, TestPluginCache: Executors2 are ''.
TpTrace Verbose: 0 : 17792, 4, 2021/09/23, 14:44:48.933, 2759129328301, testhost.dll, TestPluginCache: Setting providers are ''.
TpTrace Verbose: 0 : 17792, 4, 2021/09/23, 14:44:48.933, 2759129328427, testhost.dll, TestPluginCache: Loggers are ''.
TpTrace Information: 0 : 17792, 4, 2021/09/23, 14:44:48.936, 2759129364029, testhost.dll, TestPluginManager.CreateTestExtension: Attempting to load test extension: NUnit.VisualStudio.TestAdapter.NUnit3TestExecutor
TpTrace Verbose: 0 : 17792, 4, 2021/09/23, 14:44:48.937, 2759129370952, testhost.dll, TestExecutorExtensionManager: Loading executor NUnit.VisualStudio.TestAdapter.NUnit3TestExecutor
TpTrace Verbose: 0 : 17792, 4, 2021/09/23, 14:44:48.937, 2759129371484, testhost.dll, TestExecutorService: Loaded the executors
TpTrace Verbose: 0 : 17792, 4, 2021/09/23, 14:44:48.938, 2759129379951, testhost.dll, TestPluginCache.DiscoverTestExtensions: finding test extensions in assemblies ends with: TestAdapter.dll TPluginInfo: Microsoft.VisualStudio.TestPlatform.Common.ExtensionFramework.Utilities.TestSettingsProviderPluginInformation TExtension: Microsoft.VisualStudio.TestPlatform.ObjectModel.Adapter.ISettingsProvider
TpTrace Verbose: 0 : 17792, 4, 2021/09/23, 14:44:48.938, 2759129380762, testhost.dll, TestPluginCache.GetExtensionPaths: Filtered extension paths: 
TpTrace Verbose: 0 : 17792, 4, 2021/09/23, 14:44:48.938, 2759129381040, testhost.dll, TestPluginCache.GetExtensionPaths: Added default extension paths: D:\IsmaPCBlanco\Documentos\ISMA\Semestre 2021-2\Diseño dirigido por pruebas\Proyectos\Parcial\ProductoSolutionTDD\ProductoSolutionTDD\bin\Debug\net5.0\fine-code-coverage\build-output\NUnit3.TestAdapter.dll
TpTrace Verbose: 0 : 17792, 4, 2021/09/23, 14:44:48.938, 2759129381234, testhost.dll, TestPluginCache.GetExtensionPaths: Added unfilterableExtensionPaths: 
TpTrace Information: 0 : 17792, 4, 2021/09/23, 14:44:48.938, 2759129382436, testhost.dll, AssemblyResolver.AddSearchDirectories: Adding more searchDirectories D:\IsmaPCBlanco\Documentos\ISMA\Semestre 2021-2\Diseño dirigido por pruebas\Proyectos\Parcial\ProductoSolutionTDD\ProductoSolutionTDD\bin\Debug\net5.0\fine-code-coverage\build-output
TpTrace Verbose: 0 : 17792, 4, 2021/09/23, 14:44:48.938, 2759129382783, testhost.dll, TestPluginCache.DiscoverTestExtensions: Discovering the extensions using extension path.
TpTrace Verbose: 0 : 17792, 4, 2021/09/23, 14:44:48.938, 2759129383174, testhost.dll, TestPluginCache.GetExtensionPaths: Filtered extension paths: 
TpTrace Verbose: 0 : 17792, 4, 2021/09/23, 14:44:48.938, 2759129383326, testhost.dll, TestPluginCache.GetExtensionPaths: Added default extension paths: D:\IsmaPCBlanco\Documentos\ISMA\Semestre 2021-2\Diseño dirigido por pruebas\Proyectos\Parcial\ProductoSolutionTDD\ProductoSolutionTDD\bin\Debug\net5.0\fine-code-coverage\build-output\NUnit3.TestAdapter.dll
TpTrace Verbose: 0 : 17792, 4, 2021/09/23, 14:44:48.938, 2759129383473, testhost.dll, TestPluginCache.GetExtensionPaths: Added unfilterableExtensionPaths: 
TpTrace Verbose: 0 : 17792, 4, 2021/09/23, 14:44:48.938, 2759129383638, testhost.dll, TestPluginCache.DiscoverTestExtensions: Discovering the extensions using allExtensionPaths: D:\IsmaPCBlanco\Documentos\ISMA\Semestre 2021-2\Diseño dirigido por pruebas\Proyectos\Parcial\ProductoSolutionTDD\ProductoSolutionTDD\bin\Debug\net5.0\fine-code-coverage\build-output\NUnit3.TestAdapter.dll
TpTrace Information: 0 : 17792, 4, 2021/09/23, 14:44:48.938, 2759129383915, testhost.dll, AssemblyResolver.AddSearchDirectories: Adding more searchDirectories D:\IsmaPCBlanco\Documentos\ISMA\Semestre 2021-2\Diseño dirigido por pruebas\Proyectos\Parcial\ProductoSolutionTDD\ProductoSolutionTDD\bin\Debug\net5.0\fine-code-coverage\build-output
TpTrace Verbose: 0 : 17792, 4, 2021/09/23, 14:44:48.939, 2759129386059, testhost.dll, TestPluginCache: Discovered the extensions using extension path ''.
TpTrace Verbose: 0 : 17792, 4, 2021/09/23, 14:44:48.939, 2759129386392, testhost.dll, TestPluginCache: Discoverers are ''.
TpTrace Verbose: 0 : 17792, 4, 2021/09/23, 14:44:48.939, 2759129386571, testhost.dll, TestPluginCache: Executors are 'executor://NUnit3TestExecutor'.
TpTrace Verbose: 0 : 17792, 4, 2021/09/23, 14:44:48.939, 2759129386725, testhost.dll, TestPluginCache: Executors2 are ''.
TpTrace Verbose: 0 : 17792, 4, 2021/09/23, 14:44:48.939, 2759129387012, testhost.dll, TestPluginCache: Setting providers are ''.
TpTrace Verbose: 0 : 17792, 4, 2021/09/23, 14:44:48.939, 2759129387161, testhost.dll, TestPluginCache: Loggers are ''.
TpTrace Verbose: 0 : 17792, 4, 2021/09/23, 14:44:48.939, 2759129393811, testhost.dll, TestExecutorService: Loaded the settings providers
TpTrace Information: 0 : 17792, 4, 2021/09/23, 14:44:48.939, 2759129394225, testhost.dll, TestExecutorService: Loaded the extensions
TpTrace Information: 0 : 17792, 4, 2021/09/23, 14:44:48.954, 2759129539457, testhost.dll, AssemblyResolver.OnResolve: Microsoft.VisualStudio.TestPlatform.Common.resources: Resolving assembly.
TpTrace Information: 0 : 17792, 4, 2021/09/23, 14:44:48.954, 2759129540911, testhost.dll, AssemblyResolver.OnResolve: Microsoft.VisualStudio.TestPlatform.Common.resources: Failed to load assembly.
TpTrace Information: 0 : 17792, 4, 2021/09/23, 14:44:48.991, 2759129909488, testhost.dll, TestDiscoveryManager: Discovering tests from sources D:\IsmaPCBlanco\Documentos\ISMA\Semestre 2021-2\Diseño dirigido por pruebas\Proyectos\Parcial\ProductoSolutionTDD\ProductoSolutionTDD\bin\Debug\net5.0\fine-code-coverage\build-output\ProductoSolutionTDD.dll
TpTrace Verbose: 0 : 17792, 4, 2021/09/23, 14:44:48.992, 2759129924939, testhost.dll, TestPluginCache.DiscoverTestExtensions: finding test extensions in assemblies ends with: TestAdapter.dll TPluginInfo: Microsoft.VisualStudio.TestPlatform.Common.ExtensionFramework.Utilities.TestDiscovererPluginInformation TExtension: Microsoft.VisualStudio.TestPlatform.ObjectModel.Adapter.ITestDiscoverer
TpTrace Verbose: 0 : 17792, 4, 2021/09/23, 14:44:48.993, 2759129925928, testhost.dll, TestPluginCache.GetExtensionPaths: Filtered extension paths: 
TpTrace Verbose: 0 : 17792, 4, 2021/09/23, 14:44:48.993, 2759129926170, testhost.dll, TestPluginCache.GetExtensionPaths: Added default extension paths: D:\IsmaPCBlanco\Documentos\ISMA\Semestre 2021-2\Diseño dirigido por pruebas\Proyectos\Parcial\ProductoSolutionTDD\ProductoSolutionTDD\bin\Debug\net5.0\fine-code-coverage\build-output\NUnit3.TestAdapter.dll
TpTrace Verbose: 0 : 17792, 4, 2021/09/23, 14:44:48.993, 2759129926335, testhost.dll, TestPluginCache.GetExtensionPaths: Added unfilterableExtensionPaths: 
TpTrace Information: 0 : 17792, 4, 2021/09/23, 14:44:48.993, 2759129927257, testhost.dll, AssemblyResolver.AddSearchDirectories: Adding more searchDirectories D:\IsmaPCBlanco\Documentos\ISMA\Semestre 2021-2\Diseño dirigido por pruebas\Proyectos\Parcial\ProductoSolutionTDD\ProductoSolutionTDD\bin\Debug\net5.0\fine-code-coverage\build-output
TpTrace Verbose: 0 : 17792, 4, 2021/09/23, 14:44:48.993, 2759129927504, testhost.dll, TestPluginCache.DiscoverTestExtensions: Discovering the extensions using extension path.
TpTrace Verbose: 0 : 17792, 4, 2021/09/23, 14:44:48.993, 2759129927672, testhost.dll, TestPluginCache.GetExtensionPaths: Filtered extension paths: 
TpTrace Verbose: 0 : 17792, 4, 2021/09/23, 14:44:48.993, 2759129927853, testhost.dll, TestPluginCache.GetExtensionPaths: Added default extension paths: D:\IsmaPCBlanco\Documentos\ISMA\Semestre 2021-2\Diseño dirigido por pruebas\Proyectos\Parcial\ProductoSolutionTDD\ProductoSolutionTDD\bin\Debug\net5.0\fine-code-coverage\build-output\NUnit3.TestAdapter.dll
TpTrace Verbose: 0 : 17792, 4, 2021/09/23, 14:44:48.993, 2759129928005, testhost.dll, TestPluginCache.GetExtensionPaths: Added unfilterableExtensionPaths: 
TpTrace Verbose: 0 : 17792, 4, 2021/09/23, 14:44:48.993, 2759129928215, testhost.dll, TestPluginCache.DiscoverTestExtensions: Discovering the extensions using allExtensionPaths: D:\IsmaPCBlanco\Documentos\ISMA\Semestre 2021-2\Diseño dirigido por pruebas\Proyectos\Parcial\ProductoSolutionTDD\ProductoSolutionTDD\bin\Debug\net5.0\fine-code-coverage\build-output\NUnit3.TestAdapter.dll
TpTrace Information: 0 : 17792, 4, 2021/09/23, 14:44:48.993, 2759129928498, testhost.dll, AssemblyResolver.AddSearchDirectories: Adding more searchDirectories D:\IsmaPCBlanco\Documentos\ISMA\Semestre 2021-2\Diseño dirigido por pruebas\Proyectos\Parcial\ProductoSolutionTDD\ProductoSolutionTDD\bin\Debug\net5.0\fine-code-coverage\build-output
TpTrace Information: 0 : 17792, 4, 2021/09/23, 14:44:48.994, 2759129942669, testhost.dll, AssemblyResolver.OnResolve: System.ComponentModel.Primitives.resources: Resolving assembly.
TpTrace Information: 0 : 17792, 4, 2021/09/23, 14:44:48.994, 2759129943462, testhost.dll, AssemblyResolver.OnResolve: System.ComponentModel.Primitives.resources: Failed to load assembly.
TpTrace Verbose: 0 : 17792, 4, 2021/09/23, 14:44:48.995, 2759129945664, testhost.dll, CurrentDomain_AssemblyResolve: Resolving assembly 'System.ComponentModel.Primitives.resources'.
TpTrace Information: 0 : 17792, 4, 2021/09/23, 14:44:48.995, 2759129946206, testhost.dll, AssemblyResolver.OnResolve: System.ComponentModel.Primitives.resources: Resolving assembly.
TpTrace Information: 0 : 17792, 4, 2021/09/23, 14:44:48.995, 2759129946500, testhost.dll, AssemblyResolver.OnResolve: System.ComponentModel.Primitives.resources: Resolved from cache.
TpTrace Verbose: 0 : 17792, 4, 2021/09/23, 14:44:48.995, 2759129946692, testhost.dll, CurrentDomain_AssemblyResolve: Resolving assembly 'System.ComponentModel.Primitives.resources'.
TpTrace Verbose: 0 : 17792, 4, 2021/09/23, 14:44:48.995, 2759129946861, testhost.dll, CurrentDomainAssemblyResolve: Failed to resolve assembly 'System.ComponentModel.Primitives.resources'.
TpTrace Verbose: 0 : 17792, 4, 2021/09/23, 14:44:48.995, 2759129952940, testhost.dll, CurrentDomainAssemblyResolve: Failed to resolve assembly 'System.ComponentModel.Primitives.resources'.
TpTrace Information: 0 : 17792, 4, 2021/09/23, 14:44:48.996, 2759129956492, testhost.dll, AssemblyResolver.OnResolve: System.ComponentModel.Primitives.resources: Resolving assembly.
TpTrace Information: 0 : 17792, 4, 2021/09/23, 14:44:48.996, 2759129956799, testhost.dll, AssemblyResolver.OnResolve: System.ComponentModel.Primitives.resources: Resolved from cache.
TpTrace Verbose: 0 : 17792, 4, 2021/09/23, 14:44:48.996, 2759129957005, testhost.dll, CurrentDomain_AssemblyResolve: Resolving assembly 'System.ComponentModel.Primitives.resources'.
TpTrace Verbose: 0 : 17792, 4, 2021/09/23, 14:44:48.996, 2759129957153, testhost.dll, CurrentDomainAssemblyResolve: Failed to resolve assembly 'System.ComponentModel.Primitives.resources'.
TpTrace Verbose: 0 : 17792, 4, 2021/09/23, 14:44:48.996, 2759129964567, testhost.dll, TestPluginCache: Discovered the extensions using extension path ''.
TpTrace Verbose: 0 : 17792, 4, 2021/09/23, 14:44:48.996, 2759129965140, testhost.dll, TestPluginCache: Discoverers are 'NUnit.VisualStudio.TestAdapter.NUnit3TestDiscoverer, NUnit3.TestAdapter, Version=3.17.0.0, Culture=neutral, PublicKeyToken=4cb40d35494691ac'.
TpTrace Verbose: 0 : 17792, 4, 2021/09/23, 14:44:48.996, 2759129965372, testhost.dll, TestPluginCache: Executors are 'executor://NUnit3TestExecutor'.
TpTrace Verbose: 0 : 17792, 4, 2021/09/23, 14:44:48.997, 2759129965537, testhost.dll, TestPluginCache: Executors2 are ''.
TpTrace Verbose: 0 : 17792, 4, 2021/09/23, 14:44:48.997, 2759129965682, testhost.dll, TestPluginCache: Setting providers are ''.
TpTrace Verbose: 0 : 17792, 4, 2021/09/23, 14:44:48.997, 2759129965819, testhost.dll, TestPluginCache: Loggers are ''.
TpTrace Information: 0 : 17792, 4, 2021/09/23, 14:44:49.002, 2759130017803, testhost.dll, PEReaderHelper.GetAssemblyType: Determined assemblyType:'Managed' for source: 'D:\IsmaPCBlanco\Documentos\ISMA\Semestre 2021-2\Diseño dirigido por pruebas\Proyectos\Parcial\ProductoSolutionTDD\ProductoSolutionTDD\bin\Debug\net5.0\fine-code-coverage\build-output\ProductoSolutionTDD.dll'
TpTrace Verbose: 0 : 17792, 4, 2021/09/23, 14:44:49.006, 2759130064098, testhost.dll, BaseRunTests.RunTestInternalWithExecutors: Running tests for executor://NUnit3TestExecutor
TpTrace Information: 0 : 17792, 4, 2021/09/23, 14:44:49.008, 2759130075808, testhost.dll, AssemblyResolver.OnResolve: nunit.engine: Resolving assembly.
TpTrace Information: 0 : 17792, 4, 2021/09/23, 14:44:49.008, 2759130079871, testhost.dll, AssemblyResolver.OnResolve: Resolved assembly: nunit.engine, from path: D:\IsmaPCBlanco\Documentos\ISMA\Semestre 2021-2\Diseño dirigido por pruebas\Proyectos\Parcial\ProductoSolutionTDD\ProductoSolutionTDD\bin\Debug\net5.0\fine-code-coverage\build-output\nunit.engine.dll
TpTrace Information: 0 : 17792, 4, 2021/09/23, 14:44:49.008, 2759130080522, testhost.dll, AssemblyResolver.OnResolve: nunit.engine.core: Resolving assembly.
TpTrace Information: 0 : 17792, 4, 2021/09/23, 14:44:49.008, 2759130083024, testhost.dll, AssemblyResolver.OnResolve: Resolved assembly: nunit.engine.core, from path: D:\IsmaPCBlanco\Documentos\ISMA\Semestre 2021-2\Diseño dirigido por pruebas\Proyectos\Parcial\ProductoSolutionTDD\ProductoSolutionTDD\bin\Debug\net5.0\fine-code-coverage\build-output\nunit.engine.core.dll
TpTrace Information: 0 : 17792, 4, 2021/09/23, 14:44:49.014, 2759130143977, testhost.dll, NUnit Adapter 3.17.0.0: Test execution started
TpTrace Verbose: 0 : 17792, 4, 2021/09/23, 14:44:49.014, 2759130145362, testhost.dll, TestRequestHandler.SendData:  sending data from testhost: {"Version":5,"MessageType":"TestSession.Message","Payload":{"MessageLevel":0,"Message":"NUnit Adapter 3.17.0.0: Test execution started"}}
TpTrace Information: 0 : 17792, 4, 2021/09/23, 14:44:49.038, 2759130380493, testhost.dll, Running all tests in D:\IsmaPCBlanco\Documentos\ISMA\Semestre 2021-2\Diseño dirigido por pruebas\Proyectos\Parcial\ProductoSolutionTDD\ProductoSolutionTDD\bin\Debug\net5.0\fine-code-coverage\build-output\ProductoSolutionTDD.dll
TpTrace Verbose: 0 : 17792, 4, 2021/09/23, 14:44:49.038, 2759130381985, testhost.dll, TestRequestHandler.SendData:  sending data from testhost: {"Version":5,"MessageType":"TestSession.Message","Payload":{"MessageLevel":0,"Message":"Running all tests in D:\\IsmaPCBlanco\\Documentos\\ISMA\\Semestre 2021-2\\Diseño dirigido por pruebas\\Proyectos\\Parcial\\ProductoSolutionTDD\\ProductoSolutionTDD\\bin\\Debug\\net5.0\\fine-code-coverage\\build-output\\ProductoSolutionTDD.dll"}}
TpTrace Information: 0 : 17792, 4, 2021/09/23, 14:44:49.045, 2759130447514, testhost.dll, AssemblyResolver.OnResolve: Mono.Cecil: Resolving assembly.
TpTrace Information: 0 : 17792, 4, 2021/09/23, 14:44:49.045, 2759130449071, testhost.dll, AssemblyResolver.OnResolve: Mono.Cecil: Failed to load assembly.
TpTrace Information: 0 : 17792, 4, 2021/09/23, 14:44:49.162, 2759131621447, testhost.dll,    NUnit3TestExecutor discovered 5 of 5 NUnit test cases
TpTrace Verbose: 0 : 17792, 4, 2021/09/23, 14:44:49.162, 2759131622699, testhost.dll, TestRequestHandler.SendData:  sending data from testhost: {"Version":5,"MessageType":"TestSession.Message","Payload":{"MessageLevel":0,"Message":"   NUnit3TestExecutor discovered 5 of 5 NUnit test cases"}}
TpTrace Verbose: 0 : 17792, 12, 2021/09/23, 14:44:49.184, 2759131837847, testhost.dll, TestExecutionRecorder.RecordStart: Starting test: ProductoSolutionTDD.ProductoSolutionTest.NoPuedeIngresarCantidadProductosDeMenosUno.
TpTrace Verbose: 0 : 17792, 12, 2021/09/23, 14:44:49.216, 2759132159984, testhost.dll, TestExecutionRecorder.RecordEnd: test: ProductoSolutionTDD.ProductoSolutionTest.NoPuedeIngresarCantidadProductosDeMenosUno execution completed.
TpTrace Verbose: 0 : 17792, 12, 2021/09/23, 14:44:49.228, 2759132284553, testhost.dll, TestExecutionRecorder.RecordResult: Received result for test: ProductoSolutionTDD.ProductoSolutionTest.NoPuedeIngresarCantidadProductosDeMenosUno.
TpTrace Warning: 0 : 17792, 12, 2021/09/23, 14:44:49.232, 2759132318823, testhost.dll, TestRunCache: InProgressTests is null
TpTrace Warning: 0 : 17792, 12, 2021/09/23, 14:44:49.232, 2759132320370, testhost.dll, TestRunCache: No test found corresponding to testResult 'NoPuedeIngresarCantidadProductosDeMenosUno' in inProgress list.
TpTrace Verbose: 0 : 17792, 12, 2021/09/23, 14:44:49.232, 2759132321722, testhost.dll, TestExecutionRecorder.RecordStart: Starting test: ProductoSolutionTDD.ProductoSolutionTest.NoPuedeVenderCantidadProductosDeMenosUno.
TpTrace Verbose: 0 : 17792, 12, 2021/09/23, 14:44:49.233, 2759132332227, testhost.dll, TestExecutionRecorder.RecordEnd: test: ProductoSolutionTDD.ProductoSolutionTest.NoPuedeVenderCantidadProductosDeMenosUno execution completed.
TpTrace Verbose: 0 : 17792, 12, 2021/09/23, 14:44:49.234, 2759132338343, testhost.dll, TestExecutionRecorder.RecordResult: Received result for test: ProductoSolutionTDD.ProductoSolutionTest.NoPuedeVenderCantidadProductosDeMenosUno.
TpTrace Warning: 0 : 17792, 12, 2021/09/23, 14:44:49.234, 2759132338844, testhost.dll, TestRunCache: InProgressTests is null
TpTrace Warning: 0 : 17792, 12, 2021/09/23, 14:44:49.234, 2759132339020, testhost.dll, TestRunCache: No test found corresponding to testResult 'NoPuedeVenderCantidadProductosDeMenosUno' in inProgress list.
TpTrace Verbose: 0 : 17792, 12, 2021/09/23, 14:44:49.234, 2759132339505, testhost.dll, TestExecutionRecorder.RecordStart: Starting test: ProductoSolutionTDD.ProductoSolutionTest.PuedeIngresarCantidadProductosCincuentaCorrecta.
TpTrace Verbose: 0 : 17792, 12, 2021/09/23, 14:44:49.234, 2759132345217, testhost.dll, TestExecutionRecorder.RecordEnd: test: ProductoSolutionTDD.ProductoSolutionTest.PuedeIngresarCantidadProductosCincuentaCorrecta execution completed.
TpTrace Verbose: 0 : 17792, 12, 2021/09/23, 14:44:49.235, 2759132349811, testhost.dll, TestExecutionRecorder.RecordResult: Received result for test: ProductoSolutionTDD.ProductoSolutionTest.PuedeIngresarCantidadProductosCincuentaCorrecta.
TpTrace Warning: 0 : 17792, 12, 2021/09/23, 14:44:49.235, 2759132350243, testhost.dll, TestRunCache: InProgressTests is null
TpTrace Warning: 0 : 17792, 12, 2021/09/23, 14:44:49.235, 2759132350423, testhost.dll, TestRunCache: No test found corresponding to testResult 'PuedeIngresarCantidadProductosCincuentaCorrecta' in inProgress list.
TpTrace Verbose: 0 : 17792, 12, 2021/09/23, 14:44:49.235, 2759132350896, testhost.dll, TestExecutionRecorder.RecordStart: Starting test: ProductoSolutionTDD.ProductoSolutionTest.PuedeVenderCantidadProductoCompuestoCorrecta.
TpTrace Verbose: 0 : 17792, 12, 2021/09/23, 14:44:49.236, 2759132362122, testhost.dll, TestExecutionRecorder.RecordEnd: test: ProductoSolutionTDD.ProductoSolutionTest.PuedeVenderCantidadProductoCompuestoCorrecta execution completed.
TpTrace Verbose: 0 : 17792, 12, 2021/09/23, 14:44:49.237, 2759132367856, testhost.dll, TestExecutionRecorder.RecordResult: Received result for test: ProductoSolutionTDD.ProductoSolutionTest.PuedeVenderCantidadProductoCompuestoCorrecta.
TpTrace Warning: 0 : 17792, 12, 2021/09/23, 14:44:49.237, 2759132368362, testhost.dll, TestRunCache: InProgressTests is null
TpTrace Warning: 0 : 17792, 12, 2021/09/23, 14:44:49.237, 2759132368541, testhost.dll, TestRunCache: No test found corresponding to testResult 'PuedeVenderCantidadProductoCompuestoCorrecta' in inProgress list.
TpTrace Verbose: 0 : 17792, 12, 2021/09/23, 14:44:49.237, 2759132369096, testhost.dll, TestExecutionRecorder.RecordStart: Starting test: ProductoSolutionTDD.ProductoSolutionTest.PuedeVenderCantidadProductoSencilloCorrecta.
TpTrace Verbose: 0 : 17792, 12, 2021/09/23, 14:44:49.238, 2759132379529, testhost.dll, TestExecutionRecorder.RecordEnd: test: ProductoSolutionTDD.ProductoSolutionTest.PuedeVenderCantidadProductoSencilloCorrecta execution completed.
TpTrace Verbose: 0 : 17792, 12, 2021/09/23, 14:44:49.239, 2759132386377, testhost.dll, TestExecutionRecorder.RecordResult: Received result for test: ProductoSolutionTDD.ProductoSolutionTest.PuedeVenderCantidadProductoSencilloCorrecta.
TpTrace Warning: 0 : 17792, 12, 2021/09/23, 14:44:49.239, 2759132387183, testhost.dll, TestRunCache: InProgressTests is null
TpTrace Warning: 0 : 17792, 12, 2021/09/23, 14:44:49.239, 2759132387385, testhost.dll, TestRunCache: No test found corresponding to testResult 'PuedeVenderCantidadProductoSencilloCorrecta' in inProgress list.
TpTrace Information: 0 : 17792, 4, 2021/09/23, 14:44:49.241, 2759132415358, testhost.dll, NUnit Adapter 3.17.0.0: Test execution complete
TpTrace Verbose: 0 : 17792, 4, 2021/09/23, 14:44:49.242, 2759132416424, testhost.dll, TestRequestHandler.SendData:  sending data from testhost: {"Version":5,"MessageType":"TestSession.Message","Payload":{"MessageLevel":0,"Message":"NUnit Adapter 3.17.0.0: Test execution complete"}}
TpTrace Verbose: 0 : 17792, 4, 2021/09/23, 14:44:49.245, 2759132453251, testhost.dll, BaseRunTests.RunTestInternalWithExecutors: Completed running tests for executor://NUnit3TestExecutor
TpTrace Information: 0 : 17792, 4, 2021/09/23, 14:44:49.248, 2759132480844, testhost.dll, Sending test run complete
TpTrace Verbose: 0 : 17792, 4, 2021/09/23, 14:44:49.273, 2759132732306, testhost.dll, TestRequestHandler.SendData:  sending data from testhost: {"Version":5,"MessageType":"TestExecution.Completed","Payload":{"TestRunCompleteArgs":{"TestRunStatistics":{"ExecutedTests":5,"Stats":{"Passed":5}},"IsCanceled":false,"IsAborted":false,"Error":null,"AttachmentSets":[],"ElapsedTimeInRunningTests":"00:00:00.2422738","Metrics":{}},"LastRunTests":{"NewTestResults":[{"TestCase":{"Id":"1fd23cc2-ebc2-4f0e-3c28-85f7d285a74d","FullyQualifiedName":"ProductoSolutionTDD.ProductoSolutionTest.NoPuedeIngresarCantidadProductosDeMenosUno","DisplayName":"NoPuedeIngresarCantidadProductosDeMenosUno","ExecutorUri":"executor://NUnit3TestExecutor","Source":"D:\\IsmaPCBlanco\\Documentos\\ISMA\\Semestre 2021-2\\Diseño dirigido por pruebas\\Proyectos\\Parcial\\ProductoSolutionTDD\\ProductoSolutionTDD\\bin\\Debug\\net5.0\\fine-code-coverage\\build-output\\ProductoSolutionTDD.dll","CodeFilePath":null,"LineNumber":0,"Properties":[]},"Attachments":[],"Outcome":1,"ErrorMessage":null,"ErrorStackTrace":null,"DisplayName":"NoPuedeIngresarCantidadProductosDeMenosUno","Messages":[],"ComputerName":"DESKTOP-FFMH835","Duration":"00:00:00.0060180","StartTime":"2021-09-23T19:44:49.1836759+00:00","EndTime":"2021-09-23T19:44:49.1896294+00:00","Properties":[]},{"TestCase":{"Id":"d650e767-a285-850e-200d-13562b08d268","FullyQualifiedName":"ProductoSolutionTDD.ProductoSolutionTest.NoPuedeVenderCantidadProductosDeMenosUno","DisplayName":"NoPuedeVenderCantidadProductosDeMenosUno","ExecutorUri":"executor://NUnit3TestExecutor","Source":"D:\\IsmaPCBlanco\\Documentos\\ISMA\\Semestre 2021-2\\Diseño dirigido por pruebas\\Proyectos\\Parcial\\ProductoSolutionTDD\\ProductoSolutionTDD\\bin\\Debug\\net5.0\\fine-code-coverage\\build-output\\ProductoSolutionTDD.dll","CodeFilePath":null,"LineNumber":0,"Properties":[]},"Attachments":[],"Outcome":1,"ErrorMessage":null,"ErrorStackTrace":null,"DisplayName":"NoPuedeVenderCantidadProductosDeMenosUno","Messages":[],"ComputerName":"DESKTOP-FFMH835","Duration":"00:00:00.0003390","StartTime":"2021-09-23T19:44:49.1909657+00:00","EndTime":"2021-09-23T19:44:49.1913042+00:00","Properties":[]},{"TestCase":{"Id":"5aafae75-09ff-9b28-1901-0763a8ee5fcf","FullyQualifiedName":"ProductoSolutionTDD.ProductoSolutionTest.PuedeIngresarCantidadProductosCincuentaCorrecta","DisplayName":"PuedeIngresarCantidadProductosCincuentaCorrecta","ExecutorUri":"executor://NUnit3TestExecutor","Source":"D:\\IsmaPCBlanco\\Documentos\\ISMA\\Semestre 2021-2\\Diseño dirigido por pruebas\\Proyectos\\Parcial\\ProductoSolutionTDD\\ProductoSolutionTDD\\bin\\Debug\\net5.0\\fine-code-coverage\\build-output\\ProductoSolutionTDD.dll","CodeFilePath":null,"LineNumber":0,"Properties":[]},"Attachments":[],"Outcome":1,"ErrorMessage":null,"ErrorStackTrace":null,"DisplayName":"PuedeIngresarCantidadProductosCincuentaCorrecta","Messages":[],"ComputerName":"DESKTOP-FFMH835","Duration":"00:00:00.0018270","StartTime":"2021-09-23T19:44:49.1913304+00:00","EndTime":"2021-09-23T19:44:49.1931571+00:00","Properties":[]},{"TestCase":{"Id":"0ad616df-7dfa-1089-fdf3-3361613a60d8","FullyQualifiedName":"ProductoSolutionTDD.ProductoSolutionTest.PuedeVenderCantidadProductoCompuestoCorrecta","DisplayName":"PuedeVenderCantidadProductoCompuestoCorrecta","ExecutorUri":"executor://NUnit3TestExecutor","Source":"D:\\IsmaPCBlanco\\Documentos\\ISMA\\Semestre 2021-2\\Diseño dirigido por pruebas\\Proyectos\\Parcial\\ProductoSolutionTDD\\ProductoSolutionTDD\\bin\\Debug\\net5.0\\fine-code-coverage\\build-output\\ProductoSolutionTDD.dll","CodeFilePath":null,"LineNumber":0,"Properties":[]},"Attachments":[],"Outcome":1,"ErrorMessage":null,"ErrorStackTrace":null,"DisplayName":"PuedeVenderCantidadProductoCompuestoCorrecta","Messages":[],"ComputerName":"DESKTOP-FFMH835","Duration":"00:00:00.0010030","StartTime":"2021-09-23T19:44:49.193169+00:00","EndTime":"2021-09-23T19:44:49.1941715+00:00","Properties":[]},{"TestCase":{"Id":"07444b0e-e098-7cf8-45e3-8ce0b3354cf0","FullyQualifiedName":"ProductoSolutionTDD.ProductoSolutionTest.PuedeVenderCantidadProductoSencilloCorrecta","DisplayName":"PuedeVenderCantidadProductoSencilloCorrecta","ExecutorUri":"executor://NUnit3TestExecutor","Source":"D:\\IsmaPCBlanco\\Documentos\\ISMA\\Semestre 2021-2\\Diseño dirigido por pruebas\\Proyectos\\Parcial\\ProductoSolutionTDD\\ProductoSolutionTDD\\bin\\Debug\\net5.0\\fine-code-coverage\\build-output\\ProductoSolutionTDD.dll","CodeFilePath":null,"LineNumber":0,"Properties":[]},"Attachments":[],"Outcome":1,"ErrorMessage":null,"ErrorStackTrace":null,"DisplayName":"PuedeVenderCantidadProductoSencilloCorrecta","Messages":[],"ComputerName":"DESKTOP-FFMH835","Duration":"00:00:00.0001450","StartTime":"2021-09-23T19:44:49.1941809+00:00","EndTime":"2021-09-23T19:44:49.1943255+00:00","Properties":[]}],"TestRunStatistics":{"ExecutedTests":5,"Stats":{"Passed":5}},"ActiveTests":[]},"RunAttachments":[],"ExecutorUris":["executor://nunit3testexecutor/"]}}
TpTrace Verbose: 0 : 17792, 4, 2021/09/23, 14:44:49.274, 2759132735602, testhost.dll, BaseRunTests.RunTests: Run is complete.
TpTrace Verbose: 0 : 17792, 8, 2021/09/23, 14:44:49.275, 2759132754205, testhost.dll, TcpClientExtensions.MessageLoopAsync: NotifyDataAvailable remoteEndPoint: [::ffff:127.0.0.1]:60755 localEndPoint: [::ffff:127.0.0.1]:60756
TpTrace Information: 0 : 17792, 8, 2021/09/23, 14:44:49.275, 2759132755380, testhost.dll, TestRequestHandler.ProcessRequests: received message: (TestSession.Terminate) -> null
TpTrace Information: 0 : 17792, 8, 2021/09/23, 14:44:49.276, 2759132755609, testhost.dll, Session End message received from server. Closing the connection.
TpTrace Information: 0 : 17792, 8, 2021/09/23, 14:44:49.276, 2759132757897, testhost.dll, SocketClient.Stop: Stop communication from server endpoint: 127.0.0.1:060755
TpTrace Information: 0 : 17792, 8, 2021/09/23, 14:44:49.276, 2759132758151, testhost.dll, SocketClient: Stop: Cancellation requested. Stopping message loop.
TpTrace Verbose: 0 : 17792, 8, 2021/09/23, 14:44:49.276, 2759132759201, testhost.dll, LengthPrefixCommunicationChannel.Dispose: Dispose reader and writer.
TpTrace Information: 0 : 17792, 8, 2021/09/23, 14:44:49.276, 2759132759451, testhost.dll, Closing the connection !
TpTrace Information: 0 : 17792, 8, 2021/09/23, 14:44:49.276, 2759132760723, testhost.dll, SocketClient.PrivateStop: Stop communication from server endpoint: 127.0.0.1:060755, error:
TpTrace Verbose: 0 : 17792, 8, 2021/09/23, 14:44:49.276, 2759132764510, testhost.dll, LengthPrefixCommunicationChannel.Dispose: Dispose reader and writer.
TpTrace Verbose: 0 : 17792, 8, 2021/09/23, 14:44:49.276, 2759132764953, testhost.dll, TcpClientExtensions.MessageLoopAsync: exiting MessageLoopAsync remoteEndPoint: [::ffff:127.0.0.1]:60755 localEndPoint: [::ffff:127.0.0.1]:60756
TpTrace Information: 0 : 17792, 1, 2021/09/23, 14:44:49.276, 2759132764528, testhost.dll, Closing the connection !
TpTrace Information: 0 : 17792, 1, 2021/09/23, 14:44:49.277, 2759132765984, testhost.dll, SocketClient.Stop: Stop communication from server endpoint: 127.0.0.1:060755
TpTrace Verbose: 0 : 17792, 1, 2021/09/23, 14:44:49.277, 2759132766321, testhost.dll, LengthPrefixCommunicationChannel.Dispose: Dispose reader and writer.
TpTrace Information: 0 : 17792, 1, 2021/09/23, 14:44:49.277, 2759132766861, testhost.dll, Testhost process exiting.
