TpTrace Verbose: 0 : 15280, 1, 2021/09/23, 14:49:12.039, 2761760395117, testhost.dll, Version: 16.9.4
TpTrace Information: 0 : 15280, 1, 2021/09/23, 14:49:12.043, 2761760430609, testhost.dll, DefaultEngineInvoker.Invoke: Testhost process started with args :[--port, 54660],[--endpoint, 127.0.0.1:054660],[--role, client],[--parentprocessid, 5952],[--diag, D:\IsmaPCBlanco\Documentos\ISMA\Semestre 2021-2\Diseño dirigido por pruebas\Proyectos\Parcial\ProductoSolutionTDD\ProductoSolutionTDD\bin\Debug\net5.0\fine-code-coverage\coverage-tool-output\diagnostics.host.21-09-23_14-49-11_91996_6.log],[--tracelevel, 4],[--datacollectionport, 54659],[--telemetryoptedin, false]
TpTrace Information: 0 : 15280, 1, 2021/09/23, 14:49:12.044, 2761760444025, testhost.dll, Setting up debug trace listener.
TpTrace Verbose: 0 : 15280, 1, 2021/09/23, 14:49:12.045, 2761760445573, testhost.dll, TestPlatformTraceListener.Setup: Replacing listener 0 with TestHostTraceListener.
TpTrace Verbose: 0 : 15280, 1, 2021/09/23, 14:49:12.045, 2761760445862, testhost.dll, TestPlatformTraceListener.Setup: Added test platform trace listener.
TpTrace Information: 0 : 15280, 1, 2021/09/23, 14:49:12.045, 2761760449272, testhost.dll, DefaultEngineInvoker.SetParentProcessExitCallback: Monitoring parent process with id: '5952'
TpTrace Information: 0 : 15280, 1, 2021/09/23, 14:49:12.050, 2761760498424, testhost.dll, DefaultEngineInvoker.GetConnectionInfo: Initialize communication on endpoint address: '127.0.0.1:054660'
TpTrace Information: 0 : 15280, 1, 2021/09/23, 14:49:12.060, 2761760596467, testhost.dll, SocketClient.Start: connecting to server endpoint: 127.0.0.1:054660
TpTrace Information: 0 : 15280, 1, 2021/09/23, 14:49:12.066, 2761760655576, testhost.dll, DefaultEngineInvoker.ConnectToDatacollector: Connecting to datacollector, port: 54659
TpTrace Information: 0 : 15280, 8, 2021/09/23, 14:49:12.066, 2761760661817, testhost.dll, SocketClient.OnServerConnected: connected to server endpoint: 127.0.0.1:054660
TpTrace Verbose: 0 : 15280, 8, 2021/09/23, 14:49:12.067, 2761760674322, testhost.dll, Connected to server, and starting MessageLoopAsync
TpTrace Information: 0 : 15280, 1, 2021/09/23, 14:49:12.068, 2761760683961, testhost.dll, Trying to connect to server on socket : 127.0.0.1:54659 
TpTrace Verbose: 0 : 15280, 1, 2021/09/23, 14:49:12.069, 2761760686295, testhost.dll, SocketCommunicationManager : SetupClientAsync : Attempting to connect to the server.
TpTrace Verbose: 0 : 15280, 8, 2021/09/23, 14:49:12.069, 2761760695251, testhost.dll, TcpClientExtensions.MessageLoopAsync: Polling on remoteEndPoint: [::ffff:127.0.0.1]:54660 localEndPoint: [::ffff:127.0.0.1]:54661
TpTrace Verbose: 0 : 15280, 8, 2021/09/23, 14:49:12.070, 2761760698194, testhost.dll, TcpClientExtensions.MessageLoopAsync: NotifyDataAvailable remoteEndPoint: [::ffff:127.0.0.1]:54660 localEndPoint: [::ffff:127.0.0.1]:54661
TpTrace Information: 0 : 15280, 10, 2021/09/23, 14:49:12.070, 2761760698303, testhost.dll, Connected to the server successfully 
TpTrace Information: 0 : 15280, 10, 2021/09/23, 14:49:12.070, 2761760699788, testhost.dll, Using the buffer size of 16384 bytes
TpTrace Information: 0 : 15280, 1, 2021/09/23, 14:49:12.070, 2761760702713, testhost.dll, DefaultEngineInvoker.Invoke: Start Request Processing.
TpTrace Information: 0 : 15280, 11, 2021/09/23, 14:49:12.071, 2761760708852, testhost.dll, DefaultEngineInvoker.StartProcessingAsync: Connected to vstest.console, Starting process requests.
TpTrace Information: 0 : 15280, 8, 2021/09/23, 14:49:12.169, 2761761686035, testhost.dll, TestRequestHandler.ProcessRequests: received message: (ProtocolVersion) -> 5
TpTrace Verbose: 0 : 15280, 8, 2021/09/23, 14:49:12.190, 2761761897142, testhost.dll, TestRequestHandler.SendData:  sending data from testhost: {"Version":5,"MessageType":"TestSession.Message","Payload":{"MessageLevel":0,"Message":"Registrando diagnóstico de TestHost en el archivo: D:\\IsmaPCBlanco\\Documentos\\ISMA\\Semestre 2021-2\\Diseño dirigido por pruebas\\Proyectos\\Parcial\\ProductoSolutionTDD\\ProductoSolutionTDD\\bin\\Debug\\net5.0\\fine-code-coverage\\coverage-tool-output\\diagnostics.host.21-09-23_14-49-11_91996_6.log"}}
TpTrace Verbose: 0 : 15280, 8, 2021/09/23, 14:49:12.190, 2761761901676, testhost.dll, TcpClientExtensions.MessageLoopAsync: Polling on remoteEndPoint: [::ffff:127.0.0.1]:54660 localEndPoint: [::ffff:127.0.0.1]:54661
TpTrace Verbose: 0 : 15280, 8, 2021/09/23, 14:49:12.190, 2761761902533, testhost.dll, TcpClientExtensions.MessageLoopAsync: NotifyDataAvailable remoteEndPoint: [::ffff:127.0.0.1]:54660 localEndPoint: [::ffff:127.0.0.1]:54661
TpTrace Information: 0 : 15280, 8, 2021/09/23, 14:49:12.193, 2761761928736, testhost.dll, TestRequestHandler.ProcessRequests: received message: (TestExecution.Initialize) -> [
  "D:\\IsmaPCBlanco\\Documentos\\ISMA\\Semestre 2021-2\\Diseño dirigido por pruebas\\Proyectos\\Parcial\\ProductoSolutionTDD\\ProductoSolutionTDD\\bin\\Debug\\net5.0\\fine-code-coverage\\build-output\\NUnit3.TestAdapter.dll"
]
TpTrace Information: 0 : 15280, 8, 2021/09/23, 14:49:12.193, 2761761929557, testhost.dll, Execution Session Initialize.
TpTrace Verbose: 0 : 15280, 8, 2021/09/23, 14:49:12.198, 2761761981767, testhost.dll, TcpClientExtensions.MessageLoopAsync: Polling on remoteEndPoint: [::ffff:127.0.0.1]:54660 localEndPoint: [::ffff:127.0.0.1]:54661
TpTrace Verbose: 0 : 15280, 8, 2021/09/23, 14:49:12.198, 2761761982825, testhost.dll, TcpClientExtensions.MessageLoopAsync: NotifyDataAvailable remoteEndPoint: [::ffff:127.0.0.1]:54660 localEndPoint: [::ffff:127.0.0.1]:54661
TpTrace Verbose: 0 : 15280, 4, 2021/09/23, 14:49:12.200, 2761761997659, testhost.dll, TestExecutorService: Loading the extensions
TpTrace Information: 0 : 15280, 8, 2021/09/23, 14:49:12.200, 2761762000453, testhost.dll, TestRequestHandler.ProcessRequests: received message: (TestExecution.StartWithSources) -> {
  "AdapterSourceMap": {
    "_none_": [
      "D:\\IsmaPCBlanco\\Documentos\\ISMA\\Semestre 2021-2\\Diseño dirigido por pruebas\\Proyectos\\Parcial\\ProductoSolutionTDD\\ProductoSolutionTDD\\bin\\Debug\\net5.0\\fine-code-coverage\\build-output\\ProductoSolutionTDD.dll"
    ]
  },
  "RunSettings": "<RunSettings>\r\n  <RunConfiguration>\r\n    <ResultsDirectory>D:\\IsmaPCBlanco\\Documentos\\ISMA\\Semestre 2021-2\\Diseño dirigido por pruebas\\Proyectos\\Parcial\\ProductoSolutionTDD\\ProductoSolutionTDD\\bin\\Debug\\net5.0\\fine-code-coverage\\coverage-tool-output</ResultsDirectory>\r\n    <TargetPlatform>X64</TargetPlatform>\r\n    <TargetFrameworkVersion>.NETCoreApp,Version=v5.0</TargetFrameworkVersion>\r\n    <DesignMode>False</DesignMode>\r\n    <CollectSourceInformation>False</CollectSourceInformation>\r\n  </RunConfiguration>\r\n  <LoggerRunSettings>\r\n    <Loggers>\r\n      <Logger friendlyName=\"blame\" enabled=\"True\" />\r\n      <Logger friendlyName=\"Console\" uri=\"logger://microsoft/TestPlatform/ConsoleLogger/v1\" assemblyQualifiedName=\"Microsoft.VisualStudio.TestPlatform.CommandLine.Internal.ConsoleLogger, vstest.console, Version=15.0.0.0, Culture=neutral, PublicKeyToken=b03f5f7f11d50a3a\" codeBase=\"C:\\Program Files\\dotnet\\sdk\\5.0.301\\vstest.console.dll\" enabled=\"True\" />\r\n    </Loggers>\r\n  </LoggerRunSettings>\r\n  <DataCollectionRunSettings>\r\n    <DataCollectors>\r\n      <DataCollector friendlyName=\"blame\" enabled=\"True\">\r\n        <Configuration>\r\n          <ResultsDirectory>D:\\IsmaPCBlanco\\Documentos\\ISMA\\Semestre 2021-2\\Diseño dirigido por pruebas\\Proyectos\\Parcial\\ProductoSolutionTDD\\ProductoSolutionTDD\\bin\\Debug\\net5.0\\fine-code-coverage\\coverage-tool-output</ResultsDirectory>\r\n        </Configuration>\r\n      </DataCollector>\r\n    </DataCollectors>\r\n  </DataCollectionRunSettings>\r\n</RunSettings>",
  "TestExecutionContext": {
    "FrequencyOfRunStatsChangeEvent": 10,
    "RunStatsChangeEventTimeout": "00:00:01.5000000",
    "InIsolation": false,
    "KeepAlive": false,
    "AreTestCaseLevelEventsRequired": false,
    "IsDebug": false,
    "TestCaseFilter": null,
    "FilterOptions": null
  },
  "Package": null
}
TpTrace Information: 0 : 15280, 8, 2021/09/23, 14:49:12.200, 2761762001115, testhost.dll, Execution started.
TpTrace Verbose: 0 : 15280, 4, 2021/09/23, 14:49:12.201, 2761762009839, testhost.dll, TestPluginCache.DiscoverTestExtensions: finding test extensions in assemblies ends with: TestAdapter.dll TPluginInfo: Microsoft.VisualStudio.TestPlatform.Common.ExtensionFramework.Utilities.TestExecutorPluginInformation TExtension: Microsoft.VisualStudio.TestPlatform.ObjectModel.Adapter.ITestExecutor
TpTrace Verbose: 0 : 15280, 4, 2021/09/23, 14:49:12.202, 2761762018762, testhost.dll, TestPluginCache.GetExtensionPaths: Filtered extension paths: 
TpTrace Verbose: 0 : 15280, 4, 2021/09/23, 14:49:12.202, 2761762021343, testhost.dll, TestPluginCache.GetExtensionPaths: Added default extension paths: D:\IsmaPCBlanco\Documentos\ISMA\Semestre 2021-2\Diseño dirigido por pruebas\Proyectos\Parcial\ProductoSolutionTDD\ProductoSolutionTDD\bin\Debug\net5.0\fine-code-coverage\build-output\NUnit3.TestAdapter.dll
TpTrace Verbose: 0 : 15280, 4, 2021/09/23, 14:49:12.202, 2761762021632, testhost.dll, TestPluginCache.GetExtensionPaths: Added unfilterableExtensionPaths: 
TpTrace Information: 0 : 15280, 4, 2021/09/23, 14:49:12.204, 2761762038332, testhost.dll, AssemblyResolver.ctor: Creating AssemblyResolver with searchDirectories D:\IsmaPCBlanco\Documentos\ISMA\Semestre 2021-2\Diseño dirigido por pruebas\Proyectos\Parcial\ProductoSolutionTDD\ProductoSolutionTDD\bin\Debug\net5.0\fine-code-coverage\build-output
TpTrace Verbose: 0 : 15280, 4, 2021/09/23, 14:49:12.205, 2761762049153, testhost.dll, TestPluginCache.DiscoverTestExtensions: Discovering the extensions using extension path.
TpTrace Verbose: 0 : 15280, 4, 2021/09/23, 14:49:12.205, 2761762050928, testhost.dll, TestPluginCache.GetExtensionPaths: Filtered extension paths: 
TpTrace Verbose: 0 : 15280, 4, 2021/09/23, 14:49:12.205, 2761762051308, testhost.dll, TestPluginCache.GetExtensionPaths: Added default extension paths: D:\IsmaPCBlanco\Documentos\ISMA\Semestre 2021-2\Diseño dirigido por pruebas\Proyectos\Parcial\ProductoSolutionTDD\ProductoSolutionTDD\bin\Debug\net5.0\fine-code-coverage\build-output\NUnit3.TestAdapter.dll
TpTrace Verbose: 0 : 15280, 4, 2021/09/23, 14:49:12.205, 2761762051580, testhost.dll, TestPluginCache.GetExtensionPaths: Added unfilterableExtensionPaths: 
TpTrace Verbose: 0 : 15280, 4, 2021/09/23, 14:49:12.205, 2761762052592, testhost.dll, TestPluginCache.DiscoverTestExtensions: Discovering the extensions using allExtensionPaths: D:\IsmaPCBlanco\Documentos\ISMA\Semestre 2021-2\Diseño dirigido por pruebas\Proyectos\Parcial\ProductoSolutionTDD\ProductoSolutionTDD\bin\Debug\net5.0\fine-code-coverage\build-output\NUnit3.TestAdapter.dll
TpTrace Information: 0 : 15280, 4, 2021/09/23, 14:49:12.206, 2761762063896, testhost.dll, AssemblyResolver.AddSearchDirectories: Adding more searchDirectories D:\IsmaPCBlanco\Documentos\ISMA\Semestre 2021-2\Diseño dirigido por pruebas\Proyectos\Parcial\ProductoSolutionTDD\ProductoSolutionTDD\bin\Debug\net5.0\fine-code-coverage\build-output
TpTrace Information: 0 : 15280, 4, 2021/09/23, 14:49:12.211, 2761762108525, testhost.dll, AssemblyResolver.OnResolve: NUnit3.TestAdapter: Resolving assembly.
TpTrace Information: 0 : 15280, 4, 2021/09/23, 14:49:12.212, 2761762125309, testhost.dll, AssemblyResolver.OnResolve: Resolved assembly: NUnit3.TestAdapter, from path: D:\IsmaPCBlanco\Documentos\ISMA\Semestre 2021-2\Diseño dirigido por pruebas\Proyectos\Parcial\ProductoSolutionTDD\ProductoSolutionTDD\bin\Debug\net5.0\fine-code-coverage\build-output\NUnit3.TestAdapter.dll
TpTrace Information: 0 : 15280, 4, 2021/09/23, 14:49:12.215, 2761762155408, testhost.dll, AssemblyResolver.OnResolve: nunit.engine.api: Resolving assembly.
TpTrace Information: 0 : 15280, 4, 2021/09/23, 14:49:12.216, 2761762161002, testhost.dll, AssemblyResolver.OnResolve: Resolved assembly: nunit.engine.api, from path: D:\IsmaPCBlanco\Documentos\ISMA\Semestre 2021-2\Diseño dirigido por pruebas\Proyectos\Parcial\ProductoSolutionTDD\ProductoSolutionTDD\bin\Debug\net5.0\fine-code-coverage\build-output\nunit.engine.api.dll
TpTrace Verbose: 0 : 15280, 4, 2021/09/23, 14:49:12.221, 2761762211506, testhost.dll, TestPluginCache: Discovered the extensions using extension path ''.
TpTrace Verbose: 0 : 15280, 4, 2021/09/23, 14:49:12.222, 2761762216462, testhost.dll, TestPluginCache: Discoverers are ''.
TpTrace Verbose: 0 : 15280, 4, 2021/09/23, 14:49:12.222, 2761762217392, testhost.dll, TestPluginCache: Executors are 'executor://NUnit3TestExecutor'.
TpTrace Verbose: 0 : 15280, 4, 2021/09/23, 14:49:12.222, 2761762218004, testhost.dll, TestPluginCache: Executors2 are ''.
TpTrace Verbose: 0 : 15280, 4, 2021/09/23, 14:49:12.222, 2761762218530, testhost.dll, TestPluginCache: Setting providers are ''.
TpTrace Verbose: 0 : 15280, 4, 2021/09/23, 14:49:12.222, 2761762219058, testhost.dll, TestPluginCache: Loggers are ''.
TpTrace Verbose: 0 : 15280, 8, 2021/09/23, 14:49:12.224, 2761762240303, testhost.dll, TcpClientExtensions.MessageLoopAsync: Polling on remoteEndPoint: [::ffff:127.0.0.1]:54660 localEndPoint: [::ffff:127.0.0.1]:54661
TpTrace Verbose: 0 : 15280, 4, 2021/09/23, 14:49:12.225, 2761762246105, testhost.dll, TestPluginCache.DiscoverTestExtensions: finding test extensions in assemblies ends with: TestAdapter.dll TPluginInfo: Microsoft.VisualStudio.TestPlatform.Common.ExtensionFramework.Utilities.TestExecutorPluginInformation2 TExtension: Microsoft.VisualStudio.TestPlatform.ObjectModel.Adapter.ITestExecutor2
TpTrace Verbose: 0 : 15280, 4, 2021/09/23, 14:49:12.225, 2761762248360, testhost.dll, TestPluginCache.GetExtensionPaths: Filtered extension paths: 
TpTrace Verbose: 0 : 15280, 4, 2021/09/23, 14:49:12.225, 2761762248846, testhost.dll, TestPluginCache.GetExtensionPaths: Added default extension paths: D:\IsmaPCBlanco\Documentos\ISMA\Semestre 2021-2\Diseño dirigido por pruebas\Proyectos\Parcial\ProductoSolutionTDD\ProductoSolutionTDD\bin\Debug\net5.0\fine-code-coverage\build-output\NUnit3.TestAdapter.dll
TpTrace Verbose: 0 : 15280, 4, 2021/09/23, 14:49:12.225, 2761762249033, testhost.dll, TestPluginCache.GetExtensionPaths: Added unfilterableExtensionPaths: 
TpTrace Information: 0 : 15280, 4, 2021/09/23, 14:49:12.225, 2761762250544, testhost.dll, AssemblyResolver.AddSearchDirectories: Adding more searchDirectories D:\IsmaPCBlanco\Documentos\ISMA\Semestre 2021-2\Diseño dirigido por pruebas\Proyectos\Parcial\ProductoSolutionTDD\ProductoSolutionTDD\bin\Debug\net5.0\fine-code-coverage\build-output
TpTrace Verbose: 0 : 15280, 4, 2021/09/23, 14:49:12.225, 2761762250894, testhost.dll, TestPluginCache.DiscoverTestExtensions: Discovering the extensions using extension path.
TpTrace Verbose: 0 : 15280, 4, 2021/09/23, 14:49:12.225, 2761762251145, testhost.dll, TestPluginCache.GetExtensionPaths: Filtered extension paths: 
TpTrace Verbose: 0 : 15280, 4, 2021/09/23, 14:49:12.225, 2761762251297, testhost.dll, TestPluginCache.GetExtensionPaths: Added default extension paths: D:\IsmaPCBlanco\Documentos\ISMA\Semestre 2021-2\Diseño dirigido por pruebas\Proyectos\Parcial\ProductoSolutionTDD\ProductoSolutionTDD\bin\Debug\net5.0\fine-code-coverage\build-output\NUnit3.TestAdapter.dll
TpTrace Verbose: 0 : 15280, 4, 2021/09/23, 14:49:12.225, 2761762251450, testhost.dll, TestPluginCache.GetExtensionPaths: Added unfilterableExtensionPaths: 
TpTrace Verbose: 0 : 15280, 4, 2021/09/23, 14:49:12.225, 2761762251614, testhost.dll, TestPluginCache.DiscoverTestExtensions: Discovering the extensions using allExtensionPaths: D:\IsmaPCBlanco\Documentos\ISMA\Semestre 2021-2\Diseño dirigido por pruebas\Proyectos\Parcial\ProductoSolutionTDD\ProductoSolutionTDD\bin\Debug\net5.0\fine-code-coverage\build-output\NUnit3.TestAdapter.dll
TpTrace Information: 0 : 15280, 4, 2021/09/23, 14:49:12.225, 2761762251889, testhost.dll, AssemblyResolver.AddSearchDirectories: Adding more searchDirectories D:\IsmaPCBlanco\Documentos\ISMA\Semestre 2021-2\Diseño dirigido por pruebas\Proyectos\Parcial\ProductoSolutionTDD\ProductoSolutionTDD\bin\Debug\net5.0\fine-code-coverage\build-output
TpTrace Verbose: 0 : 15280, 4, 2021/09/23, 14:49:12.225, 2761762254312, testhost.dll, TestPluginCache: Discovered the extensions using extension path ''.
TpTrace Verbose: 0 : 15280, 4, 2021/09/23, 14:49:12.225, 2761762255100, testhost.dll, TestPluginCache: Discoverers are ''.
TpTrace Verbose: 0 : 15280, 4, 2021/09/23, 14:49:12.225, 2761762255436, testhost.dll, TestPluginCache: Executors are 'executor://NUnit3TestExecutor'.
TpTrace Verbose: 0 : 15280, 4, 2021/09/23, 14:49:12.226, 2761762255887, testhost.dll, TestPluginCache: Executors2 are ''.
TpTrace Verbose: 0 : 15280, 4, 2021/09/23, 14:49:12.226, 2761762256149, testhost.dll, TestPluginCache: Setting providers are ''.
TpTrace Verbose: 0 : 15280, 4, 2021/09/23, 14:49:12.226, 2761762256279, testhost.dll, TestPluginCache: Loggers are ''.
TpTrace Information: 0 : 15280, 4, 2021/09/23, 14:49:12.229, 2761762291831, testhost.dll, TestPluginManager.CreateTestExtension: Attempting to load test extension: NUnit.VisualStudio.TestAdapter.NUnit3TestExecutor
TpTrace Verbose: 0 : 15280, 4, 2021/09/23, 14:49:12.230, 2761762296848, testhost.dll, TestExecutorExtensionManager: Loading executor NUnit.VisualStudio.TestAdapter.NUnit3TestExecutor
TpTrace Verbose: 0 : 15280, 4, 2021/09/23, 14:49:12.230, 2761762297423, testhost.dll, TestExecutorService: Loaded the executors
TpTrace Verbose: 0 : 15280, 4, 2021/09/23, 14:49:12.230, 2761762303717, testhost.dll, TestPluginCache.DiscoverTestExtensions: finding test extensions in assemblies ends with: TestAdapter.dll TPluginInfo: Microsoft.VisualStudio.TestPlatform.Common.ExtensionFramework.Utilities.TestSettingsProviderPluginInformation TExtension: Microsoft.VisualStudio.TestPlatform.ObjectModel.Adapter.ISettingsProvider
TpTrace Verbose: 0 : 15280, 4, 2021/09/23, 14:49:12.230, 2761762304446, testhost.dll, TestPluginCache.GetExtensionPaths: Filtered extension paths: 
TpTrace Verbose: 0 : 15280, 4, 2021/09/23, 14:49:12.230, 2761762304681, testhost.dll, TestPluginCache.GetExtensionPaths: Added default extension paths: D:\IsmaPCBlanco\Documentos\ISMA\Semestre 2021-2\Diseño dirigido por pruebas\Proyectos\Parcial\ProductoSolutionTDD\ProductoSolutionTDD\bin\Debug\net5.0\fine-code-coverage\build-output\NUnit3.TestAdapter.dll
TpTrace Verbose: 0 : 15280, 4, 2021/09/23, 14:49:12.230, 2761762304866, testhost.dll, TestPluginCache.GetExtensionPaths: Added unfilterableExtensionPaths: 
TpTrace Information: 0 : 15280, 4, 2021/09/23, 14:49:12.231, 2761762305855, testhost.dll, AssemblyResolver.AddSearchDirectories: Adding more searchDirectories D:\IsmaPCBlanco\Documentos\ISMA\Semestre 2021-2\Diseño dirigido por pruebas\Proyectos\Parcial\ProductoSolutionTDD\ProductoSolutionTDD\bin\Debug\net5.0\fine-code-coverage\build-output
TpTrace Verbose: 0 : 15280, 4, 2021/09/23, 14:49:12.231, 2761762306083, testhost.dll, TestPluginCache.DiscoverTestExtensions: Discovering the extensions using extension path.
TpTrace Verbose: 0 : 15280, 4, 2021/09/23, 14:49:12.231, 2761762306264, testhost.dll, TestPluginCache.GetExtensionPaths: Filtered extension paths: 
TpTrace Verbose: 0 : 15280, 4, 2021/09/23, 14:49:12.231, 2761762306413, testhost.dll, TestPluginCache.GetExtensionPaths: Added default extension paths: D:\IsmaPCBlanco\Documentos\ISMA\Semestre 2021-2\Diseño dirigido por pruebas\Proyectos\Parcial\ProductoSolutionTDD\ProductoSolutionTDD\bin\Debug\net5.0\fine-code-coverage\build-output\NUnit3.TestAdapter.dll
TpTrace Verbose: 0 : 15280, 4, 2021/09/23, 14:49:12.231, 2761762306608, testhost.dll, TestPluginCache.GetExtensionPaths: Added unfilterableExtensionPaths: 
TpTrace Verbose: 0 : 15280, 4, 2021/09/23, 14:49:12.231, 2761762306775, testhost.dll, TestPluginCache.DiscoverTestExtensions: Discovering the extensions using allExtensionPaths: D:\IsmaPCBlanco\Documentos\ISMA\Semestre 2021-2\Diseño dirigido por pruebas\Proyectos\Parcial\ProductoSolutionTDD\ProductoSolutionTDD\bin\Debug\net5.0\fine-code-coverage\build-output\NUnit3.TestAdapter.dll
TpTrace Information: 0 : 15280, 4, 2021/09/23, 14:49:12.231, 2761762307034, testhost.dll, AssemblyResolver.AddSearchDirectories: Adding more searchDirectories D:\IsmaPCBlanco\Documentos\ISMA\Semestre 2021-2\Diseño dirigido por pruebas\Proyectos\Parcial\ProductoSolutionTDD\ProductoSolutionTDD\bin\Debug\net5.0\fine-code-coverage\build-output
TpTrace Verbose: 0 : 15280, 4, 2021/09/23, 14:49:12.231, 2761762309085, testhost.dll, TestPluginCache: Discovered the extensions using extension path ''.
TpTrace Verbose: 0 : 15280, 4, 2021/09/23, 14:49:12.231, 2761762309434, testhost.dll, TestPluginCache: Discoverers are ''.
TpTrace Verbose: 0 : 15280, 4, 2021/09/23, 14:49:12.231, 2761762309614, testhost.dll, TestPluginCache: Executors are 'executor://NUnit3TestExecutor'.
TpTrace Verbose: 0 : 15280, 4, 2021/09/23, 14:49:12.231, 2761762309779, testhost.dll, TestPluginCache: Executors2 are ''.
TpTrace Verbose: 0 : 15280, 4, 2021/09/23, 14:49:12.231, 2761762309999, testhost.dll, TestPluginCache: Setting providers are ''.
TpTrace Verbose: 0 : 15280, 4, 2021/09/23, 14:49:12.231, 2761762310146, testhost.dll, TestPluginCache: Loggers are ''.
TpTrace Verbose: 0 : 15280, 4, 2021/09/23, 14:49:12.232, 2761762317636, testhost.dll, TestExecutorService: Loaded the settings providers
TpTrace Information: 0 : 15280, 4, 2021/09/23, 14:49:12.232, 2761762318199, testhost.dll, TestExecutorService: Loaded the extensions
TpTrace Information: 0 : 15280, 4, 2021/09/23, 14:49:12.251, 2761762512375, testhost.dll, AssemblyResolver.OnResolve: Microsoft.VisualStudio.TestPlatform.Common.resources: Resolving assembly.
TpTrace Information: 0 : 15280, 4, 2021/09/23, 14:49:12.251, 2761762513595, testhost.dll, AssemblyResolver.OnResolve: Microsoft.VisualStudio.TestPlatform.Common.resources: Failed to load assembly.
TpTrace Information: 0 : 15280, 4, 2021/09/23, 14:49:12.292, 2761762924474, testhost.dll, TestDiscoveryManager: Discovering tests from sources D:\IsmaPCBlanco\Documentos\ISMA\Semestre 2021-2\Diseño dirigido por pruebas\Proyectos\Parcial\ProductoSolutionTDD\ProductoSolutionTDD\bin\Debug\net5.0\fine-code-coverage\build-output\ProductoSolutionTDD.dll
TpTrace Verbose: 0 : 15280, 4, 2021/09/23, 14:49:12.294, 2761762943323, testhost.dll, TestPluginCache.DiscoverTestExtensions: finding test extensions in assemblies ends with: TestAdapter.dll TPluginInfo: Microsoft.VisualStudio.TestPlatform.Common.ExtensionFramework.Utilities.TestDiscovererPluginInformation TExtension: Microsoft.VisualStudio.TestPlatform.ObjectModel.Adapter.ITestDiscoverer
TpTrace Verbose: 0 : 15280, 4, 2021/09/23, 14:49:12.294, 2761762944444, testhost.dll, TestPluginCache.GetExtensionPaths: Filtered extension paths: 
TpTrace Verbose: 0 : 15280, 4, 2021/09/23, 14:49:12.294, 2761762944771, testhost.dll, TestPluginCache.GetExtensionPaths: Added default extension paths: D:\IsmaPCBlanco\Documentos\ISMA\Semestre 2021-2\Diseño dirigido por pruebas\Proyectos\Parcial\ProductoSolutionTDD\ProductoSolutionTDD\bin\Debug\net5.0\fine-code-coverage\build-output\NUnit3.TestAdapter.dll
TpTrace Verbose: 0 : 15280, 4, 2021/09/23, 14:49:12.294, 2761762945074, testhost.dll, TestPluginCache.GetExtensionPaths: Added unfilterableExtensionPaths: 
TpTrace Information: 0 : 15280, 4, 2021/09/23, 14:49:12.295, 2761762946215, testhost.dll, AssemblyResolver.AddSearchDirectories: Adding more searchDirectories D:\IsmaPCBlanco\Documentos\ISMA\Semestre 2021-2\Diseño dirigido por pruebas\Proyectos\Parcial\ProductoSolutionTDD\ProductoSolutionTDD\bin\Debug\net5.0\fine-code-coverage\build-output
TpTrace Verbose: 0 : 15280, 4, 2021/09/23, 14:49:12.295, 2761762946589, testhost.dll, TestPluginCache.DiscoverTestExtensions: Discovering the extensions using extension path.
TpTrace Verbose: 0 : 15280, 4, 2021/09/23, 14:49:12.295, 2761762946839, testhost.dll, TestPluginCache.GetExtensionPaths: Filtered extension paths: 
TpTrace Verbose: 0 : 15280, 4, 2021/09/23, 14:49:12.295, 2761762947055, testhost.dll, TestPluginCache.GetExtensionPaths: Added default extension paths: D:\IsmaPCBlanco\Documentos\ISMA\Semestre 2021-2\Diseño dirigido por pruebas\Proyectos\Parcial\ProductoSolutionTDD\ProductoSolutionTDD\bin\Debug\net5.0\fine-code-coverage\build-output\NUnit3.TestAdapter.dll
TpTrace Verbose: 0 : 15280, 4, 2021/09/23, 14:49:12.295, 2761762947248, testhost.dll, TestPluginCache.GetExtensionPaths: Added unfilterableExtensionPaths: 
TpTrace Verbose: 0 : 15280, 4, 2021/09/23, 14:49:12.295, 2761762947563, testhost.dll, TestPluginCache.DiscoverTestExtensions: Discovering the extensions using allExtensionPaths: D:\IsmaPCBlanco\Documentos\ISMA\Semestre 2021-2\Diseño dirigido por pruebas\Proyectos\Parcial\ProductoSolutionTDD\ProductoSolutionTDD\bin\Debug\net5.0\fine-code-coverage\build-output\NUnit3.TestAdapter.dll
TpTrace Information: 0 : 15280, 4, 2021/09/23, 14:49:12.295, 2761762947976, testhost.dll, AssemblyResolver.AddSearchDirectories: Adding more searchDirectories D:\IsmaPCBlanco\Documentos\ISMA\Semestre 2021-2\Diseño dirigido por pruebas\Proyectos\Parcial\ProductoSolutionTDD\ProductoSolutionTDD\bin\Debug\net5.0\fine-code-coverage\build-output
TpTrace Information: 0 : 15280, 4, 2021/09/23, 14:49:12.296, 2761762964763, testhost.dll, AssemblyResolver.OnResolve: System.ComponentModel.Primitives.resources: Resolving assembly.
TpTrace Information: 0 : 15280, 4, 2021/09/23, 14:49:12.297, 2761762965788, testhost.dll, AssemblyResolver.OnResolve: System.ComponentModel.Primitives.resources: Failed to load assembly.
TpTrace Verbose: 0 : 15280, 4, 2021/09/23, 14:49:12.297, 2761762968205, testhost.dll, CurrentDomain_AssemblyResolve: Resolving assembly 'System.ComponentModel.Primitives.resources'.
TpTrace Information: 0 : 15280, 4, 2021/09/23, 14:49:12.297, 2761762968800, testhost.dll, AssemblyResolver.OnResolve: System.ComponentModel.Primitives.resources: Resolving assembly.
TpTrace Information: 0 : 15280, 4, 2021/09/23, 14:49:12.297, 2761762969059, testhost.dll, AssemblyResolver.OnResolve: System.ComponentModel.Primitives.resources: Resolved from cache.
TpTrace Verbose: 0 : 15280, 4, 2021/09/23, 14:49:12.297, 2761762969249, testhost.dll, CurrentDomain_AssemblyResolve: Resolving assembly 'System.ComponentModel.Primitives.resources'.
TpTrace Verbose: 0 : 15280, 4, 2021/09/23, 14:49:12.297, 2761762969489, testhost.dll, CurrentDomainAssemblyResolve: Failed to resolve assembly 'System.ComponentModel.Primitives.resources'.
TpTrace Verbose: 0 : 15280, 4, 2021/09/23, 14:49:12.297, 2761762974511, testhost.dll, CurrentDomainAssemblyResolve: Failed to resolve assembly 'System.ComponentModel.Primitives.resources'.
TpTrace Information: 0 : 15280, 4, 2021/09/23, 14:49:12.298, 2761762977433, testhost.dll, AssemblyResolver.OnResolve: System.ComponentModel.Primitives.resources: Resolving assembly.
TpTrace Information: 0 : 15280, 4, 2021/09/23, 14:49:12.298, 2761762977740, testhost.dll, AssemblyResolver.OnResolve: System.ComponentModel.Primitives.resources: Resolved from cache.
TpTrace Verbose: 0 : 15280, 4, 2021/09/23, 14:49:12.298, 2761762977933, testhost.dll, CurrentDomain_AssemblyResolve: Resolving assembly 'System.ComponentModel.Primitives.resources'.
TpTrace Verbose: 0 : 15280, 4, 2021/09/23, 14:49:12.298, 2761762978094, testhost.dll, CurrentDomainAssemblyResolve: Failed to resolve assembly 'System.ComponentModel.Primitives.resources'.
TpTrace Verbose: 0 : 15280, 4, 2021/09/23, 14:49:12.298, 2761762984366, testhost.dll, TestPluginCache: Discovered the extensions using extension path ''.
TpTrace Verbose: 0 : 15280, 4, 2021/09/23, 14:49:12.298, 2761762984826, testhost.dll, TestPluginCache: Discoverers are 'NUnit.VisualStudio.TestAdapter.NUnit3TestDiscoverer, NUnit3.TestAdapter, Version=3.17.0.0, Culture=neutral, PublicKeyToken=4cb40d35494691ac'.
TpTrace Verbose: 0 : 15280, 4, 2021/09/23, 14:49:12.298, 2761762985012, testhost.dll, TestPluginCache: Executors are 'executor://NUnit3TestExecutor'.
TpTrace Verbose: 0 : 15280, 4, 2021/09/23, 14:49:12.298, 2761762985169, testhost.dll, TestPluginCache: Executors2 are ''.
TpTrace Verbose: 0 : 15280, 4, 2021/09/23, 14:49:12.298, 2761762985316, testhost.dll, TestPluginCache: Setting providers are ''.
TpTrace Verbose: 0 : 15280, 4, 2021/09/23, 14:49:12.298, 2761762985454, testhost.dll, TestPluginCache: Loggers are ''.
TpTrace Information: 0 : 15280, 4, 2021/09/23, 14:49:12.304, 2761763040363, testhost.dll, PEReaderHelper.GetAssemblyType: Determined assemblyType:'Managed' for source: 'D:\IsmaPCBlanco\Documentos\ISMA\Semestre 2021-2\Diseño dirigido por pruebas\Proyectos\Parcial\ProductoSolutionTDD\ProductoSolutionTDD\bin\Debug\net5.0\fine-code-coverage\build-output\ProductoSolutionTDD.dll'
TpTrace Verbose: 0 : 15280, 4, 2021/09/23, 14:49:12.309, 2761763088691, testhost.dll, BaseRunTests.RunTestInternalWithExecutors: Running tests for executor://NUnit3TestExecutor
TpTrace Information: 0 : 15280, 4, 2021/09/23, 14:49:12.311, 2761763107744, testhost.dll, AssemblyResolver.OnResolve: nunit.engine: Resolving assembly.
TpTrace Information: 0 : 15280, 4, 2021/09/23, 14:49:12.311, 2761763114165, testhost.dll, AssemblyResolver.OnResolve: Resolved assembly: nunit.engine, from path: D:\IsmaPCBlanco\Documentos\ISMA\Semestre 2021-2\Diseño dirigido por pruebas\Proyectos\Parcial\ProductoSolutionTDD\ProductoSolutionTDD\bin\Debug\net5.0\fine-code-coverage\build-output\nunit.engine.dll
TpTrace Information: 0 : 15280, 4, 2021/09/23, 14:49:12.311, 2761763115119, testhost.dll, AssemblyResolver.OnResolve: nunit.engine.core: Resolving assembly.
TpTrace Information: 0 : 15280, 4, 2021/09/23, 14:49:12.312, 2761763117829, testhost.dll, AssemblyResolver.OnResolve: Resolved assembly: nunit.engine.core, from path: D:\IsmaPCBlanco\Documentos\ISMA\Semestre 2021-2\Diseño dirigido por pruebas\Proyectos\Parcial\ProductoSolutionTDD\ProductoSolutionTDD\bin\Debug\net5.0\fine-code-coverage\build-output\nunit.engine.core.dll
TpTrace Information: 0 : 15280, 4, 2021/09/23, 14:49:12.318, 2761763178866, testhost.dll, NUnit Adapter 3.17.0.0: Test execution started
TpTrace Verbose: 0 : 15280, 4, 2021/09/23, 14:49:12.318, 2761763180547, testhost.dll, TestRequestHandler.SendData:  sending data from testhost: {"Version":5,"MessageType":"TestSession.Message","Payload":{"MessageLevel":0,"Message":"NUnit Adapter 3.17.0.0: Test execution started"}}
TpTrace Information: 0 : 15280, 4, 2021/09/23, 14:49:12.342, 2761763418417, testhost.dll, Running all tests in D:\IsmaPCBlanco\Documentos\ISMA\Semestre 2021-2\Diseño dirigido por pruebas\Proyectos\Parcial\ProductoSolutionTDD\ProductoSolutionTDD\bin\Debug\net5.0\fine-code-coverage\build-output\ProductoSolutionTDD.dll
TpTrace Verbose: 0 : 15280, 4, 2021/09/23, 14:49:12.342, 2761763420893, testhost.dll, TestRequestHandler.SendData:  sending data from testhost: {"Version":5,"MessageType":"TestSession.Message","Payload":{"MessageLevel":0,"Message":"Running all tests in D:\\IsmaPCBlanco\\Documentos\\ISMA\\Semestre 2021-2\\Diseño dirigido por pruebas\\Proyectos\\Parcial\\ProductoSolutionTDD\\ProductoSolutionTDD\\bin\\Debug\\net5.0\\fine-code-coverage\\build-output\\ProductoSolutionTDD.dll"}}
TpTrace Information: 0 : 15280, 4, 2021/09/23, 14:49:12.349, 2761763486931, testhost.dll, AssemblyResolver.OnResolve: Mono.Cecil: Resolving assembly.
TpTrace Information: 0 : 15280, 4, 2021/09/23, 14:49:12.349, 2761763488186, testhost.dll, AssemblyResolver.OnResolve: Mono.Cecil: Failed to load assembly.
TpTrace Information: 0 : 15280, 4, 2021/09/23, 14:49:12.467, 2761764671630, testhost.dll,    NUnit3TestExecutor discovered 6 of 6 NUnit test cases
TpTrace Verbose: 0 : 15280, 4, 2021/09/23, 14:49:12.467, 2761764672959, testhost.dll, TestRequestHandler.SendData:  sending data from testhost: {"Version":5,"MessageType":"TestSession.Message","Payload":{"MessageLevel":0,"Message":"   NUnit3TestExecutor discovered 6 of 6 NUnit test cases"}}
TpTrace Verbose: 0 : 15280, 12, 2021/09/23, 14:49:12.489, 2761764889806, testhost.dll, TestExecutionRecorder.RecordStart: Starting test: ProductoSolutionTDD.ProductoSolutionTest.NoPuedeIngresarCantidadProductosDeMenosUno.
TpTrace Verbose: 0 : 15280, 12, 2021/09/23, 14:49:12.523, 2761765234462, testhost.dll, TestExecutionRecorder.RecordEnd: test: ProductoSolutionTDD.ProductoSolutionTest.NoPuedeIngresarCantidadProductosDeMenosUno execution completed.
TpTrace Verbose: 0 : 15280, 12, 2021/09/23, 14:49:12.536, 2761765358709, testhost.dll, TestExecutionRecorder.RecordResult: Received result for test: ProductoSolutionTDD.ProductoSolutionTest.NoPuedeIngresarCantidadProductosDeMenosUno.
TpTrace Warning: 0 : 15280, 12, 2021/09/23, 14:49:12.539, 2761765391610, testhost.dll, TestRunCache: InProgressTests is null
TpTrace Warning: 0 : 15280, 12, 2021/09/23, 14:49:12.539, 2761765393230, testhost.dll, TestRunCache: No test found corresponding to testResult 'NoPuedeIngresarCantidadProductosDeMenosUno' in inProgress list.
TpTrace Verbose: 0 : 15280, 12, 2021/09/23, 14:49:12.539, 2761765394657, testhost.dll, TestExecutionRecorder.RecordStart: Starting test: ProductoSolutionTDD.ProductoSolutionTest.NoPuedeVenderCantidadProductosDeMenosUno.
TpTrace Verbose: 0 : 15280, 12, 2021/09/23, 14:49:12.541, 2761765405767, testhost.dll, TestExecutionRecorder.RecordEnd: test: ProductoSolutionTDD.ProductoSolutionTest.NoPuedeVenderCantidadProductosDeMenosUno execution completed.
TpTrace Verbose: 0 : 15280, 12, 2021/09/23, 14:49:12.541, 2761765414453, testhost.dll, TestExecutionRecorder.RecordResult: Received result for test: ProductoSolutionTDD.ProductoSolutionTest.NoPuedeVenderCantidadProductosDeMenosUno.
TpTrace Warning: 0 : 15280, 12, 2021/09/23, 14:49:12.541, 2761765415457, testhost.dll, TestRunCache: InProgressTests is null
TpTrace Warning: 0 : 15280, 12, 2021/09/23, 14:49:12.542, 2761765415844, testhost.dll, TestRunCache: No test found corresponding to testResult 'NoPuedeVenderCantidadProductosDeMenosUno' in inProgress list.
TpTrace Verbose: 0 : 15280, 12, 2021/09/23, 14:49:12.542, 2761765417082, testhost.dll, TestExecutionRecorder.RecordStart: Starting test: ProductoSolutionTDD.ProductoSolutionTest.PuedeIngresarCantidadProductosCincuentaCorrecta.
TpTrace Verbose: 0 : 15280, 12, 2021/09/23, 14:49:12.543, 2761765431176, testhost.dll, TestExecutionRecorder.RecordEnd: test: ProductoSolutionTDD.ProductoSolutionTest.PuedeIngresarCantidadProductosCincuentaCorrecta execution completed.
TpTrace Verbose: 0 : 15280, 12, 2021/09/23, 14:49:12.544, 2761765441168, testhost.dll, TestExecutionRecorder.RecordResult: Received result for test: ProductoSolutionTDD.ProductoSolutionTest.PuedeIngresarCantidadProductosCincuentaCorrecta.
TpTrace Warning: 0 : 15280, 12, 2021/09/23, 14:49:12.544, 2761765441858, testhost.dll, TestRunCache: InProgressTests is null
TpTrace Warning: 0 : 15280, 12, 2021/09/23, 14:49:12.544, 2761765442045, testhost.dll, TestRunCache: No test found corresponding to testResult 'PuedeIngresarCantidadProductosCincuentaCorrecta' in inProgress list.
TpTrace Verbose: 0 : 15280, 12, 2021/09/23, 14:49:12.544, 2761765442829, testhost.dll, TestExecutionRecorder.RecordStart: Starting test: ProductoSolutionTDD.ProductoSolutionTest.PuedeVenderCantidadProductoCompuestoCorrect.
TpTrace Verbose: 0 : 15280, 12, 2021/09/23, 14:49:12.546, 2761765457467, testhost.dll, TestExecutionRecorder.RecordEnd: test: ProductoSolutionTDD.ProductoSolutionTest.PuedeVenderCantidadProductoCompuestoCorrect execution completed.
TpTrace Verbose: 0 : 15280, 12, 2021/09/23, 14:49:12.546, 2761765464637, testhost.dll, TestExecutionRecorder.RecordResult: Received result for test: ProductoSolutionTDD.ProductoSolutionTest.PuedeVenderCantidadProductoCompuestoCorrect.
TpTrace Warning: 0 : 15280, 12, 2021/09/23, 14:49:12.546, 2761765465192, testhost.dll, TestRunCache: InProgressTests is null
TpTrace Warning: 0 : 15280, 12, 2021/09/23, 14:49:12.546, 2761765465356, testhost.dll, TestRunCache: No test found corresponding to testResult 'PuedeVenderCantidadProductoCompuestoCorrect' in inProgress list.
TpTrace Verbose: 0 : 15280, 12, 2021/09/23, 14:49:12.547, 2761765465903, testhost.dll, TestExecutionRecorder.RecordStart: Starting test: ProductoSolutionTDD.ProductoSolutionTest.PuedeVenderCantidadProductoCompuestoCorrecta.
TpTrace Verbose: 0 : 15280, 12, 2021/09/23, 14:49:12.547, 2761765472815, testhost.dll, TestExecutionRecorder.RecordEnd: test: ProductoSolutionTDD.ProductoSolutionTest.PuedeVenderCantidadProductoCompuestoCorrecta execution completed.
TpTrace Verbose: 0 : 15280, 12, 2021/09/23, 14:49:12.548, 2761765478562, testhost.dll, TestExecutionRecorder.RecordResult: Received result for test: ProductoSolutionTDD.ProductoSolutionTest.PuedeVenderCantidadProductoCompuestoCorrecta.
TpTrace Warning: 0 : 15280, 12, 2021/09/23, 14:49:12.548, 2761765479606, testhost.dll, TestRunCache: InProgressTests is null
TpTrace Warning: 0 : 15280, 12, 2021/09/23, 14:49:12.548, 2761765479907, testhost.dll, TestRunCache: No test found corresponding to testResult 'PuedeVenderCantidadProductoCompuestoCorrecta' in inProgress list.
TpTrace Verbose: 0 : 15280, 12, 2021/09/23, 14:49:12.548, 2761765480770, testhost.dll, TestExecutionRecorder.RecordStart: Starting test: ProductoSolutionTDD.ProductoSolutionTest.PuedeVenderCantidadProductoSencilloCorrecta.
TpTrace Verbose: 0 : 15280, 12, 2021/09/23, 14:49:12.549, 2761765487942, testhost.dll, TestExecutionRecorder.RecordEnd: test: ProductoSolutionTDD.ProductoSolutionTest.PuedeVenderCantidadProductoSencilloCorrecta execution completed.
TpTrace Verbose: 0 : 15280, 12, 2021/09/23, 14:49:12.549, 2761765493973, testhost.dll, TestExecutionRecorder.RecordResult: Received result for test: ProductoSolutionTDD.ProductoSolutionTest.PuedeVenderCantidadProductoSencilloCorrecta.
TpTrace Warning: 0 : 15280, 12, 2021/09/23, 14:49:12.549, 2761765494473, testhost.dll, TestRunCache: InProgressTests is null
TpTrace Warning: 0 : 15280, 12, 2021/09/23, 14:49:12.549, 2761765494661, testhost.dll, TestRunCache: No test found corresponding to testResult 'PuedeVenderCantidadProductoSencilloCorrecta' in inProgress list.
TpTrace Information: 0 : 15280, 4, 2021/09/23, 14:49:12.552, 2761765519913, testhost.dll, NUnit Adapter 3.17.0.0: Test execution complete
TpTrace Verbose: 0 : 15280, 4, 2021/09/23, 14:49:12.552, 2761765521015, testhost.dll, TestRequestHandler.SendData:  sending data from testhost: {"Version":5,"MessageType":"TestSession.Message","Payload":{"MessageLevel":0,"Message":"NUnit Adapter 3.17.0.0: Test execution complete"}}
TpTrace Verbose: 0 : 15280, 4, 2021/09/23, 14:49:12.556, 2761765557849, testhost.dll, BaseRunTests.RunTestInternalWithExecutors: Completed running tests for executor://NUnit3TestExecutor
TpTrace Information: 0 : 15280, 4, 2021/09/23, 14:49:12.559, 2761765585570, testhost.dll, Sending test run complete
TpTrace Verbose: 0 : 15280, 4, 2021/09/23, 14:49:12.582, 2761765820769, testhost.dll, TestRequestHandler.SendData:  sending data from testhost: {"Version":5,"MessageType":"TestExecution.Completed","Payload":{"TestRunCompleteArgs":{"TestRunStatistics":{"ExecutedTests":6,"Stats":{"Passed":6}},"IsCanceled":false,"IsAborted":false,"Error":null,"AttachmentSets":[],"ElapsedTimeInRunningTests":"00:00:00.2504866","Metrics":{}},"LastRunTests":{"NewTestResults":[{"TestCase":{"Id":"1fd23cc2-ebc2-4f0e-3c28-85f7d285a74d","FullyQualifiedName":"ProductoSolutionTDD.ProductoSolutionTest.NoPuedeIngresarCantidadProductosDeMenosUno","DisplayName":"NoPuedeIngresarCantidadProductosDeMenosUno","ExecutorUri":"executor://NUnit3TestExecutor","Source":"D:\\IsmaPCBlanco\\Documentos\\ISMA\\Semestre 2021-2\\Diseño dirigido por pruebas\\Proyectos\\Parcial\\ProductoSolutionTDD\\ProductoSolutionTDD\\bin\\Debug\\net5.0\\fine-code-coverage\\build-output\\ProductoSolutionTDD.dll","CodeFilePath":null,"LineNumber":0,"Properties":[]},"Attachments":[],"Outcome":1,"ErrorMessage":null,"ErrorStackTrace":null,"DisplayName":"NoPuedeIngresarCantidadProductosDeMenosUno","Messages":[],"ComputerName":"DESKTOP-FFMH835","Duration":"00:00:00.0062790","StartTime":"2021-09-23T19:49:12.4888627+00:00","EndTime":"2021-09-23T19:49:12.4950786+00:00","Properties":[]},{"TestCase":{"Id":"d650e767-a285-850e-200d-13562b08d268","FullyQualifiedName":"ProductoSolutionTDD.ProductoSolutionTest.NoPuedeVenderCantidadProductosDeMenosUno","DisplayName":"NoPuedeVenderCantidadProductosDeMenosUno","ExecutorUri":"executor://NUnit3TestExecutor","Source":"D:\\IsmaPCBlanco\\Documentos\\ISMA\\Semestre 2021-2\\Diseño dirigido por pruebas\\Proyectos\\Parcial\\ProductoSolutionTDD\\ProductoSolutionTDD\\bin\\Debug\\net5.0\\fine-code-coverage\\build-output\\ProductoSolutionTDD.dll","CodeFilePath":null,"LineNumber":0,"Properties":[]},"Attachments":[],"Outcome":1,"ErrorMessage":null,"ErrorStackTrace":null,"DisplayName":"NoPuedeVenderCantidadProductosDeMenosUno","Messages":[],"ComputerName":"DESKTOP-FFMH835","Duration":"00:00:00.0004310","StartTime":"2021-09-23T19:49:12.4963483+00:00","EndTime":"2021-09-23T19:49:12.496779+00:00","Properties":[]},{"TestCase":{"Id":"5aafae75-09ff-9b28-1901-0763a8ee5fcf","FullyQualifiedName":"ProductoSolutionTDD.ProductoSolutionTest.PuedeIngresarCantidadProductosCincuentaCorrecta","DisplayName":"PuedeIngresarCantidadProductosCincuentaCorrecta","ExecutorUri":"executor://NUnit3TestExecutor","Source":"D:\\IsmaPCBlanco\\Documentos\\ISMA\\Semestre 2021-2\\Diseño dirigido por pruebas\\Proyectos\\Parcial\\ProductoSolutionTDD\\ProductoSolutionTDD\\bin\\Debug\\net5.0\\fine-code-coverage\\build-output\\ProductoSolutionTDD.dll","CodeFilePath":null,"LineNumber":0,"Properties":[]},"Attachments":[],"Outcome":1,"ErrorMessage":null,"ErrorStackTrace":null,"DisplayName":"PuedeIngresarCantidadProductosCincuentaCorrecta","Messages":[],"ComputerName":"DESKTOP-FFMH835","Duration":"00:00:00.0023800","StartTime":"2021-09-23T19:49:12.4968057+00:00","EndTime":"2021-09-23T19:49:12.4991841+00:00","Properties":[]},{"TestCase":{"Id":"079862e8-3725-5d62-174f-5e496edf5d71","FullyQualifiedName":"ProductoSolutionTDD.ProductoSolutionTest.PuedeVenderCantidadProductoCompuestoCorrect","DisplayName":"PuedeVenderCantidadProductoCompuestoCorrect","ExecutorUri":"executor://NUnit3TestExecutor","Source":"D:\\IsmaPCBlanco\\Documentos\\ISMA\\Semestre 2021-2\\Diseño dirigido por pruebas\\Proyectos\\Parcial\\ProductoSolutionTDD\\ProductoSolutionTDD\\bin\\Debug\\net5.0\\fine-code-coverage\\build-output\\ProductoSolutionTDD.dll","CodeFilePath":null,"LineNumber":0,"Properties":[]},"Attachments":[],"Outcome":1,"ErrorMessage":null,"ErrorStackTrace":null,"DisplayName":"PuedeVenderCantidadProductoCompuestoCorrect","Messages":[],"ComputerName":"DESKTOP-FFMH835","Duration":"00:00:00.0014080","StartTime":"2021-09-23T19:49:12.4991997+00:00","EndTime":"2021-09-23T19:49:12.5006067+00:00","Properties":[]},{"TestCase":{"Id":"0ad616df-7dfa-1089-fdf3-3361613a60d8","FullyQualifiedName":"ProductoSolutionTDD.ProductoSolutionTest.PuedeVenderCantidadProductoCompuestoCorrecta","DisplayName":"PuedeVenderCantidadProductoCompuestoCorrecta","ExecutorUri":"executor://NUnit3TestExecutor","Source":"D:\\IsmaPCBlanco\\Documentos\\ISMA\\Semestre 2021-2\\Diseño dirigido por pruebas\\Proyectos\\Parcial\\ProductoSolutionTDD\\ProductoSolutionTDD\\bin\\Debug\\net5.0\\fine-code-coverage\\build-output\\ProductoSolutionTDD.dll","CodeFilePath":null,"LineNumber":0,"Properties":[]},"Attachments":[],"Outcome":1,"ErrorMessage":null,"ErrorStackTrace":null,"DisplayName":"PuedeVenderCantidadProductoCompuestoCorrecta","Messages":[],"ComputerName":"DESKTOP-FFMH835","Duration":"00:00:00.0003750","StartTime":"2021-09-23T19:49:12.5006336+00:00","EndTime":"2021-09-23T19:49:12.5010078+00:00","Properties":[]},{"TestCase":{"Id":"07444b0e-e098-7cf8-45e3-8ce0b3354cf0","FullyQualifiedName":"ProductoSolutionTDD.ProductoSolutionTest.PuedeVenderCantidadProductoSencilloCorrecta","DisplayName":"PuedeVenderCantidadProductoSencilloCorrecta","ExecutorUri":"executor://NUnit3TestExecutor","Source":"D:\\IsmaPCBlanco\\Documentos\\ISMA\\Semestre 2021-2\\Diseño dirigido por pruebas\\Proyectos\\Parcial\\ProductoSolutionTDD\\ProductoSolutionTDD\\bin\\Debug\\net5.0\\fine-code-coverage\\build-output\\ProductoSolutionTDD.dll","CodeFilePath":null,"LineNumber":0,"Properties":[]},"Attachments":[],"Outcome":1,"ErrorMessage":null,"ErrorStackTrace":null,"DisplayName":"PuedeVenderCantidadProductoSencilloCorrecta","Messages":[],"ComputerName":"DESKTOP-FFMH835","Duration":"00:00:00.0001730","StartTime":"2021-09-23T19:49:12.5010187+00:00","EndTime":"2021-09-23T19:49:12.5011921+00:00","Properties":[]}],"TestRunStatistics":{"ExecutedTests":6,"Stats":{"Passed":6}},"ActiveTests":[]},"RunAttachments":[],"ExecutorUris":["executor://nunit3testexecutor/"]}}
TpTrace Verbose: 0 : 15280, 4, 2021/09/23, 14:49:12.582, 2761765824912, testhost.dll, BaseRunTests.RunTests: Run is complete.
TpTrace Verbose: 0 : 15280, 8, 2021/09/23, 14:49:12.584, 2761765844536, testhost.dll, TcpClientExtensions.MessageLoopAsync: NotifyDataAvailable remoteEndPoint: [::ffff:127.0.0.1]:54660 localEndPoint: [::ffff:127.0.0.1]:54661
TpTrace Information: 0 : 15280, 8, 2021/09/23, 14:49:12.585, 2761765846241, testhost.dll, TestRequestHandler.ProcessRequests: received message: (TestSession.Terminate) -> null
TpTrace Information: 0 : 15280, 8, 2021/09/23, 14:49:12.585, 2761765846503, testhost.dll, Session End message received from server. Closing the connection.
TpTrace Information: 0 : 15280, 8, 2021/09/23, 14:49:12.585, 2761765849615, testhost.dll, SocketClient.Stop: Stop communication from server endpoint: 127.0.0.1:054660
TpTrace Information: 0 : 15280, 8, 2021/09/23, 14:49:12.585, 2761765850009, testhost.dll, SocketClient: Stop: Cancellation requested. Stopping message loop.
TpTrace Verbose: 0 : 15280, 8, 2021/09/23, 14:49:12.585, 2761765851226, testhost.dll, LengthPrefixCommunicationChannel.Dispose: Dispose reader and writer.
TpTrace Information: 0 : 15280, 8, 2021/09/23, 14:49:12.585, 2761765851593, testhost.dll, Closing the connection !
TpTrace Information: 0 : 15280, 8, 2021/09/23, 14:49:12.585, 2761765853014, testhost.dll, SocketClient.PrivateStop: Stop communication from server endpoint: 127.0.0.1:054660, error:
TpTrace Verbose: 0 : 15280, 8, 2021/09/23, 14:49:12.586, 2761765855669, testhost.dll, LengthPrefixCommunicationChannel.Dispose: Dispose reader and writer.
TpTrace Verbose: 0 : 15280, 8, 2021/09/23, 14:49:12.586, 2761765856174, testhost.dll, TcpClientExtensions.MessageLoopAsync: exiting MessageLoopAsync remoteEndPoint: [::ffff:127.0.0.1]:54660 localEndPoint: [::ffff:127.0.0.1]:54661
TpTrace Information: 0 : 15280, 1, 2021/09/23, 14:49:12.586, 2761765855692, testhost.dll, Closing the connection !
TpTrace Information: 0 : 15280, 1, 2021/09/23, 14:49:12.586, 2761765857117, testhost.dll, SocketClient.Stop: Stop communication from server endpoint: 127.0.0.1:054660
TpTrace Verbose: 0 : 15280, 1, 2021/09/23, 14:49:12.586, 2761765857365, testhost.dll, LengthPrefixCommunicationChannel.Dispose: Dispose reader and writer.
TpTrace Information: 0 : 15280, 1, 2021/09/23, 14:49:12.586, 2761765858001, testhost.dll, Testhost process exiting.
