TpTrace Verbose: 0 : 16664, 1, 2021/09/23, 13:22:03.154, 2709471543914, datacollector.dll, Version: 16.10.0-release-20210520-03
TpTrace Information: 0 : 16664, 1, 2021/09/23, 13:22:03.156, 2709471564669, datacollector.dll, DataCollectorMain.Run: Starting data collector run with args: --port,64743,--parentprocessid,2516,--diag,D:\IsmaPCBlanco\Documentos\ISMA\Semestre 2021-2\Dise単o dirigido por pruebas\Proyectos\Parcial\ProductoSolutionTDD\ProductoSolutionTDD\bin\Debug\net5.0\fine-code-coverage\coverage-tool-output\diagnostics.datacollector.21-09-23_13-22-03_06223_4.log,--tracelevel,4
TpTrace Information: 0 : 16664, 1, 2021/09/23, 13:22:03.157, 2709471566020, datacollector.dll, DataCollector: Monitoring parent process with id: '2516'
TpTrace Information: 0 : 16664, 1, 2021/09/23, 13:22:03.163, 2709471629555, datacollector.dll, Trying to connect to server on socket : 127.0.0.1:64743 
TpTrace Verbose: 0 : 16664, 1, 2021/09/23, 13:22:03.180, 2709471801333, datacollector.dll, SocketCommunicationManager : SetupClientAsync : Attempting to connect to the server.
TpTrace Information: 0 : 16664, 7, 2021/09/23, 13:22:03.186, 2709471858364, datacollector.dll, Connected to the server successfully 
TpTrace Information: 0 : 16664, 7, 2021/09/23, 13:22:03.186, 2709471859146, datacollector.dll, Using the buffer size of 16384 bytes
TpTrace Information: 0 : 16664, 1, 2021/09/23, 13:22:03.234, 2709472336664, datacollector.dll, DataCollector: Start Request Processing.
TpTrace Information: 0 : 16664, 1, 2021/09/23, 13:22:03.236, 2709472363108, datacollector.dll, DataCollectionRequestHandler.ProcessRequests : Datacollector received message: (DataCollection.BeforeTestRunStart) -> {
  "SettingsXml": "<RunSettings><RunConfiguration><ResultsDirectory>D:\\IsmaPCBlanco\\Documentos\\ISMA\\Semestre 2021-2\\Dise単o dirigido por pruebas\\Proyectos\\Parcial\\ProductoSolutionTDD\\ProductoSolutionTDD\\bin\\Debug\\net5.0\\fine-code-coverage\\coverage-tool-output</ResultsDirectory><TargetPlatform>X64</TargetPlatform><TargetFrameworkVersion>.NETCoreApp,Version=v5.0</TargetFrameworkVersion><DesignMode>False</DesignMode><CollectSourceInformation>False</CollectSourceInformation><TestAdaptersPaths>C:\\Program Files\\dotnet\\sdk\\5.0.301\\Extensions</TestAdaptersPaths></RunConfiguration><LoggerRunSettings><Loggers><Logger friendlyName=\"blame\" enabled=\"True\" /><Logger friendlyName=\"Console\" uri=\"logger://microsoft/TestPlatform/ConsoleLogger/v1\" assemblyQualifiedName=\"Microsoft.VisualStudio.TestPlatform.CommandLine.Internal.ConsoleLogger, vstest.console, Version=15.0.0.0, Culture=neutral, PublicKeyToken=b03f5f7f11d50a3a\" codeBase=\"C:\\Program Files\\dotnet\\sdk\\5.0.301\\vstest.console.dll\" enabled=\"True\" /></Loggers></LoggerRunSettings><DataCollectionRunSettings><DataCollectors><DataCollector friendlyName=\"blame\" enabled=\"True\"><Configuration><ResultsDirectory>D:\\IsmaPCBlanco\\Documentos\\ISMA\\Semestre 2021-2\\Dise単o dirigido por pruebas\\Proyectos\\Parcial\\ProductoSolutionTDD\\ProductoSolutionTDD\\bin\\Debug\\net5.0\\fine-code-coverage\\coverage-tool-output</ResultsDirectory></Configuration></DataCollector></DataCollectors></DataCollectionRunSettings></RunSettings>",
  "Sources": [
    "D:\\IsmaPCBlanco\\Documentos\\ISMA\\Semestre 2021-2\\Dise単o dirigido por pruebas\\Proyectos\\Parcial\\ProductoSolutionTDD\\ProductoSolutionTDD\\bin\\Debug\\net5.0\\fine-code-coverage\\build-output\\ProductoSolutionTDD.dll"
  ],
  "IsTelemetryOptedIn": false
}
TpTrace Verbose: 0 : 16664, 1, 2021/09/23, 13:22:03.259, 2709472592611, datacollector.dll, TestPluginCache: Update extensions started. Skip filter = False
TpTrace Verbose: 0 : 16664, 1, 2021/09/23, 13:22:03.260, 2709472597200, datacollector.dll, TestPluginCache: Using directories for assembly resolution 'C:\Program Files\dotnet\sdk\5.0.301\Extensions'.
TpTrace Verbose: 0 : 16664, 1, 2021/09/23, 13:22:03.260, 2709472597608, datacollector.dll, TestPluginCache: Updated the available extensions to 'C:\Program Files\dotnet\sdk\5.0.301\Extensions\Microsoft.TestPlatform.Extensions.BlameDataCollector.dll,C:\Program Files\dotnet\sdk\5.0.301\Extensions\Microsoft.TestPlatform.Extensions.EventLogCollector.dll'.
TpTrace Verbose: 0 : 16664, 1, 2021/09/23, 13:22:03.264, 2709472636252, datacollector.dll, TestPluginCache.DiscoverTestExtensions: finding test extensions in assemblies ends with: Collector.dll TPluginInfo: Microsoft.VisualStudio.TestPlatform.Common.DataCollector.DataCollectorConfig TExtension: Microsoft.VisualStudio.TestPlatform.ObjectModel.DataCollection.DataCollector
TpTrace Verbose: 0 : 16664, 1, 2021/09/23, 13:22:03.264, 2709472637513, datacollector.dll, TestPluginCache.GetExtensionPaths: Filtered extension paths: C:\Program Files\dotnet\sdk\5.0.301\Extensions\Microsoft.TestPlatform.Extensions.BlameDataCollector.dll
C:\Program Files\dotnet\sdk\5.0.301\Extensions\Microsoft.TestPlatform.Extensions.EventLogCollector.dll
TpTrace Verbose: 0 : 16664, 1, 2021/09/23, 13:22:03.264, 2709472637774, datacollector.dll, TestPluginCache.GetExtensionPaths: Added default extension paths: 
TpTrace Verbose: 0 : 16664, 1, 2021/09/23, 13:22:03.264, 2709472637914, datacollector.dll, TestPluginCache.GetExtensionPaths: Added unfilterableExtensionPaths: 
TpTrace Information: 0 : 16664, 1, 2021/09/23, 13:22:03.264, 2709472641616, datacollector.dll, AssemblyResolver.ctor: Creating AssemblyResolver with searchDirectories C:\Program Files\dotnet\sdk\5.0.301\Extensions,C:\Program Files\dotnet\sdk\5.0.301
TpTrace Verbose: 0 : 16664, 1, 2021/09/23, 13:22:03.265, 2709472649614, datacollector.dll, TestPluginCache.DiscoverTestExtensions: Discovering the extensions using extension path.
TpTrace Verbose: 0 : 16664, 1, 2021/09/23, 13:22:03.265, 2709472650654, datacollector.dll, TestPluginCache.GetExtensionPaths: Filtered extension paths: C:\Program Files\dotnet\sdk\5.0.301\Extensions\Microsoft.TestPlatform.Extensions.BlameDataCollector.dll
C:\Program Files\dotnet\sdk\5.0.301\Extensions\Microsoft.TestPlatform.Extensions.EventLogCollector.dll
TpTrace Verbose: 0 : 16664, 1, 2021/09/23, 13:22:03.265, 2709472650878, datacollector.dll, TestPluginCache.GetExtensionPaths: Added default extension paths: 
TpTrace Verbose: 0 : 16664, 1, 2021/09/23, 13:22:03.265, 2709472651040, datacollector.dll, TestPluginCache.GetExtensionPaths: Added unfilterableExtensionPaths: 
TpTrace Verbose: 0 : 16664, 1, 2021/09/23, 13:22:03.265, 2709472651325, datacollector.dll, TestPluginCache.DiscoverTestExtensions: Discovering the extensions using allExtensionPaths: C:\Program Files\dotnet\sdk\5.0.301\Extensions\Microsoft.TestPlatform.Extensions.BlameDataCollector.dll
C:\Program Files\dotnet\sdk\5.0.301\Extensions\Microsoft.TestPlatform.Extensions.EventLogCollector.dll
TpTrace Information: 0 : 16664, 1, 2021/09/23, 13:22:03.265, 2709472651892, datacollector.dll, AssemblyResolver.AddSearchDirectories: Adding more searchDirectories C:\Program Files\dotnet\sdk\5.0.301\Extensions,C:\Program Files\dotnet\sdk\5.0.301
TpTrace Information: 0 : 16664, 1, 2021/09/23, 13:22:03.265, 2709472652198, datacollector.dll, AssemblyResolver.AddSearchDirectories: Adding more searchDirectories C:\Program Files\dotnet\sdk\5.0.301\Extensions,C:\Program Files\dotnet\sdk\5.0.301
TpTrace Information: 0 : 16664, 1, 2021/09/23, 13:22:03.265, 2709472654766, datacollector.dll, AssemblyResolver.OnResolve: Microsoft.TestPlatform.Extensions.BlameDataCollector: Resolving assembly.
TpTrace Information: 0 : 16664, 1, 2021/09/23, 13:22:03.265, 2709472655154, datacollector.dll, AssemblyResolver.OnResolve: Microsoft.TestPlatform.Extensions.BlameDataCollector: Searching in: 'C:\Program Files\dotnet\sdk\5.0.301\Extensions'.
TpTrace Information: 0 : 16664, 1, 2021/09/23, 13:22:03.267, 2709472668948, datacollector.dll, AssemblyResolver.OnResolve: Microsoft.TestPlatform.Extensions.BlameDataCollector: Loading assembly 'C:\Program Files\dotnet\sdk\5.0.301\Extensions\Microsoft.TestPlatform.Extensions.BlameDataCollector.dll'.
TpTrace Information: 0 : 16664, 1, 2021/09/23, 13:22:03.268, 2709472679723, datacollector.dll, AssemblyResolver.OnResolve: Resolved assembly: Microsoft.TestPlatform.Extensions.BlameDataCollector, from path: C:\Program Files\dotnet\sdk\5.0.301\Extensions\Microsoft.TestPlatform.Extensions.BlameDataCollector.dll
TpTrace Error: 0 : 16664, 1, 2021/09/23, 13:22:03.269, 2709472689522, datacollector.dll, The type "Microsoft.TestPlatform.Extensions.BlameDataCollector.BlameCollector" defined in "Microsoft.TestPlatform.Extensions.BlameDataCollector.dll" does not have ExtensionUri attribute.
TpTrace Information: 0 : 16664, 1, 2021/09/23, 13:22:03.270, 2709472699377, datacollector.dll, AssemblyResolver.OnResolve: Microsoft.TestPlatform.Extensions.EventLogCollector: Resolving assembly.
TpTrace Information: 0 : 16664, 1, 2021/09/23, 13:22:03.270, 2709472699818, datacollector.dll, AssemblyResolver.OnResolve: Microsoft.TestPlatform.Extensions.EventLogCollector: Searching in: 'C:\Program Files\dotnet\sdk\5.0.301\Extensions'.
TpTrace Information: 0 : 16664, 1, 2021/09/23, 13:22:03.271, 2709472705595, datacollector.dll, AssemblyResolver.OnResolve: Microsoft.TestPlatform.Extensions.EventLogCollector: Loading assembly 'C:\Program Files\dotnet\sdk\5.0.301\Extensions\Microsoft.TestPlatform.Extensions.EventLogCollector.dll'.
TpTrace Information: 0 : 16664, 1, 2021/09/23, 13:22:03.271, 2709472710736, datacollector.dll, AssemblyResolver.OnResolve: Resolved assembly: Microsoft.TestPlatform.Extensions.EventLogCollector, from path: C:\Program Files\dotnet\sdk\5.0.301\Extensions\Microsoft.TestPlatform.Extensions.EventLogCollector.dll
TpTrace Error: 0 : 16664, 1, 2021/09/23, 13:22:03.273, 2709472729734, datacollector.dll, The type "Microsoft.TestPlatform.Extensions.EventLogCollector.EventLogDataCollector" defined in "Microsoft.TestPlatform.Extensions.EventLogCollector.dll" does not have ExtensionUri attribute.
TpTrace Verbose: 0 : 16664, 1, 2021/09/23, 13:22:03.273, 2709472732338, datacollector.dll, TestPluginCache: Discovered the extensions using extension path 'C:\Program Files\dotnet\sdk\5.0.301\Extensions\Microsoft.TestPlatform.Extensions.BlameDataCollector.dll,C:\Program Files\dotnet\sdk\5.0.301\Extensions\Microsoft.TestPlatform.Extensions.EventLogCollector.dll'.
TpTrace Verbose: 0 : 16664, 1, 2021/09/23, 13:22:03.273, 2709472732665, datacollector.dll, TestPluginCache: Discoverers are ''.
TpTrace Verbose: 0 : 16664, 1, 2021/09/23, 13:22:03.273, 2709472732807, datacollector.dll, TestPluginCache: Executors are ''.
TpTrace Verbose: 0 : 16664, 1, 2021/09/23, 13:22:03.273, 2709472732934, datacollector.dll, TestPluginCache: Executors2 are ''.
TpTrace Verbose: 0 : 16664, 1, 2021/09/23, 13:22:03.273, 2709472733059, datacollector.dll, TestPluginCache: Setting providers are ''.
TpTrace Verbose: 0 : 16664, 1, 2021/09/23, 13:22:03.273, 2709472733185, datacollector.dll, TestPluginCache: Loggers are ''.
TpTrace Information: 0 : 16664, 1, 2021/09/23, 13:22:03.274, 2709472740508, datacollector.dll, TestPluginManager.CreateTestExtension: Attempting to load test extension: Microsoft.TestPlatform.Extensions.BlameDataCollector.BlameCollector
TpTrace Error: 0 : 16664, 1, 2021/09/23, 13:22:03.274, 2709472743268, datacollector.dll, The type "Microsoft.TestPlatform.Extensions.BlameDataCollector.BlameCollector" defined in "Microsoft.TestPlatform.Extensions.BlameDataCollector.dll" does not have ExtensionUri attribute.
TpTrace Information: 0 : 16664, 1, 2021/09/23, 13:22:03.278, 2709472784839, datacollector.dll, Listening on Endpoint : 127.0.0.1:64746
TpTrace Information: 0 : 16664, 1, 2021/09/23, 13:22:03.284, 2709472835623, datacollector.dll, DataCollectionRequestHandler.ProcessRequests : DataCollection started.
TpTrace Information: 0 : 16664, 1, 2021/09/23, 13:22:03.295, 2709472946894, datacollector.dll, DataCollectionRequestHandler.ProcessRequests : Datacollector received message: (DataCollection.TestHostLaunched) -> {
  "ProcessId": 2432
}
TpTrace Information: 0 : 16664, 5, 2021/09/23, 13:22:03.433, 2709474327598, datacollector.dll, Using the buffer size of 16384 bytes
TpTrace Information: 0 : 16664, 5, 2021/09/23, 13:22:03.433, 2709474328379, datacollector.dll, Accepted Client request and set the flag
TpTrace Information: 0 : 16664, 7, 2021/09/23, 13:22:03.866, 2709478657466, datacollector.dll, DataCollectionTestCaseEventHandler: Test case starting.
TpTrace Information: 0 : 16664, 7, 2021/09/23, 13:22:03.872, 2709478715566, datacollector.dll, Blame Collector : Test Case Start
TpTrace Information: 0 : 16664, 7, 2021/09/23, 13:22:03.874, 2709478738774, datacollector.dll, DataCollectionTestCaseEventHandler: Test case 'NoPuedeIngresarCantidadProductosDeMenosUno - 1fd23cc2-ebc2-4f0e-3c28-85f7d285a74d' started.
TpTrace Information: 0 : 16664, 7, 2021/09/23, 13:22:03.882, 2709478821286, datacollector.dll, DataCollectionTestCaseEventHandler : Test case completing.
TpTrace Information: 0 : 16664, 7, 2021/09/23, 13:22:03.884, 2709478842619, datacollector.dll, Blame Collector : Test Case End
TpTrace Information: 0 : 16664, 7, 2021/09/23, 13:22:03.887, 2709478865533, datacollector.dll, DataCollectionTestCaseEventHandler: Test case 'NoPuedeIngresarCantidadProductosDeMenosUno - 1fd23cc2-ebc2-4f0e-3c28-85f7d285a74d' completed
TpTrace Information: 0 : 16664, 7, 2021/09/23, 13:22:03.894, 2709478944201, datacollector.dll, DataCollectionTestCaseEventHandler: Test case starting.
TpTrace Information: 0 : 16664, 7, 2021/09/23, 13:22:03.895, 2709478946432, datacollector.dll, Blame Collector : Test Case Start
TpTrace Information: 0 : 16664, 7, 2021/09/23, 13:22:03.895, 2709478947206, datacollector.dll, DataCollectionTestCaseEventHandler: Test case 'NoPuedeVenderCantidadProductosDeMenosUno - d650e767-a285-850e-200d-13562b08d268' started.
TpTrace Information: 0 : 16664, 7, 2021/09/23, 13:22:03.895, 2709478953374, datacollector.dll, DataCollectionTestCaseEventHandler : Test case completing.
TpTrace Information: 0 : 16664, 7, 2021/09/23, 13:22:03.895, 2709478954894, datacollector.dll, Blame Collector : Test Case End
TpTrace Information: 0 : 16664, 7, 2021/09/23, 13:22:03.896, 2709478955654, datacollector.dll, DataCollectionTestCaseEventHandler: Test case 'NoPuedeVenderCantidadProductosDeMenosUno - d650e767-a285-850e-200d-13562b08d268' completed
TpTrace Information: 0 : 16664, 7, 2021/09/23, 13:22:03.896, 2709478960989, datacollector.dll, DataCollectionTestCaseEventHandler: Test case starting.
TpTrace Information: 0 : 16664, 7, 2021/09/23, 13:22:03.896, 2709478962323, datacollector.dll, Blame Collector : Test Case Start
TpTrace Information: 0 : 16664, 7, 2021/09/23, 13:22:03.896, 2709478962824, datacollector.dll, DataCollectionTestCaseEventHandler: Test case 'PuedeIngresarCantidadProductosCincuentaCorrecta - 5aafae75-09ff-9b28-1901-0763a8ee5fcf' started.
TpTrace Information: 0 : 16664, 7, 2021/09/23, 13:22:03.897, 2709478967601, datacollector.dll, DataCollectionTestCaseEventHandler : Test case completing.
TpTrace Information: 0 : 16664, 7, 2021/09/23, 13:22:03.897, 2709478968912, datacollector.dll, Blame Collector : Test Case End
TpTrace Information: 0 : 16664, 7, 2021/09/23, 13:22:03.897, 2709478969473, datacollector.dll, DataCollectionTestCaseEventHandler: Test case 'PuedeIngresarCantidadProductosCincuentaCorrecta - 5aafae75-09ff-9b28-1901-0763a8ee5fcf' completed
TpTrace Information: 0 : 16664, 7, 2021/09/23, 13:22:03.897, 2709478974553, datacollector.dll, DataCollectionTestCaseEventHandler: Test case starting.
TpTrace Information: 0 : 16664, 7, 2021/09/23, 13:22:03.898, 2709478975821, datacollector.dll, Blame Collector : Test Case Start
TpTrace Information: 0 : 16664, 7, 2021/09/23, 13:22:03.898, 2709478981180, datacollector.dll, DataCollectionTestCaseEventHandler: Test case 'PuedeVenderCantidadProductoCompuestoCorrecta - 0ad616df-7dfa-1089-fdf3-3361613a60d8' started.
TpTrace Information: 0 : 16664, 7, 2021/09/23, 13:22:03.899, 2709478993142, datacollector.dll, DataCollectionTestCaseEventHandler : Test case completing.
TpTrace Information: 0 : 16664, 7, 2021/09/23, 13:22:03.899, 2709478994627, datacollector.dll, Blame Collector : Test Case End
TpTrace Information: 0 : 16664, 7, 2021/09/23, 13:22:03.899, 2709478995206, datacollector.dll, DataCollectionTestCaseEventHandler: Test case 'PuedeVenderCantidadProductoCompuestoCorrecta - 0ad616df-7dfa-1089-fdf3-3361613a60d8' completed
TpTrace Information: 0 : 16664, 7, 2021/09/23, 13:22:03.900, 2709479000587, datacollector.dll, DataCollectionTestCaseEventHandler: Test case starting.
TpTrace Information: 0 : 16664, 7, 2021/09/23, 13:22:03.900, 2709479002270, datacollector.dll, Blame Collector : Test Case Start
TpTrace Information: 0 : 16664, 7, 2021/09/23, 13:22:03.900, 2709479002806, datacollector.dll, DataCollectionTestCaseEventHandler: Test case 'PuedeVenderCantidadProductoSencilloCorrecta - 07444b0e-e098-7cf8-45e3-8ce0b3354cf0' started.
TpTrace Information: 0 : 16664, 7, 2021/09/23, 13:22:03.901, 2709479007947, datacollector.dll, DataCollectionTestCaseEventHandler : Test case completing.
TpTrace Information: 0 : 16664, 7, 2021/09/23, 13:22:03.901, 2709479009334, datacollector.dll, Blame Collector : Test Case End
TpTrace Information: 0 : 16664, 7, 2021/09/23, 13:22:03.901, 2709479009936, datacollector.dll, DataCollectionTestCaseEventHandler: Test case 'PuedeVenderCantidadProductoSencilloCorrecta - 07444b0e-e098-7cf8-45e3-8ce0b3354cf0' completed
TpTrace Information: 0 : 16664, 7, 2021/09/23, 13:22:03.909, 2709479086761, datacollector.dll, DataCollectionTestCaseEventHandler: Test session ended
TpTrace Information: 0 : 16664, 1, 2021/09/23, 13:22:03.979, 2709479794678, datacollector.dll, DataCollectionRequestHandler.ProcessRequests : Datacollector received message: (DataCollection.AfterTestRunEnd) -> false
TpTrace Information: 0 : 16664, 1, 2021/09/23, 13:22:03.980, 2709479801597, datacollector.dll, Blame Collector : Session End
TpTrace Information: 0 : 16664, 1, 2021/09/23, 13:22:03.980, 2709479802281, datacollector.dll, BlameCollector.CollectDumpAndAbortTesthost: Custom path to dump directory was provided via VSTEST_DUMP_PATH. Skipping attachment upload, the caller is responsible for collecting and uploading the dumps themselves.
TpTrace Information: 0 : 16664, 1, 2021/09/23, 13:22:03.980, 2709479803264, datacollector.dll, DataCollectionManager.CleanupPlugins: CleanupPlugins called
TpTrace Verbose: 0 : 16664, 1, 2021/09/23, 13:22:03.980, 2709479803478, datacollector.dll, DataCollectionManager.CleanupPlugins: Cleaning up 1 plugins
TpTrace Verbose: 0 : 16664, 1, 2021/09/23, 13:22:03.980, 2709479804166, datacollector.dll, dataCollectorInfo.DisposeDataCollector: calling Dispose() on Microsoft.TestPlatform.Extensions.BlameDataCollector.BlameCollector
TpTrace Information: 0 : 16664, 1, 2021/09/23, 13:22:03.980, 2709479804609, datacollector.dll, DataCollectionManager.CleanupPlugins: CleanupPlugins finished
TpTrace Information: 0 : 16664, 1, 2021/09/23, 13:22:03.982, 2709479823215, datacollector.dll, DataCollectionRequestHandler.ProcessRequests : Session End message received from server. Closing the connection.
TpTrace Information: 0 : 16664, 1, 2021/09/23, 13:22:03.982, 2709479824723, datacollector.dll, Closing the connection !
TpTrace Information: 0 : 16664, 1, 2021/09/23, 13:22:03.982, 2709479824957, datacollector.dll, DataCollectionRequestHandler.ProcessRequests : DataCollection completed
TpTrace Information: 0 : 16664, 1, 2021/09/23, 13:22:03.982, 2709479825123, datacollector.dll, Program.Main: exiting datacollector process.
