TpTrace Verbose: 0 : 15772, 1, 2021/09/23, 12:20:05.020, 2672290207290, testhost.dll, Version: 16.9.4
TpTrace Information: 0 : 15772, 1, 2021/09/23, 12:20:05.024, 2672290242246, testhost.dll, DefaultEngineInvoker.Invoke: Testhost process started with args :[--port, 60772],[--endpoint, 127.0.0.1:060772],[--role, client],[--parentprocessid, 15672],[--diag, D:\IsmaPCBlanco\Documentos\ISMA\Semestre 2021-2\Diseño dirigido por pruebas\Proyectos\Parcial\ProductoSolutionTDD\ProductoSolutionTDD\bin\Debug\net5.0\fine-code-coverage\coverage-tool-output\diagnostics.host.21-09-23_12-20-04_92454_6.log],[--tracelevel, 4],[--datacollectionport, 60771],[--telemetryoptedin, false]
TpTrace Information: 0 : 15772, 1, 2021/09/23, 12:20:05.026, 2672290261469, testhost.dll, Setting up debug trace listener.
TpTrace Verbose: 0 : 15772, 1, 2021/09/23, 12:20:05.026, 2672290263109, testhost.dll, TestPlatformTraceListener.Setup: Replacing listener 0 with TestHostTraceListener.
TpTrace Verbose: 0 : 15772, 1, 2021/09/23, 12:20:05.026, 2672290263392, testhost.dll, TestPlatformTraceListener.Setup: Added test platform trace listener.
TpTrace Information: 0 : 15772, 1, 2021/09/23, 12:20:05.027, 2672290266451, testhost.dll, DefaultEngineInvoker.SetParentProcessExitCallback: Monitoring parent process with id: '15672'
TpTrace Information: 0 : 15772, 1, 2021/09/23, 12:20:05.031, 2672290312567, testhost.dll, DefaultEngineInvoker.GetConnectionInfo: Initialize communication on endpoint address: '127.0.0.1:060772'
TpTrace Information: 0 : 15772, 1, 2021/09/23, 12:20:05.040, 2672290405458, testhost.dll, SocketClient.Start: connecting to server endpoint: 127.0.0.1:060772
TpTrace Information: 0 : 15772, 1, 2021/09/23, 12:20:05.046, 2672290457693, testhost.dll, DefaultEngineInvoker.ConnectToDatacollector: Connecting to datacollector, port: 60771
TpTrace Information: 0 : 15772, 8, 2021/09/23, 12:20:05.046, 2672290464534, testhost.dll, SocketClient.OnServerConnected: connected to server endpoint: 127.0.0.1:060772
TpTrace Verbose: 0 : 15772, 8, 2021/09/23, 12:20:05.048, 2672290476724, testhost.dll, Connected to server, and starting MessageLoopAsync
TpTrace Information: 0 : 15772, 1, 2021/09/23, 12:20:05.048, 2672290481023, testhost.dll, Trying to connect to server on socket : 127.0.0.1:60771 
TpTrace Verbose: 0 : 15772, 1, 2021/09/23, 12:20:05.048, 2672290483270, testhost.dll, SocketCommunicationManager : SetupClientAsync : Attempting to connect to the server.
TpTrace Information: 0 : 15772, 10, 2021/09/23, 12:20:05.049, 2672290493908, testhost.dll, Connected to the server successfully 
TpTrace Information: 0 : 15772, 10, 2021/09/23, 12:20:05.049, 2672290494432, testhost.dll, Using the buffer size of 16384 bytes
TpTrace Verbose: 0 : 15772, 8, 2021/09/23, 12:20:05.050, 2672290496840, testhost.dll, TcpClientExtensions.MessageLoopAsync: Polling on remoteEndPoint: [::ffff:127.0.0.1]:60772 localEndPoint: [::ffff:127.0.0.1]:60773
TpTrace Information: 0 : 15772, 1, 2021/09/23, 12:20:05.050, 2672290498315, testhost.dll, DefaultEngineInvoker.Invoke: Start Request Processing.
TpTrace Verbose: 0 : 15772, 8, 2021/09/23, 12:20:05.050, 2672290499576, testhost.dll, TcpClientExtensions.MessageLoopAsync: NotifyDataAvailable remoteEndPoint: [::ffff:127.0.0.1]:60772 localEndPoint: [::ffff:127.0.0.1]:60773
TpTrace Information: 0 : 15772, 11, 2021/09/23, 12:20:05.050, 2672290504499, testhost.dll, DefaultEngineInvoker.StartProcessingAsync: Connected to vstest.console, Starting process requests.
TpTrace Information: 0 : 15772, 8, 2021/09/23, 12:20:05.135, 2672291351748, testhost.dll, TestRequestHandler.ProcessRequests: received message: (ProtocolVersion) -> 5
TpTrace Verbose: 0 : 15772, 8, 2021/09/23, 12:20:05.156, 2672291559421, testhost.dll, TestRequestHandler.SendData:  sending data from testhost: {"Version":5,"MessageType":"TestSession.Message","Payload":{"MessageLevel":0,"Message":"Registrando diagnóstico de TestHost en el archivo: D:\\IsmaPCBlanco\\Documentos\\ISMA\\Semestre 2021-2\\Diseño dirigido por pruebas\\Proyectos\\Parcial\\ProductoSolutionTDD\\ProductoSolutionTDD\\bin\\Debug\\net5.0\\fine-code-coverage\\coverage-tool-output\\diagnostics.host.21-09-23_12-20-04_92454_6.log"}}
TpTrace Verbose: 0 : 15772, 8, 2021/09/23, 12:20:05.156, 2672291563458, testhost.dll, TcpClientExtensions.MessageLoopAsync: Polling on remoteEndPoint: [::ffff:127.0.0.1]:60772 localEndPoint: [::ffff:127.0.0.1]:60773
TpTrace Verbose: 0 : 15772, 8, 2021/09/23, 12:20:05.156, 2672291563970, testhost.dll, TcpClientExtensions.MessageLoopAsync: NotifyDataAvailable remoteEndPoint: [::ffff:127.0.0.1]:60772 localEndPoint: [::ffff:127.0.0.1]:60773
TpTrace Information: 0 : 15772, 8, 2021/09/23, 12:20:05.159, 2672291589250, testhost.dll, TestRequestHandler.ProcessRequests: received message: (TestExecution.Initialize) -> [
  "D:\\IsmaPCBlanco\\Documentos\\ISMA\\Semestre 2021-2\\Diseño dirigido por pruebas\\Proyectos\\Parcial\\ProductoSolutionTDD\\ProductoSolutionTDD\\bin\\Debug\\net5.0\\fine-code-coverage\\build-output\\NUnit3.TestAdapter.dll"
]
TpTrace Information: 0 : 15772, 8, 2021/09/23, 12:20:05.159, 2672291590439, testhost.dll, Execution Session Initialize.
TpTrace Verbose: 0 : 15772, 8, 2021/09/23, 12:20:05.165, 2672291645734, testhost.dll, TcpClientExtensions.MessageLoopAsync: Polling on remoteEndPoint: [::ffff:127.0.0.1]:60772 localEndPoint: [::ffff:127.0.0.1]:60773
TpTrace Verbose: 0 : 15772, 8, 2021/09/23, 12:20:05.165, 2672291646917, testhost.dll, TcpClientExtensions.MessageLoopAsync: NotifyDataAvailable remoteEndPoint: [::ffff:127.0.0.1]:60772 localEndPoint: [::ffff:127.0.0.1]:60773
TpTrace Verbose: 0 : 15772, 4, 2021/09/23, 12:20:05.166, 2672291662819, testhost.dll, TestExecutorService: Loading the extensions
TpTrace Information: 0 : 15772, 8, 2021/09/23, 12:20:05.167, 2672291665752, testhost.dll, TestRequestHandler.ProcessRequests: received message: (TestExecution.StartWithSources) -> {
  "AdapterSourceMap": {
    "_none_": [
      "D:\\IsmaPCBlanco\\Documentos\\ISMA\\Semestre 2021-2\\Diseño dirigido por pruebas\\Proyectos\\Parcial\\ProductoSolutionTDD\\ProductoSolutionTDD\\bin\\Debug\\net5.0\\fine-code-coverage\\build-output\\ProductoSolutionTDD.dll"
    ]
  },
  "RunSettings": "<RunSettings>\r\n  <RunConfiguration>\r\n    <ResultsDirectory>D:\\IsmaPCBlanco\\Documentos\\ISMA\\Semestre 2021-2\\Diseño dirigido por pruebas\\Proyectos\\Parcial\\ProductoSolutionTDD\\ProductoSolutionTDD\\bin\\Debug\\net5.0\\fine-code-coverage\\coverage-tool-output</ResultsDirectory>\r\n    <TargetPlatform>X64</TargetPlatform>\r\n    <TargetFrameworkVersion>.NETCoreApp,Version=v5.0</TargetFrameworkVersion>\r\n    <DesignMode>False</DesignMode>\r\n    <CollectSourceInformation>False</CollectSourceInformation>\r\n  </RunConfiguration>\r\n  <LoggerRunSettings>\r\n    <Loggers>\r\n      <Logger friendlyName=\"blame\" enabled=\"True\" />\r\n      <Logger friendlyName=\"Console\" uri=\"logger://microsoft/TestPlatform/ConsoleLogger/v1\" assemblyQualifiedName=\"Microsoft.VisualStudio.TestPlatform.CommandLine.Internal.ConsoleLogger, vstest.console, Version=15.0.0.0, Culture=neutral, PublicKeyToken=b03f5f7f11d50a3a\" codeBase=\"C:\\Program Files\\dotnet\\sdk\\5.0.301\\vstest.console.dll\" enabled=\"True\" />\r\n    </Loggers>\r\n  </LoggerRunSettings>\r\n  <DataCollectionRunSettings>\r\n    <DataCollectors>\r\n      <DataCollector friendlyName=\"blame\" enabled=\"True\">\r\n        <Configuration>\r\n          <ResultsDirectory>D:\\IsmaPCBlanco\\Documentos\\ISMA\\Semestre 2021-2\\Diseño dirigido por pruebas\\Proyectos\\Parcial\\ProductoSolutionTDD\\ProductoSolutionTDD\\bin\\Debug\\net5.0\\fine-code-coverage\\coverage-tool-output</ResultsDirectory>\r\n        </Configuration>\r\n      </DataCollector>\r\n    </DataCollectors>\r\n  </DataCollectionRunSettings>\r\n</RunSettings>",
  "TestExecutionContext": {
    "FrequencyOfRunStatsChangeEvent": 10,
    "RunStatsChangeEventTimeout": "00:00:01.5000000",
    "InIsolation": false,
    "KeepAlive": false,
    "AreTestCaseLevelEventsRequired": false,
    "IsDebug": false,
    "TestCaseFilter": null,
    "FilterOptions": null
  },
  "Package": null
}
TpTrace Information: 0 : 15772, 8, 2021/09/23, 12:20:05.167, 2672291666467, testhost.dll, Execution started.
TpTrace Verbose: 0 : 15772, 4, 2021/09/23, 12:20:05.167, 2672291674515, testhost.dll, TestPluginCache.DiscoverTestExtensions: finding test extensions in assemblies ends with: TestAdapter.dll TPluginInfo: Microsoft.VisualStudio.TestPlatform.Common.ExtensionFramework.Utilities.TestExecutorPluginInformation TExtension: Microsoft.VisualStudio.TestPlatform.ObjectModel.Adapter.ITestExecutor
TpTrace Verbose: 0 : 15772, 4, 2021/09/23, 12:20:05.168, 2672291680806, testhost.dll, TestPluginCache.GetExtensionPaths: Filtered extension paths: 
TpTrace Verbose: 0 : 15772, 4, 2021/09/23, 12:20:05.168, 2672291682960, testhost.dll, TestPluginCache.GetExtensionPaths: Added default extension paths: D:\IsmaPCBlanco\Documentos\ISMA\Semestre 2021-2\Diseño dirigido por pruebas\Proyectos\Parcial\ProductoSolutionTDD\ProductoSolutionTDD\bin\Debug\net5.0\fine-code-coverage\build-output\NUnit3.TestAdapter.dll
TpTrace Verbose: 0 : 15772, 4, 2021/09/23, 12:20:05.168, 2672291683220, testhost.dll, TestPluginCache.GetExtensionPaths: Added unfilterableExtensionPaths: 
TpTrace Information: 0 : 15772, 4, 2021/09/23, 12:20:05.170, 2672291701577, testhost.dll, AssemblyResolver.ctor: Creating AssemblyResolver with searchDirectories D:\IsmaPCBlanco\Documentos\ISMA\Semestre 2021-2\Diseño dirigido por pruebas\Proyectos\Parcial\ProductoSolutionTDD\ProductoSolutionTDD\bin\Debug\net5.0\fine-code-coverage\build-output
TpTrace Verbose: 0 : 15772, 4, 2021/09/23, 12:20:05.171, 2672291713705, testhost.dll, TestPluginCache.DiscoverTestExtensions: Discovering the extensions using extension path.
TpTrace Verbose: 0 : 15772, 4, 2021/09/23, 12:20:05.171, 2672291715008, testhost.dll, TestPluginCache.GetExtensionPaths: Filtered extension paths: 
TpTrace Verbose: 0 : 15772, 4, 2021/09/23, 12:20:05.171, 2672291715275, testhost.dll, TestPluginCache.GetExtensionPaths: Added default extension paths: D:\IsmaPCBlanco\Documentos\ISMA\Semestre 2021-2\Diseño dirigido por pruebas\Proyectos\Parcial\ProductoSolutionTDD\ProductoSolutionTDD\bin\Debug\net5.0\fine-code-coverage\build-output\NUnit3.TestAdapter.dll
TpTrace Verbose: 0 : 15772, 4, 2021/09/23, 12:20:05.171, 2672291715461, testhost.dll, TestPluginCache.GetExtensionPaths: Added unfilterableExtensionPaths: 
TpTrace Verbose: 0 : 15772, 4, 2021/09/23, 12:20:05.172, 2672291715934, testhost.dll, TestPluginCache.DiscoverTestExtensions: Discovering the extensions using allExtensionPaths: D:\IsmaPCBlanco\Documentos\ISMA\Semestre 2021-2\Diseño dirigido por pruebas\Proyectos\Parcial\ProductoSolutionTDD\ProductoSolutionTDD\bin\Debug\net5.0\fine-code-coverage\build-output\NUnit3.TestAdapter.dll
TpTrace Information: 0 : 15772, 4, 2021/09/23, 12:20:05.172, 2672291724639, testhost.dll, AssemblyResolver.AddSearchDirectories: Adding more searchDirectories D:\IsmaPCBlanco\Documentos\ISMA\Semestre 2021-2\Diseño dirigido por pruebas\Proyectos\Parcial\ProductoSolutionTDD\ProductoSolutionTDD\bin\Debug\net5.0\fine-code-coverage\build-output
TpTrace Information: 0 : 15772, 4, 2021/09/23, 12:20:05.176, 2672291759761, testhost.dll, AssemblyResolver.OnResolve: NUnit3.TestAdapter: Resolving assembly.
TpTrace Information: 0 : 15772, 4, 2021/09/23, 12:20:05.177, 2672291771584, testhost.dll, AssemblyResolver.OnResolve: Resolved assembly: NUnit3.TestAdapter, from path: D:\IsmaPCBlanco\Documentos\ISMA\Semestre 2021-2\Diseño dirigido por pruebas\Proyectos\Parcial\ProductoSolutionTDD\ProductoSolutionTDD\bin\Debug\net5.0\fine-code-coverage\build-output\NUnit3.TestAdapter.dll
TpTrace Information: 0 : 15772, 4, 2021/09/23, 12:20:05.179, 2672291791265, testhost.dll, AssemblyResolver.OnResolve: nunit.engine.api: Resolving assembly.
TpTrace Information: 0 : 15772, 4, 2021/09/23, 12:20:05.179, 2672291795449, testhost.dll, AssemblyResolver.OnResolve: Resolved assembly: nunit.engine.api, from path: D:\IsmaPCBlanco\Documentos\ISMA\Semestre 2021-2\Diseño dirigido por pruebas\Proyectos\Parcial\ProductoSolutionTDD\ProductoSolutionTDD\bin\Debug\net5.0\fine-code-coverage\build-output\nunit.engine.api.dll
TpTrace Verbose: 0 : 15772, 4, 2021/09/23, 12:20:05.183, 2672291833323, testhost.dll, TestPluginCache: Discovered the extensions using extension path ''.
TpTrace Verbose: 0 : 15772, 4, 2021/09/23, 12:20:05.184, 2672291836531, testhost.dll, TestPluginCache: Discoverers are ''.
TpTrace Verbose: 0 : 15772, 4, 2021/09/23, 12:20:05.184, 2672291837038, testhost.dll, TestPluginCache: Executors are 'executor://NUnit3TestExecutor'.
TpTrace Verbose: 0 : 15772, 4, 2021/09/23, 12:20:05.184, 2672291837378, testhost.dll, TestPluginCache: Executors2 are ''.
TpTrace Verbose: 0 : 15772, 4, 2021/09/23, 12:20:05.184, 2672291837679, testhost.dll, TestPluginCache: Setting providers are ''.
TpTrace Verbose: 0 : 15772, 4, 2021/09/23, 12:20:05.184, 2672291838038, testhost.dll, TestPluginCache: Loggers are ''.
TpTrace Verbose: 0 : 15772, 8, 2021/09/23, 12:20:05.185, 2672291845655, testhost.dll, TcpClientExtensions.MessageLoopAsync: Polling on remoteEndPoint: [::ffff:127.0.0.1]:60772 localEndPoint: [::ffff:127.0.0.1]:60773
TpTrace Verbose: 0 : 15772, 4, 2021/09/23, 12:20:05.186, 2672291861165, testhost.dll, TestPluginCache.DiscoverTestExtensions: finding test extensions in assemblies ends with: TestAdapter.dll TPluginInfo: Microsoft.VisualStudio.TestPlatform.Common.ExtensionFramework.Utilities.TestExecutorPluginInformation2 TExtension: Microsoft.VisualStudio.TestPlatform.ObjectModel.Adapter.ITestExecutor2
TpTrace Verbose: 0 : 15772, 4, 2021/09/23, 12:20:05.186, 2672291863216, testhost.dll, TestPluginCache.GetExtensionPaths: Filtered extension paths: 
TpTrace Verbose: 0 : 15772, 4, 2021/09/23, 12:20:05.186, 2672291863573, testhost.dll, TestPluginCache.GetExtensionPaths: Added default extension paths: D:\IsmaPCBlanco\Documentos\ISMA\Semestre 2021-2\Diseño dirigido por pruebas\Proyectos\Parcial\ProductoSolutionTDD\ProductoSolutionTDD\bin\Debug\net5.0\fine-code-coverage\build-output\NUnit3.TestAdapter.dll
TpTrace Verbose: 0 : 15772, 4, 2021/09/23, 12:20:05.186, 2672291863751, testhost.dll, TestPluginCache.GetExtensionPaths: Added unfilterableExtensionPaths: 
TpTrace Information: 0 : 15772, 4, 2021/09/23, 12:20:05.186, 2672291865048, testhost.dll, AssemblyResolver.AddSearchDirectories: Adding more searchDirectories D:\IsmaPCBlanco\Documentos\ISMA\Semestre 2021-2\Diseño dirigido por pruebas\Proyectos\Parcial\ProductoSolutionTDD\ProductoSolutionTDD\bin\Debug\net5.0\fine-code-coverage\build-output
TpTrace Verbose: 0 : 15772, 4, 2021/09/23, 12:20:05.186, 2672291865364, testhost.dll, TestPluginCache.DiscoverTestExtensions: Discovering the extensions using extension path.
TpTrace Verbose: 0 : 15772, 4, 2021/09/23, 12:20:05.187, 2672291865543, testhost.dll, TestPluginCache.GetExtensionPaths: Filtered extension paths: 
TpTrace Verbose: 0 : 15772, 4, 2021/09/23, 12:20:05.187, 2672291865686, testhost.dll, TestPluginCache.GetExtensionPaths: Added default extension paths: D:\IsmaPCBlanco\Documentos\ISMA\Semestre 2021-2\Diseño dirigido por pruebas\Proyectos\Parcial\ProductoSolutionTDD\ProductoSolutionTDD\bin\Debug\net5.0\fine-code-coverage\build-output\NUnit3.TestAdapter.dll
TpTrace Verbose: 0 : 15772, 4, 2021/09/23, 12:20:05.187, 2672291865833, testhost.dll, TestPluginCache.GetExtensionPaths: Added unfilterableExtensionPaths: 
TpTrace Verbose: 0 : 15772, 4, 2021/09/23, 12:20:05.187, 2672291866035, testhost.dll, TestPluginCache.DiscoverTestExtensions: Discovering the extensions using allExtensionPaths: D:\IsmaPCBlanco\Documentos\ISMA\Semestre 2021-2\Diseño dirigido por pruebas\Proyectos\Parcial\ProductoSolutionTDD\ProductoSolutionTDD\bin\Debug\net5.0\fine-code-coverage\build-output\NUnit3.TestAdapter.dll
TpTrace Information: 0 : 15772, 4, 2021/09/23, 12:20:05.187, 2672291866276, testhost.dll, AssemblyResolver.AddSearchDirectories: Adding more searchDirectories D:\IsmaPCBlanco\Documentos\ISMA\Semestre 2021-2\Diseño dirigido por pruebas\Proyectos\Parcial\ProductoSolutionTDD\ProductoSolutionTDD\bin\Debug\net5.0\fine-code-coverage\build-output
TpTrace Verbose: 0 : 15772, 4, 2021/09/23, 12:20:05.187, 2672291868384, testhost.dll, TestPluginCache: Discovered the extensions using extension path ''.
TpTrace Verbose: 0 : 15772, 4, 2021/09/23, 12:20:05.187, 2672291869197, testhost.dll, TestPluginCache: Discoverers are ''.
TpTrace Verbose: 0 : 15772, 4, 2021/09/23, 12:20:05.187, 2672291869515, testhost.dll, TestPluginCache: Executors are 'executor://NUnit3TestExecutor'.
TpTrace Verbose: 0 : 15772, 4, 2021/09/23, 12:20:05.187, 2672291869897, testhost.dll, TestPluginCache: Executors2 are ''.
TpTrace Verbose: 0 : 15772, 4, 2021/09/23, 12:20:05.187, 2672291870064, testhost.dll, TestPluginCache: Setting providers are ''.
TpTrace Verbose: 0 : 15772, 4, 2021/09/23, 12:20:05.187, 2672291870201, testhost.dll, TestPluginCache: Loggers are ''.
TpTrace Information: 0 : 15772, 4, 2021/09/23, 12:20:05.190, 2672291904991, testhost.dll, TestPluginManager.CreateTestExtension: Attempting to load test extension: NUnit.VisualStudio.TestAdapter.NUnit3TestExecutor
TpTrace Verbose: 0 : 15772, 4, 2021/09/23, 12:20:05.191, 2672291909291, testhost.dll, TestExecutorExtensionManager: Loading executor NUnit.VisualStudio.TestAdapter.NUnit3TestExecutor
TpTrace Verbose: 0 : 15772, 4, 2021/09/23, 12:20:05.191, 2672291909625, testhost.dll, TestExecutorService: Loaded the executors
TpTrace Verbose: 0 : 15772, 4, 2021/09/23, 12:20:05.191, 2672291915403, testhost.dll, TestPluginCache.DiscoverTestExtensions: finding test extensions in assemblies ends with: TestAdapter.dll TPluginInfo: Microsoft.VisualStudio.TestPlatform.Common.ExtensionFramework.Utilities.TestSettingsProviderPluginInformation TExtension: Microsoft.VisualStudio.TestPlatform.ObjectModel.Adapter.ISettingsProvider
TpTrace Verbose: 0 : 15772, 4, 2021/09/23, 12:20:05.192, 2672291916003, testhost.dll, TestPluginCache.GetExtensionPaths: Filtered extension paths: 
TpTrace Verbose: 0 : 15772, 4, 2021/09/23, 12:20:05.192, 2672291916234, testhost.dll, TestPluginCache.GetExtensionPaths: Added default extension paths: D:\IsmaPCBlanco\Documentos\ISMA\Semestre 2021-2\Diseño dirigido por pruebas\Proyectos\Parcial\ProductoSolutionTDD\ProductoSolutionTDD\bin\Debug\net5.0\fine-code-coverage\build-output\NUnit3.TestAdapter.dll
TpTrace Verbose: 0 : 15772, 4, 2021/09/23, 12:20:05.192, 2672291916397, testhost.dll, TestPluginCache.GetExtensionPaths: Added unfilterableExtensionPaths: 
TpTrace Information: 0 : 15772, 4, 2021/09/23, 12:20:05.192, 2672291917192, testhost.dll, AssemblyResolver.AddSearchDirectories: Adding more searchDirectories D:\IsmaPCBlanco\Documentos\ISMA\Semestre 2021-2\Diseño dirigido por pruebas\Proyectos\Parcial\ProductoSolutionTDD\ProductoSolutionTDD\bin\Debug\net5.0\fine-code-coverage\build-output
TpTrace Verbose: 0 : 15772, 4, 2021/09/23, 12:20:05.192, 2672291917412, testhost.dll, TestPluginCache.DiscoverTestExtensions: Discovering the extensions using extension path.
TpTrace Verbose: 0 : 15772, 4, 2021/09/23, 12:20:05.192, 2672291917604, testhost.dll, TestPluginCache.GetExtensionPaths: Filtered extension paths: 
TpTrace Verbose: 0 : 15772, 4, 2021/09/23, 12:20:05.192, 2672291917754, testhost.dll, TestPluginCache.GetExtensionPaths: Added default extension paths: D:\IsmaPCBlanco\Documentos\ISMA\Semestre 2021-2\Diseño dirigido por pruebas\Proyectos\Parcial\ProductoSolutionTDD\ProductoSolutionTDD\bin\Debug\net5.0\fine-code-coverage\build-output\NUnit3.TestAdapter.dll
TpTrace Verbose: 0 : 15772, 4, 2021/09/23, 12:20:05.192, 2672291917901, testhost.dll, TestPluginCache.GetExtensionPaths: Added unfilterableExtensionPaths: 
TpTrace Verbose: 0 : 15772, 4, 2021/09/23, 12:20:05.192, 2672291918450, testhost.dll, TestPluginCache.DiscoverTestExtensions: Discovering the extensions using allExtensionPaths: D:\IsmaPCBlanco\Documentos\ISMA\Semestre 2021-2\Diseño dirigido por pruebas\Proyectos\Parcial\ProductoSolutionTDD\ProductoSolutionTDD\bin\Debug\net5.0\fine-code-coverage\build-output\NUnit3.TestAdapter.dll
TpTrace Information: 0 : 15772, 4, 2021/09/23, 12:20:05.192, 2672291918715, testhost.dll, AssemblyResolver.AddSearchDirectories: Adding more searchDirectories D:\IsmaPCBlanco\Documentos\ISMA\Semestre 2021-2\Diseño dirigido por pruebas\Proyectos\Parcial\ProductoSolutionTDD\ProductoSolutionTDD\bin\Debug\net5.0\fine-code-coverage\build-output
TpTrace Verbose: 0 : 15772, 4, 2021/09/23, 12:20:05.192, 2672291920706, testhost.dll, TestPluginCache: Discovered the extensions using extension path ''.
TpTrace Verbose: 0 : 15772, 4, 2021/09/23, 12:20:05.192, 2672291921001, testhost.dll, TestPluginCache: Discoverers are ''.
TpTrace Verbose: 0 : 15772, 4, 2021/09/23, 12:20:05.192, 2672291921161, testhost.dll, TestPluginCache: Executors are 'executor://NUnit3TestExecutor'.
TpTrace Verbose: 0 : 15772, 4, 2021/09/23, 12:20:05.192, 2672291921303, testhost.dll, TestPluginCache: Executors2 are ''.
TpTrace Verbose: 0 : 15772, 4, 2021/09/23, 12:20:05.192, 2672291921503, testhost.dll, TestPluginCache: Setting providers are ''.
TpTrace Verbose: 0 : 15772, 4, 2021/09/23, 12:20:05.192, 2672291921992, testhost.dll, TestPluginCache: Loggers are ''.
TpTrace Verbose: 0 : 15772, 4, 2021/09/23, 12:20:05.193, 2672291929304, testhost.dll, TestExecutorService: Loaded the settings providers
TpTrace Information: 0 : 15772, 4, 2021/09/23, 12:20:05.193, 2672291929789, testhost.dll, TestExecutorService: Loaded the extensions
TpTrace Information: 0 : 15772, 4, 2021/09/23, 12:20:05.208, 2672292076165, testhost.dll, AssemblyResolver.OnResolve: Microsoft.VisualStudio.TestPlatform.Common.resources: Resolving assembly.
TpTrace Information: 0 : 15772, 4, 2021/09/23, 12:20:05.208, 2672292077214, testhost.dll, AssemblyResolver.OnResolve: Microsoft.VisualStudio.TestPlatform.Common.resources: Failed to load assembly.
TpTrace Information: 0 : 15772, 4, 2021/09/23, 12:20:05.245, 2672292448350, testhost.dll, TestDiscoveryManager: Discovering tests from sources D:\IsmaPCBlanco\Documentos\ISMA\Semestre 2021-2\Diseño dirigido por pruebas\Proyectos\Parcial\ProductoSolutionTDD\ProductoSolutionTDD\bin\Debug\net5.0\fine-code-coverage\build-output\ProductoSolutionTDD.dll
TpTrace Verbose: 0 : 15772, 4, 2021/09/23, 12:20:05.246, 2672292464179, testhost.dll, TestPluginCache.DiscoverTestExtensions: finding test extensions in assemblies ends with: TestAdapter.dll TPluginInfo: Microsoft.VisualStudio.TestPlatform.Common.ExtensionFramework.Utilities.TestDiscovererPluginInformation TExtension: Microsoft.VisualStudio.TestPlatform.ObjectModel.Adapter.ITestDiscoverer
TpTrace Verbose: 0 : 15772, 4, 2021/09/23, 12:20:05.247, 2672292466651, testhost.dll, TestPluginCache.GetExtensionPaths: Filtered extension paths: 
TpTrace Verbose: 0 : 15772, 4, 2021/09/23, 12:20:05.247, 2672292467264, testhost.dll, TestPluginCache.GetExtensionPaths: Added default extension paths: D:\IsmaPCBlanco\Documentos\ISMA\Semestre 2021-2\Diseño dirigido por pruebas\Proyectos\Parcial\ProductoSolutionTDD\ProductoSolutionTDD\bin\Debug\net5.0\fine-code-coverage\build-output\NUnit3.TestAdapter.dll
TpTrace Verbose: 0 : 15772, 4, 2021/09/23, 12:20:05.247, 2672292467632, testhost.dll, TestPluginCache.GetExtensionPaths: Added unfilterableExtensionPaths: 
TpTrace Information: 0 : 15772, 4, 2021/09/23, 12:20:05.247, 2672292469056, testhost.dll, AssemblyResolver.AddSearchDirectories: Adding more searchDirectories D:\IsmaPCBlanco\Documentos\ISMA\Semestre 2021-2\Diseño dirigido por pruebas\Proyectos\Parcial\ProductoSolutionTDD\ProductoSolutionTDD\bin\Debug\net5.0\fine-code-coverage\build-output
TpTrace Verbose: 0 : 15772, 4, 2021/09/23, 12:20:05.247, 2672292469634, testhost.dll, TestPluginCache.DiscoverTestExtensions: Discovering the extensions using extension path.
TpTrace Verbose: 0 : 15772, 4, 2021/09/23, 12:20:05.247, 2672292469955, testhost.dll, TestPluginCache.GetExtensionPaths: Filtered extension paths: 
TpTrace Verbose: 0 : 15772, 4, 2021/09/23, 12:20:05.247, 2672292470285, testhost.dll, TestPluginCache.GetExtensionPaths: Added default extension paths: D:\IsmaPCBlanco\Documentos\ISMA\Semestre 2021-2\Diseño dirigido por pruebas\Proyectos\Parcial\ProductoSolutionTDD\ProductoSolutionTDD\bin\Debug\net5.0\fine-code-coverage\build-output\NUnit3.TestAdapter.dll
TpTrace Verbose: 0 : 15772, 4, 2021/09/23, 12:20:05.247, 2672292470700, testhost.dll, TestPluginCache.GetExtensionPaths: Added unfilterableExtensionPaths: 
TpTrace Verbose: 0 : 15772, 4, 2021/09/23, 12:20:05.247, 2672292471009, testhost.dll, TestPluginCache.DiscoverTestExtensions: Discovering the extensions using allExtensionPaths: D:\IsmaPCBlanco\Documentos\ISMA\Semestre 2021-2\Diseño dirigido por pruebas\Proyectos\Parcial\ProductoSolutionTDD\ProductoSolutionTDD\bin\Debug\net5.0\fine-code-coverage\build-output\NUnit3.TestAdapter.dll
TpTrace Information: 0 : 15772, 4, 2021/09/23, 12:20:05.247, 2672292471719, testhost.dll, AssemblyResolver.AddSearchDirectories: Adding more searchDirectories D:\IsmaPCBlanco\Documentos\ISMA\Semestre 2021-2\Diseño dirigido por pruebas\Proyectos\Parcial\ProductoSolutionTDD\ProductoSolutionTDD\bin\Debug\net5.0\fine-code-coverage\build-output
TpTrace Information: 0 : 15772, 4, 2021/09/23, 12:20:05.249, 2672292487694, testhost.dll, AssemblyResolver.OnResolve: System.ComponentModel.Primitives.resources: Resolving assembly.
TpTrace Information: 0 : 15772, 4, 2021/09/23, 12:20:05.249, 2672292488591, testhost.dll, AssemblyResolver.OnResolve: System.ComponentModel.Primitives.resources: Failed to load assembly.
TpTrace Verbose: 0 : 15772, 4, 2021/09/23, 12:20:05.249, 2672292490684, testhost.dll, CurrentDomain_AssemblyResolve: Resolving assembly 'System.ComponentModel.Primitives.resources'.
TpTrace Information: 0 : 15772, 4, 2021/09/23, 12:20:05.249, 2672292491216, testhost.dll, AssemblyResolver.OnResolve: System.ComponentModel.Primitives.resources: Resolving assembly.
TpTrace Information: 0 : 15772, 4, 2021/09/23, 12:20:05.249, 2672292491444, testhost.dll, AssemblyResolver.OnResolve: System.ComponentModel.Primitives.resources: Resolved from cache.
TpTrace Verbose: 0 : 15772, 4, 2021/09/23, 12:20:05.249, 2672292491654, testhost.dll, CurrentDomain_AssemblyResolve: Resolving assembly 'System.ComponentModel.Primitives.resources'.
TpTrace Verbose: 0 : 15772, 4, 2021/09/23, 12:20:05.249, 2672292491804, testhost.dll, CurrentDomainAssemblyResolve: Failed to resolve assembly 'System.ComponentModel.Primitives.resources'.
TpTrace Verbose: 0 : 15772, 4, 2021/09/23, 12:20:05.250, 2672292496285, testhost.dll, CurrentDomainAssemblyResolve: Failed to resolve assembly 'System.ComponentModel.Primitives.resources'.
TpTrace Information: 0 : 15772, 4, 2021/09/23, 12:20:05.250, 2672292498813, testhost.dll, AssemblyResolver.OnResolve: System.ComponentModel.Primitives.resources: Resolving assembly.
TpTrace Information: 0 : 15772, 4, 2021/09/23, 12:20:05.250, 2672292499055, testhost.dll, AssemblyResolver.OnResolve: System.ComponentModel.Primitives.resources: Resolved from cache.
TpTrace Verbose: 0 : 15772, 4, 2021/09/23, 12:20:05.250, 2672292499223, testhost.dll, CurrentDomain_AssemblyResolve: Resolving assembly 'System.ComponentModel.Primitives.resources'.
TpTrace Verbose: 0 : 15772, 4, 2021/09/23, 12:20:05.250, 2672292499356, testhost.dll, CurrentDomainAssemblyResolve: Failed to resolve assembly 'System.ComponentModel.Primitives.resources'.
TpTrace Verbose: 0 : 15772, 4, 2021/09/23, 12:20:05.250, 2672292504906, testhost.dll, TestPluginCache: Discovered the extensions using extension path ''.
TpTrace Verbose: 0 : 15772, 4, 2021/09/23, 12:20:05.250, 2672292505310, testhost.dll, TestPluginCache: Discoverers are 'NUnit.VisualStudio.TestAdapter.NUnit3TestDiscoverer, NUnit3.TestAdapter, Version=3.17.0.0, Culture=neutral, PublicKeyToken=4cb40d35494691ac'.
TpTrace Verbose: 0 : 15772, 4, 2021/09/23, 12:20:05.250, 2672292505469, testhost.dll, TestPluginCache: Executors are 'executor://NUnit3TestExecutor'.
TpTrace Verbose: 0 : 15772, 4, 2021/09/23, 12:20:05.251, 2672292505646, testhost.dll, TestPluginCache: Executors2 are ''.
TpTrace Verbose: 0 : 15772, 4, 2021/09/23, 12:20:05.251, 2672292505777, testhost.dll, TestPluginCache: Setting providers are ''.
TpTrace Verbose: 0 : 15772, 4, 2021/09/23, 12:20:05.251, 2672292505902, testhost.dll, TestPluginCache: Loggers are ''.
TpTrace Information: 0 : 15772, 4, 2021/09/23, 12:20:05.255, 2672292555303, testhost.dll, PEReaderHelper.GetAssemblyType: Determined assemblyType:'Managed' for source: 'D:\IsmaPCBlanco\Documentos\ISMA\Semestre 2021-2\Diseño dirigido por pruebas\Proyectos\Parcial\ProductoSolutionTDD\ProductoSolutionTDD\bin\Debug\net5.0\fine-code-coverage\build-output\ProductoSolutionTDD.dll'
TpTrace Verbose: 0 : 15772, 4, 2021/09/23, 12:20:05.259, 2672292595289, testhost.dll, BaseRunTests.RunTestInternalWithExecutors: Running tests for executor://NUnit3TestExecutor
TpTrace Information: 0 : 15772, 4, 2021/09/23, 12:20:05.261, 2672292605944, testhost.dll, AssemblyResolver.OnResolve: nunit.engine: Resolving assembly.
TpTrace Information: 0 : 15772, 4, 2021/09/23, 12:20:05.261, 2672292609639, testhost.dll, AssemblyResolver.OnResolve: Resolved assembly: nunit.engine, from path: D:\IsmaPCBlanco\Documentos\ISMA\Semestre 2021-2\Diseño dirigido por pruebas\Proyectos\Parcial\ProductoSolutionTDD\ProductoSolutionTDD\bin\Debug\net5.0\fine-code-coverage\build-output\nunit.engine.dll
TpTrace Information: 0 : 15772, 4, 2021/09/23, 12:20:05.261, 2672292610212, testhost.dll, AssemblyResolver.OnResolve: nunit.engine.core: Resolving assembly.
TpTrace Information: 0 : 15772, 4, 2021/09/23, 12:20:05.261, 2672292612716, testhost.dll, AssemblyResolver.OnResolve: Resolved assembly: nunit.engine.core, from path: D:\IsmaPCBlanco\Documentos\ISMA\Semestre 2021-2\Diseño dirigido por pruebas\Proyectos\Parcial\ProductoSolutionTDD\ProductoSolutionTDD\bin\Debug\net5.0\fine-code-coverage\build-output\nunit.engine.core.dll
TpTrace Information: 0 : 15772, 4, 2021/09/23, 12:20:05.268, 2672292676035, testhost.dll, NUnit Adapter 3.17.0.0: Test execution started
TpTrace Verbose: 0 : 15772, 4, 2021/09/23, 12:20:05.268, 2672292677484, testhost.dll, TestRequestHandler.SendData:  sending data from testhost: {"Version":5,"MessageType":"TestSession.Message","Payload":{"MessageLevel":0,"Message":"NUnit Adapter 3.17.0.0: Test execution started"}}
TpTrace Information: 0 : 15772, 4, 2021/09/23, 12:20:05.291, 2672292908580, testhost.dll, Running all tests in D:\IsmaPCBlanco\Documentos\ISMA\Semestre 2021-2\Diseño dirigido por pruebas\Proyectos\Parcial\ProductoSolutionTDD\ProductoSolutionTDD\bin\Debug\net5.0\fine-code-coverage\build-output\ProductoSolutionTDD.dll
TpTrace Verbose: 0 : 15772, 4, 2021/09/23, 12:20:05.291, 2672292910192, testhost.dll, TestRequestHandler.SendData:  sending data from testhost: {"Version":5,"MessageType":"TestSession.Message","Payload":{"MessageLevel":0,"Message":"Running all tests in D:\\IsmaPCBlanco\\Documentos\\ISMA\\Semestre 2021-2\\Diseño dirigido por pruebas\\Proyectos\\Parcial\\ProductoSolutionTDD\\ProductoSolutionTDD\\bin\\Debug\\net5.0\\fine-code-coverage\\build-output\\ProductoSolutionTDD.dll"}}
TpTrace Information: 0 : 15772, 4, 2021/09/23, 12:20:05.299, 2672292987070, testhost.dll, AssemblyResolver.OnResolve: Mono.Cecil: Resolving assembly.
TpTrace Information: 0 : 15772, 4, 2021/09/23, 12:20:05.299, 2672292988601, testhost.dll, AssemblyResolver.OnResolve: Mono.Cecil: Failed to load assembly.
TpTrace Information: 0 : 15772, 4, 2021/09/23, 12:20:05.422, 2672294217932, testhost.dll,    NUnit3TestExecutor discovered 3 of 3 NUnit test cases
TpTrace Verbose: 0 : 15772, 4, 2021/09/23, 12:20:05.422, 2672294219240, testhost.dll, TestRequestHandler.SendData:  sending data from testhost: {"Version":5,"MessageType":"TestSession.Message","Payload":{"MessageLevel":0,"Message":"   NUnit3TestExecutor discovered 3 of 3 NUnit test cases"}}
TpTrace Verbose: 0 : 15772, 12, 2021/09/23, 12:20:05.443, 2672294434469, testhost.dll, TestExecutionRecorder.RecordStart: Starting test: ProductoSolutionTDD.ProductoSolutionTest.NoPuedeIngresarCantidadProductosDeMenosUno.
TpTrace Verbose: 0 : 15772, 12, 2021/09/23, 12:20:05.473, 2672294725674, testhost.dll, TestExecutionRecorder.RecordEnd: test: ProductoSolutionTDD.ProductoSolutionTest.NoPuedeIngresarCantidadProductosDeMenosUno execution completed.
TpTrace Verbose: 0 : 15772, 12, 2021/09/23, 12:20:05.488, 2672294880523, testhost.dll, TestExecutionRecorder.RecordResult: Received result for test: ProductoSolutionTDD.ProductoSolutionTest.NoPuedeIngresarCantidadProductosDeMenosUno.
TpTrace Warning: 0 : 15772, 12, 2021/09/23, 12:20:05.491, 2672294911758, testhost.dll, TestRunCache: InProgressTests is null
TpTrace Warning: 0 : 15772, 12, 2021/09/23, 12:20:05.491, 2672294913019, testhost.dll, TestRunCache: No test found corresponding to testResult 'NoPuedeIngresarCantidadProductosDeMenosUno' in inProgress list.
TpTrace Verbose: 0 : 15772, 12, 2021/09/23, 12:20:05.491, 2672294914255, testhost.dll, TestExecutionRecorder.RecordStart: Starting test: ProductoSolutionTDD.ProductoSolutionTest.NoPuedeVenderCantidadProductosDeMenosUno.
TpTrace Verbose: 0 : 15772, 12, 2021/09/23, 12:20:05.493, 2672294925718, testhost.dll, TestExecutionRecorder.RecordEnd: test: ProductoSolutionTDD.ProductoSolutionTest.NoPuedeVenderCantidadProductosDeMenosUno execution completed.
TpTrace Verbose: 0 : 15772, 12, 2021/09/23, 12:20:05.493, 2672294933376, testhost.dll, TestExecutionRecorder.RecordResult: Received result for test: ProductoSolutionTDD.ProductoSolutionTest.NoPuedeVenderCantidadProductosDeMenosUno.
TpTrace Warning: 0 : 15772, 12, 2021/09/23, 12:20:05.493, 2672294934022, testhost.dll, TestRunCache: InProgressTests is null
TpTrace Warning: 0 : 15772, 12, 2021/09/23, 12:20:05.493, 2672294934201, testhost.dll, TestRunCache: No test found corresponding to testResult 'NoPuedeVenderCantidadProductosDeMenosUno' in inProgress list.
TpTrace Verbose: 0 : 15772, 12, 2021/09/23, 12:20:05.493, 2672294934858, testhost.dll, TestExecutionRecorder.RecordStart: Starting test: ProductoSolutionTDD.ProductoSolutionTest.PuedeIngresarCantidadProductosCincuentaCorrecta.
TpTrace Verbose: 0 : 15772, 12, 2021/09/23, 12:20:05.494, 2672294941059, testhost.dll, TestExecutionRecorder.RecordEnd: test: ProductoSolutionTDD.ProductoSolutionTest.PuedeIngresarCantidadProductosCincuentaCorrecta execution completed.
TpTrace Verbose: 0 : 15772, 12, 2021/09/23, 12:20:05.494, 2672294945331, testhost.dll, TestExecutionRecorder.RecordResult: Received result for test: ProductoSolutionTDD.ProductoSolutionTest.PuedeIngresarCantidadProductosCincuentaCorrecta.
TpTrace Warning: 0 : 15772, 12, 2021/09/23, 12:20:05.495, 2672294945644, testhost.dll, TestRunCache: InProgressTests is null
TpTrace Warning: 0 : 15772, 12, 2021/09/23, 12:20:05.495, 2672294945801, testhost.dll, TestRunCache: No test found corresponding to testResult 'PuedeIngresarCantidadProductosCincuentaCorrecta' in inProgress list.
TpTrace Information: 0 : 15772, 4, 2021/09/23, 12:20:05.497, 2672294970120, testhost.dll, NUnit Adapter 3.17.0.0: Test execution complete
TpTrace Verbose: 0 : 15772, 4, 2021/09/23, 12:20:05.497, 2672294971046, testhost.dll, TestRequestHandler.SendData:  sending data from testhost: {"Version":5,"MessageType":"TestSession.Message","Payload":{"MessageLevel":0,"Message":"NUnit Adapter 3.17.0.0: Test execution complete"}}
TpTrace Verbose: 0 : 15772, 4, 2021/09/23, 12:20:05.501, 2672295009323, testhost.dll, BaseRunTests.RunTestInternalWithExecutors: Completed running tests for executor://NUnit3TestExecutor
TpTrace Information: 0 : 15772, 4, 2021/09/23, 12:20:05.503, 2672295033808, testhost.dll, Sending test run complete
TpTrace Verbose: 0 : 15772, 4, 2021/09/23, 12:20:05.530, 2672295299887, testhost.dll, TestRequestHandler.SendData:  sending data from testhost: {"Version":5,"MessageType":"TestExecution.Completed","Payload":{"TestRunCompleteArgs":{"TestRunStatistics":{"ExecutedTests":3,"Stats":{"Passed":3}},"IsCanceled":false,"IsAborted":false,"Error":null,"AttachmentSets":[],"ElapsedTimeInRunningTests":"00:00:00.2443266","Metrics":{}},"LastRunTests":{"NewTestResults":[{"TestCase":{"Id":"1fd23cc2-ebc2-4f0e-3c28-85f7d285a74d","FullyQualifiedName":"ProductoSolutionTDD.ProductoSolutionTest.NoPuedeIngresarCantidadProductosDeMenosUno","DisplayName":"NoPuedeIngresarCantidadProductosDeMenosUno","ExecutorUri":"executor://NUnit3TestExecutor","Source":"D:\\IsmaPCBlanco\\Documentos\\ISMA\\Semestre 2021-2\\Diseño dirigido por pruebas\\Proyectos\\Parcial\\ProductoSolutionTDD\\ProductoSolutionTDD\\bin\\Debug\\net5.0\\fine-code-coverage\\build-output\\ProductoSolutionTDD.dll","CodeFilePath":null,"LineNumber":0,"Properties":[]},"Attachments":[],"Outcome":1,"ErrorMessage":null,"ErrorStackTrace":null,"DisplayName":"NoPuedeIngresarCantidadProductosDeMenosUno","Messages":[],"ComputerName":"DESKTOP-FFMH835","Duration":"00:00:00.0063210","StartTime":"2021-09-23T17:20:05.4432527+00:00","EndTime":"2021-09-23T17:20:05.4495075+00:00","Properties":[]},{"TestCase":{"Id":"d650e767-a285-850e-200d-13562b08d268","FullyQualifiedName":"ProductoSolutionTDD.ProductoSolutionTest.NoPuedeVenderCantidadProductosDeMenosUno","DisplayName":"NoPuedeVenderCantidadProductosDeMenosUno","ExecutorUri":"executor://NUnit3TestExecutor","Source":"D:\\IsmaPCBlanco\\Documentos\\ISMA\\Semestre 2021-2\\Diseño dirigido por pruebas\\Proyectos\\Parcial\\ProductoSolutionTDD\\ProductoSolutionTDD\\bin\\Debug\\net5.0\\fine-code-coverage\\build-output\\ProductoSolutionTDD.dll","CodeFilePath":null,"LineNumber":0,"Properties":[]},"Attachments":[],"Outcome":1,"ErrorMessage":null,"ErrorStackTrace":null,"DisplayName":"NoPuedeVenderCantidadProductosDeMenosUno","Messages":[],"ComputerName":"DESKTOP-FFMH835","Duration":"00:00:00.0005130","StartTime":"2021-09-23T17:20:05.4507277+00:00","EndTime":"2021-09-23T17:20:05.4512412+00:00","Properties":[]},{"TestCase":{"Id":"5aafae75-09ff-9b28-1901-0763a8ee5fcf","FullyQualifiedName":"ProductoSolutionTDD.ProductoSolutionTest.PuedeIngresarCantidadProductosCincuentaCorrecta","DisplayName":"PuedeIngresarCantidadProductosCincuentaCorrecta","ExecutorUri":"executor://NUnit3TestExecutor","Source":"D:\\IsmaPCBlanco\\Documentos\\ISMA\\Semestre 2021-2\\Diseño dirigido por pruebas\\Proyectos\\Parcial\\ProductoSolutionTDD\\ProductoSolutionTDD\\bin\\Debug\\net5.0\\fine-code-coverage\\build-output\\ProductoSolutionTDD.dll","CodeFilePath":null,"LineNumber":0,"Properties":[]},"Attachments":[],"Outcome":1,"ErrorMessage":null,"ErrorStackTrace":null,"DisplayName":"PuedeIngresarCantidadProductosCincuentaCorrecta","Messages":[],"ComputerName":"DESKTOP-FFMH835","Duration":"00:00:00.0017780","StartTime":"2021-09-23T17:20:05.451262+00:00","EndTime":"2021-09-23T17:20:05.4530395+00:00","Properties":[]}],"TestRunStatistics":{"ExecutedTests":3,"Stats":{"Passed":3}},"ActiveTests":[]},"RunAttachments":[],"ExecutorUris":["executor://nunit3testexecutor/"]}}
TpTrace Verbose: 0 : 15772, 4, 2021/09/23, 12:20:05.530, 2672295303268, testhost.dll, BaseRunTests.RunTests: Run is complete.
TpTrace Verbose: 0 : 15772, 8, 2021/09/23, 12:20:05.532, 2672295319668, testhost.dll, TcpClientExtensions.MessageLoopAsync: NotifyDataAvailable remoteEndPoint: [::ffff:127.0.0.1]:60772 localEndPoint: [::ffff:127.0.0.1]:60773
TpTrace Information: 0 : 15772, 8, 2021/09/23, 12:20:05.532, 2672295320776, testhost.dll, TestRequestHandler.ProcessRequests: received message: (TestSession.Terminate) -> null
TpTrace Information: 0 : 15772, 8, 2021/09/23, 12:20:05.532, 2672295321025, testhost.dll, Session End message received from server. Closing the connection.
TpTrace Information: 0 : 15772, 8, 2021/09/23, 12:20:05.532, 2672295323382, testhost.dll, SocketClient.Stop: Stop communication from server endpoint: 127.0.0.1:060772
TpTrace Information: 0 : 15772, 8, 2021/09/23, 12:20:05.532, 2672295323674, testhost.dll, SocketClient: Stop: Cancellation requested. Stopping message loop.
TpTrace Verbose: 0 : 15772, 8, 2021/09/23, 12:20:05.532, 2672295324573, testhost.dll, LengthPrefixCommunicationChannel.Dispose: Dispose reader and writer.
TpTrace Information: 0 : 15772, 8, 2021/09/23, 12:20:05.532, 2672295324854, testhost.dll, Closing the connection !
TpTrace Information: 0 : 15772, 8, 2021/09/23, 12:20:05.533, 2672295326164, testhost.dll, SocketClient.PrivateStop: Stop communication from server endpoint: 127.0.0.1:060772, error:
TpTrace Information: 0 : 15772, 1, 2021/09/23, 12:20:05.533, 2672295329771, testhost.dll, Closing the connection !
TpTrace Verbose: 0 : 15772, 8, 2021/09/23, 12:20:05.533, 2672295329771, testhost.dll, LengthPrefixCommunicationChannel.Dispose: Dispose reader and writer.
TpTrace Verbose: 0 : 15772, 8, 2021/09/23, 12:20:05.533, 2672295331356, testhost.dll, TcpClientExtensions.MessageLoopAsync: exiting MessageLoopAsync remoteEndPoint: [::ffff:127.0.0.1]:60772 localEndPoint: [::ffff:127.0.0.1]:60773
TpTrace Information: 0 : 15772, 1, 2021/09/23, 12:20:05.533, 2672295330484, testhost.dll, SocketClient.Stop: Stop communication from server endpoint: 127.0.0.1:060772
TpTrace Verbose: 0 : 15772, 1, 2021/09/23, 12:20:05.533, 2672295332097, testhost.dll, LengthPrefixCommunicationChannel.Dispose: Dispose reader and writer.
TpTrace Information: 0 : 15772, 1, 2021/09/23, 12:20:05.533, 2672295332758, testhost.dll, Testhost process exiting.
