TpTrace Verbose: 0 : 5064, 1, 2021/09/23, 12:16:19.012, 2670030130837, testhost.dll, Version: 16.9.4
TpTrace Information: 0 : 5064, 1, 2021/09/23, 12:16:19.017, 2670030165911, testhost.dll, DefaultEngineInvoker.Invoke: Testhost process started with args :[--port, 55247],[--endpoint, 127.0.0.1:055247],[--role, client],[--parentprocessid, 15548],[--diag, D:\IsmaPCBlanco\Documentos\ISMA\Semestre 2021-2\Diseño dirigido por pruebas\Proyectos\Parcial\ProductoSolutionTDD\ProductoSolutionTDD\bin\Debug\net5.0\fine-code-coverage\coverage-tool-output\diagnostics.host.21-09-23_12-16-18_91581_6.log],[--tracelevel, 4],[--datacollectionport, 55246],[--telemetryoptedin, false]
TpTrace Information: 0 : 5064, 1, 2021/09/23, 12:16:19.018, 2670030183305, testhost.dll, Setting up debug trace listener.
TpTrace Verbose: 0 : 5064, 1, 2021/09/23, 12:16:19.018, 2670030184916, testhost.dll, TestPlatformTraceListener.Setup: Replacing listener 0 with TestHostTraceListener.
TpTrace Verbose: 0 : 5064, 1, 2021/09/23, 12:16:19.018, 2670030185216, testhost.dll, TestPlatformTraceListener.Setup: Added test platform trace listener.
TpTrace Information: 0 : 5064, 1, 2021/09/23, 12:16:19.019, 2670030188517, testhost.dll, DefaultEngineInvoker.SetParentProcessExitCallback: Monitoring parent process with id: '15548'
TpTrace Information: 0 : 5064, 1, 2021/09/23, 12:16:19.023, 2670030234178, testhost.dll, DefaultEngineInvoker.GetConnectionInfo: Initialize communication on endpoint address: '127.0.0.1:055247'
TpTrace Information: 0 : 5064, 1, 2021/09/23, 12:16:19.033, 2670030327066, testhost.dll, SocketClient.Start: connecting to server endpoint: 127.0.0.1:055247
TpTrace Information: 0 : 5064, 1, 2021/09/23, 12:16:19.037, 2670030373807, testhost.dll, DefaultEngineInvoker.ConnectToDatacollector: Connecting to datacollector, port: 55246
TpTrace Information: 0 : 5064, 8, 2021/09/23, 12:16:19.038, 2670030380333, testhost.dll, SocketClient.OnServerConnected: connected to server endpoint: 127.0.0.1:055247
TpTrace Verbose: 0 : 5064, 8, 2021/09/23, 12:16:19.039, 2670030392193, testhost.dll, Connected to server, and starting MessageLoopAsync
TpTrace Information: 0 : 5064, 1, 2021/09/23, 12:16:19.040, 2670030398102, testhost.dll, Trying to connect to server on socket : 127.0.0.1:55246 
TpTrace Verbose: 0 : 5064, 1, 2021/09/23, 12:16:19.040, 2670030401265, testhost.dll, SocketCommunicationManager : SetupClientAsync : Attempting to connect to the server.
TpTrace Information: 0 : 5064, 9, 2021/09/23, 12:16:19.041, 2670030414940, testhost.dll, Connected to the server successfully 
TpTrace Information: 0 : 5064, 9, 2021/09/23, 12:16:19.042, 2670030415593, testhost.dll, Using the buffer size of 16384 bytes
TpTrace Verbose: 0 : 5064, 8, 2021/09/23, 12:16:19.042, 2670030417782, testhost.dll, TcpClientExtensions.MessageLoopAsync: Polling on remoteEndPoint: [::ffff:127.0.0.1]:55247 localEndPoint: [::ffff:127.0.0.1]:55248
TpTrace Information: 0 : 5064, 1, 2021/09/23, 12:16:19.042, 2670030419345, testhost.dll, DefaultEngineInvoker.Invoke: Start Request Processing.
TpTrace Verbose: 0 : 5064, 8, 2021/09/23, 12:16:19.042, 2670030420732, testhost.dll, TcpClientExtensions.MessageLoopAsync: NotifyDataAvailable remoteEndPoint: [::ffff:127.0.0.1]:55247 localEndPoint: [::ffff:127.0.0.1]:55248
TpTrace Information: 0 : 5064, 11, 2021/09/23, 12:16:19.042, 2670030424482, testhost.dll, DefaultEngineInvoker.StartProcessingAsync: Connected to vstest.console, Starting process requests.
TpTrace Information: 0 : 5064, 8, 2021/09/23, 12:16:19.124, 2670031238030, testhost.dll, TestRequestHandler.ProcessRequests: received message: (ProtocolVersion) -> 5
TpTrace Verbose: 0 : 5064, 8, 2021/09/23, 12:16:19.143, 2670031432394, testhost.dll, TestRequestHandler.SendData:  sending data from testhost: {"Version":5,"MessageType":"TestSession.Message","Payload":{"MessageLevel":0,"Message":"Registrando diagnóstico de TestHost en el archivo: D:\\IsmaPCBlanco\\Documentos\\ISMA\\Semestre 2021-2\\Diseño dirigido por pruebas\\Proyectos\\Parcial\\ProductoSolutionTDD\\ProductoSolutionTDD\\bin\\Debug\\net5.0\\fine-code-coverage\\coverage-tool-output\\diagnostics.host.21-09-23_12-16-18_91581_6.log"}}
TpTrace Verbose: 0 : 5064, 8, 2021/09/23, 12:16:19.144, 2670031436935, testhost.dll, TcpClientExtensions.MessageLoopAsync: Polling on remoteEndPoint: [::ffff:127.0.0.1]:55247 localEndPoint: [::ffff:127.0.0.1]:55248
TpTrace Verbose: 0 : 5064, 8, 2021/09/23, 12:16:19.144, 2670031437492, testhost.dll, TcpClientExtensions.MessageLoopAsync: NotifyDataAvailable remoteEndPoint: [::ffff:127.0.0.1]:55247 localEndPoint: [::ffff:127.0.0.1]:55248
TpTrace Information: 0 : 5064, 8, 2021/09/23, 12:16:19.146, 2670031462322, testhost.dll, TestRequestHandler.ProcessRequests: received message: (TestExecution.Initialize) -> [
  "D:\\IsmaPCBlanco\\Documentos\\ISMA\\Semestre 2021-2\\Diseño dirigido por pruebas\\Proyectos\\Parcial\\ProductoSolutionTDD\\ProductoSolutionTDD\\bin\\Debug\\net5.0\\fine-code-coverage\\build-output\\NUnit3.TestAdapter.dll"
]
TpTrace Information: 0 : 5064, 8, 2021/09/23, 12:16:19.146, 2670031463066, testhost.dll, Execution Session Initialize.
TpTrace Verbose: 0 : 5064, 8, 2021/09/23, 12:16:19.151, 2670031515075, testhost.dll, TcpClientExtensions.MessageLoopAsync: Polling on remoteEndPoint: [::ffff:127.0.0.1]:55247 localEndPoint: [::ffff:127.0.0.1]:55248
TpTrace Verbose: 0 : 5064, 8, 2021/09/23, 12:16:19.152, 2670031516193, testhost.dll, TcpClientExtensions.MessageLoopAsync: NotifyDataAvailable remoteEndPoint: [::ffff:127.0.0.1]:55247 localEndPoint: [::ffff:127.0.0.1]:55248
TpTrace Verbose: 0 : 5064, 4, 2021/09/23, 12:16:19.153, 2670031534380, testhost.dll, TestExecutorService: Loading the extensions
TpTrace Information: 0 : 5064, 8, 2021/09/23, 12:16:19.154, 2670031540690, testhost.dll, TestRequestHandler.ProcessRequests: received message: (TestExecution.StartWithSources) -> {
  "AdapterSourceMap": {
    "_none_": [
      "D:\\IsmaPCBlanco\\Documentos\\ISMA\\Semestre 2021-2\\Diseño dirigido por pruebas\\Proyectos\\Parcial\\ProductoSolutionTDD\\ProductoSolutionTDD\\bin\\Debug\\net5.0\\fine-code-coverage\\build-output\\ProductoSolutionTDD.dll"
    ]
  },
  "RunSettings": "<RunSettings>\r\n  <RunConfiguration>\r\n    <ResultsDirectory>D:\\IsmaPCBlanco\\Documentos\\ISMA\\Semestre 2021-2\\Diseño dirigido por pruebas\\Proyectos\\Parcial\\ProductoSolutionTDD\\ProductoSolutionTDD\\bin\\Debug\\net5.0\\fine-code-coverage\\coverage-tool-output</ResultsDirectory>\r\n    <TargetPlatform>X64</TargetPlatform>\r\n    <TargetFrameworkVersion>.NETCoreApp,Version=v5.0</TargetFrameworkVersion>\r\n    <DesignMode>False</DesignMode>\r\n    <CollectSourceInformation>False</CollectSourceInformation>\r\n  </RunConfiguration>\r\n  <LoggerRunSettings>\r\n    <Loggers>\r\n      <Logger friendlyName=\"blame\" enabled=\"True\" />\r\n      <Logger friendlyName=\"Console\" uri=\"logger://microsoft/TestPlatform/ConsoleLogger/v1\" assemblyQualifiedName=\"Microsoft.VisualStudio.TestPlatform.CommandLine.Internal.ConsoleLogger, vstest.console, Version=15.0.0.0, Culture=neutral, PublicKeyToken=b03f5f7f11d50a3a\" codeBase=\"C:\\Program Files\\dotnet\\sdk\\5.0.301\\vstest.console.dll\" enabled=\"True\" />\r\n    </Loggers>\r\n  </LoggerRunSettings>\r\n  <DataCollectionRunSettings>\r\n    <DataCollectors>\r\n      <DataCollector friendlyName=\"blame\" enabled=\"True\">\r\n        <Configuration>\r\n          <ResultsDirectory>D:\\IsmaPCBlanco\\Documentos\\ISMA\\Semestre 2021-2\\Diseño dirigido por pruebas\\Proyectos\\Parcial\\ProductoSolutionTDD\\ProductoSolutionTDD\\bin\\Debug\\net5.0\\fine-code-coverage\\coverage-tool-output</ResultsDirectory>\r\n        </Configuration>\r\n      </DataCollector>\r\n    </DataCollectors>\r\n  </DataCollectionRunSettings>\r\n</RunSettings>",
  "TestExecutionContext": {
    "FrequencyOfRunStatsChangeEvent": 10,
    "RunStatsChangeEventTimeout": "00:00:01.5000000",
    "InIsolation": false,
    "KeepAlive": false,
    "AreTestCaseLevelEventsRequired": false,
    "IsDebug": false,
    "TestCaseFilter": null,
    "FilterOptions": null
  },
  "Package": null
}
TpTrace Information: 0 : 5064, 8, 2021/09/23, 12:16:19.154, 2670031541569, testhost.dll, Execution started.
TpTrace Verbose: 0 : 5064, 4, 2021/09/23, 12:16:19.155, 2670031547952, testhost.dll, TestPluginCache.DiscoverTestExtensions: finding test extensions in assemblies ends with: TestAdapter.dll TPluginInfo: Microsoft.VisualStudio.TestPlatform.Common.ExtensionFramework.Utilities.TestExecutorPluginInformation TExtension: Microsoft.VisualStudio.TestPlatform.ObjectModel.Adapter.ITestExecutor
TpTrace Verbose: 0 : 5064, 4, 2021/09/23, 12:16:19.155, 2670031555100, testhost.dll, TestPluginCache.GetExtensionPaths: Filtered extension paths: 
TpTrace Verbose: 0 : 5064, 4, 2021/09/23, 12:16:19.156, 2670031557386, testhost.dll, TestPluginCache.GetExtensionPaths: Added default extension paths: D:\IsmaPCBlanco\Documentos\ISMA\Semestre 2021-2\Diseño dirigido por pruebas\Proyectos\Parcial\ProductoSolutionTDD\ProductoSolutionTDD\bin\Debug\net5.0\fine-code-coverage\build-output\NUnit3.TestAdapter.dll
TpTrace Verbose: 0 : 5064, 4, 2021/09/23, 12:16:19.156, 2670031557650, testhost.dll, TestPluginCache.GetExtensionPaths: Added unfilterableExtensionPaths: 
TpTrace Information: 0 : 5064, 4, 2021/09/23, 12:16:19.157, 2670031573282, testhost.dll, AssemblyResolver.ctor: Creating AssemblyResolver with searchDirectories D:\IsmaPCBlanco\Documentos\ISMA\Semestre 2021-2\Diseño dirigido por pruebas\Proyectos\Parcial\ProductoSolutionTDD\ProductoSolutionTDD\bin\Debug\net5.0\fine-code-coverage\build-output
TpTrace Verbose: 0 : 5064, 4, 2021/09/23, 12:16:19.158, 2670031581873, testhost.dll, TestPluginCache.DiscoverTestExtensions: Discovering the extensions using extension path.
TpTrace Verbose: 0 : 5064, 4, 2021/09/23, 12:16:19.158, 2670031582792, testhost.dll, TestPluginCache.GetExtensionPaths: Filtered extension paths: 
TpTrace Verbose: 0 : 5064, 4, 2021/09/23, 12:16:19.158, 2670031582993, testhost.dll, TestPluginCache.GetExtensionPaths: Added default extension paths: D:\IsmaPCBlanco\Documentos\ISMA\Semestre 2021-2\Diseño dirigido por pruebas\Proyectos\Parcial\ProductoSolutionTDD\ProductoSolutionTDD\bin\Debug\net5.0\fine-code-coverage\build-output\NUnit3.TestAdapter.dll
TpTrace Verbose: 0 : 5064, 4, 2021/09/23, 12:16:19.158, 2670031583137, testhost.dll, TestPluginCache.GetExtensionPaths: Added unfilterableExtensionPaths: 
TpTrace Verbose: 0 : 5064, 4, 2021/09/23, 12:16:19.158, 2670031583473, testhost.dll, TestPluginCache.DiscoverTestExtensions: Discovering the extensions using allExtensionPaths: D:\IsmaPCBlanco\Documentos\ISMA\Semestre 2021-2\Diseño dirigido por pruebas\Proyectos\Parcial\ProductoSolutionTDD\ProductoSolutionTDD\bin\Debug\net5.0\fine-code-coverage\build-output\NUnit3.TestAdapter.dll
TpTrace Information: 0 : 5064, 4, 2021/09/23, 12:16:19.159, 2670031589091, testhost.dll, AssemblyResolver.AddSearchDirectories: Adding more searchDirectories D:\IsmaPCBlanco\Documentos\ISMA\Semestre 2021-2\Diseño dirigido por pruebas\Proyectos\Parcial\ProductoSolutionTDD\ProductoSolutionTDD\bin\Debug\net5.0\fine-code-coverage\build-output
TpTrace Information: 0 : 5064, 4, 2021/09/23, 12:16:19.162, 2670031616361, testhost.dll, AssemblyResolver.OnResolve: NUnit3.TestAdapter: Resolving assembly.
TpTrace Information: 0 : 5064, 4, 2021/09/23, 12:16:19.162, 2670031625485, testhost.dll, AssemblyResolver.OnResolve: Resolved assembly: NUnit3.TestAdapter, from path: D:\IsmaPCBlanco\Documentos\ISMA\Semestre 2021-2\Diseño dirigido por pruebas\Proyectos\Parcial\ProductoSolutionTDD\ProductoSolutionTDD\bin\Debug\net5.0\fine-code-coverage\build-output\NUnit3.TestAdapter.dll
TpTrace Information: 0 : 5064, 4, 2021/09/23, 12:16:19.165, 2670031652881, testhost.dll, AssemblyResolver.OnResolve: nunit.engine.api: Resolving assembly.
TpTrace Information: 0 : 5064, 4, 2021/09/23, 12:16:19.166, 2670031658279, testhost.dll, AssemblyResolver.OnResolve: Resolved assembly: nunit.engine.api, from path: D:\IsmaPCBlanco\Documentos\ISMA\Semestre 2021-2\Diseño dirigido por pruebas\Proyectos\Parcial\ProductoSolutionTDD\ProductoSolutionTDD\bin\Debug\net5.0\fine-code-coverage\build-output\nunit.engine.api.dll
TpTrace Verbose: 0 : 5064, 4, 2021/09/23, 12:16:19.170, 2670031704078, testhost.dll, TestPluginCache: Discovered the extensions using extension path ''.
TpTrace Verbose: 0 : 5064, 4, 2021/09/23, 12:16:19.171, 2670031707427, testhost.dll, TestPluginCache: Discoverers are ''.
TpTrace Verbose: 0 : 5064, 4, 2021/09/23, 12:16:19.171, 2670031707973, testhost.dll, TestPluginCache: Executors are 'executor://NUnit3TestExecutor'.
TpTrace Verbose: 0 : 5064, 4, 2021/09/23, 12:16:19.171, 2670031708341, testhost.dll, TestPluginCache: Executors2 are ''.
TpTrace Verbose: 0 : 5064, 4, 2021/09/23, 12:16:19.171, 2670031708621, testhost.dll, TestPluginCache: Setting providers are ''.
TpTrace Verbose: 0 : 5064, 4, 2021/09/23, 12:16:19.171, 2670031708878, testhost.dll, TestPluginCache: Loggers are ''.
TpTrace Verbose: 0 : 5064, 4, 2021/09/23, 12:16:19.173, 2670031729619, testhost.dll, TestPluginCache.DiscoverTestExtensions: finding test extensions in assemblies ends with: TestAdapter.dll TPluginInfo: Microsoft.VisualStudio.TestPlatform.Common.ExtensionFramework.Utilities.TestExecutorPluginInformation2 TExtension: Microsoft.VisualStudio.TestPlatform.ObjectModel.Adapter.ITestExecutor2
TpTrace Verbose: 0 : 5064, 4, 2021/09/23, 12:16:19.173, 2670031731672, testhost.dll, TestPluginCache.GetExtensionPaths: Filtered extension paths: 
TpTrace Verbose: 0 : 5064, 4, 2021/09/23, 12:16:19.173, 2670031732021, testhost.dll, TestPluginCache.GetExtensionPaths: Added default extension paths: D:\IsmaPCBlanco\Documentos\ISMA\Semestre 2021-2\Diseño dirigido por pruebas\Proyectos\Parcial\ProductoSolutionTDD\ProductoSolutionTDD\bin\Debug\net5.0\fine-code-coverage\build-output\NUnit3.TestAdapter.dll
TpTrace Verbose: 0 : 5064, 4, 2021/09/23, 12:16:19.173, 2670031732193, testhost.dll, TestPluginCache.GetExtensionPaths: Added unfilterableExtensionPaths: 
TpTrace Information: 0 : 5064, 4, 2021/09/23, 12:16:19.173, 2670031733463, testhost.dll, AssemblyResolver.AddSearchDirectories: Adding more searchDirectories D:\IsmaPCBlanco\Documentos\ISMA\Semestre 2021-2\Diseño dirigido por pruebas\Proyectos\Parcial\ProductoSolutionTDD\ProductoSolutionTDD\bin\Debug\net5.0\fine-code-coverage\build-output
TpTrace Verbose: 0 : 5064, 4, 2021/09/23, 12:16:19.173, 2670031733784, testhost.dll, TestPluginCache.DiscoverTestExtensions: Discovering the extensions using extension path.
TpTrace Verbose: 0 : 5064, 4, 2021/09/23, 12:16:19.173, 2670031733969, testhost.dll, TestPluginCache.GetExtensionPaths: Filtered extension paths: 
TpTrace Verbose: 0 : 5064, 4, 2021/09/23, 12:16:19.173, 2670031734121, testhost.dll, TestPluginCache.GetExtensionPaths: Added default extension paths: D:\IsmaPCBlanco\Documentos\ISMA\Semestre 2021-2\Diseño dirigido por pruebas\Proyectos\Parcial\ProductoSolutionTDD\ProductoSolutionTDD\bin\Debug\net5.0\fine-code-coverage\build-output\NUnit3.TestAdapter.dll
TpTrace Verbose: 0 : 5064, 4, 2021/09/23, 12:16:19.173, 2670031734313, testhost.dll, TestPluginCache.GetExtensionPaths: Added unfilterableExtensionPaths: 
TpTrace Verbose: 0 : 5064, 4, 2021/09/23, 12:16:19.173, 2670031734480, testhost.dll, TestPluginCache.DiscoverTestExtensions: Discovering the extensions using allExtensionPaths: D:\IsmaPCBlanco\Documentos\ISMA\Semestre 2021-2\Diseño dirigido por pruebas\Proyectos\Parcial\ProductoSolutionTDD\ProductoSolutionTDD\bin\Debug\net5.0\fine-code-coverage\build-output\NUnit3.TestAdapter.dll
TpTrace Information: 0 : 5064, 4, 2021/09/23, 12:16:19.173, 2670031734735, testhost.dll, AssemblyResolver.AddSearchDirectories: Adding more searchDirectories D:\IsmaPCBlanco\Documentos\ISMA\Semestre 2021-2\Diseño dirigido por pruebas\Proyectos\Parcial\ProductoSolutionTDD\ProductoSolutionTDD\bin\Debug\net5.0\fine-code-coverage\build-output
TpTrace Verbose: 0 : 5064, 4, 2021/09/23, 12:16:19.174, 2670031737057, testhost.dll, TestPluginCache: Discovered the extensions using extension path ''.
TpTrace Verbose: 0 : 5064, 4, 2021/09/23, 12:16:19.174, 2670031737378, testhost.dll, TestPluginCache: Discoverers are ''.
TpTrace Verbose: 0 : 5064, 4, 2021/09/23, 12:16:19.174, 2670031737607, testhost.dll, TestPluginCache: Executors are 'executor://NUnit3TestExecutor'.
TpTrace Verbose: 0 : 5064, 4, 2021/09/23, 12:16:19.174, 2670031738602, testhost.dll, TestPluginCache: Executors2 are ''.
TpTrace Verbose: 0 : 5064, 4, 2021/09/23, 12:16:19.174, 2670031738823, testhost.dll, TestPluginCache: Setting providers are ''.
TpTrace Verbose: 0 : 5064, 4, 2021/09/23, 12:16:19.174, 2670031738983, testhost.dll, TestPluginCache: Loggers are ''.
TpTrace Verbose: 0 : 5064, 8, 2021/09/23, 12:16:19.174, 2670031740206, testhost.dll, TcpClientExtensions.MessageLoopAsync: Polling on remoteEndPoint: [::ffff:127.0.0.1]:55247 localEndPoint: [::ffff:127.0.0.1]:55248
TpTrace Information: 0 : 5064, 4, 2021/09/23, 12:16:19.178, 2670031777744, testhost.dll, TestPluginManager.CreateTestExtension: Attempting to load test extension: NUnit.VisualStudio.TestAdapter.NUnit3TestExecutor
TpTrace Verbose: 0 : 5064, 4, 2021/09/23, 12:16:19.179, 2670031786390, testhost.dll, TestExecutorExtensionManager: Loading executor NUnit.VisualStudio.TestAdapter.NUnit3TestExecutor
TpTrace Verbose: 0 : 5064, 4, 2021/09/23, 12:16:19.179, 2670031787036, testhost.dll, TestExecutorService: Loaded the executors
TpTrace Verbose: 0 : 5064, 4, 2021/09/23, 12:16:19.179, 2670031794253, testhost.dll, TestPluginCache.DiscoverTestExtensions: finding test extensions in assemblies ends with: TestAdapter.dll TPluginInfo: Microsoft.VisualStudio.TestPlatform.Common.ExtensionFramework.Utilities.TestSettingsProviderPluginInformation TExtension: Microsoft.VisualStudio.TestPlatform.ObjectModel.Adapter.ISettingsProvider
TpTrace Verbose: 0 : 5064, 4, 2021/09/23, 12:16:19.179, 2670031795059, testhost.dll, TestPluginCache.GetExtensionPaths: Filtered extension paths: 
TpTrace Verbose: 0 : 5064, 4, 2021/09/23, 12:16:19.179, 2670031795296, testhost.dll, TestPluginCache.GetExtensionPaths: Added default extension paths: D:\IsmaPCBlanco\Documentos\ISMA\Semestre 2021-2\Diseño dirigido por pruebas\Proyectos\Parcial\ProductoSolutionTDD\ProductoSolutionTDD\bin\Debug\net5.0\fine-code-coverage\build-output\NUnit3.TestAdapter.dll
TpTrace Verbose: 0 : 5064, 4, 2021/09/23, 12:16:19.180, 2670031795505, testhost.dll, TestPluginCache.GetExtensionPaths: Added unfilterableExtensionPaths: 
TpTrace Information: 0 : 5064, 4, 2021/09/23, 12:16:19.180, 2670031796391, testhost.dll, AssemblyResolver.AddSearchDirectories: Adding more searchDirectories D:\IsmaPCBlanco\Documentos\ISMA\Semestre 2021-2\Diseño dirigido por pruebas\Proyectos\Parcial\ProductoSolutionTDD\ProductoSolutionTDD\bin\Debug\net5.0\fine-code-coverage\build-output
TpTrace Verbose: 0 : 5064, 4, 2021/09/23, 12:16:19.180, 2670031796703, testhost.dll, TestPluginCache.DiscoverTestExtensions: Discovering the extensions using extension path.
TpTrace Verbose: 0 : 5064, 4, 2021/09/23, 12:16:19.180, 2670031796889, testhost.dll, TestPluginCache.GetExtensionPaths: Filtered extension paths: 
TpTrace Verbose: 0 : 5064, 4, 2021/09/23, 12:16:19.180, 2670031797041, testhost.dll, TestPluginCache.GetExtensionPaths: Added default extension paths: D:\IsmaPCBlanco\Documentos\ISMA\Semestre 2021-2\Diseño dirigido por pruebas\Proyectos\Parcial\ProductoSolutionTDD\ProductoSolutionTDD\bin\Debug\net5.0\fine-code-coverage\build-output\NUnit3.TestAdapter.dll
TpTrace Verbose: 0 : 5064, 4, 2021/09/23, 12:16:19.180, 2670031797194, testhost.dll, TestPluginCache.GetExtensionPaths: Added unfilterableExtensionPaths: 
TpTrace Verbose: 0 : 5064, 4, 2021/09/23, 12:16:19.180, 2670031797352, testhost.dll, TestPluginCache.DiscoverTestExtensions: Discovering the extensions using allExtensionPaths: D:\IsmaPCBlanco\Documentos\ISMA\Semestre 2021-2\Diseño dirigido por pruebas\Proyectos\Parcial\ProductoSolutionTDD\ProductoSolutionTDD\bin\Debug\net5.0\fine-code-coverage\build-output\NUnit3.TestAdapter.dll
TpTrace Information: 0 : 5064, 4, 2021/09/23, 12:16:19.180, 2670031797655, testhost.dll, AssemblyResolver.AddSearchDirectories: Adding more searchDirectories D:\IsmaPCBlanco\Documentos\ISMA\Semestre 2021-2\Diseño dirigido por pruebas\Proyectos\Parcial\ProductoSolutionTDD\ProductoSolutionTDD\bin\Debug\net5.0\fine-code-coverage\build-output
TpTrace Verbose: 0 : 5064, 4, 2021/09/23, 12:16:19.180, 2670031800395, testhost.dll, TestPluginCache: Discovered the extensions using extension path ''.
TpTrace Verbose: 0 : 5064, 4, 2021/09/23, 12:16:19.180, 2670031800770, testhost.dll, TestPluginCache: Discoverers are ''.
TpTrace Verbose: 0 : 5064, 4, 2021/09/23, 12:16:19.180, 2670031800952, testhost.dll, TestPluginCache: Executors are 'executor://NUnit3TestExecutor'.
TpTrace Verbose: 0 : 5064, 4, 2021/09/23, 12:16:19.180, 2670031801110, testhost.dll, TestPluginCache: Executors2 are ''.
TpTrace Verbose: 0 : 5064, 4, 2021/09/23, 12:16:19.180, 2670031801410, testhost.dll, TestPluginCache: Setting providers are ''.
TpTrace Verbose: 0 : 5064, 4, 2021/09/23, 12:16:19.180, 2670031801571, testhost.dll, TestPluginCache: Loggers are ''.
TpTrace Verbose: 0 : 5064, 4, 2021/09/23, 12:16:19.181, 2670031809018, testhost.dll, TestExecutorService: Loaded the settings providers
TpTrace Information: 0 : 5064, 4, 2021/09/23, 12:16:19.181, 2670031809509, testhost.dll, TestExecutorService: Loaded the extensions
TpTrace Information: 0 : 5064, 4, 2021/09/23, 12:16:19.195, 2670031955203, testhost.dll, AssemblyResolver.OnResolve: Microsoft.VisualStudio.TestPlatform.Common.resources: Resolving assembly.
TpTrace Information: 0 : 5064, 4, 2021/09/23, 12:16:19.196, 2670031957096, testhost.dll, AssemblyResolver.OnResolve: Microsoft.VisualStudio.TestPlatform.Common.resources: Failed to load assembly.
TpTrace Information: 0 : 5064, 4, 2021/09/23, 12:16:19.231, 2670032305709, testhost.dll, TestDiscoveryManager: Discovering tests from sources D:\IsmaPCBlanco\Documentos\ISMA\Semestre 2021-2\Diseño dirigido por pruebas\Proyectos\Parcial\ProductoSolutionTDD\ProductoSolutionTDD\bin\Debug\net5.0\fine-code-coverage\build-output\ProductoSolutionTDD.dll
TpTrace Verbose: 0 : 5064, 4, 2021/09/23, 12:16:19.232, 2670032319390, testhost.dll, TestPluginCache.DiscoverTestExtensions: finding test extensions in assemblies ends with: TestAdapter.dll TPluginInfo: Microsoft.VisualStudio.TestPlatform.Common.ExtensionFramework.Utilities.TestDiscovererPluginInformation TExtension: Microsoft.VisualStudio.TestPlatform.ObjectModel.Adapter.ITestDiscoverer
TpTrace Verbose: 0 : 5064, 4, 2021/09/23, 12:16:19.232, 2670032320210, testhost.dll, TestPluginCache.GetExtensionPaths: Filtered extension paths: 
TpTrace Verbose: 0 : 5064, 4, 2021/09/23, 12:16:19.232, 2670032320423, testhost.dll, TestPluginCache.GetExtensionPaths: Added default extension paths: D:\IsmaPCBlanco\Documentos\ISMA\Semestre 2021-2\Diseño dirigido por pruebas\Proyectos\Parcial\ProductoSolutionTDD\ProductoSolutionTDD\bin\Debug\net5.0\fine-code-coverage\build-output\NUnit3.TestAdapter.dll
TpTrace Verbose: 0 : 5064, 4, 2021/09/23, 12:16:19.232, 2670032320568, testhost.dll, TestPluginCache.GetExtensionPaths: Added unfilterableExtensionPaths: 
TpTrace Information: 0 : 5064, 4, 2021/09/23, 12:16:19.232, 2670032321368, testhost.dll, AssemblyResolver.AddSearchDirectories: Adding more searchDirectories D:\IsmaPCBlanco\Documentos\ISMA\Semestre 2021-2\Diseño dirigido por pruebas\Proyectos\Parcial\ProductoSolutionTDD\ProductoSolutionTDD\bin\Debug\net5.0\fine-code-coverage\build-output
TpTrace Verbose: 0 : 5064, 4, 2021/09/23, 12:16:19.232, 2670032321583, testhost.dll, TestPluginCache.DiscoverTestExtensions: Discovering the extensions using extension path.
TpTrace Verbose: 0 : 5064, 4, 2021/09/23, 12:16:19.232, 2670032321781, testhost.dll, TestPluginCache.GetExtensionPaths: Filtered extension paths: 
TpTrace Verbose: 0 : 5064, 4, 2021/09/23, 12:16:19.232, 2670032321946, testhost.dll, TestPluginCache.GetExtensionPaths: Added default extension paths: D:\IsmaPCBlanco\Documentos\ISMA\Semestre 2021-2\Diseño dirigido por pruebas\Proyectos\Parcial\ProductoSolutionTDD\ProductoSolutionTDD\bin\Debug\net5.0\fine-code-coverage\build-output\NUnit3.TestAdapter.dll
TpTrace Verbose: 0 : 5064, 4, 2021/09/23, 12:16:19.232, 2670032322083, testhost.dll, TestPluginCache.GetExtensionPaths: Added unfilterableExtensionPaths: 
TpTrace Verbose: 0 : 5064, 4, 2021/09/23, 12:16:19.232, 2670032322272, testhost.dll, TestPluginCache.DiscoverTestExtensions: Discovering the extensions using allExtensionPaths: D:\IsmaPCBlanco\Documentos\ISMA\Semestre 2021-2\Diseño dirigido por pruebas\Proyectos\Parcial\ProductoSolutionTDD\ProductoSolutionTDD\bin\Debug\net5.0\fine-code-coverage\build-output\NUnit3.TestAdapter.dll
TpTrace Information: 0 : 5064, 4, 2021/09/23, 12:16:19.232, 2670032322547, testhost.dll, AssemblyResolver.AddSearchDirectories: Adding more searchDirectories D:\IsmaPCBlanco\Documentos\ISMA\Semestre 2021-2\Diseño dirigido por pruebas\Proyectos\Parcial\ProductoSolutionTDD\ProductoSolutionTDD\bin\Debug\net5.0\fine-code-coverage\build-output
TpTrace Information: 0 : 5064, 4, 2021/09/23, 12:16:19.234, 2670032335620, testhost.dll, AssemblyResolver.OnResolve: System.ComponentModel.Primitives.resources: Resolving assembly.
TpTrace Information: 0 : 5064, 4, 2021/09/23, 12:16:19.234, 2670032336368, testhost.dll, AssemblyResolver.OnResolve: System.ComponentModel.Primitives.resources: Failed to load assembly.
TpTrace Verbose: 0 : 5064, 4, 2021/09/23, 12:16:19.234, 2670032338334, testhost.dll, CurrentDomain_AssemblyResolve: Resolving assembly 'System.ComponentModel.Primitives.resources'.
TpTrace Information: 0 : 5064, 4, 2021/09/23, 12:16:19.234, 2670032338874, testhost.dll, AssemblyResolver.OnResolve: System.ComponentModel.Primitives.resources: Resolving assembly.
TpTrace Information: 0 : 5064, 4, 2021/09/23, 12:16:19.234, 2670032339147, testhost.dll, AssemblyResolver.OnResolve: System.ComponentModel.Primitives.resources: Resolved from cache.
TpTrace Verbose: 0 : 5064, 4, 2021/09/23, 12:16:19.234, 2670032339323, testhost.dll, CurrentDomain_AssemblyResolve: Resolving assembly 'System.ComponentModel.Primitives.resources'.
TpTrace Verbose: 0 : 5064, 4, 2021/09/23, 12:16:19.234, 2670032339479, testhost.dll, CurrentDomainAssemblyResolve: Failed to resolve assembly 'System.ComponentModel.Primitives.resources'.
TpTrace Verbose: 0 : 5064, 4, 2021/09/23, 12:16:19.234, 2670032344221, testhost.dll, CurrentDomainAssemblyResolve: Failed to resolve assembly 'System.ComponentModel.Primitives.resources'.
TpTrace Information: 0 : 5064, 4, 2021/09/23, 12:16:19.235, 2670032346761, testhost.dll, AssemblyResolver.OnResolve: System.ComponentModel.Primitives.resources: Resolving assembly.
TpTrace Information: 0 : 5064, 4, 2021/09/23, 12:16:19.235, 2670032346997, testhost.dll, AssemblyResolver.OnResolve: System.ComponentModel.Primitives.resources: Resolved from cache.
TpTrace Verbose: 0 : 5064, 4, 2021/09/23, 12:16:19.235, 2670032347168, testhost.dll, CurrentDomain_AssemblyResolve: Resolving assembly 'System.ComponentModel.Primitives.resources'.
TpTrace Verbose: 0 : 5064, 4, 2021/09/23, 12:16:19.235, 2670032347298, testhost.dll, CurrentDomainAssemblyResolve: Failed to resolve assembly 'System.ComponentModel.Primitives.resources'.
TpTrace Verbose: 0 : 5064, 4, 2021/09/23, 12:16:19.235, 2670032353606, testhost.dll, TestPluginCache: Discovered the extensions using extension path ''.
TpTrace Verbose: 0 : 5064, 4, 2021/09/23, 12:16:19.235, 2670032354027, testhost.dll, TestPluginCache: Discoverers are 'NUnit.VisualStudio.TestAdapter.NUnit3TestDiscoverer, NUnit3.TestAdapter, Version=3.17.0.0, Culture=neutral, PublicKeyToken=4cb40d35494691ac'.
TpTrace Verbose: 0 : 5064, 4, 2021/09/23, 12:16:19.235, 2670032354223, testhost.dll, TestPluginCache: Executors are 'executor://NUnit3TestExecutor'.
TpTrace Verbose: 0 : 5064, 4, 2021/09/23, 12:16:19.235, 2670032354368, testhost.dll, TestPluginCache: Executors2 are ''.
TpTrace Verbose: 0 : 5064, 4, 2021/09/23, 12:16:19.235, 2670032354497, testhost.dll, TestPluginCache: Setting providers are ''.
TpTrace Verbose: 0 : 5064, 4, 2021/09/23, 12:16:19.235, 2670032354622, testhost.dll, TestPluginCache: Loggers are ''.
TpTrace Information: 0 : 5064, 4, 2021/09/23, 12:16:19.241, 2670032407519, testhost.dll, PEReaderHelper.GetAssemblyType: Determined assemblyType:'Managed' for source: 'D:\IsmaPCBlanco\Documentos\ISMA\Semestre 2021-2\Diseño dirigido por pruebas\Proyectos\Parcial\ProductoSolutionTDD\ProductoSolutionTDD\bin\Debug\net5.0\fine-code-coverage\build-output\ProductoSolutionTDD.dll'
TpTrace Verbose: 0 : 5064, 4, 2021/09/23, 12:16:19.245, 2670032449351, testhost.dll, BaseRunTests.RunTestInternalWithExecutors: Running tests for executor://NUnit3TestExecutor
TpTrace Information: 0 : 5064, 4, 2021/09/23, 12:16:19.246, 2670032460807, testhost.dll, AssemblyResolver.OnResolve: nunit.engine: Resolving assembly.
TpTrace Information: 0 : 5064, 4, 2021/09/23, 12:16:19.246, 2670032464573, testhost.dll, AssemblyResolver.OnResolve: Resolved assembly: nunit.engine, from path: D:\IsmaPCBlanco\Documentos\ISMA\Semestre 2021-2\Diseño dirigido por pruebas\Proyectos\Parcial\ProductoSolutionTDD\ProductoSolutionTDD\bin\Debug\net5.0\fine-code-coverage\build-output\nunit.engine.dll
TpTrace Information: 0 : 5064, 4, 2021/09/23, 12:16:19.246, 2670032465188, testhost.dll, AssemblyResolver.OnResolve: nunit.engine.core: Resolving assembly.
TpTrace Information: 0 : 5064, 4, 2021/09/23, 12:16:19.247, 2670032467625, testhost.dll, AssemblyResolver.OnResolve: Resolved assembly: nunit.engine.core, from path: D:\IsmaPCBlanco\Documentos\ISMA\Semestre 2021-2\Diseño dirigido por pruebas\Proyectos\Parcial\ProductoSolutionTDD\ProductoSolutionTDD\bin\Debug\net5.0\fine-code-coverage\build-output\nunit.engine.core.dll
TpTrace Information: 0 : 5064, 4, 2021/09/23, 12:16:19.252, 2670032517452, testhost.dll, NUnit Adapter 3.17.0.0: Test execution started
TpTrace Verbose: 0 : 5064, 4, 2021/09/23, 12:16:19.252, 2670032518363, testhost.dll, TestRequestHandler.SendData:  sending data from testhost: {"Version":5,"MessageType":"TestSession.Message","Payload":{"MessageLevel":0,"Message":"NUnit Adapter 3.17.0.0: Test execution started"}}
TpTrace Information: 0 : 5064, 4, 2021/09/23, 12:16:19.276, 2670032757659, testhost.dll, Running all tests in D:\IsmaPCBlanco\Documentos\ISMA\Semestre 2021-2\Diseño dirigido por pruebas\Proyectos\Parcial\ProductoSolutionTDD\ProductoSolutionTDD\bin\Debug\net5.0\fine-code-coverage\build-output\ProductoSolutionTDD.dll
TpTrace Verbose: 0 : 5064, 4, 2021/09/23, 12:16:19.276, 2670032759025, testhost.dll, TestRequestHandler.SendData:  sending data from testhost: {"Version":5,"MessageType":"TestSession.Message","Payload":{"MessageLevel":0,"Message":"Running all tests in D:\\IsmaPCBlanco\\Documentos\\ISMA\\Semestre 2021-2\\Diseño dirigido por pruebas\\Proyectos\\Parcial\\ProductoSolutionTDD\\ProductoSolutionTDD\\bin\\Debug\\net5.0\\fine-code-coverage\\build-output\\ProductoSolutionTDD.dll"}}
TpTrace Information: 0 : 5064, 4, 2021/09/23, 12:16:19.282, 2670032821333, testhost.dll, AssemblyResolver.OnResolve: Mono.Cecil: Resolving assembly.
TpTrace Information: 0 : 5064, 4, 2021/09/23, 12:16:19.282, 2670032822623, testhost.dll, AssemblyResolver.OnResolve: Mono.Cecil: Failed to load assembly.
TpTrace Information: 0 : 5064, 4, 2021/09/23, 12:16:19.406, 2670034063782, testhost.dll,    NUnit3TestExecutor discovered 3 of 3 NUnit test cases
TpTrace Verbose: 0 : 5064, 4, 2021/09/23, 12:16:19.406, 2670034065078, testhost.dll, TestRequestHandler.SendData:  sending data from testhost: {"Version":5,"MessageType":"TestSession.Message","Payload":{"MessageLevel":0,"Message":"   NUnit3TestExecutor discovered 3 of 3 NUnit test cases"}}
TpTrace Verbose: 0 : 5064, 12, 2021/09/23, 12:16:19.434, 2670034344069, testhost.dll, TestExecutionRecorder.RecordStart: Starting test: ProductoSolutionTDD.ProductoSolutionTest.NoPuedeIngresarCantidadProductosDeMenosUno.
TpTrace Verbose: 0 : 5064, 12, 2021/09/23, 12:16:19.466, 2670034661920, testhost.dll, TestExecutionRecorder.RecordEnd: test: ProductoSolutionTDD.ProductoSolutionTest.NoPuedeIngresarCantidadProductosDeMenosUno execution completed.
TpTrace Verbose: 0 : 5064, 12, 2021/09/23, 12:16:19.479, 2670034789936, testhost.dll, TestExecutionRecorder.RecordResult: Received result for test: ProductoSolutionTDD.ProductoSolutionTest.NoPuedeIngresarCantidadProductosDeMenosUno.
TpTrace Warning: 0 : 5064, 12, 2021/09/23, 12:16:19.482, 2670034820986, testhost.dll, TestRunCache: InProgressTests is null
TpTrace Warning: 0 : 5064, 12, 2021/09/23, 12:16:19.482, 2670034822862, testhost.dll, TestRunCache: No test found corresponding to testResult 'NoPuedeIngresarCantidadProductosDeMenosUno' in inProgress list.
TpTrace Verbose: 0 : 5064, 12, 2021/09/23, 12:16:19.482, 2670034824215, testhost.dll, TestExecutionRecorder.RecordStart: Starting test: ProductoSolutionTDD.ProductoSolutionTest.NoPuedeVenderCantidadProductosDeMenosUno.
TpTrace Verbose: 0 : 5064, 12, 2021/09/23, 12:16:19.484, 2670034841424, testhost.dll, TestExecutionRecorder.RecordEnd: test: ProductoSolutionTDD.ProductoSolutionTest.NoPuedeVenderCantidadProductosDeMenosUno execution completed.
TpTrace Verbose: 0 : 5064, 12, 2021/09/23, 12:16:19.485, 2670034848209, testhost.dll, TestExecutionRecorder.RecordResult: Received result for test: ProductoSolutionTDD.ProductoSolutionTest.NoPuedeVenderCantidadProductosDeMenosUno.
TpTrace Warning: 0 : 5064, 12, 2021/09/23, 12:16:19.485, 2670034848930, testhost.dll, TestRunCache: InProgressTests is null
TpTrace Warning: 0 : 5064, 12, 2021/09/23, 12:16:19.485, 2670034849121, testhost.dll, TestRunCache: No test found corresponding to testResult 'NoPuedeVenderCantidadProductosDeMenosUno' in inProgress list.
TpTrace Verbose: 0 : 5064, 12, 2021/09/23, 12:16:19.485, 2670034849854, testhost.dll, TestExecutionRecorder.RecordStart: Starting test: ProductoSolutionTDD.ProductoSolutionTest.PuedeIngresarCantidadProductosCincuentaCorrecta.
TpTrace Verbose: 0 : 5064, 12, 2021/09/23, 12:16:19.486, 2670034856197, testhost.dll, TestExecutionRecorder.RecordEnd: test: ProductoSolutionTDD.ProductoSolutionTest.PuedeIngresarCantidadProductosCincuentaCorrecta execution completed.
TpTrace Verbose: 0 : 5064, 12, 2021/09/23, 12:16:19.486, 2670034861298, testhost.dll, TestExecutionRecorder.RecordResult: Received result for test: ProductoSolutionTDD.ProductoSolutionTest.PuedeIngresarCantidadProductosCincuentaCorrecta.
TpTrace Warning: 0 : 5064, 12, 2021/09/23, 12:16:19.486, 2670034861792, testhost.dll, TestRunCache: InProgressTests is null
TpTrace Warning: 0 : 5064, 12, 2021/09/23, 12:16:19.486, 2670034861969, testhost.dll, TestRunCache: No test found corresponding to testResult 'PuedeIngresarCantidadProductosCincuentaCorrecta' in inProgress list.
TpTrace Information: 0 : 5064, 4, 2021/09/23, 12:16:19.489, 2670034891980, testhost.dll, NUnit Adapter 3.17.0.0: Test execution complete
TpTrace Verbose: 0 : 5064, 4, 2021/09/23, 12:16:19.489, 2670034893138, testhost.dll, TestRequestHandler.SendData:  sending data from testhost: {"Version":5,"MessageType":"TestSession.Message","Payload":{"MessageLevel":0,"Message":"NUnit Adapter 3.17.0.0: Test execution complete"}}
TpTrace Verbose: 0 : 5064, 4, 2021/09/23, 12:16:19.493, 2670034930625, testhost.dll, BaseRunTests.RunTestInternalWithExecutors: Completed running tests for executor://NUnit3TestExecutor
TpTrace Information: 0 : 5064, 4, 2021/09/23, 12:16:19.496, 2670034955628, testhost.dll, Sending test run complete
TpTrace Verbose: 0 : 5064, 4, 2021/09/23, 12:16:19.518, 2670035183433, testhost.dll, TestRequestHandler.SendData:  sending data from testhost: {"Version":5,"MessageType":"TestExecution.Completed","Payload":{"TestRunCompleteArgs":{"TestRunStatistics":{"ExecutedTests":3,"Stats":{"Passed":2,"Failed":1}},"IsCanceled":false,"IsAborted":false,"Error":null,"AttachmentSets":[],"ElapsedTimeInRunningTests":"00:00:00.2509977","Metrics":{}},"LastRunTests":{"NewTestResults":[{"TestCase":{"Id":"1fd23cc2-ebc2-4f0e-3c28-85f7d285a74d","FullyQualifiedName":"ProductoSolutionTDD.ProductoSolutionTest.NoPuedeIngresarCantidadProductosDeMenosUno","DisplayName":"NoPuedeIngresarCantidadProductosDeMenosUno","ExecutorUri":"executor://NUnit3TestExecutor","Source":"D:\\IsmaPCBlanco\\Documentos\\ISMA\\Semestre 2021-2\\Diseño dirigido por pruebas\\Proyectos\\Parcial\\ProductoSolutionTDD\\ProductoSolutionTDD\\bin\\Debug\\net5.0\\fine-code-coverage\\build-output\\ProductoSolutionTDD.dll","CodeFilePath":null,"LineNumber":0,"Properties":[]},"Attachments":[],"Outcome":1,"ErrorMessage":null,"ErrorStackTrace":null,"DisplayName":"NoPuedeIngresarCantidadProductosDeMenosUno","Messages":[],"ComputerName":"DESKTOP-FFMH835","Duration":"00:00:00.0077420","StartTime":"2021-09-23T17:16:19.4343323+00:00","EndTime":"2021-09-23T17:16:19.4419893+00:00","Properties":[]},{"TestCase":{"Id":"d650e767-a285-850e-200d-13562b08d268","FullyQualifiedName":"ProductoSolutionTDD.ProductoSolutionTest.NoPuedeVenderCantidadProductosDeMenosUno","DisplayName":"NoPuedeVenderCantidadProductosDeMenosUno","ExecutorUri":"executor://NUnit3TestExecutor","Source":"D:\\IsmaPCBlanco\\Documentos\\ISMA\\Semestre 2021-2\\Diseño dirigido por pruebas\\Proyectos\\Parcial\\ProductoSolutionTDD\\ProductoSolutionTDD\\bin\\Debug\\net5.0\\fine-code-coverage\\build-output\\ProductoSolutionTDD.dll","CodeFilePath":null,"LineNumber":0,"Properties":[]},"Attachments":[],"Outcome":2,"ErrorMessage":"System.NotImplementedException : The method or operation is not implemented.","ErrorStackTrace":"   at ProductoSolutionTDD.ProductoCompuesto.Vender(Int32 cantidadProducto) in D:\\IsmaPCBlanco\\Documentos\\ISMA\\Semestre 2021-2\\Diseño dirigido por pruebas\\Proyectos\\Parcial\\ProductoSolutionTDD\\ProductoSolutionTDD\\ProductoSolutionTest.cs:line 117\r\n   at ProductoSolutionTDD.ProductoSolutionTest.NoPuedeVenderCantidadProductosDeMenosUno() in D:\\IsmaPCBlanco\\Documentos\\ISMA\\Semestre 2021-2\\Diseño dirigido por pruebas\\Proyectos\\Parcial\\ProductoSolutionTDD\\ProductoSolutionTDD\\ProductoSolutionTest.cs:line 93","DisplayName":"NoPuedeVenderCantidadProductosDeMenosUno","Messages":[],"ComputerName":"DESKTOP-FFMH835","Duration":"00:00:00.0083740","StartTime":"2021-09-23T17:16:19.4438897+00:00","EndTime":"2021-09-23T17:16:19.452264+00:00","Properties":[]},{"TestCase":{"Id":"5aafae75-09ff-9b28-1901-0763a8ee5fcf","FullyQualifiedName":"ProductoSolutionTDD.ProductoSolutionTest.PuedeIngresarCantidadProductosCincuentaCorrecta","DisplayName":"PuedeIngresarCantidadProductosCincuentaCorrecta","ExecutorUri":"executor://NUnit3TestExecutor","Source":"D:\\IsmaPCBlanco\\Documentos\\ISMA\\Semestre 2021-2\\Diseño dirigido por pruebas\\Proyectos\\Parcial\\ProductoSolutionTDD\\ProductoSolutionTDD\\bin\\Debug\\net5.0\\fine-code-coverage\\build-output\\ProductoSolutionTDD.dll","CodeFilePath":null,"LineNumber":0,"Properties":[]},"Attachments":[],"Outcome":1,"ErrorMessage":null,"ErrorStackTrace":null,"DisplayName":"PuedeIngresarCantidadProductosCincuentaCorrecta","Messages":[],"ComputerName":"DESKTOP-FFMH835","Duration":"00:00:00.0018960","StartTime":"2021-09-23T17:16:19.4523599+00:00","EndTime":"2021-09-23T17:16:19.454255+00:00","Properties":[]}],"TestRunStatistics":{"ExecutedTests":3,"Stats":{"Passed":2,"Failed":1}},"ActiveTests":[]},"RunAttachments":[],"ExecutorUris":["executor://nunit3testexecutor/"]}}
TpTrace Verbose: 0 : 5064, 4, 2021/09/23, 12:16:19.519, 2670035187028, testhost.dll, BaseRunTests.RunTests: Run is complete.
TpTrace Verbose: 0 : 5064, 8, 2021/09/23, 12:16:19.521, 2670035211496, testhost.dll, TcpClientExtensions.MessageLoopAsync: NotifyDataAvailable remoteEndPoint: [::ffff:127.0.0.1]:55247 localEndPoint: [::ffff:127.0.0.1]:55248
TpTrace Information: 0 : 5064, 8, 2021/09/23, 12:16:19.521, 2670035212857, testhost.dll, TestRequestHandler.ProcessRequests: received message: (TestSession.Terminate) -> null
TpTrace Information: 0 : 5064, 8, 2021/09/23, 12:16:19.521, 2670035213097, testhost.dll, Session End message received from server. Closing the connection.
TpTrace Information: 0 : 5064, 8, 2021/09/23, 12:16:19.522, 2670035215655, testhost.dll, SocketClient.Stop: Stop communication from server endpoint: 127.0.0.1:055247
TpTrace Information: 0 : 5064, 8, 2021/09/23, 12:16:19.522, 2670035215917, testhost.dll, SocketClient: Stop: Cancellation requested. Stopping message loop.
TpTrace Verbose: 0 : 5064, 8, 2021/09/23, 12:16:19.522, 2670035216668, testhost.dll, LengthPrefixCommunicationChannel.Dispose: Dispose reader and writer.
TpTrace Information: 0 : 5064, 8, 2021/09/23, 12:16:19.522, 2670035216914, testhost.dll, Closing the connection !
TpTrace Information: 0 : 5064, 8, 2021/09/23, 12:16:19.522, 2670035218719, testhost.dll, SocketClient.PrivateStop: Stop communication from server endpoint: 127.0.0.1:055247, error:
TpTrace Verbose: 0 : 5064, 8, 2021/09/23, 12:16:19.522, 2670035222241, testhost.dll, LengthPrefixCommunicationChannel.Dispose: Dispose reader and writer.
TpTrace Information: 0 : 5064, 1, 2021/09/23, 12:16:19.522, 2670035222291, testhost.dll, Closing the connection !
TpTrace Verbose: 0 : 5064, 8, 2021/09/23, 12:16:19.522, 2670035222641, testhost.dll, TcpClientExtensions.MessageLoopAsync: exiting MessageLoopAsync remoteEndPoint: [::ffff:127.0.0.1]:55247 localEndPoint: [::ffff:127.0.0.1]:55248
TpTrace Information: 0 : 5064, 1, 2021/09/23, 12:16:19.522, 2670035223033, testhost.dll, SocketClient.Stop: Stop communication from server endpoint: 127.0.0.1:055247
TpTrace Verbose: 0 : 5064, 1, 2021/09/23, 12:16:19.522, 2670035223237, testhost.dll, LengthPrefixCommunicationChannel.Dispose: Dispose reader and writer.
TpTrace Information: 0 : 5064, 1, 2021/09/23, 12:16:19.522, 2670035223918, testhost.dll, Testhost process exiting.
