TpTrace Verbose: 0 : 11656, 1, 2021/09/23, 12:29:50.575, 2678145758655, testhost.dll, Version: 16.9.4
TpTrace Information: 0 : 11656, 1, 2021/09/23, 12:29:50.580, 2678145799046, testhost.dll, DefaultEngineInvoker.Invoke: Testhost process started with args :[--port, 55348],[--endpoint, 127.0.0.1:055348],[--role, client],[--parentprocessid, 17496],[--diag, D:\IsmaPCBlanco\Documentos\ISMA\Semestre 2021-2\Diseño dirigido por pruebas\Proyectos\Parcial\ProductoSolutionTDD\ProductoSolutionTDD\bin\Debug\net5.0\fine-code-coverage\coverage-tool-output\diagnostics.host.21-09-23_12-29-50_47071_4.log],[--tracelevel, 4],[--datacollectionport, 55347],[--telemetryoptedin, false]
TpTrace Information: 0 : 11656, 1, 2021/09/23, 12:29:50.582, 2678145817443, testhost.dll, Setting up debug trace listener.
TpTrace Verbose: 0 : 11656, 1, 2021/09/23, 12:29:50.582, 2678145819527, testhost.dll, TestPlatformTraceListener.Setup: Replacing listener 0 with TestHostTraceListener.
TpTrace Verbose: 0 : 11656, 1, 2021/09/23, 12:29:50.582, 2678145819907, testhost.dll, TestPlatformTraceListener.Setup: Added test platform trace listener.
TpTrace Information: 0 : 11656, 1, 2021/09/23, 12:29:50.582, 2678145823661, testhost.dll, DefaultEngineInvoker.SetParentProcessExitCallback: Monitoring parent process with id: '17496'
TpTrace Information: 0 : 11656, 1, 2021/09/23, 12:29:50.587, 2678145871213, testhost.dll, DefaultEngineInvoker.GetConnectionInfo: Initialize communication on endpoint address: '127.0.0.1:055348'
TpTrace Information: 0 : 11656, 1, 2021/09/23, 12:29:50.597, 2678145974780, testhost.dll, SocketClient.Start: connecting to server endpoint: 127.0.0.1:055348
TpTrace Information: 0 : 11656, 1, 2021/09/23, 12:29:50.603, 2678146035433, testhost.dll, DefaultEngineInvoker.ConnectToDatacollector: Connecting to datacollector, port: 55347
TpTrace Information: 0 : 11656, 8, 2021/09/23, 12:29:50.604, 2678146041955, testhost.dll, SocketClient.OnServerConnected: connected to server endpoint: 127.0.0.1:055348
TpTrace Verbose: 0 : 11656, 8, 2021/09/23, 12:29:50.606, 2678146056011, testhost.dll, Connected to server, and starting MessageLoopAsync
TpTrace Information: 0 : 11656, 1, 2021/09/23, 12:29:50.606, 2678146061958, testhost.dll, Trying to connect to server on socket : 127.0.0.1:55347 
TpTrace Verbose: 0 : 11656, 1, 2021/09/23, 12:29:50.606, 2678146064485, testhost.dll, SocketCommunicationManager : SetupClientAsync : Attempting to connect to the server.
TpTrace Information: 0 : 11656, 10, 2021/09/23, 12:29:50.607, 2678146074977, testhost.dll, Connected to the server successfully 
TpTrace Information: 0 : 11656, 10, 2021/09/23, 12:29:50.607, 2678146075482, testhost.dll, Using the buffer size of 16384 bytes
TpTrace Verbose: 0 : 11656, 8, 2021/09/23, 12:29:50.608, 2678146078338, testhost.dll, TcpClientExtensions.MessageLoopAsync: Polling on remoteEndPoint: [::ffff:127.0.0.1]:55348 localEndPoint: [::ffff:127.0.0.1]:55349
TpTrace Information: 0 : 11656, 1, 2021/09/23, 12:29:50.608, 2678146078474, testhost.dll, DefaultEngineInvoker.Invoke: Start Request Processing.
TpTrace Verbose: 0 : 11656, 8, 2021/09/23, 12:29:50.608, 2678146081398, testhost.dll, TcpClientExtensions.MessageLoopAsync: NotifyDataAvailable remoteEndPoint: [::ffff:127.0.0.1]:55348 localEndPoint: [::ffff:127.0.0.1]:55349
TpTrace Information: 0 : 11656, 11, 2021/09/23, 12:29:50.608, 2678146084183, testhost.dll, DefaultEngineInvoker.StartProcessingAsync: Connected to vstest.console, Starting process requests.
TpTrace Information: 0 : 11656, 8, 2021/09/23, 12:29:50.700, 2678146998623, testhost.dll, TestRequestHandler.ProcessRequests: received message: (ProtocolVersion) -> 5
TpTrace Verbose: 0 : 11656, 8, 2021/09/23, 12:29:50.726, 2678147255908, testhost.dll, TestRequestHandler.SendData:  sending data from testhost: {"Version":5,"MessageType":"TestSession.Message","Payload":{"MessageLevel":0,"Message":"Registrando diagnóstico de TestHost en el archivo: D:\\IsmaPCBlanco\\Documentos\\ISMA\\Semestre 2021-2\\Diseño dirigido por pruebas\\Proyectos\\Parcial\\ProductoSolutionTDD\\ProductoSolutionTDD\\bin\\Debug\\net5.0\\fine-code-coverage\\coverage-tool-output\\diagnostics.host.21-09-23_12-29-50_47071_4.log"}}
TpTrace Verbose: 0 : 11656, 8, 2021/09/23, 12:29:50.726, 2678147260624, testhost.dll, TcpClientExtensions.MessageLoopAsync: Polling on remoteEndPoint: [::ffff:127.0.0.1]:55348 localEndPoint: [::ffff:127.0.0.1]:55349
TpTrace Verbose: 0 : 11656, 8, 2021/09/23, 12:29:50.726, 2678147261201, testhost.dll, TcpClientExtensions.MessageLoopAsync: NotifyDataAvailable remoteEndPoint: [::ffff:127.0.0.1]:55348 localEndPoint: [::ffff:127.0.0.1]:55349
TpTrace Information: 0 : 11656, 8, 2021/09/23, 12:29:50.729, 2678147286865, testhost.dll, TestRequestHandler.ProcessRequests: received message: (TestExecution.Initialize) -> [
  "D:\\IsmaPCBlanco\\Documentos\\ISMA\\Semestre 2021-2\\Diseño dirigido por pruebas\\Proyectos\\Parcial\\ProductoSolutionTDD\\ProductoSolutionTDD\\bin\\Debug\\net5.0\\fine-code-coverage\\build-output\\NUnit3.TestAdapter.dll"
]
TpTrace Information: 0 : 11656, 8, 2021/09/23, 12:29:50.729, 2678147287675, testhost.dll, Execution Session Initialize.
TpTrace Verbose: 0 : 11656, 8, 2021/09/23, 12:29:50.733, 2678147331368, testhost.dll, TcpClientExtensions.MessageLoopAsync: Polling on remoteEndPoint: [::ffff:127.0.0.1]:55348 localEndPoint: [::ffff:127.0.0.1]:55349
TpTrace Verbose: 0 : 11656, 8, 2021/09/23, 12:29:50.733, 2678147332073, testhost.dll, TcpClientExtensions.MessageLoopAsync: NotifyDataAvailable remoteEndPoint: [::ffff:127.0.0.1]:55348 localEndPoint: [::ffff:127.0.0.1]:55349
TpTrace Verbose: 0 : 11656, 4, 2021/09/23, 12:29:50.735, 2678147347866, testhost.dll, TestExecutorService: Loading the extensions
TpTrace Information: 0 : 11656, 8, 2021/09/23, 12:29:50.735, 2678147350316, testhost.dll, TestRequestHandler.ProcessRequests: received message: (TestExecution.StartWithSources) -> {
  "AdapterSourceMap": {
    "_none_": [
      "D:\\IsmaPCBlanco\\Documentos\\ISMA\\Semestre 2021-2\\Diseño dirigido por pruebas\\Proyectos\\Parcial\\ProductoSolutionTDD\\ProductoSolutionTDD\\bin\\Debug\\net5.0\\fine-code-coverage\\build-output\\ProductoSolutionTDD.dll"
    ]
  },
  "RunSettings": "<RunSettings>\r\n  <RunConfiguration>\r\n    <ResultsDirectory>D:\\IsmaPCBlanco\\Documentos\\ISMA\\Semestre 2021-2\\Diseño dirigido por pruebas\\Proyectos\\Parcial\\ProductoSolutionTDD\\ProductoSolutionTDD\\bin\\Debug\\net5.0\\fine-code-coverage\\coverage-tool-output</ResultsDirectory>\r\n    <TargetPlatform>X64</TargetPlatform>\r\n    <TargetFrameworkVersion>.NETCoreApp,Version=v5.0</TargetFrameworkVersion>\r\n    <DesignMode>False</DesignMode>\r\n    <CollectSourceInformation>False</CollectSourceInformation>\r\n  </RunConfiguration>\r\n  <LoggerRunSettings>\r\n    <Loggers>\r\n      <Logger friendlyName=\"blame\" enabled=\"True\" />\r\n      <Logger friendlyName=\"Console\" uri=\"logger://microsoft/TestPlatform/ConsoleLogger/v1\" assemblyQualifiedName=\"Microsoft.VisualStudio.TestPlatform.CommandLine.Internal.ConsoleLogger, vstest.console, Version=15.0.0.0, Culture=neutral, PublicKeyToken=b03f5f7f11d50a3a\" codeBase=\"C:\\Program Files\\dotnet\\sdk\\5.0.301\\vstest.console.dll\" enabled=\"True\" />\r\n    </Loggers>\r\n  </LoggerRunSettings>\r\n  <DataCollectionRunSettings>\r\n    <DataCollectors>\r\n      <DataCollector friendlyName=\"blame\" enabled=\"True\">\r\n        <Configuration>\r\n          <ResultsDirectory>D:\\IsmaPCBlanco\\Documentos\\ISMA\\Semestre 2021-2\\Diseño dirigido por pruebas\\Proyectos\\Parcial\\ProductoSolutionTDD\\ProductoSolutionTDD\\bin\\Debug\\net5.0\\fine-code-coverage\\coverage-tool-output</ResultsDirectory>\r\n        </Configuration>\r\n      </DataCollector>\r\n    </DataCollectors>\r\n  </DataCollectionRunSettings>\r\n</RunSettings>",
  "TestExecutionContext": {
    "FrequencyOfRunStatsChangeEvent": 10,
    "RunStatsChangeEventTimeout": "00:00:01.5000000",
    "InIsolation": false,
    "KeepAlive": false,
    "AreTestCaseLevelEventsRequired": false,
    "IsDebug": false,
    "TestCaseFilter": null,
    "FilterOptions": null
  },
  "Package": null
}
TpTrace Information: 0 : 11656, 8, 2021/09/23, 12:29:50.735, 2678147350992, testhost.dll, Execution started.
TpTrace Verbose: 0 : 11656, 4, 2021/09/23, 12:29:50.736, 2678147359110, testhost.dll, TestPluginCache.DiscoverTestExtensions: finding test extensions in assemblies ends with: TestAdapter.dll TPluginInfo: Microsoft.VisualStudio.TestPlatform.Common.ExtensionFramework.Utilities.TestExecutorPluginInformation TExtension: Microsoft.VisualStudio.TestPlatform.ObjectModel.Adapter.ITestExecutor
TpTrace Verbose: 0 : 11656, 4, 2021/09/23, 12:29:50.736, 2678147365241, testhost.dll, TestPluginCache.GetExtensionPaths: Filtered extension paths: 
TpTrace Verbose: 0 : 11656, 4, 2021/09/23, 12:29:50.737, 2678147367426, testhost.dll, TestPluginCache.GetExtensionPaths: Added default extension paths: D:\IsmaPCBlanco\Documentos\ISMA\Semestre 2021-2\Diseño dirigido por pruebas\Proyectos\Parcial\ProductoSolutionTDD\ProductoSolutionTDD\bin\Debug\net5.0\fine-code-coverage\build-output\NUnit3.TestAdapter.dll
TpTrace Verbose: 0 : 11656, 4, 2021/09/23, 12:29:50.737, 2678147367676, testhost.dll, TestPluginCache.GetExtensionPaths: Added unfilterableExtensionPaths: 
TpTrace Information: 0 : 11656, 4, 2021/09/23, 12:29:50.738, 2678147384415, testhost.dll, AssemblyResolver.ctor: Creating AssemblyResolver with searchDirectories D:\IsmaPCBlanco\Documentos\ISMA\Semestre 2021-2\Diseño dirigido por pruebas\Proyectos\Parcial\ProductoSolutionTDD\ProductoSolutionTDD\bin\Debug\net5.0\fine-code-coverage\build-output
TpTrace Verbose: 0 : 11656, 4, 2021/09/23, 12:29:50.739, 2678147393144, testhost.dll, TestPluginCache.DiscoverTestExtensions: Discovering the extensions using extension path.
TpTrace Verbose: 0 : 11656, 4, 2021/09/23, 12:29:50.739, 2678147394001, testhost.dll, TestPluginCache.GetExtensionPaths: Filtered extension paths: 
TpTrace Verbose: 0 : 11656, 4, 2021/09/23, 12:29:50.739, 2678147394235, testhost.dll, TestPluginCache.GetExtensionPaths: Added default extension paths: D:\IsmaPCBlanco\Documentos\ISMA\Semestre 2021-2\Diseño dirigido por pruebas\Proyectos\Parcial\ProductoSolutionTDD\ProductoSolutionTDD\bin\Debug\net5.0\fine-code-coverage\build-output\NUnit3.TestAdapter.dll
TpTrace Verbose: 0 : 11656, 4, 2021/09/23, 12:29:50.739, 2678147394403, testhost.dll, TestPluginCache.GetExtensionPaths: Added unfilterableExtensionPaths: 
TpTrace Verbose: 0 : 11656, 4, 2021/09/23, 12:29:50.739, 2678147394801, testhost.dll, TestPluginCache.DiscoverTestExtensions: Discovering the extensions using allExtensionPaths: D:\IsmaPCBlanco\Documentos\ISMA\Semestre 2021-2\Diseño dirigido por pruebas\Proyectos\Parcial\ProductoSolutionTDD\ProductoSolutionTDD\bin\Debug\net5.0\fine-code-coverage\build-output\NUnit3.TestAdapter.dll
TpTrace Information: 0 : 11656, 4, 2021/09/23, 12:29:50.740, 2678147401418, testhost.dll, AssemblyResolver.AddSearchDirectories: Adding more searchDirectories D:\IsmaPCBlanco\Documentos\ISMA\Semestre 2021-2\Diseño dirigido por pruebas\Proyectos\Parcial\ProductoSolutionTDD\ProductoSolutionTDD\bin\Debug\net5.0\fine-code-coverage\build-output
TpTrace Information: 0 : 11656, 4, 2021/09/23, 12:29:50.744, 2678147441191, testhost.dll, AssemblyResolver.OnResolve: NUnit3.TestAdapter: Resolving assembly.
TpTrace Information: 0 : 11656, 4, 2021/09/23, 12:29:50.745, 2678147452221, testhost.dll, AssemblyResolver.OnResolve: Resolved assembly: NUnit3.TestAdapter, from path: D:\IsmaPCBlanco\Documentos\ISMA\Semestre 2021-2\Diseño dirigido por pruebas\Proyectos\Parcial\ProductoSolutionTDD\ProductoSolutionTDD\bin\Debug\net5.0\fine-code-coverage\build-output\NUnit3.TestAdapter.dll
TpTrace Information: 0 : 11656, 4, 2021/09/23, 12:29:50.747, 2678147471978, testhost.dll, AssemblyResolver.OnResolve: nunit.engine.api: Resolving assembly.
TpTrace Information: 0 : 11656, 4, 2021/09/23, 12:29:50.748, 2678147475514, testhost.dll, AssemblyResolver.OnResolve: Resolved assembly: nunit.engine.api, from path: D:\IsmaPCBlanco\Documentos\ISMA\Semestre 2021-2\Diseño dirigido por pruebas\Proyectos\Parcial\ProductoSolutionTDD\ProductoSolutionTDD\bin\Debug\net5.0\fine-code-coverage\build-output\nunit.engine.api.dll
TpTrace Verbose: 0 : 11656, 4, 2021/09/23, 12:29:50.751, 2678147511208, testhost.dll, TestPluginCache: Discovered the extensions using extension path ''.
TpTrace Verbose: 0 : 11656, 4, 2021/09/23, 12:29:50.751, 2678147514397, testhost.dll, TestPluginCache: Discoverers are ''.
TpTrace Verbose: 0 : 11656, 4, 2021/09/23, 12:29:50.751, 2678147514957, testhost.dll, TestPluginCache: Executors are 'executor://NUnit3TestExecutor'.
TpTrace Verbose: 0 : 11656, 4, 2021/09/23, 12:29:50.751, 2678147515454, testhost.dll, TestPluginCache: Executors2 are ''.
TpTrace Verbose: 0 : 11656, 4, 2021/09/23, 12:29:50.752, 2678147515831, testhost.dll, TestPluginCache: Setting providers are ''.
TpTrace Verbose: 0 : 11656, 4, 2021/09/23, 12:29:50.752, 2678147516091, testhost.dll, TestPluginCache: Loggers are ''.
TpTrace Verbose: 0 : 11656, 8, 2021/09/23, 12:29:50.752, 2678147524372, testhost.dll, TcpClientExtensions.MessageLoopAsync: Polling on remoteEndPoint: [::ffff:127.0.0.1]:55348 localEndPoint: [::ffff:127.0.0.1]:55349
TpTrace Verbose: 0 : 11656, 4, 2021/09/23, 12:29:50.753, 2678147535334, testhost.dll, TestPluginCache.DiscoverTestExtensions: finding test extensions in assemblies ends with: TestAdapter.dll TPluginInfo: Microsoft.VisualStudio.TestPlatform.Common.ExtensionFramework.Utilities.TestExecutorPluginInformation2 TExtension: Microsoft.VisualStudio.TestPlatform.ObjectModel.Adapter.ITestExecutor2
TpTrace Verbose: 0 : 11656, 4, 2021/09/23, 12:29:50.754, 2678147537078, testhost.dll, TestPluginCache.GetExtensionPaths: Filtered extension paths: 
TpTrace Verbose: 0 : 11656, 4, 2021/09/23, 12:29:50.754, 2678147537342, testhost.dll, TestPluginCache.GetExtensionPaths: Added default extension paths: D:\IsmaPCBlanco\Documentos\ISMA\Semestre 2021-2\Diseño dirigido por pruebas\Proyectos\Parcial\ProductoSolutionTDD\ProductoSolutionTDD\bin\Debug\net5.0\fine-code-coverage\build-output\NUnit3.TestAdapter.dll
TpTrace Verbose: 0 : 11656, 4, 2021/09/23, 12:29:50.754, 2678147537493, testhost.dll, TestPluginCache.GetExtensionPaths: Added unfilterableExtensionPaths: 
TpTrace Information: 0 : 11656, 4, 2021/09/23, 12:29:50.754, 2678147538653, testhost.dll, AssemblyResolver.AddSearchDirectories: Adding more searchDirectories D:\IsmaPCBlanco\Documentos\ISMA\Semestre 2021-2\Diseño dirigido por pruebas\Proyectos\Parcial\ProductoSolutionTDD\ProductoSolutionTDD\bin\Debug\net5.0\fine-code-coverage\build-output
TpTrace Verbose: 0 : 11656, 4, 2021/09/23, 12:29:50.754, 2678147538931, testhost.dll, TestPluginCache.DiscoverTestExtensions: Discovering the extensions using extension path.
TpTrace Verbose: 0 : 11656, 4, 2021/09/23, 12:29:50.754, 2678147539085, testhost.dll, TestPluginCache.GetExtensionPaths: Filtered extension paths: 
TpTrace Verbose: 0 : 11656, 4, 2021/09/23, 12:29:50.754, 2678147539219, testhost.dll, TestPluginCache.GetExtensionPaths: Added default extension paths: D:\IsmaPCBlanco\Documentos\ISMA\Semestre 2021-2\Diseño dirigido por pruebas\Proyectos\Parcial\ProductoSolutionTDD\ProductoSolutionTDD\bin\Debug\net5.0\fine-code-coverage\build-output\NUnit3.TestAdapter.dll
TpTrace Verbose: 0 : 11656, 4, 2021/09/23, 12:29:50.754, 2678147539381, testhost.dll, TestPluginCache.GetExtensionPaths: Added unfilterableExtensionPaths: 
TpTrace Verbose: 0 : 11656, 4, 2021/09/23, 12:29:50.754, 2678147539526, testhost.dll, TestPluginCache.DiscoverTestExtensions: Discovering the extensions using allExtensionPaths: D:\IsmaPCBlanco\Documentos\ISMA\Semestre 2021-2\Diseño dirigido por pruebas\Proyectos\Parcial\ProductoSolutionTDD\ProductoSolutionTDD\bin\Debug\net5.0\fine-code-coverage\build-output\NUnit3.TestAdapter.dll
TpTrace Information: 0 : 11656, 4, 2021/09/23, 12:29:50.754, 2678147539736, testhost.dll, AssemblyResolver.AddSearchDirectories: Adding more searchDirectories D:\IsmaPCBlanco\Documentos\ISMA\Semestre 2021-2\Diseño dirigido por pruebas\Proyectos\Parcial\ProductoSolutionTDD\ProductoSolutionTDD\bin\Debug\net5.0\fine-code-coverage\build-output
TpTrace Verbose: 0 : 11656, 4, 2021/09/23, 12:29:50.754, 2678147541783, testhost.dll, TestPluginCache: Discovered the extensions using extension path ''.
TpTrace Verbose: 0 : 11656, 4, 2021/09/23, 12:29:50.754, 2678147542504, testhost.dll, TestPluginCache: Discoverers are ''.
TpTrace Verbose: 0 : 11656, 4, 2021/09/23, 12:29:50.754, 2678147542750, testhost.dll, TestPluginCache: Executors are 'executor://NUnit3TestExecutor'.
TpTrace Verbose: 0 : 11656, 4, 2021/09/23, 12:29:50.754, 2678147543240, testhost.dll, TestPluginCache: Executors2 are ''.
TpTrace Verbose: 0 : 11656, 4, 2021/09/23, 12:29:50.754, 2678147543436, testhost.dll, TestPluginCache: Setting providers are ''.
TpTrace Verbose: 0 : 11656, 4, 2021/09/23, 12:29:50.754, 2678147543567, testhost.dll, TestPluginCache: Loggers are ''.
TpTrace Information: 0 : 11656, 4, 2021/09/23, 12:29:50.758, 2678147581965, testhost.dll, TestPluginManager.CreateTestExtension: Attempting to load test extension: NUnit.VisualStudio.TestAdapter.NUnit3TestExecutor
TpTrace Verbose: 0 : 11656, 4, 2021/09/23, 12:29:50.759, 2678147586580, testhost.dll, TestExecutorExtensionManager: Loading executor NUnit.VisualStudio.TestAdapter.NUnit3TestExecutor
TpTrace Verbose: 0 : 11656, 4, 2021/09/23, 12:29:50.759, 2678147586949, testhost.dll, TestExecutorService: Loaded the executors
TpTrace Verbose: 0 : 11656, 4, 2021/09/23, 12:29:50.759, 2678147593446, testhost.dll, TestPluginCache.DiscoverTestExtensions: finding test extensions in assemblies ends with: TestAdapter.dll TPluginInfo: Microsoft.VisualStudio.TestPlatform.Common.ExtensionFramework.Utilities.TestSettingsProviderPluginInformation TExtension: Microsoft.VisualStudio.TestPlatform.ObjectModel.Adapter.ISettingsProvider
TpTrace Verbose: 0 : 11656, 4, 2021/09/23, 12:29:50.759, 2678147594053, testhost.dll, TestPluginCache.GetExtensionPaths: Filtered extension paths: 
TpTrace Verbose: 0 : 11656, 4, 2021/09/23, 12:29:50.759, 2678147594269, testhost.dll, TestPluginCache.GetExtensionPaths: Added default extension paths: D:\IsmaPCBlanco\Documentos\ISMA\Semestre 2021-2\Diseño dirigido por pruebas\Proyectos\Parcial\ProductoSolutionTDD\ProductoSolutionTDD\bin\Debug\net5.0\fine-code-coverage\build-output\NUnit3.TestAdapter.dll
TpTrace Verbose: 0 : 11656, 4, 2021/09/23, 12:29:50.759, 2678147594436, testhost.dll, TestPluginCache.GetExtensionPaths: Added unfilterableExtensionPaths: 
TpTrace Information: 0 : 11656, 4, 2021/09/23, 12:29:50.759, 2678147595255, testhost.dll, AssemblyResolver.AddSearchDirectories: Adding more searchDirectories D:\IsmaPCBlanco\Documentos\ISMA\Semestre 2021-2\Diseño dirigido por pruebas\Proyectos\Parcial\ProductoSolutionTDD\ProductoSolutionTDD\bin\Debug\net5.0\fine-code-coverage\build-output
TpTrace Verbose: 0 : 11656, 4, 2021/09/23, 12:29:50.760, 2678147596524, testhost.dll, TestPluginCache.DiscoverTestExtensions: Discovering the extensions using extension path.
TpTrace Verbose: 0 : 11656, 4, 2021/09/23, 12:29:50.760, 2678147596752, testhost.dll, TestPluginCache.GetExtensionPaths: Filtered extension paths: 
TpTrace Verbose: 0 : 11656, 4, 2021/09/23, 12:29:50.760, 2678147596921, testhost.dll, TestPluginCache.GetExtensionPaths: Added default extension paths: D:\IsmaPCBlanco\Documentos\ISMA\Semestre 2021-2\Diseño dirigido por pruebas\Proyectos\Parcial\ProductoSolutionTDD\ProductoSolutionTDD\bin\Debug\net5.0\fine-code-coverage\build-output\NUnit3.TestAdapter.dll
TpTrace Verbose: 0 : 11656, 4, 2021/09/23, 12:29:50.760, 2678147597061, testhost.dll, TestPluginCache.GetExtensionPaths: Added unfilterableExtensionPaths: 
TpTrace Verbose: 0 : 11656, 4, 2021/09/23, 12:29:50.760, 2678147597214, testhost.dll, TestPluginCache.DiscoverTestExtensions: Discovering the extensions using allExtensionPaths: D:\IsmaPCBlanco\Documentos\ISMA\Semestre 2021-2\Diseño dirigido por pruebas\Proyectos\Parcial\ProductoSolutionTDD\ProductoSolutionTDD\bin\Debug\net5.0\fine-code-coverage\build-output\NUnit3.TestAdapter.dll
TpTrace Information: 0 : 11656, 4, 2021/09/23, 12:29:50.760, 2678147597486, testhost.dll, AssemblyResolver.AddSearchDirectories: Adding more searchDirectories D:\IsmaPCBlanco\Documentos\ISMA\Semestre 2021-2\Diseño dirigido por pruebas\Proyectos\Parcial\ProductoSolutionTDD\ProductoSolutionTDD\bin\Debug\net5.0\fine-code-coverage\build-output
TpTrace Verbose: 0 : 11656, 4, 2021/09/23, 12:29:50.760, 2678147600135, testhost.dll, TestPluginCache: Discovered the extensions using extension path ''.
TpTrace Verbose: 0 : 11656, 4, 2021/09/23, 12:29:50.760, 2678147600413, testhost.dll, TestPluginCache: Discoverers are ''.
TpTrace Verbose: 0 : 11656, 4, 2021/09/23, 12:29:50.760, 2678147600566, testhost.dll, TestPluginCache: Executors are 'executor://NUnit3TestExecutor'.
TpTrace Verbose: 0 : 11656, 4, 2021/09/23, 12:29:50.760, 2678147600709, testhost.dll, TestPluginCache: Executors2 are ''.
TpTrace Verbose: 0 : 11656, 4, 2021/09/23, 12:29:50.760, 2678147602642, testhost.dll, TestPluginCache: Setting providers are ''.
TpTrace Verbose: 0 : 11656, 4, 2021/09/23, 12:29:50.760, 2678147602816, testhost.dll, TestPluginCache: Loggers are ''.
TpTrace Verbose: 0 : 11656, 4, 2021/09/23, 12:29:50.761, 2678147609429, testhost.dll, TestExecutorService: Loaded the settings providers
TpTrace Information: 0 : 11656, 4, 2021/09/23, 12:29:50.761, 2678147609778, testhost.dll, TestExecutorService: Loaded the extensions
TpTrace Information: 0 : 11656, 4, 2021/09/23, 12:29:50.777, 2678147768905, testhost.dll, AssemblyResolver.OnResolve: Microsoft.VisualStudio.TestPlatform.Common.resources: Resolving assembly.
TpTrace Information: 0 : 11656, 4, 2021/09/23, 12:29:50.777, 2678147770030, testhost.dll, AssemblyResolver.OnResolve: Microsoft.VisualStudio.TestPlatform.Common.resources: Failed to load assembly.
TpTrace Information: 0 : 11656, 4, 2021/09/23, 12:29:50.814, 2678148143848, testhost.dll, TestDiscoveryManager: Discovering tests from sources D:\IsmaPCBlanco\Documentos\ISMA\Semestre 2021-2\Diseño dirigido por pruebas\Proyectos\Parcial\ProductoSolutionTDD\ProductoSolutionTDD\bin\Debug\net5.0\fine-code-coverage\build-output\ProductoSolutionTDD.dll
TpTrace Verbose: 0 : 11656, 4, 2021/09/23, 12:29:50.816, 2678148159000, testhost.dll, TestPluginCache.DiscoverTestExtensions: finding test extensions in assemblies ends with: TestAdapter.dll TPluginInfo: Microsoft.VisualStudio.TestPlatform.Common.ExtensionFramework.Utilities.TestDiscovererPluginInformation TExtension: Microsoft.VisualStudio.TestPlatform.ObjectModel.Adapter.ITestDiscoverer
TpTrace Verbose: 0 : 11656, 4, 2021/09/23, 12:29:50.816, 2678148160032, testhost.dll, TestPluginCache.GetExtensionPaths: Filtered extension paths: 
TpTrace Verbose: 0 : 11656, 4, 2021/09/23, 12:29:50.816, 2678148160278, testhost.dll, TestPluginCache.GetExtensionPaths: Added default extension paths: D:\IsmaPCBlanco\Documentos\ISMA\Semestre 2021-2\Diseño dirigido por pruebas\Proyectos\Parcial\ProductoSolutionTDD\ProductoSolutionTDD\bin\Debug\net5.0\fine-code-coverage\build-output\NUnit3.TestAdapter.dll
TpTrace Verbose: 0 : 11656, 4, 2021/09/23, 12:29:50.816, 2678148160441, testhost.dll, TestPluginCache.GetExtensionPaths: Added unfilterableExtensionPaths: 
TpTrace Information: 0 : 11656, 4, 2021/09/23, 12:29:50.816, 2678148161435, testhost.dll, AssemblyResolver.AddSearchDirectories: Adding more searchDirectories D:\IsmaPCBlanco\Documentos\ISMA\Semestre 2021-2\Diseño dirigido por pruebas\Proyectos\Parcial\ProductoSolutionTDD\ProductoSolutionTDD\bin\Debug\net5.0\fine-code-coverage\build-output
TpTrace Verbose: 0 : 11656, 4, 2021/09/23, 12:29:50.816, 2678148161701, testhost.dll, TestPluginCache.DiscoverTestExtensions: Discovering the extensions using extension path.
TpTrace Verbose: 0 : 11656, 4, 2021/09/23, 12:29:50.816, 2678148161873, testhost.dll, TestPluginCache.GetExtensionPaths: Filtered extension paths: 
TpTrace Verbose: 0 : 11656, 4, 2021/09/23, 12:29:50.816, 2678148162124, testhost.dll, TestPluginCache.GetExtensionPaths: Added default extension paths: D:\IsmaPCBlanco\Documentos\ISMA\Semestre 2021-2\Diseño dirigido por pruebas\Proyectos\Parcial\ProductoSolutionTDD\ProductoSolutionTDD\bin\Debug\net5.0\fine-code-coverage\build-output\NUnit3.TestAdapter.dll
TpTrace Verbose: 0 : 11656, 4, 2021/09/23, 12:29:50.816, 2678148162300, testhost.dll, TestPluginCache.GetExtensionPaths: Added unfilterableExtensionPaths: 
TpTrace Verbose: 0 : 11656, 4, 2021/09/23, 12:29:50.816, 2678148162507, testhost.dll, TestPluginCache.DiscoverTestExtensions: Discovering the extensions using allExtensionPaths: D:\IsmaPCBlanco\Documentos\ISMA\Semestre 2021-2\Diseño dirigido por pruebas\Proyectos\Parcial\ProductoSolutionTDD\ProductoSolutionTDD\bin\Debug\net5.0\fine-code-coverage\build-output\NUnit3.TestAdapter.dll
TpTrace Information: 0 : 11656, 4, 2021/09/23, 12:29:50.816, 2678148162895, testhost.dll, AssemblyResolver.AddSearchDirectories: Adding more searchDirectories D:\IsmaPCBlanco\Documentos\ISMA\Semestre 2021-2\Diseño dirigido por pruebas\Proyectos\Parcial\ProductoSolutionTDD\ProductoSolutionTDD\bin\Debug\net5.0\fine-code-coverage\build-output
TpTrace Information: 0 : 11656, 4, 2021/09/23, 12:29:50.818, 2678148177926, testhost.dll, AssemblyResolver.OnResolve: System.ComponentModel.Primitives.resources: Resolving assembly.
TpTrace Information: 0 : 11656, 4, 2021/09/23, 12:29:50.818, 2678148178705, testhost.dll, AssemblyResolver.OnResolve: System.ComponentModel.Primitives.resources: Failed to load assembly.
TpTrace Verbose: 0 : 11656, 4, 2021/09/23, 12:29:50.818, 2678148180909, testhost.dll, CurrentDomain_AssemblyResolve: Resolving assembly 'System.ComponentModel.Primitives.resources'.
TpTrace Information: 0 : 11656, 4, 2021/09/23, 12:29:50.818, 2678148181462, testhost.dll, AssemblyResolver.OnResolve: System.ComponentModel.Primitives.resources: Resolving assembly.
TpTrace Information: 0 : 11656, 4, 2021/09/23, 12:29:50.818, 2678148182157, testhost.dll, AssemblyResolver.OnResolve: System.ComponentModel.Primitives.resources: Resolved from cache.
TpTrace Verbose: 0 : 11656, 4, 2021/09/23, 12:29:50.818, 2678148182359, testhost.dll, CurrentDomain_AssemblyResolve: Resolving assembly 'System.ComponentModel.Primitives.resources'.
TpTrace Verbose: 0 : 11656, 4, 2021/09/23, 12:29:50.818, 2678148182525, testhost.dll, CurrentDomainAssemblyResolve: Failed to resolve assembly 'System.ComponentModel.Primitives.resources'.
TpTrace Verbose: 0 : 11656, 4, 2021/09/23, 12:29:50.819, 2678148187960, testhost.dll, CurrentDomainAssemblyResolve: Failed to resolve assembly 'System.ComponentModel.Primitives.resources'.
TpTrace Information: 0 : 11656, 4, 2021/09/23, 12:29:50.819, 2678148191451, testhost.dll, AssemblyResolver.OnResolve: System.ComponentModel.Primitives.resources: Resolving assembly.
TpTrace Information: 0 : 11656, 4, 2021/09/23, 12:29:50.819, 2678148191734, testhost.dll, AssemblyResolver.OnResolve: System.ComponentModel.Primitives.resources: Resolved from cache.
TpTrace Verbose: 0 : 11656, 4, 2021/09/23, 12:29:50.819, 2678148191920, testhost.dll, CurrentDomain_AssemblyResolve: Resolving assembly 'System.ComponentModel.Primitives.resources'.
TpTrace Verbose: 0 : 11656, 4, 2021/09/23, 12:29:50.819, 2678148192066, testhost.dll, CurrentDomainAssemblyResolve: Failed to resolve assembly 'System.ComponentModel.Primitives.resources'.
TpTrace Verbose: 0 : 11656, 4, 2021/09/23, 12:29:50.820, 2678148198735, testhost.dll, TestPluginCache: Discovered the extensions using extension path ''.
TpTrace Verbose: 0 : 11656, 4, 2021/09/23, 12:29:50.820, 2678148199251, testhost.dll, TestPluginCache: Discoverers are 'NUnit.VisualStudio.TestAdapter.NUnit3TestDiscoverer, NUnit3.TestAdapter, Version=3.17.0.0, Culture=neutral, PublicKeyToken=4cb40d35494691ac'.
TpTrace Verbose: 0 : 11656, 4, 2021/09/23, 12:29:50.820, 2678148199571, testhost.dll, TestPluginCache: Executors are 'executor://NUnit3TestExecutor'.
TpTrace Verbose: 0 : 11656, 4, 2021/09/23, 12:29:50.820, 2678148199740, testhost.dll, TestPluginCache: Executors2 are ''.
TpTrace Verbose: 0 : 11656, 4, 2021/09/23, 12:29:50.820, 2678148199886, testhost.dll, TestPluginCache: Setting providers are ''.
TpTrace Verbose: 0 : 11656, 4, 2021/09/23, 12:29:50.820, 2678148200022, testhost.dll, TestPluginCache: Loggers are ''.
TpTrace Information: 0 : 11656, 4, 2021/09/23, 12:29:50.826, 2678148260204, testhost.dll, PEReaderHelper.GetAssemblyType: Determined assemblyType:'Managed' for source: 'D:\IsmaPCBlanco\Documentos\ISMA\Semestre 2021-2\Diseño dirigido por pruebas\Proyectos\Parcial\ProductoSolutionTDD\ProductoSolutionTDD\bin\Debug\net5.0\fine-code-coverage\build-output\ProductoSolutionTDD.dll'
TpTrace Verbose: 0 : 11656, 4, 2021/09/23, 12:29:50.830, 2678148302921, testhost.dll, BaseRunTests.RunTestInternalWithExecutors: Running tests for executor://NUnit3TestExecutor
TpTrace Information: 0 : 11656, 4, 2021/09/23, 12:29:50.831, 2678148313794, testhost.dll, AssemblyResolver.OnResolve: nunit.engine: Resolving assembly.
TpTrace Information: 0 : 11656, 4, 2021/09/23, 12:29:50.832, 2678148318301, testhost.dll, AssemblyResolver.OnResolve: Resolved assembly: nunit.engine, from path: D:\IsmaPCBlanco\Documentos\ISMA\Semestre 2021-2\Diseño dirigido por pruebas\Proyectos\Parcial\ProductoSolutionTDD\ProductoSolutionTDD\bin\Debug\net5.0\fine-code-coverage\build-output\nunit.engine.dll
TpTrace Information: 0 : 11656, 4, 2021/09/23, 12:29:50.832, 2678148318976, testhost.dll, AssemblyResolver.OnResolve: nunit.engine.core: Resolving assembly.
TpTrace Information: 0 : 11656, 4, 2021/09/23, 12:29:50.832, 2678148322335, testhost.dll, AssemblyResolver.OnResolve: Resolved assembly: nunit.engine.core, from path: D:\IsmaPCBlanco\Documentos\ISMA\Semestre 2021-2\Diseño dirigido por pruebas\Proyectos\Parcial\ProductoSolutionTDD\ProductoSolutionTDD\bin\Debug\net5.0\fine-code-coverage\build-output\nunit.engine.core.dll
TpTrace Information: 0 : 11656, 4, 2021/09/23, 12:29:50.838, 2678148382394, testhost.dll, NUnit Adapter 3.17.0.0: Test execution started
TpTrace Verbose: 0 : 11656, 4, 2021/09/23, 12:29:50.838, 2678148383665, testhost.dll, TestRequestHandler.SendData:  sending data from testhost: {"Version":5,"MessageType":"TestSession.Message","Payload":{"MessageLevel":0,"Message":"NUnit Adapter 3.17.0.0: Test execution started"}}
TpTrace Information: 0 : 11656, 4, 2021/09/23, 12:29:50.863, 2678148629485, testhost.dll, Running all tests in D:\IsmaPCBlanco\Documentos\ISMA\Semestre 2021-2\Diseño dirigido por pruebas\Proyectos\Parcial\ProductoSolutionTDD\ProductoSolutionTDD\bin\Debug\net5.0\fine-code-coverage\build-output\ProductoSolutionTDD.dll
TpTrace Verbose: 0 : 11656, 4, 2021/09/23, 12:29:50.863, 2678148630874, testhost.dll, TestRequestHandler.SendData:  sending data from testhost: {"Version":5,"MessageType":"TestSession.Message","Payload":{"MessageLevel":0,"Message":"Running all tests in D:\\IsmaPCBlanco\\Documentos\\ISMA\\Semestre 2021-2\\Diseño dirigido por pruebas\\Proyectos\\Parcial\\ProductoSolutionTDD\\ProductoSolutionTDD\\bin\\Debug\\net5.0\\fine-code-coverage\\build-output\\ProductoSolutionTDD.dll"}}
TpTrace Information: 0 : 11656, 4, 2021/09/23, 12:29:50.870, 2678148704096, testhost.dll, AssemblyResolver.OnResolve: Mono.Cecil: Resolving assembly.
TpTrace Information: 0 : 11656, 4, 2021/09/23, 12:29:50.871, 2678148705904, testhost.dll, AssemblyResolver.OnResolve: Mono.Cecil: Failed to load assembly.
TpTrace Information: 0 : 11656, 4, 2021/09/23, 12:29:51.003, 2678150026830, testhost.dll,    NUnit3TestExecutor discovered 4 of 4 NUnit test cases
TpTrace Verbose: 0 : 11656, 4, 2021/09/23, 12:29:51.003, 2678150028294, testhost.dll, TestRequestHandler.SendData:  sending data from testhost: {"Version":5,"MessageType":"TestSession.Message","Payload":{"MessageLevel":0,"Message":"   NUnit3TestExecutor discovered 4 of 4 NUnit test cases"}}
TpTrace Verbose: 0 : 11656, 12, 2021/09/23, 12:29:51.028, 2678150281651, testhost.dll, TestExecutionRecorder.RecordStart: Starting test: ProductoSolutionTDD.ProductoSolutionTest.NoPuedeIngresarCantidadProductosDeMenosUno.
TpTrace Verbose: 0 : 11656, 12, 2021/09/23, 12:29:51.063, 2678150631989, testhost.dll, TestExecutionRecorder.RecordEnd: test: ProductoSolutionTDD.ProductoSolutionTest.NoPuedeIngresarCantidadProductosDeMenosUno execution completed.
TpTrace Verbose: 0 : 11656, 12, 2021/09/23, 12:29:51.076, 2678150756783, testhost.dll, TestExecutionRecorder.RecordResult: Received result for test: ProductoSolutionTDD.ProductoSolutionTest.NoPuedeIngresarCantidadProductosDeMenosUno.
TpTrace Warning: 0 : 11656, 12, 2021/09/23, 12:29:51.079, 2678150789250, testhost.dll, TestRunCache: InProgressTests is null
TpTrace Warning: 0 : 11656, 12, 2021/09/23, 12:29:51.079, 2678150790926, testhost.dll, TestRunCache: No test found corresponding to testResult 'NoPuedeIngresarCantidadProductosDeMenosUno' in inProgress list.
TpTrace Verbose: 0 : 11656, 12, 2021/09/23, 12:29:51.079, 2678150792259, testhost.dll, TestExecutionRecorder.RecordStart: Starting test: ProductoSolutionTDD.ProductoSolutionTest.NoPuedeVenderCantidadProductosDeMenosUno.
TpTrace Verbose: 0 : 11656, 12, 2021/09/23, 12:29:51.080, 2678150802296, testhost.dll, TestExecutionRecorder.RecordEnd: test: ProductoSolutionTDD.ProductoSolutionTest.NoPuedeVenderCantidadProductosDeMenosUno execution completed.
TpTrace Verbose: 0 : 11656, 12, 2021/09/23, 12:29:51.081, 2678150809051, testhost.dll, TestExecutionRecorder.RecordResult: Received result for test: ProductoSolutionTDD.ProductoSolutionTest.NoPuedeVenderCantidadProductosDeMenosUno.
TpTrace Warning: 0 : 11656, 12, 2021/09/23, 12:29:51.081, 2678150809691, testhost.dll, TestRunCache: InProgressTests is null
TpTrace Warning: 0 : 11656, 12, 2021/09/23, 12:29:51.081, 2678150809889, testhost.dll, TestRunCache: No test found corresponding to testResult 'NoPuedeVenderCantidadProductosDeMenosUno' in inProgress list.
TpTrace Verbose: 0 : 11656, 12, 2021/09/23, 12:29:51.081, 2678150810414, testhost.dll, TestExecutionRecorder.RecordStart: Starting test: ProductoSolutionTDD.ProductoSolutionTest.PuedeIngresarCantidadProductosCincuentaCorrecta.
TpTrace Verbose: 0 : 11656, 12, 2021/09/23, 12:29:51.082, 2678150816831, testhost.dll, TestExecutionRecorder.RecordEnd: test: ProductoSolutionTDD.ProductoSolutionTest.PuedeIngresarCantidadProductosCincuentaCorrecta execution completed.
TpTrace Verbose: 0 : 11656, 12, 2021/09/23, 12:29:51.082, 2678150822195, testhost.dll, TestExecutionRecorder.RecordResult: Received result for test: ProductoSolutionTDD.ProductoSolutionTest.PuedeIngresarCantidadProductosCincuentaCorrecta.
TpTrace Warning: 0 : 11656, 12, 2021/09/23, 12:29:51.082, 2678150822602, testhost.dll, TestRunCache: InProgressTests is null
TpTrace Warning: 0 : 11656, 12, 2021/09/23, 12:29:51.082, 2678150822766, testhost.dll, TestRunCache: No test found corresponding to testResult 'PuedeIngresarCantidadProductosCincuentaCorrecta' in inProgress list.
TpTrace Verbose: 0 : 11656, 12, 2021/09/23, 12:29:51.082, 2678150823232, testhost.dll, TestExecutionRecorder.RecordStart: Starting test: ProductoSolutionTDD.ProductoSolutionTest.PuedeVenderCantidadProductoSencilloCorrecta.
TpTrace Verbose: 0 : 11656, 12, 2021/09/23, 12:29:51.084, 2678150843102, testhost.dll, TestExecutionRecorder.RecordEnd: test: ProductoSolutionTDD.ProductoSolutionTest.PuedeVenderCantidadProductoSencilloCorrecta execution completed.
TpTrace Verbose: 0 : 11656, 12, 2021/09/23, 12:29:51.085, 2678150851103, testhost.dll, TestExecutionRecorder.RecordResult: Received result for test: ProductoSolutionTDD.ProductoSolutionTest.PuedeVenderCantidadProductoSencilloCorrecta.
TpTrace Warning: 0 : 11656, 12, 2021/09/23, 12:29:51.085, 2678150851613, testhost.dll, TestRunCache: InProgressTests is null
TpTrace Warning: 0 : 11656, 12, 2021/09/23, 12:29:51.085, 2678150851786, testhost.dll, TestRunCache: No test found corresponding to testResult 'PuedeVenderCantidadProductoSencilloCorrecta' in inProgress list.
TpTrace Information: 0 : 11656, 4, 2021/09/23, 12:29:51.088, 2678150877959, testhost.dll, NUnit Adapter 3.17.0.0: Test execution complete
TpTrace Verbose: 0 : 11656, 4, 2021/09/23, 12:29:51.088, 2678150878868, testhost.dll, TestRequestHandler.SendData:  sending data from testhost: {"Version":5,"MessageType":"TestSession.Message","Payload":{"MessageLevel":0,"Message":"NUnit Adapter 3.17.0.0: Test execution complete"}}
TpTrace Verbose: 0 : 11656, 4, 2021/09/23, 12:29:51.092, 2678150915764, testhost.dll, BaseRunTests.RunTestInternalWithExecutors: Completed running tests for executor://NUnit3TestExecutor
TpTrace Information: 0 : 11656, 4, 2021/09/23, 12:29:51.095, 2678150947741, testhost.dll, Sending test run complete
TpTrace Verbose: 0 : 11656, 4, 2021/09/23, 12:29:51.120, 2678151199014, testhost.dll, TestRequestHandler.SendData:  sending data from testhost: {"Version":5,"MessageType":"TestExecution.Completed","Payload":{"TestRunCompleteArgs":{"TestRunStatistics":{"ExecutedTests":4,"Stats":{"Passed":3,"Failed":1}},"IsCanceled":false,"IsAborted":false,"Error":null,"AttachmentSets":[],"ElapsedTimeInRunningTests":"00:00:00.2643295","Metrics":{}},"LastRunTests":{"NewTestResults":[{"TestCase":{"Id":"1fd23cc2-ebc2-4f0e-3c28-85f7d285a74d","FullyQualifiedName":"ProductoSolutionTDD.ProductoSolutionTest.NoPuedeIngresarCantidadProductosDeMenosUno","DisplayName":"NoPuedeIngresarCantidadProductosDeMenosUno","ExecutorUri":"executor://NUnit3TestExecutor","Source":"D:\\IsmaPCBlanco\\Documentos\\ISMA\\Semestre 2021-2\\Diseño dirigido por pruebas\\Proyectos\\Parcial\\ProductoSolutionTDD\\ProductoSolutionTDD\\bin\\Debug\\net5.0\\fine-code-coverage\\build-output\\ProductoSolutionTDD.dll","CodeFilePath":null,"LineNumber":0,"Properties":[]},"Attachments":[],"Outcome":1,"ErrorMessage":null,"ErrorStackTrace":null,"DisplayName":"NoPuedeIngresarCantidadProductosDeMenosUno","Messages":[],"ComputerName":"DESKTOP-FFMH835","Duration":"00:00:00.0069620","StartTime":"2021-09-23T17:29:51.0281134+00:00","EndTime":"2021-09-23T17:29:51.035015+00:00","Properties":[]},{"TestCase":{"Id":"d650e767-a285-850e-200d-13562b08d268","FullyQualifiedName":"ProductoSolutionTDD.ProductoSolutionTest.NoPuedeVenderCantidadProductosDeMenosUno","DisplayName":"NoPuedeVenderCantidadProductosDeMenosUno","ExecutorUri":"executor://NUnit3TestExecutor","Source":"D:\\IsmaPCBlanco\\Documentos\\ISMA\\Semestre 2021-2\\Diseño dirigido por pruebas\\Proyectos\\Parcial\\ProductoSolutionTDD\\ProductoSolutionTDD\\bin\\Debug\\net5.0\\fine-code-coverage\\build-output\\ProductoSolutionTDD.dll","CodeFilePath":null,"LineNumber":0,"Properties":[]},"Attachments":[],"Outcome":1,"ErrorMessage":null,"ErrorStackTrace":null,"DisplayName":"NoPuedeVenderCantidadProductosDeMenosUno","Messages":[],"ComputerName":"DESKTOP-FFMH835","Duration":"00:00:00.0005250","StartTime":"2021-09-23T17:29:51.0362423+00:00","EndTime":"2021-09-23T17:29:51.0367674+00:00","Properties":[]},{"TestCase":{"Id":"5aafae75-09ff-9b28-1901-0763a8ee5fcf","FullyQualifiedName":"ProductoSolutionTDD.ProductoSolutionTest.PuedeIngresarCantidadProductosCincuentaCorrecta","DisplayName":"PuedeIngresarCantidadProductosCincuentaCorrecta","ExecutorUri":"executor://NUnit3TestExecutor","Source":"D:\\IsmaPCBlanco\\Documentos\\ISMA\\Semestre 2021-2\\Diseño dirigido por pruebas\\Proyectos\\Parcial\\ProductoSolutionTDD\\ProductoSolutionTDD\\bin\\Debug\\net5.0\\fine-code-coverage\\build-output\\ProductoSolutionTDD.dll","CodeFilePath":null,"LineNumber":0,"Properties":[]},"Attachments":[],"Outcome":1,"ErrorMessage":null,"ErrorStackTrace":null,"DisplayName":"PuedeIngresarCantidadProductosCincuentaCorrecta","Messages":[],"ComputerName":"DESKTOP-FFMH835","Duration":"00:00:00.0018680","StartTime":"2021-09-23T17:29:51.0367916+00:00","EndTime":"2021-09-23T17:29:51.0386589+00:00","Properties":[]},{"TestCase":{"Id":"07444b0e-e098-7cf8-45e3-8ce0b3354cf0","FullyQualifiedName":"ProductoSolutionTDD.ProductoSolutionTest.PuedeVenderCantidadProductoSencilloCorrecta","DisplayName":"PuedeVenderCantidadProductoSencilloCorrecta","ExecutorUri":"executor://NUnit3TestExecutor","Source":"D:\\IsmaPCBlanco\\Documentos\\ISMA\\Semestre 2021-2\\Diseño dirigido por pruebas\\Proyectos\\Parcial\\ProductoSolutionTDD\\ProductoSolutionTDD\\bin\\Debug\\net5.0\\fine-code-coverage\\build-output\\ProductoSolutionTDD.dll","CodeFilePath":null,"LineNumber":0,"Properties":[]},"Attachments":[],"Outcome":2,"ErrorMessage":"System.NotImplementedException : The method or operation is not implemented.","ErrorStackTrace":"   at ProductoDomain.ProductoCompuesto.Vender(Int32 cantidadProducto) in D:\\IsmaPCBlanco\\Documentos\\ISMA\\Semestre 2021-2\\Diseño dirigido por pruebas\\Proyectos\\Parcial\\ProductoSolutionTDD\\ProductoDomain\\ProductoCompuesto.cs:line 36\r\n   at ProductoSolutionTDD.ProductoSolutionTest.PuedeVenderCantidadProductoSencilloCorrecta() in D:\\IsmaPCBlanco\\Documentos\\ISMA\\Semestre 2021-2\\Diseño dirigido por pruebas\\Proyectos\\Parcial\\ProductoSolutionTDD\\ProductoSolutionTDD\\ProductoSolutionTest.cs:line 120","DisplayName":"PuedeVenderCantidadProductoSencilloCorrecta","Messages":[],"ComputerName":"DESKTOP-FFMH835","Duration":"00:00:00.0094490","StartTime":"2021-09-23T17:29:51.0386722+00:00","EndTime":"2021-09-23T17:29:51.0481197+00:00","Properties":[]}],"TestRunStatistics":{"ExecutedTests":4,"Stats":{"Passed":3,"Failed":1}},"ActiveTests":[]},"RunAttachments":[],"ExecutorUris":["executor://nunit3testexecutor/"]}}
TpTrace Verbose: 0 : 11656, 4, 2021/09/23, 12:29:51.120, 2678151202363, testhost.dll, BaseRunTests.RunTests: Run is complete.
TpTrace Verbose: 0 : 11656, 8, 2021/09/23, 12:29:51.122, 2678151222844, testhost.dll, TcpClientExtensions.MessageLoopAsync: NotifyDataAvailable remoteEndPoint: [::ffff:127.0.0.1]:55348 localEndPoint: [::ffff:127.0.0.1]:55349
TpTrace Information: 0 : 11656, 8, 2021/09/23, 12:29:51.122, 2678151223719, testhost.dll, TestRequestHandler.ProcessRequests: received message: (TestSession.Terminate) -> null
TpTrace Information: 0 : 11656, 8, 2021/09/23, 12:29:51.122, 2678151223927, testhost.dll, Session End message received from server. Closing the connection.
TpTrace Information: 0 : 11656, 8, 2021/09/23, 12:29:51.123, 2678151225833, testhost.dll, SocketClient.Stop: Stop communication from server endpoint: 127.0.0.1:055348
TpTrace Information: 0 : 11656, 8, 2021/09/23, 12:29:51.123, 2678151226150, testhost.dll, SocketClient: Stop: Cancellation requested. Stopping message loop.
TpTrace Verbose: 0 : 11656, 8, 2021/09/23, 12:29:51.123, 2678151227146, testhost.dll, LengthPrefixCommunicationChannel.Dispose: Dispose reader and writer.
TpTrace Information: 0 : 11656, 8, 2021/09/23, 12:29:51.123, 2678151227437, testhost.dll, Closing the connection !
TpTrace Information: 0 : 11656, 8, 2021/09/23, 12:29:51.123, 2678151228774, testhost.dll, SocketClient.PrivateStop: Stop communication from server endpoint: 127.0.0.1:055348, error:
TpTrace Information: 0 : 11656, 1, 2021/09/23, 12:29:51.123, 2678151232494, testhost.dll, Closing the connection !
TpTrace Verbose: 0 : 11656, 8, 2021/09/23, 12:29:51.123, 2678151232431, testhost.dll, LengthPrefixCommunicationChannel.Dispose: Dispose reader and writer.
TpTrace Information: 0 : 11656, 1, 2021/09/23, 12:29:51.123, 2678151233113, testhost.dll, SocketClient.Stop: Stop communication from server endpoint: 127.0.0.1:055348
TpTrace Verbose: 0 : 11656, 8, 2021/09/23, 12:29:51.123, 2678151233371, testhost.dll, TcpClientExtensions.MessageLoopAsync: exiting MessageLoopAsync remoteEndPoint: [::ffff:127.0.0.1]:55348 localEndPoint: [::ffff:127.0.0.1]:55349
TpTrace Verbose: 0 : 11656, 1, 2021/09/23, 12:29:51.123, 2678151233522, testhost.dll, LengthPrefixCommunicationChannel.Dispose: Dispose reader and writer.
TpTrace Information: 0 : 11656, 1, 2021/09/23, 12:29:51.123, 2678151234299, testhost.dll, Testhost process exiting.
