TpTrace Verbose: 0 : 21896, 1, 2021/09/23, 11:42:28.469, 2649724695629, testhost.dll, Version: 16.9.4
TpTrace Information: 0 : 21896, 1, 2021/09/23, 11:42:28.474, 2649724742219, testhost.dll, DefaultEngineInvoker.Invoke: Testhost process started with args :[--port, 60778],[--endpoint, 127.0.0.1:060778],[--role, client],[--parentprocessid, 20532],[--diag, D:\IsmaPCBlanco\Documentos\ISMA\Semestre 2021-2\Diseño dirigido por pruebas\Proyectos\Parcial\ProductoSolutionTDD\ProductoSolutionTDD\bin\Debug\net5.0\fine-code-coverage\coverage-tool-output\diagnostics.host.21-09-23_11-42-28_36241_4.log],[--tracelevel, 4],[--datacollectionport, 60777],[--telemetryoptedin, false]
TpTrace Information: 0 : 21896, 1, 2021/09/23, 11:42:28.476, 2649724755739, testhost.dll, Setting up debug trace listener.
TpTrace Verbose: 0 : 21896, 1, 2021/09/23, 11:42:28.476, 2649724757781, testhost.dll, TestPlatformTraceListener.Setup: Replacing listener 0 with TestHostTraceListener.
TpTrace Verbose: 0 : 21896, 1, 2021/09/23, 11:42:28.476, 2649724758091, testhost.dll, TestPlatformTraceListener.Setup: Added test platform trace listener.
TpTrace Information: 0 : 21896, 1, 2021/09/23, 11:42:28.476, 2649724761838, testhost.dll, DefaultEngineInvoker.SetParentProcessExitCallback: Monitoring parent process with id: '20532'
TpTrace Information: 0 : 21896, 1, 2021/09/23, 11:42:28.481, 2649724812051, testhost.dll, DefaultEngineInvoker.GetConnectionInfo: Initialize communication on endpoint address: '127.0.0.1:060778'
TpTrace Information: 0 : 21896, 1, 2021/09/23, 11:42:28.492, 2649724915794, testhost.dll, SocketClient.Start: connecting to server endpoint: 127.0.0.1:060778
TpTrace Information: 0 : 21896, 1, 2021/09/23, 11:42:28.497, 2649724971229, testhost.dll, DefaultEngineInvoker.ConnectToDatacollector: Connecting to datacollector, port: 60777
TpTrace Information: 0 : 21896, 9, 2021/09/23, 11:42:28.498, 2649724984093, testhost.dll, SocketClient.OnServerConnected: connected to server endpoint: 127.0.0.1:060778
TpTrace Verbose: 0 : 21896, 9, 2021/09/23, 11:42:28.500, 2649724999902, testhost.dll, Connected to server, and starting MessageLoopAsync
TpTrace Information: 0 : 21896, 1, 2021/09/23, 11:42:28.500, 2649725002647, testhost.dll, Trying to connect to server on socket : 127.0.0.1:60777 
TpTrace Verbose: 0 : 21896, 1, 2021/09/23, 11:42:28.500, 2649725005191, testhost.dll, SocketCommunicationManager : SetupClientAsync : Attempting to connect to the server.
TpTrace Information: 0 : 21896, 11, 2021/09/23, 11:42:28.502, 2649725018193, testhost.dll, Connected to the server successfully 
TpTrace Information: 0 : 21896, 11, 2021/09/23, 11:42:28.502, 2649725019251, testhost.dll, Using the buffer size of 16384 bytes
TpTrace Information: 0 : 21896, 1, 2021/09/23, 11:42:28.502, 2649725023130, testhost.dll, DefaultEngineInvoker.Invoke: Start Request Processing.
TpTrace Verbose: 0 : 21896, 9, 2021/09/23, 11:42:28.502, 2649725023130, testhost.dll, TcpClientExtensions.MessageLoopAsync: Polling on remoteEndPoint: [::ffff:127.0.0.1]:60778 localEndPoint: [::ffff:127.0.0.1]:60779
TpTrace Verbose: 0 : 21896, 9, 2021/09/23, 11:42:28.503, 2649725026864, testhost.dll, TcpClientExtensions.MessageLoopAsync: NotifyDataAvailable remoteEndPoint: [::ffff:127.0.0.1]:60778 localEndPoint: [::ffff:127.0.0.1]:60779
TpTrace Information: 0 : 21896, 12, 2021/09/23, 11:42:28.503, 2649725029209, testhost.dll, DefaultEngineInvoker.StartProcessingAsync: Connected to vstest.console, Starting process requests.
TpTrace Information: 0 : 21896, 9, 2021/09/23, 11:42:28.593, 2649725934845, testhost.dll, TestRequestHandler.ProcessRequests: received message: (ProtocolVersion) -> 5
TpTrace Verbose: 0 : 21896, 9, 2021/09/23, 11:42:28.622, 2649726219410, testhost.dll, TestRequestHandler.SendData:  sending data from testhost: {"Version":5,"MessageType":"TestSession.Message","Payload":{"MessageLevel":0,"Message":"Registrando diagnóstico de TestHost en el archivo: D:\\IsmaPCBlanco\\Documentos\\ISMA\\Semestre 2021-2\\Diseño dirigido por pruebas\\Proyectos\\Parcial\\ProductoSolutionTDD\\ProductoSolutionTDD\\bin\\Debug\\net5.0\\fine-code-coverage\\coverage-tool-output\\diagnostics.host.21-09-23_11-42-28_36241_4.log"}}
TpTrace Verbose: 0 : 21896, 9, 2021/09/23, 11:42:28.623, 2649726225832, testhost.dll, TcpClientExtensions.MessageLoopAsync: Polling on remoteEndPoint: [::ffff:127.0.0.1]:60778 localEndPoint: [::ffff:127.0.0.1]:60779
TpTrace Verbose: 0 : 21896, 9, 2021/09/23, 11:42:28.623, 2649726226531, testhost.dll, TcpClientExtensions.MessageLoopAsync: NotifyDataAvailable remoteEndPoint: [::ffff:127.0.0.1]:60778 localEndPoint: [::ffff:127.0.0.1]:60779
TpTrace Information: 0 : 21896, 9, 2021/09/23, 11:42:28.626, 2649726258158, testhost.dll, TestRequestHandler.ProcessRequests: received message: (TestExecution.Initialize) -> [
  "D:\\IsmaPCBlanco\\Documentos\\ISMA\\Semestre 2021-2\\Diseño dirigido por pruebas\\Proyectos\\Parcial\\ProductoSolutionTDD\\ProductoSolutionTDD\\bin\\Debug\\net5.0\\fine-code-coverage\\build-output\\NUnit3.TestAdapter.dll"
]
TpTrace Information: 0 : 21896, 9, 2021/09/23, 11:42:28.626, 2649726259036, testhost.dll, Execution Session Initialize.
TpTrace Verbose: 0 : 21896, 9, 2021/09/23, 11:42:28.631, 2649726311597, testhost.dll, TcpClientExtensions.MessageLoopAsync: Polling on remoteEndPoint: [::ffff:127.0.0.1]:60778 localEndPoint: [::ffff:127.0.0.1]:60779
TpTrace Verbose: 0 : 21896, 9, 2021/09/23, 11:42:28.631, 2649726312678, testhost.dll, TcpClientExtensions.MessageLoopAsync: NotifyDataAvailable remoteEndPoint: [::ffff:127.0.0.1]:60778 localEndPoint: [::ffff:127.0.0.1]:60779
TpTrace Verbose: 0 : 21896, 4, 2021/09/23, 11:42:28.633, 2649726327497, testhost.dll, TestExecutorService: Loading the extensions
TpTrace Information: 0 : 21896, 9, 2021/09/23, 11:42:28.633, 2649726331905, testhost.dll, TestRequestHandler.ProcessRequests: received message: (TestExecution.StartWithSources) -> {
  "AdapterSourceMap": {
    "_none_": [
      "D:\\IsmaPCBlanco\\Documentos\\ISMA\\Semestre 2021-2\\Diseño dirigido por pruebas\\Proyectos\\Parcial\\ProductoSolutionTDD\\ProductoSolutionTDD\\bin\\Debug\\net5.0\\fine-code-coverage\\build-output\\ProductoSolutionTDD.dll"
    ]
  },
  "RunSettings": "<RunSettings>\r\n  <RunConfiguration>\r\n    <ResultsDirectory>D:\\IsmaPCBlanco\\Documentos\\ISMA\\Semestre 2021-2\\Diseño dirigido por pruebas\\Proyectos\\Parcial\\ProductoSolutionTDD\\ProductoSolutionTDD\\bin\\Debug\\net5.0\\fine-code-coverage\\coverage-tool-output</ResultsDirectory>\r\n    <TargetPlatform>X64</TargetPlatform>\r\n    <TargetFrameworkVersion>.NETCoreApp,Version=v5.0</TargetFrameworkVersion>\r\n    <DesignMode>False</DesignMode>\r\n    <CollectSourceInformation>False</CollectSourceInformation>\r\n  </RunConfiguration>\r\n  <LoggerRunSettings>\r\n    <Loggers>\r\n      <Logger friendlyName=\"blame\" enabled=\"True\" />\r\n      <Logger friendlyName=\"Console\" uri=\"logger://microsoft/TestPlatform/ConsoleLogger/v1\" assemblyQualifiedName=\"Microsoft.VisualStudio.TestPlatform.CommandLine.Internal.ConsoleLogger, vstest.console, Version=15.0.0.0, Culture=neutral, PublicKeyToken=b03f5f7f11d50a3a\" codeBase=\"C:\\Program Files\\dotnet\\sdk\\5.0.301\\vstest.console.dll\" enabled=\"True\" />\r\n    </Loggers>\r\n  </LoggerRunSettings>\r\n  <DataCollectionRunSettings>\r\n    <DataCollectors>\r\n      <DataCollector friendlyName=\"blame\" enabled=\"True\">\r\n        <Configuration>\r\n          <ResultsDirectory>D:\\IsmaPCBlanco\\Documentos\\ISMA\\Semestre 2021-2\\Diseño dirigido por pruebas\\Proyectos\\Parcial\\ProductoSolutionTDD\\ProductoSolutionTDD\\bin\\Debug\\net5.0\\fine-code-coverage\\coverage-tool-output</ResultsDirectory>\r\n        </Configuration>\r\n      </DataCollector>\r\n    </DataCollectors>\r\n  </DataCollectionRunSettings>\r\n</RunSettings>",
  "TestExecutionContext": {
    "FrequencyOfRunStatsChangeEvent": 10,
    "RunStatsChangeEventTimeout": "00:00:01.5000000",
    "InIsolation": false,
    "KeepAlive": false,
    "AreTestCaseLevelEventsRequired": false,
    "IsDebug": false,
    "TestCaseFilter": null,
    "FilterOptions": null
  },
  "Package": null
}
TpTrace Information: 0 : 21896, 9, 2021/09/23, 11:42:28.633, 2649726332580, testhost.dll, Execution started.
TpTrace Verbose: 0 : 21896, 4, 2021/09/23, 11:42:28.634, 2649726339431, testhost.dll, TestPluginCache.DiscoverTestExtensions: finding test extensions in assemblies ends with: TestAdapter.dll TPluginInfo: Microsoft.VisualStudio.TestPlatform.Common.ExtensionFramework.Utilities.TestExecutorPluginInformation TExtension: Microsoft.VisualStudio.TestPlatform.ObjectModel.Adapter.ITestExecutor
TpTrace Verbose: 0 : 21896, 4, 2021/09/23, 11:42:28.635, 2649726346144, testhost.dll, TestPluginCache.GetExtensionPaths: Filtered extension paths: 
TpTrace Verbose: 0 : 21896, 4, 2021/09/23, 11:42:28.635, 2649726348513, testhost.dll, TestPluginCache.GetExtensionPaths: Added default extension paths: D:\IsmaPCBlanco\Documentos\ISMA\Semestre 2021-2\Diseño dirigido por pruebas\Proyectos\Parcial\ProductoSolutionTDD\ProductoSolutionTDD\bin\Debug\net5.0\fine-code-coverage\build-output\NUnit3.TestAdapter.dll
TpTrace Verbose: 0 : 21896, 4, 2021/09/23, 11:42:28.635, 2649726348794, testhost.dll, TestPluginCache.GetExtensionPaths: Added unfilterableExtensionPaths: 
TpTrace Information: 0 : 21896, 4, 2021/09/23, 11:42:28.637, 2649726368513, testhost.dll, AssemblyResolver.ctor: Creating AssemblyResolver with searchDirectories D:\IsmaPCBlanco\Documentos\ISMA\Semestre 2021-2\Diseño dirigido por pruebas\Proyectos\Parcial\ProductoSolutionTDD\ProductoSolutionTDD\bin\Debug\net5.0\fine-code-coverage\build-output
TpTrace Verbose: 0 : 21896, 4, 2021/09/23, 11:42:28.638, 2649726380265, testhost.dll, TestPluginCache.DiscoverTestExtensions: Discovering the extensions using extension path.
TpTrace Verbose: 0 : 21896, 4, 2021/09/23, 11:42:28.638, 2649726381576, testhost.dll, TestPluginCache.GetExtensionPaths: Filtered extension paths: 
TpTrace Verbose: 0 : 21896, 4, 2021/09/23, 11:42:28.638, 2649726381829, testhost.dll, TestPluginCache.GetExtensionPaths: Added default extension paths: D:\IsmaPCBlanco\Documentos\ISMA\Semestre 2021-2\Diseño dirigido por pruebas\Proyectos\Parcial\ProductoSolutionTDD\ProductoSolutionTDD\bin\Debug\net5.0\fine-code-coverage\build-output\NUnit3.TestAdapter.dll
TpTrace Verbose: 0 : 21896, 4, 2021/09/23, 11:42:28.638, 2649726381996, testhost.dll, TestPluginCache.GetExtensionPaths: Added unfilterableExtensionPaths: 
TpTrace Verbose: 0 : 21896, 4, 2021/09/23, 11:42:28.638, 2649726382410, testhost.dll, TestPluginCache.DiscoverTestExtensions: Discovering the extensions using allExtensionPaths: D:\IsmaPCBlanco\Documentos\ISMA\Semestre 2021-2\Diseño dirigido por pruebas\Proyectos\Parcial\ProductoSolutionTDD\ProductoSolutionTDD\bin\Debug\net5.0\fine-code-coverage\build-output\NUnit3.TestAdapter.dll
TpTrace Information: 0 : 21896, 4, 2021/09/23, 11:42:28.639, 2649726389385, testhost.dll, AssemblyResolver.AddSearchDirectories: Adding more searchDirectories D:\IsmaPCBlanco\Documentos\ISMA\Semestre 2021-2\Diseño dirigido por pruebas\Proyectos\Parcial\ProductoSolutionTDD\ProductoSolutionTDD\bin\Debug\net5.0\fine-code-coverage\build-output
TpTrace Information: 0 : 21896, 4, 2021/09/23, 11:42:28.642, 2649726421807, testhost.dll, AssemblyResolver.OnResolve: NUnit3.TestAdapter: Resolving assembly.
TpTrace Information: 0 : 21896, 4, 2021/09/23, 11:42:28.643, 2649726431977, testhost.dll, AssemblyResolver.OnResolve: Resolved assembly: NUnit3.TestAdapter, from path: D:\IsmaPCBlanco\Documentos\ISMA\Semestre 2021-2\Diseño dirigido por pruebas\Proyectos\Parcial\ProductoSolutionTDD\ProductoSolutionTDD\bin\Debug\net5.0\fine-code-coverage\build-output\NUnit3.TestAdapter.dll
TpTrace Information: 0 : 21896, 4, 2021/09/23, 11:42:28.645, 2649726451371, testhost.dll, AssemblyResolver.OnResolve: nunit.engine.api: Resolving assembly.
TpTrace Information: 0 : 21896, 4, 2021/09/23, 11:42:28.645, 2649726455306, testhost.dll, AssemblyResolver.OnResolve: Resolved assembly: nunit.engine.api, from path: D:\IsmaPCBlanco\Documentos\ISMA\Semestre 2021-2\Diseño dirigido por pruebas\Proyectos\Parcial\ProductoSolutionTDD\ProductoSolutionTDD\bin\Debug\net5.0\fine-code-coverage\build-output\nunit.engine.api.dll
TpTrace Verbose: 0 : 21896, 4, 2021/09/23, 11:42:28.650, 2649726495549, testhost.dll, TestPluginCache: Discovered the extensions using extension path ''.
TpTrace Verbose: 0 : 21896, 4, 2021/09/23, 11:42:28.650, 2649726499569, testhost.dll, TestPluginCache: Discoverers are ''.
TpTrace Verbose: 0 : 21896, 4, 2021/09/23, 11:42:28.650, 2649726500297, testhost.dll, TestPluginCache: Executors are 'executor://NUnit3TestExecutor'.
TpTrace Verbose: 0 : 21896, 4, 2021/09/23, 11:42:28.650, 2649726500805, testhost.dll, TestPluginCache: Executors2 are ''.
TpTrace Verbose: 0 : 21896, 4, 2021/09/23, 11:42:28.650, 2649726501255, testhost.dll, TestPluginCache: Setting providers are ''.
TpTrace Verbose: 0 : 21896, 4, 2021/09/23, 11:42:28.650, 2649726501621, testhost.dll, TestPluginCache: Loggers are ''.
TpTrace Verbose: 0 : 21896, 4, 2021/09/23, 11:42:28.653, 2649726525709, testhost.dll, TestPluginCache.DiscoverTestExtensions: finding test extensions in assemblies ends with: TestAdapter.dll TPluginInfo: Microsoft.VisualStudio.TestPlatform.Common.ExtensionFramework.Utilities.TestExecutorPluginInformation2 TExtension: Microsoft.VisualStudio.TestPlatform.ObjectModel.Adapter.ITestExecutor2
TpTrace Verbose: 0 : 21896, 4, 2021/09/23, 11:42:28.653, 2649726528156, testhost.dll, TestPluginCache.GetExtensionPaths: Filtered extension paths: 
TpTrace Verbose: 0 : 21896, 4, 2021/09/23, 11:42:28.653, 2649726528535, testhost.dll, TestPluginCache.GetExtensionPaths: Added default extension paths: D:\IsmaPCBlanco\Documentos\ISMA\Semestre 2021-2\Diseño dirigido por pruebas\Proyectos\Parcial\ProductoSolutionTDD\ProductoSolutionTDD\bin\Debug\net5.0\fine-code-coverage\build-output\NUnit3.TestAdapter.dll
TpTrace Verbose: 0 : 21896, 4, 2021/09/23, 11:42:28.653, 2649726528768, testhost.dll, TestPluginCache.GetExtensionPaths: Added unfilterableExtensionPaths: 
TpTrace Verbose: 0 : 21896, 9, 2021/09/23, 11:42:28.653, 2649726529639, testhost.dll, TcpClientExtensions.MessageLoopAsync: Polling on remoteEndPoint: [::ffff:127.0.0.1]:60778 localEndPoint: [::ffff:127.0.0.1]:60779
TpTrace Information: 0 : 21896, 4, 2021/09/23, 11:42:28.653, 2649726530089, testhost.dll, AssemblyResolver.AddSearchDirectories: Adding more searchDirectories D:\IsmaPCBlanco\Documentos\ISMA\Semestre 2021-2\Diseño dirigido por pruebas\Proyectos\Parcial\ProductoSolutionTDD\ProductoSolutionTDD\bin\Debug\net5.0\fine-code-coverage\build-output
TpTrace Verbose: 0 : 21896, 4, 2021/09/23, 11:42:28.653, 2649726530390, testhost.dll, TestPluginCache.DiscoverTestExtensions: Discovering the extensions using extension path.
TpTrace Verbose: 0 : 21896, 4, 2021/09/23, 11:42:28.653, 2649726530563, testhost.dll, TestPluginCache.GetExtensionPaths: Filtered extension paths: 
TpTrace Verbose: 0 : 21896, 4, 2021/09/23, 11:42:28.653, 2649726530712, testhost.dll, TestPluginCache.GetExtensionPaths: Added default extension paths: D:\IsmaPCBlanco\Documentos\ISMA\Semestre 2021-2\Diseño dirigido por pruebas\Proyectos\Parcial\ProductoSolutionTDD\ProductoSolutionTDD\bin\Debug\net5.0\fine-code-coverage\build-output\NUnit3.TestAdapter.dll
TpTrace Verbose: 0 : 21896, 4, 2021/09/23, 11:42:28.653, 2649726530897, testhost.dll, TestPluginCache.GetExtensionPaths: Added unfilterableExtensionPaths: 
TpTrace Verbose: 0 : 21896, 4, 2021/09/23, 11:42:28.653, 2649726531061, testhost.dll, TestPluginCache.DiscoverTestExtensions: Discovering the extensions using allExtensionPaths: D:\IsmaPCBlanco\Documentos\ISMA\Semestre 2021-2\Diseño dirigido por pruebas\Proyectos\Parcial\ProductoSolutionTDD\ProductoSolutionTDD\bin\Debug\net5.0\fine-code-coverage\build-output\NUnit3.TestAdapter.dll
TpTrace Information: 0 : 21896, 4, 2021/09/23, 11:42:28.653, 2649726531300, testhost.dll, AssemblyResolver.AddSearchDirectories: Adding more searchDirectories D:\IsmaPCBlanco\Documentos\ISMA\Semestre 2021-2\Diseño dirigido por pruebas\Proyectos\Parcial\ProductoSolutionTDD\ProductoSolutionTDD\bin\Debug\net5.0\fine-code-coverage\build-output
TpTrace Verbose: 0 : 21896, 4, 2021/09/23, 11:42:28.653, 2649726533900, testhost.dll, TestPluginCache: Discovered the extensions using extension path ''.
TpTrace Verbose: 0 : 21896, 4, 2021/09/23, 11:42:28.653, 2649726534799, testhost.dll, TestPluginCache: Discoverers are ''.
TpTrace Verbose: 0 : 21896, 4, 2021/09/23, 11:42:28.653, 2649726535106, testhost.dll, TestPluginCache: Executors are 'executor://NUnit3TestExecutor'.
TpTrace Verbose: 0 : 21896, 4, 2021/09/23, 11:42:28.654, 2649726535532, testhost.dll, TestPluginCache: Executors2 are ''.
TpTrace Verbose: 0 : 21896, 4, 2021/09/23, 11:42:28.654, 2649726535699, testhost.dll, TestPluginCache: Setting providers are ''.
TpTrace Verbose: 0 : 21896, 4, 2021/09/23, 11:42:28.654, 2649726535836, testhost.dll, TestPluginCache: Loggers are ''.
TpTrace Information: 0 : 21896, 4, 2021/09/23, 11:42:28.657, 2649726571736, testhost.dll, TestPluginManager.CreateTestExtension: Attempting to load test extension: NUnit.VisualStudio.TestAdapter.NUnit3TestExecutor
TpTrace Verbose: 0 : 21896, 4, 2021/09/23, 11:42:28.658, 2649726576572, testhost.dll, TestExecutorExtensionManager: Loading executor NUnit.VisualStudio.TestAdapter.NUnit3TestExecutor
TpTrace Verbose: 0 : 21896, 4, 2021/09/23, 11:42:28.658, 2649726576929, testhost.dll, TestExecutorService: Loaded the executors
TpTrace Verbose: 0 : 21896, 4, 2021/09/23, 11:42:28.658, 2649726582674, testhost.dll, TestPluginCache.DiscoverTestExtensions: finding test extensions in assemblies ends with: TestAdapter.dll TPluginInfo: Microsoft.VisualStudio.TestPlatform.Common.ExtensionFramework.Utilities.TestSettingsProviderPluginInformation TExtension: Microsoft.VisualStudio.TestPlatform.ObjectModel.Adapter.ISettingsProvider
TpTrace Verbose: 0 : 21896, 4, 2021/09/23, 11:42:28.658, 2649726583349, testhost.dll, TestPluginCache.GetExtensionPaths: Filtered extension paths: 
TpTrace Verbose: 0 : 21896, 4, 2021/09/23, 11:42:28.658, 2649726583577, testhost.dll, TestPluginCache.GetExtensionPaths: Added default extension paths: D:\IsmaPCBlanco\Documentos\ISMA\Semestre 2021-2\Diseño dirigido por pruebas\Proyectos\Parcial\ProductoSolutionTDD\ProductoSolutionTDD\bin\Debug\net5.0\fine-code-coverage\build-output\NUnit3.TestAdapter.dll
TpTrace Verbose: 0 : 21896, 4, 2021/09/23, 11:42:28.658, 2649726583786, testhost.dll, TestPluginCache.GetExtensionPaths: Added unfilterableExtensionPaths: 
TpTrace Information: 0 : 21896, 4, 2021/09/23, 11:42:28.658, 2649726584652, testhost.dll, AssemblyResolver.AddSearchDirectories: Adding more searchDirectories D:\IsmaPCBlanco\Documentos\ISMA\Semestre 2021-2\Diseño dirigido por pruebas\Proyectos\Parcial\ProductoSolutionTDD\ProductoSolutionTDD\bin\Debug\net5.0\fine-code-coverage\build-output
TpTrace Verbose: 0 : 21896, 4, 2021/09/23, 11:42:28.658, 2649726584907, testhost.dll, TestPluginCache.DiscoverTestExtensions: Discovering the extensions using extension path.
TpTrace Verbose: 0 : 21896, 4, 2021/09/23, 11:42:28.658, 2649726585076, testhost.dll, TestPluginCache.GetExtensionPaths: Filtered extension paths: 
TpTrace Verbose: 0 : 21896, 4, 2021/09/23, 11:42:28.658, 2649726585223, testhost.dll, TestPluginCache.GetExtensionPaths: Added default extension paths: D:\IsmaPCBlanco\Documentos\ISMA\Semestre 2021-2\Diseño dirigido por pruebas\Proyectos\Parcial\ProductoSolutionTDD\ProductoSolutionTDD\bin\Debug\net5.0\fine-code-coverage\build-output\NUnit3.TestAdapter.dll
TpTrace Verbose: 0 : 21896, 4, 2021/09/23, 11:42:28.658, 2649726585372, testhost.dll, TestPluginCache.GetExtensionPaths: Added unfilterableExtensionPaths: 
TpTrace Verbose: 0 : 21896, 4, 2021/09/23, 11:42:28.659, 2649726585532, testhost.dll, TestPluginCache.DiscoverTestExtensions: Discovering the extensions using allExtensionPaths: D:\IsmaPCBlanco\Documentos\ISMA\Semestre 2021-2\Diseño dirigido por pruebas\Proyectos\Parcial\ProductoSolutionTDD\ProductoSolutionTDD\bin\Debug\net5.0\fine-code-coverage\build-output\NUnit3.TestAdapter.dll
TpTrace Information: 0 : 21896, 4, 2021/09/23, 11:42:28.659, 2649726585793, testhost.dll, AssemblyResolver.AddSearchDirectories: Adding more searchDirectories D:\IsmaPCBlanco\Documentos\ISMA\Semestre 2021-2\Diseño dirigido por pruebas\Proyectos\Parcial\ProductoSolutionTDD\ProductoSolutionTDD\bin\Debug\net5.0\fine-code-coverage\build-output
TpTrace Verbose: 0 : 21896, 4, 2021/09/23, 11:42:28.659, 2649726587609, testhost.dll, TestPluginCache: Discovered the extensions using extension path ''.
TpTrace Verbose: 0 : 21896, 4, 2021/09/23, 11:42:28.659, 2649726587886, testhost.dll, TestPluginCache: Discoverers are ''.
TpTrace Verbose: 0 : 21896, 4, 2021/09/23, 11:42:28.659, 2649726588051, testhost.dll, TestPluginCache: Executors are 'executor://NUnit3TestExecutor'.
TpTrace Verbose: 0 : 21896, 4, 2021/09/23, 11:42:28.659, 2649726588202, testhost.dll, TestPluginCache: Executors2 are ''.
TpTrace Verbose: 0 : 21896, 4, 2021/09/23, 11:42:28.659, 2649726588523, testhost.dll, TestPluginCache: Setting providers are ''.
TpTrace Verbose: 0 : 21896, 4, 2021/09/23, 11:42:28.659, 2649726588719, testhost.dll, TestPluginCache: Loggers are ''.
TpTrace Verbose: 0 : 21896, 4, 2021/09/23, 11:42:28.659, 2649726594879, testhost.dll, TestExecutorService: Loaded the settings providers
TpTrace Information: 0 : 21896, 4, 2021/09/23, 11:42:28.659, 2649726595198, testhost.dll, TestExecutorService: Loaded the extensions
TpTrace Information: 0 : 21896, 4, 2021/09/23, 11:42:28.674, 2649726742439, testhost.dll, AssemblyResolver.OnResolve: Microsoft.VisualStudio.TestPlatform.Common.resources: Resolving assembly.
TpTrace Information: 0 : 21896, 4, 2021/09/23, 11:42:28.674, 2649726743561, testhost.dll, AssemblyResolver.OnResolve: Microsoft.VisualStudio.TestPlatform.Common.resources: Failed to load assembly.
TpTrace Information: 0 : 21896, 4, 2021/09/23, 11:42:28.713, 2649727126368, testhost.dll, TestDiscoveryManager: Discovering tests from sources D:\IsmaPCBlanco\Documentos\ISMA\Semestre 2021-2\Diseño dirigido por pruebas\Proyectos\Parcial\ProductoSolutionTDD\ProductoSolutionTDD\bin\Debug\net5.0\fine-code-coverage\build-output\ProductoSolutionTDD.dll
TpTrace Verbose: 0 : 21896, 4, 2021/09/23, 11:42:28.714, 2649727142778, testhost.dll, TestPluginCache.DiscoverTestExtensions: finding test extensions in assemblies ends with: TestAdapter.dll TPluginInfo: Microsoft.VisualStudio.TestPlatform.Common.ExtensionFramework.Utilities.TestDiscovererPluginInformation TExtension: Microsoft.VisualStudio.TestPlatform.ObjectModel.Adapter.ITestDiscoverer
TpTrace Verbose: 0 : 21896, 4, 2021/09/23, 11:42:28.714, 2649727144355, testhost.dll, TestPluginCache.GetExtensionPaths: Filtered extension paths: 
TpTrace Verbose: 0 : 21896, 4, 2021/09/23, 11:42:28.714, 2649727144730, testhost.dll, TestPluginCache.GetExtensionPaths: Added default extension paths: D:\IsmaPCBlanco\Documentos\ISMA\Semestre 2021-2\Diseño dirigido por pruebas\Proyectos\Parcial\ProductoSolutionTDD\ProductoSolutionTDD\bin\Debug\net5.0\fine-code-coverage\build-output\NUnit3.TestAdapter.dll
TpTrace Verbose: 0 : 21896, 4, 2021/09/23, 11:42:28.714, 2649727144983, testhost.dll, TestPluginCache.GetExtensionPaths: Added unfilterableExtensionPaths: 
TpTrace Information: 0 : 21896, 4, 2021/09/23, 11:42:28.715, 2649727146222, testhost.dll, AssemblyResolver.AddSearchDirectories: Adding more searchDirectories D:\IsmaPCBlanco\Documentos\ISMA\Semestre 2021-2\Diseño dirigido por pruebas\Proyectos\Parcial\ProductoSolutionTDD\ProductoSolutionTDD\bin\Debug\net5.0\fine-code-coverage\build-output
TpTrace Verbose: 0 : 21896, 4, 2021/09/23, 11:42:28.715, 2649727146858, testhost.dll, TestPluginCache.DiscoverTestExtensions: Discovering the extensions using extension path.
TpTrace Verbose: 0 : 21896, 4, 2021/09/23, 11:42:28.715, 2649727147232, testhost.dll, TestPluginCache.GetExtensionPaths: Filtered extension paths: 
TpTrace Verbose: 0 : 21896, 4, 2021/09/23, 11:42:28.715, 2649727147580, testhost.dll, TestPluginCache.GetExtensionPaths: Added default extension paths: D:\IsmaPCBlanco\Documentos\ISMA\Semestre 2021-2\Diseño dirigido por pruebas\Proyectos\Parcial\ProductoSolutionTDD\ProductoSolutionTDD\bin\Debug\net5.0\fine-code-coverage\build-output\NUnit3.TestAdapter.dll
TpTrace Verbose: 0 : 21896, 4, 2021/09/23, 11:42:28.715, 2649727147865, testhost.dll, TestPluginCache.GetExtensionPaths: Added unfilterableExtensionPaths: 
TpTrace Verbose: 0 : 21896, 4, 2021/09/23, 11:42:28.715, 2649727148396, testhost.dll, TestPluginCache.DiscoverTestExtensions: Discovering the extensions using allExtensionPaths: D:\IsmaPCBlanco\Documentos\ISMA\Semestre 2021-2\Diseño dirigido por pruebas\Proyectos\Parcial\ProductoSolutionTDD\ProductoSolutionTDD\bin\Debug\net5.0\fine-code-coverage\build-output\NUnit3.TestAdapter.dll
TpTrace Information: 0 : 21896, 4, 2021/09/23, 11:42:28.715, 2649727149560, testhost.dll, AssemblyResolver.AddSearchDirectories: Adding more searchDirectories D:\IsmaPCBlanco\Documentos\ISMA\Semestre 2021-2\Diseño dirigido por pruebas\Proyectos\Parcial\ProductoSolutionTDD\ProductoSolutionTDD\bin\Debug\net5.0\fine-code-coverage\build-output
TpTrace Information: 0 : 21896, 4, 2021/09/23, 11:42:28.718, 2649727179243, testhost.dll, AssemblyResolver.OnResolve: System.ComponentModel.Primitives.resources: Resolving assembly.
TpTrace Information: 0 : 21896, 4, 2021/09/23, 11:42:28.718, 2649727180877, testhost.dll, AssemblyResolver.OnResolve: System.ComponentModel.Primitives.resources: Failed to load assembly.
TpTrace Verbose: 0 : 21896, 4, 2021/09/23, 11:42:28.718, 2649727184703, testhost.dll, CurrentDomain_AssemblyResolve: Resolving assembly 'System.ComponentModel.Primitives.resources'.
TpTrace Information: 0 : 21896, 4, 2021/09/23, 11:42:28.719, 2649727185710, testhost.dll, AssemblyResolver.OnResolve: System.ComponentModel.Primitives.resources: Resolving assembly.
TpTrace Information: 0 : 21896, 4, 2021/09/23, 11:42:28.719, 2649727186234, testhost.dll, AssemblyResolver.OnResolve: System.ComponentModel.Primitives.resources: Resolved from cache.
TpTrace Verbose: 0 : 21896, 4, 2021/09/23, 11:42:28.719, 2649727186538, testhost.dll, CurrentDomain_AssemblyResolve: Resolving assembly 'System.ComponentModel.Primitives.resources'.
TpTrace Verbose: 0 : 21896, 4, 2021/09/23, 11:42:28.719, 2649727186794, testhost.dll, CurrentDomainAssemblyResolve: Failed to resolve assembly 'System.ComponentModel.Primitives.resources'.
TpTrace Verbose: 0 : 21896, 4, 2021/09/23, 11:42:28.719, 2649727193877, testhost.dll, CurrentDomainAssemblyResolve: Failed to resolve assembly 'System.ComponentModel.Primitives.resources'.
TpTrace Information: 0 : 21896, 4, 2021/09/23, 11:42:28.720, 2649727198021, testhost.dll, AssemblyResolver.OnResolve: System.ComponentModel.Primitives.resources: Resolving assembly.
TpTrace Information: 0 : 21896, 4, 2021/09/23, 11:42:28.720, 2649727198410, testhost.dll, AssemblyResolver.OnResolve: System.ComponentModel.Primitives.resources: Resolved from cache.
TpTrace Verbose: 0 : 21896, 4, 2021/09/23, 11:42:28.720, 2649727198631, testhost.dll, CurrentDomain_AssemblyResolve: Resolving assembly 'System.ComponentModel.Primitives.resources'.
TpTrace Verbose: 0 : 21896, 4, 2021/09/23, 11:42:28.720, 2649727198787, testhost.dll, CurrentDomainAssemblyResolve: Failed to resolve assembly 'System.ComponentModel.Primitives.resources'.
TpTrace Verbose: 0 : 21896, 4, 2021/09/23, 11:42:28.721, 2649727205524, testhost.dll, TestPluginCache: Discovered the extensions using extension path ''.
TpTrace Verbose: 0 : 21896, 4, 2021/09/23, 11:42:28.721, 2649727206032, testhost.dll, TestPluginCache: Discoverers are 'NUnit.VisualStudio.TestAdapter.NUnit3TestDiscoverer, NUnit3.TestAdapter, Version=3.17.0.0, Culture=neutral, PublicKeyToken=4cb40d35494691ac'.
TpTrace Verbose: 0 : 21896, 4, 2021/09/23, 11:42:28.721, 2649727206255, testhost.dll, TestPluginCache: Executors are 'executor://NUnit3TestExecutor'.
TpTrace Verbose: 0 : 21896, 4, 2021/09/23, 11:42:28.721, 2649727206411, testhost.dll, TestPluginCache: Executors2 are ''.
TpTrace Verbose: 0 : 21896, 4, 2021/09/23, 11:42:28.721, 2649727206553, testhost.dll, TestPluginCache: Setting providers are ''.
TpTrace Verbose: 0 : 21896, 4, 2021/09/23, 11:42:28.721, 2649727206692, testhost.dll, TestPluginCache: Loggers are ''.
TpTrace Information: 0 : 21896, 4, 2021/09/23, 11:42:28.726, 2649727261886, testhost.dll, PEReaderHelper.GetAssemblyType: Determined assemblyType:'Managed' for source: 'D:\IsmaPCBlanco\Documentos\ISMA\Semestre 2021-2\Diseño dirigido por pruebas\Proyectos\Parcial\ProductoSolutionTDD\ProductoSolutionTDD\bin\Debug\net5.0\fine-code-coverage\build-output\ProductoSolutionTDD.dll'
TpTrace Verbose: 0 : 21896, 4, 2021/09/23, 11:42:28.731, 2649727311008, testhost.dll, BaseRunTests.RunTestInternalWithExecutors: Running tests for executor://NUnit3TestExecutor
TpTrace Information: 0 : 21896, 4, 2021/09/23, 11:42:28.732, 2649727324864, testhost.dll, AssemblyResolver.OnResolve: nunit.engine: Resolving assembly.
TpTrace Information: 0 : 21896, 4, 2021/09/23, 11:42:28.733, 2649727329475, testhost.dll, AssemblyResolver.OnResolve: Resolved assembly: nunit.engine, from path: D:\IsmaPCBlanco\Documentos\ISMA\Semestre 2021-2\Diseño dirigido por pruebas\Proyectos\Parcial\ProductoSolutionTDD\ProductoSolutionTDD\bin\Debug\net5.0\fine-code-coverage\build-output\nunit.engine.dll
TpTrace Information: 0 : 21896, 4, 2021/09/23, 11:42:28.733, 2649727330198, testhost.dll, AssemblyResolver.OnResolve: nunit.engine.core: Resolving assembly.
TpTrace Information: 0 : 21896, 4, 2021/09/23, 11:42:28.733, 2649727332900, testhost.dll, AssemblyResolver.OnResolve: Resolved assembly: nunit.engine.core, from path: D:\IsmaPCBlanco\Documentos\ISMA\Semestre 2021-2\Diseño dirigido por pruebas\Proyectos\Parcial\ProductoSolutionTDD\ProductoSolutionTDD\bin\Debug\net5.0\fine-code-coverage\build-output\nunit.engine.core.dll
TpTrace Information: 0 : 21896, 4, 2021/09/23, 11:42:28.739, 2649727389883, testhost.dll, NUnit Adapter 3.17.0.0: Test execution started
TpTrace Verbose: 0 : 21896, 4, 2021/09/23, 11:42:28.739, 2649727391126, testhost.dll, TestRequestHandler.SendData:  sending data from testhost: {"Version":5,"MessageType":"TestSession.Message","Payload":{"MessageLevel":0,"Message":"NUnit Adapter 3.17.0.0: Test execution started"}}
TpTrace Information: 0 : 21896, 4, 2021/09/23, 11:42:28.763, 2649727628280, testhost.dll, Running all tests in D:\IsmaPCBlanco\Documentos\ISMA\Semestre 2021-2\Diseño dirigido por pruebas\Proyectos\Parcial\ProductoSolutionTDD\ProductoSolutionTDD\bin\Debug\net5.0\fine-code-coverage\build-output\ProductoSolutionTDD.dll
TpTrace Verbose: 0 : 21896, 4, 2021/09/23, 11:42:28.763, 2649727629619, testhost.dll, TestRequestHandler.SendData:  sending data from testhost: {"Version":5,"MessageType":"TestSession.Message","Payload":{"MessageLevel":0,"Message":"Running all tests in D:\\IsmaPCBlanco\\Documentos\\ISMA\\Semestre 2021-2\\Diseño dirigido por pruebas\\Proyectos\\Parcial\\ProductoSolutionTDD\\ProductoSolutionTDD\\bin\\Debug\\net5.0\\fine-code-coverage\\build-output\\ProductoSolutionTDD.dll"}}
TpTrace Information: 0 : 21896, 4, 2021/09/23, 11:42:28.770, 2649727696861, testhost.dll, AssemblyResolver.OnResolve: Mono.Cecil: Resolving assembly.
TpTrace Information: 0 : 21896, 4, 2021/09/23, 11:42:28.770, 2649727698345, testhost.dll, AssemblyResolver.OnResolve: Mono.Cecil: Failed to load assembly.
TpTrace Information: 0 : 21896, 4, 2021/09/23, 11:42:28.896, 2649728958770, testhost.dll,    NUnit3TestExecutor discovered 1 of 1 NUnit test cases
TpTrace Verbose: 0 : 21896, 4, 2021/09/23, 11:42:28.896, 2649728961031, testhost.dll, TestRequestHandler.SendData:  sending data from testhost: {"Version":5,"MessageType":"TestSession.Message","Payload":{"MessageLevel":0,"Message":"   NUnit3TestExecutor discovered 1 of 1 NUnit test cases"}}
TpTrace Verbose: 0 : 21896, 13, 2021/09/23, 11:42:28.922, 2649729221044, testhost.dll, TestExecutionRecorder.RecordStart: Starting test: ProductoSolutionTDD.ProductoSolutionTest.NoPuedeIngresarCantidadProductosDeMenosUno.
TpTrace Verbose: 0 : 21896, 13, 2021/09/23, 11:42:28.950, 2649729499033, testhost.dll, TestExecutionRecorder.RecordEnd: test: ProductoSolutionTDD.ProductoSolutionTest.NoPuedeIngresarCantidadProductosDeMenosUno execution completed.
TpTrace Verbose: 0 : 21896, 13, 2021/09/23, 11:42:28.966, 2649729657516, testhost.dll, TestExecutionRecorder.RecordResult: Received result for test: ProductoSolutionTDD.ProductoSolutionTest.NoPuedeIngresarCantidadProductosDeMenosUno.
TpTrace Warning: 0 : 21896, 13, 2021/09/23, 11:42:28.969, 2649729688615, testhost.dll, TestRunCache: InProgressTests is null
TpTrace Warning: 0 : 21896, 13, 2021/09/23, 11:42:28.969, 2649729689876, testhost.dll, TestRunCache: No test found corresponding to testResult 'NoPuedeIngresarCantidadProductosDeMenosUno' in inProgress list.
TpTrace Information: 0 : 21896, 4, 2021/09/23, 11:42:28.971, 2649729714731, testhost.dll, NUnit Adapter 3.17.0.0: Test execution complete
TpTrace Verbose: 0 : 21896, 4, 2021/09/23, 11:42:28.972, 2649729715708, testhost.dll, TestRequestHandler.SendData:  sending data from testhost: {"Version":5,"MessageType":"TestSession.Message","Payload":{"MessageLevel":0,"Message":"NUnit Adapter 3.17.0.0: Test execution complete"}}
TpTrace Verbose: 0 : 21896, 4, 2021/09/23, 11:42:28.975, 2649729753104, testhost.dll, BaseRunTests.RunTestInternalWithExecutors: Completed running tests for executor://NUnit3TestExecutor
TpTrace Information: 0 : 21896, 4, 2021/09/23, 11:42:28.978, 2649729778178, testhost.dll, Sending test run complete
TpTrace Verbose: 0 : 21896, 4, 2021/09/23, 11:42:29.001, 2649730013900, testhost.dll, TestRequestHandler.SendData:  sending data from testhost: {"Version":5,"MessageType":"TestExecution.Completed","Payload":{"TestRunCompleteArgs":{"TestRunStatistics":{"ExecutedTests":1,"Stats":{"Passed":1}},"IsCanceled":false,"IsAborted":false,"Error":null,"AttachmentSets":[],"ElapsedTimeInRunningTests":"00:00:00.2474602","Metrics":{}},"LastRunTests":{"NewTestResults":[{"TestCase":{"Id":"1fd23cc2-ebc2-4f0e-3c28-85f7d285a74d","FullyQualifiedName":"ProductoSolutionTDD.ProductoSolutionTest.NoPuedeIngresarCantidadProductosDeMenosUno","DisplayName":"NoPuedeIngresarCantidadProductosDeMenosUno","ExecutorUri":"executor://NUnit3TestExecutor","Source":"D:\\IsmaPCBlanco\\Documentos\\ISMA\\Semestre 2021-2\\Diseño dirigido por pruebas\\Proyectos\\Parcial\\ProductoSolutionTDD\\ProductoSolutionTDD\\bin\\Debug\\net5.0\\fine-code-coverage\\build-output\\ProductoSolutionTDD.dll","CodeFilePath":null,"LineNumber":0,"Properties":[]},"Attachments":[],"Outcome":1,"ErrorMessage":null,"ErrorStackTrace":null,"DisplayName":"NoPuedeIngresarCantidadProductosDeMenosUno","Messages":[],"ComputerName":"DESKTOP-FFMH835","Duration":"00:00:00.0052180","StartTime":"2021-09-23T16:42:28.9219593+00:00","EndTime":"2021-09-23T16:42:28.9271219+00:00","Properties":[]}],"TestRunStatistics":{"ExecutedTests":1,"Stats":{"Passed":1}},"ActiveTests":[]},"RunAttachments":[],"ExecutorUris":["executor://nunit3testexecutor/"]}}
TpTrace Verbose: 0 : 21896, 4, 2021/09/23, 11:42:29.002, 2649730016602, testhost.dll, BaseRunTests.RunTests: Run is complete.
TpTrace Verbose: 0 : 21896, 9, 2021/09/23, 11:42:29.004, 2649730037802, testhost.dll, TcpClientExtensions.MessageLoopAsync: NotifyDataAvailable remoteEndPoint: [::ffff:127.0.0.1]:60778 localEndPoint: [::ffff:127.0.0.1]:60779
TpTrace Information: 0 : 21896, 9, 2021/09/23, 11:42:29.004, 2649730039303, testhost.dll, TestRequestHandler.ProcessRequests: received message: (TestSession.Terminate) -> null
TpTrace Information: 0 : 21896, 9, 2021/09/23, 11:42:29.004, 2649730039554, testhost.dll, Session End message received from server. Closing the connection.
TpTrace Information: 0 : 21896, 9, 2021/09/23, 11:42:29.004, 2649730042218, testhost.dll, SocketClient.Stop: Stop communication from server endpoint: 127.0.0.1:060778
TpTrace Information: 0 : 21896, 9, 2021/09/23, 11:42:29.004, 2649730042530, testhost.dll, SocketClient: Stop: Cancellation requested. Stopping message loop.
TpTrace Verbose: 0 : 21896, 9, 2021/09/23, 11:42:29.004, 2649730043899, testhost.dll, LengthPrefixCommunicationChannel.Dispose: Dispose reader and writer.
TpTrace Information: 0 : 21896, 9, 2021/09/23, 11:42:29.004, 2649730044223, testhost.dll, Closing the connection !
TpTrace Information: 0 : 21896, 9, 2021/09/23, 11:42:29.005, 2649730045637, testhost.dll, SocketClient.PrivateStop: Stop communication from server endpoint: 127.0.0.1:060778, error:
TpTrace Verbose: 0 : 21896, 9, 2021/09/23, 11:42:29.005, 2649730049092, testhost.dll, LengthPrefixCommunicationChannel.Dispose: Dispose reader and writer.
TpTrace Verbose: 0 : 21896, 9, 2021/09/23, 11:42:29.005, 2649730049551, testhost.dll, TcpClientExtensions.MessageLoopAsync: exiting MessageLoopAsync remoteEndPoint: [::ffff:127.0.0.1]:60778 localEndPoint: [::ffff:127.0.0.1]:60779
TpTrace Information: 0 : 21896, 1, 2021/09/23, 11:42:29.005, 2649730049202, testhost.dll, Closing the connection !
TpTrace Information: 0 : 21896, 1, 2021/09/23, 11:42:29.005, 2649730050557, testhost.dll, SocketClient.Stop: Stop communication from server endpoint: 127.0.0.1:060778
TpTrace Verbose: 0 : 21896, 1, 2021/09/23, 11:42:29.005, 2649730050776, testhost.dll, LengthPrefixCommunicationChannel.Dispose: Dispose reader and writer.
TpTrace Information: 0 : 21896, 1, 2021/09/23, 11:42:29.005, 2649730051619, testhost.dll, Testhost process exiting.
