TpTrace Verbose: 0 : 5208, 1, 2021/09/23, 12:20:04.786, 2672287869126, datacollector.dll, Version: 16.10.0-release-20210520-03
TpTrace Information: 0 : 5208, 1, 2021/09/23, 12:20:04.789, 2672287892601, datacollector.dll, DataCollectorMain.Run: Starting data collector run with args: --port,60767,--parentprocessid,15672,--diag,D:\IsmaPCBlanco\Documentos\ISMA\Semestre 2021-2\Dise単o dirigido por pruebas\Proyectos\Parcial\ProductoSolutionTDD\ProductoSolutionTDD\bin\Debug\net5.0\fine-code-coverage\coverage-tool-output\diagnostics.datacollector.21-09-23_12-20-04_69479_4.log,--tracelevel,4
TpTrace Information: 0 : 5208, 1, 2021/09/23, 12:20:04.789, 2672287894129, datacollector.dll, DataCollector: Monitoring parent process with id: '15672'
TpTrace Information: 0 : 5208, 1, 2021/09/23, 12:20:04.795, 2672287952915, datacollector.dll, Trying to connect to server on socket : 127.0.0.1:60767 
TpTrace Verbose: 0 : 5208, 1, 2021/09/23, 12:20:04.813, 2672288131319, datacollector.dll, SocketCommunicationManager : SetupClientAsync : Attempting to connect to the server.
TpTrace Information: 0 : 5208, 7, 2021/09/23, 12:20:04.819, 2672288190735, datacollector.dll, Connected to the server successfully 
TpTrace Information: 0 : 5208, 7, 2021/09/23, 12:20:04.819, 2672288191407, datacollector.dll, Using the buffer size of 16384 bytes
TpTrace Information: 0 : 5208, 1, 2021/09/23, 12:20:04.869, 2672288689039, datacollector.dll, DataCollector: Start Request Processing.
TpTrace Information: 0 : 5208, 1, 2021/09/23, 12:20:04.871, 2672288715034, datacollector.dll, DataCollectionRequestHandler.ProcessRequests : Datacollector received message: (DataCollection.BeforeTestRunStart) -> {
  "SettingsXml": "<RunSettings><RunConfiguration><ResultsDirectory>D:\\IsmaPCBlanco\\Documentos\\ISMA\\Semestre 2021-2\\Dise単o dirigido por pruebas\\Proyectos\\Parcial\\ProductoSolutionTDD\\ProductoSolutionTDD\\bin\\Debug\\net5.0\\fine-code-coverage\\coverage-tool-output</ResultsDirectory><TargetPlatform>X64</TargetPlatform><TargetFrameworkVersion>.NETCoreApp,Version=v5.0</TargetFrameworkVersion><DesignMode>False</DesignMode><CollectSourceInformation>False</CollectSourceInformation><TestAdaptersPaths>C:\\Program Files\\dotnet\\sdk\\5.0.301\\Extensions</TestAdaptersPaths></RunConfiguration><LoggerRunSettings><Loggers><Logger friendlyName=\"blame\" enabled=\"True\" /><Logger friendlyName=\"Console\" uri=\"logger://microsoft/TestPlatform/ConsoleLogger/v1\" assemblyQualifiedName=\"Microsoft.VisualStudio.TestPlatform.CommandLine.Internal.ConsoleLogger, vstest.console, Version=15.0.0.0, Culture=neutral, PublicKeyToken=b03f5f7f11d50a3a\" codeBase=\"C:\\Program Files\\dotnet\\sdk\\5.0.301\\vstest.console.dll\" enabled=\"True\" /></Loggers></LoggerRunSettings><DataCollectionRunSettings><DataCollectors><DataCollector friendlyName=\"blame\" enabled=\"True\"><Configuration><ResultsDirectory>D:\\IsmaPCBlanco\\Documentos\\ISMA\\Semestre 2021-2\\Dise単o dirigido por pruebas\\Proyectos\\Parcial\\ProductoSolutionTDD\\ProductoSolutionTDD\\bin\\Debug\\net5.0\\fine-code-coverage\\coverage-tool-output</ResultsDirectory></Configuration></DataCollector></DataCollectors></DataCollectionRunSettings></RunSettings>",
  "Sources": [
    "D:\\IsmaPCBlanco\\Documentos\\ISMA\\Semestre 2021-2\\Dise単o dirigido por pruebas\\Proyectos\\Parcial\\ProductoSolutionTDD\\ProductoSolutionTDD\\bin\\Debug\\net5.0\\fine-code-coverage\\build-output\\ProductoSolutionTDD.dll"
  ],
  "IsTelemetryOptedIn": false
}
TpTrace Verbose: 0 : 5208, 1, 2021/09/23, 12:20:04.895, 2672288950508, datacollector.dll, TestPluginCache: Update extensions started. Skip filter = False
TpTrace Verbose: 0 : 5208, 1, 2021/09/23, 12:20:04.896, 2672288955613, datacollector.dll, TestPluginCache: Using directories for assembly resolution 'C:\Program Files\dotnet\sdk\5.0.301\Extensions'.
TpTrace Verbose: 0 : 5208, 1, 2021/09/23, 12:20:04.896, 2672288956062, datacollector.dll, TestPluginCache: Updated the available extensions to 'C:\Program Files\dotnet\sdk\5.0.301\Extensions\Microsoft.TestPlatform.Extensions.BlameDataCollector.dll,C:\Program Files\dotnet\sdk\5.0.301\Extensions\Microsoft.TestPlatform.Extensions.EventLogCollector.dll'.
TpTrace Verbose: 0 : 5208, 1, 2021/09/23, 12:20:04.899, 2672288995347, datacollector.dll, TestPluginCache.DiscoverTestExtensions: finding test extensions in assemblies ends with: Collector.dll TPluginInfo: Microsoft.VisualStudio.TestPlatform.Common.DataCollector.DataCollectorConfig TExtension: Microsoft.VisualStudio.TestPlatform.ObjectModel.DataCollection.DataCollector
TpTrace Verbose: 0 : 5208, 1, 2021/09/23, 12:20:04.900, 2672288996545, datacollector.dll, TestPluginCache.GetExtensionPaths: Filtered extension paths: C:\Program Files\dotnet\sdk\5.0.301\Extensions\Microsoft.TestPlatform.Extensions.BlameDataCollector.dll
C:\Program Files\dotnet\sdk\5.0.301\Extensions\Microsoft.TestPlatform.Extensions.EventLogCollector.dll
TpTrace Verbose: 0 : 5208, 1, 2021/09/23, 12:20:04.900, 2672288996785, datacollector.dll, TestPluginCache.GetExtensionPaths: Added default extension paths: 
TpTrace Verbose: 0 : 5208, 1, 2021/09/23, 12:20:04.900, 2672288996919, datacollector.dll, TestPluginCache.GetExtensionPaths: Added unfilterableExtensionPaths: 
TpTrace Information: 0 : 5208, 1, 2021/09/23, 12:20:04.900, 2672289000837, datacollector.dll, AssemblyResolver.ctor: Creating AssemblyResolver with searchDirectories C:\Program Files\dotnet\sdk\5.0.301\Extensions,C:\Program Files\dotnet\sdk\5.0.301
TpTrace Verbose: 0 : 5208, 1, 2021/09/23, 12:20:04.901, 2672289009886, datacollector.dll, TestPluginCache.DiscoverTestExtensions: Discovering the extensions using extension path.
TpTrace Verbose: 0 : 5208, 1, 2021/09/23, 12:20:04.901, 2672289011158, datacollector.dll, TestPluginCache.GetExtensionPaths: Filtered extension paths: C:\Program Files\dotnet\sdk\5.0.301\Extensions\Microsoft.TestPlatform.Extensions.BlameDataCollector.dll
C:\Program Files\dotnet\sdk\5.0.301\Extensions\Microsoft.TestPlatform.Extensions.EventLogCollector.dll
TpTrace Verbose: 0 : 5208, 1, 2021/09/23, 12:20:04.901, 2672289011475, datacollector.dll, TestPluginCache.GetExtensionPaths: Added default extension paths: 
TpTrace Verbose: 0 : 5208, 1, 2021/09/23, 12:20:04.901, 2672289011606, datacollector.dll, TestPluginCache.GetExtensionPaths: Added unfilterableExtensionPaths: 
TpTrace Verbose: 0 : 5208, 1, 2021/09/23, 12:20:04.901, 2672289011884, datacollector.dll, TestPluginCache.DiscoverTestExtensions: Discovering the extensions using allExtensionPaths: C:\Program Files\dotnet\sdk\5.0.301\Extensions\Microsoft.TestPlatform.Extensions.BlameDataCollector.dll
C:\Program Files\dotnet\sdk\5.0.301\Extensions\Microsoft.TestPlatform.Extensions.EventLogCollector.dll
TpTrace Information: 0 : 5208, 1, 2021/09/23, 12:20:04.901, 2672289012458, datacollector.dll, AssemblyResolver.AddSearchDirectories: Adding more searchDirectories C:\Program Files\dotnet\sdk\5.0.301\Extensions,C:\Program Files\dotnet\sdk\5.0.301
TpTrace Information: 0 : 5208, 1, 2021/09/23, 12:20:04.901, 2672289012774, datacollector.dll, AssemblyResolver.AddSearchDirectories: Adding more searchDirectories C:\Program Files\dotnet\sdk\5.0.301\Extensions,C:\Program Files\dotnet\sdk\5.0.301
TpTrace Information: 0 : 5208, 1, 2021/09/23, 12:20:04.901, 2672289015429, datacollector.dll, AssemblyResolver.OnResolve: Microsoft.TestPlatform.Extensions.BlameDataCollector: Resolving assembly.
TpTrace Information: 0 : 5208, 1, 2021/09/23, 12:20:04.902, 2672289015801, datacollector.dll, AssemblyResolver.OnResolve: Microsoft.TestPlatform.Extensions.BlameDataCollector: Searching in: 'C:\Program Files\dotnet\sdk\5.0.301\Extensions'.
TpTrace Information: 0 : 5208, 1, 2021/09/23, 12:20:04.902, 2672289022645, datacollector.dll, AssemblyResolver.OnResolve: Microsoft.TestPlatform.Extensions.BlameDataCollector: Loading assembly 'C:\Program Files\dotnet\sdk\5.0.301\Extensions\Microsoft.TestPlatform.Extensions.BlameDataCollector.dll'.
TpTrace Information: 0 : 5208, 1, 2021/09/23, 12:20:04.903, 2672289027939, datacollector.dll, AssemblyResolver.OnResolve: Resolved assembly: Microsoft.TestPlatform.Extensions.BlameDataCollector, from path: C:\Program Files\dotnet\sdk\5.0.301\Extensions\Microsoft.TestPlatform.Extensions.BlameDataCollector.dll
TpTrace Error: 0 : 5208, 1, 2021/09/23, 12:20:04.904, 2672289036422, datacollector.dll, The type "Microsoft.TestPlatform.Extensions.BlameDataCollector.BlameCollector" defined in "Microsoft.TestPlatform.Extensions.BlameDataCollector.dll" does not have ExtensionUri attribute.
TpTrace Information: 0 : 5208, 1, 2021/09/23, 12:20:04.905, 2672289045666, datacollector.dll, AssemblyResolver.OnResolve: Microsoft.TestPlatform.Extensions.EventLogCollector: Resolving assembly.
TpTrace Information: 0 : 5208, 1, 2021/09/23, 12:20:04.905, 2672289046084, datacollector.dll, AssemblyResolver.OnResolve: Microsoft.TestPlatform.Extensions.EventLogCollector: Searching in: 'C:\Program Files\dotnet\sdk\5.0.301\Extensions'.
TpTrace Information: 0 : 5208, 1, 2021/09/23, 12:20:04.905, 2672289051699, datacollector.dll, AssemblyResolver.OnResolve: Microsoft.TestPlatform.Extensions.EventLogCollector: Loading assembly 'C:\Program Files\dotnet\sdk\5.0.301\Extensions\Microsoft.TestPlatform.Extensions.EventLogCollector.dll'.
TpTrace Information: 0 : 5208, 1, 2021/09/23, 12:20:04.906, 2672289055846, datacollector.dll, AssemblyResolver.OnResolve: Resolved assembly: Microsoft.TestPlatform.Extensions.EventLogCollector, from path: C:\Program Files\dotnet\sdk\5.0.301\Extensions\Microsoft.TestPlatform.Extensions.EventLogCollector.dll
TpTrace Error: 0 : 5208, 1, 2021/09/23, 12:20:04.908, 2672289076166, datacollector.dll, The type "Microsoft.TestPlatform.Extensions.EventLogCollector.EventLogDataCollector" defined in "Microsoft.TestPlatform.Extensions.EventLogCollector.dll" does not have ExtensionUri attribute.
TpTrace Verbose: 0 : 5208, 1, 2021/09/23, 12:20:04.908, 2672289079184, datacollector.dll, TestPluginCache: Discovered the extensions using extension path 'C:\Program Files\dotnet\sdk\5.0.301\Extensions\Microsoft.TestPlatform.Extensions.BlameDataCollector.dll,C:\Program Files\dotnet\sdk\5.0.301\Extensions\Microsoft.TestPlatform.Extensions.EventLogCollector.dll'.
TpTrace Verbose: 0 : 5208, 1, 2021/09/23, 12:20:04.908, 2672289079591, datacollector.dll, TestPluginCache: Discoverers are ''.
TpTrace Verbose: 0 : 5208, 1, 2021/09/23, 12:20:04.908, 2672289079730, datacollector.dll, TestPluginCache: Executors are ''.
TpTrace Verbose: 0 : 5208, 1, 2021/09/23, 12:20:04.908, 2672289079853, datacollector.dll, TestPluginCache: Executors2 are ''.
TpTrace Verbose: 0 : 5208, 1, 2021/09/23, 12:20:04.908, 2672289079996, datacollector.dll, TestPluginCache: Setting providers are ''.
TpTrace Verbose: 0 : 5208, 1, 2021/09/23, 12:20:04.908, 2672289080194, datacollector.dll, TestPluginCache: Loggers are ''.
TpTrace Information: 0 : 5208, 1, 2021/09/23, 12:20:04.909, 2672289089178, datacollector.dll, TestPluginManager.CreateTestExtension: Attempting to load test extension: Microsoft.TestPlatform.Extensions.BlameDataCollector.BlameCollector
TpTrace Error: 0 : 5208, 1, 2021/09/23, 12:20:04.909, 2672289092721, datacollector.dll, The type "Microsoft.TestPlatform.Extensions.BlameDataCollector.BlameCollector" defined in "Microsoft.TestPlatform.Extensions.BlameDataCollector.dll" does not have ExtensionUri attribute.
TpTrace Information: 0 : 5208, 1, 2021/09/23, 12:20:04.914, 2672289136292, datacollector.dll, Listening on Endpoint : 127.0.0.1:60771
TpTrace Information: 0 : 5208, 1, 2021/09/23, 12:20:04.918, 2672289181826, datacollector.dll, DataCollectionRequestHandler.ProcessRequests : DataCollection started.
TpTrace Information: 0 : 5208, 1, 2021/09/23, 12:20:04.929, 2672289295476, datacollector.dll, DataCollectionRequestHandler.ProcessRequests : Datacollector received message: (DataCollection.TestHostLaunched) -> {
  "ProcessId": 15772
}
TpTrace Information: 0 : 5208, 5, 2021/09/23, 12:20:05.051, 2672290505633, datacollector.dll, Using the buffer size of 16384 bytes
TpTrace Information: 0 : 5208, 5, 2021/09/23, 12:20:05.051, 2672290506564, datacollector.dll, Accepted Client request and set the flag
TpTrace Information: 0 : 5208, 7, 2021/09/23, 12:20:05.459, 2672294586436, datacollector.dll, DataCollectionTestCaseEventHandler: Test case starting.
TpTrace Information: 0 : 5208, 7, 2021/09/23, 12:20:05.465, 2672294649469, datacollector.dll, Blame Collector : Test Case Start
TpTrace Information: 0 : 5208, 7, 2021/09/23, 12:20:05.467, 2672294665688, datacollector.dll, DataCollectionTestCaseEventHandler: Test case 'NoPuedeIngresarCantidadProductosDeMenosUno - 1fd23cc2-ebc2-4f0e-3c28-85f7d285a74d' started.
TpTrace Information: 0 : 5208, 7, 2021/09/23, 12:20:05.479, 2672294788436, datacollector.dll, DataCollectionTestCaseEventHandler : Test case completing.
TpTrace Information: 0 : 5208, 7, 2021/09/23, 12:20:05.481, 2672294814663, datacollector.dll, Blame Collector : Test Case End
TpTrace Information: 0 : 5208, 7, 2021/09/23, 12:20:05.484, 2672294840609, datacollector.dll, DataCollectionTestCaseEventHandler: Test case 'NoPuedeIngresarCantidadProductosDeMenosUno - 1fd23cc2-ebc2-4f0e-3c28-85f7d285a74d' completed
TpTrace Information: 0 : 5208, 7, 2021/09/23, 12:20:05.492, 2672294918774, datacollector.dll, DataCollectionTestCaseEventHandler: Test case starting.
TpTrace Information: 0 : 5208, 7, 2021/09/23, 12:20:05.492, 2672294921635, datacollector.dll, Blame Collector : Test Case Start
TpTrace Information: 0 : 5208, 7, 2021/09/23, 12:20:05.492, 2672294922799, datacollector.dll, DataCollectionTestCaseEventHandler: Test case 'NoPuedeVenderCantidadProductosDeMenosUno - d650e767-a285-850e-200d-13562b08d268' started.
TpTrace Information: 0 : 5208, 7, 2021/09/23, 12:20:05.493, 2672294929687, datacollector.dll, DataCollectionTestCaseEventHandler : Test case completing.
TpTrace Information: 0 : 5208, 7, 2021/09/23, 12:20:05.493, 2672294931612, datacollector.dll, Blame Collector : Test Case End
TpTrace Information: 0 : 5208, 7, 2021/09/23, 12:20:05.493, 2672294932833, datacollector.dll, DataCollectionTestCaseEventHandler: Test case 'NoPuedeVenderCantidadProductosDeMenosUno - d650e767-a285-850e-200d-13562b08d268' completed
TpTrace Information: 0 : 5208, 7, 2021/09/23, 12:20:05.494, 2672294937692, datacollector.dll, DataCollectionTestCaseEventHandler: Test case starting.
TpTrace Information: 0 : 5208, 7, 2021/09/23, 12:20:05.494, 2672294939333, datacollector.dll, Blame Collector : Test Case Start
TpTrace Information: 0 : 5208, 7, 2021/09/23, 12:20:05.494, 2672294939972, datacollector.dll, DataCollectionTestCaseEventHandler: Test case 'PuedeIngresarCantidadProductosCincuentaCorrecta - 5aafae75-09ff-9b28-1901-0763a8ee5fcf' started.
TpTrace Information: 0 : 5208, 7, 2021/09/23, 12:20:05.494, 2672294943191, datacollector.dll, DataCollectionTestCaseEventHandler : Test case completing.
TpTrace Information: 0 : 5208, 7, 2021/09/23, 12:20:05.494, 2672294944402, datacollector.dll, Blame Collector : Test Case End
TpTrace Information: 0 : 5208, 7, 2021/09/23, 12:20:05.494, 2672294945039, datacollector.dll, DataCollectionTestCaseEventHandler: Test case 'PuedeIngresarCantidadProductosCincuentaCorrecta - 5aafae75-09ff-9b28-1901-0763a8ee5fcf' completed
TpTrace Information: 0 : 5208, 7, 2021/09/23, 12:20:05.502, 2672295018690, datacollector.dll, DataCollectionTestCaseEventHandler: Test session ended
TpTrace Information: 0 : 5208, 1, 2021/09/23, 12:20:05.571, 2672295706519, datacollector.dll, DataCollectionRequestHandler.ProcessRequests : Datacollector received message: (DataCollection.AfterTestRunEnd) -> false
TpTrace Information: 0 : 5208, 1, 2021/09/23, 12:20:05.571, 2672295712214, datacollector.dll, Blame Collector : Session End
TpTrace Information: 0 : 5208, 1, 2021/09/23, 12:20:05.571, 2672295712660, datacollector.dll, BlameCollector.CollectDumpAndAbortTesthost: Custom path to dump directory was provided via VSTEST_DUMP_PATH. Skipping attachment upload, the caller is responsible for collecting and uploading the dumps themselves.
TpTrace Information: 0 : 5208, 1, 2021/09/23, 12:20:05.571, 2672295713392, datacollector.dll, DataCollectionManager.CleanupPlugins: CleanupPlugins called
TpTrace Verbose: 0 : 5208, 1, 2021/09/23, 12:20:05.571, 2672295713605, datacollector.dll, DataCollectionManager.CleanupPlugins: Cleaning up 1 plugins
TpTrace Verbose: 0 : 5208, 1, 2021/09/23, 12:20:05.571, 2672295714808, datacollector.dll, dataCollectorInfo.DisposeDataCollector: calling Dispose() on Microsoft.TestPlatform.Extensions.BlameDataCollector.BlameCollector
TpTrace Information: 0 : 5208, 1, 2021/09/23, 12:20:05.571, 2672295715305, datacollector.dll, DataCollectionManager.CleanupPlugins: CleanupPlugins finished
TpTrace Information: 0 : 5208, 1, 2021/09/23, 12:20:05.573, 2672295735088, datacollector.dll, DataCollectionRequestHandler.ProcessRequests : Session End message received from server. Closing the connection.
TpTrace Information: 0 : 5208, 1, 2021/09/23, 12:20:05.574, 2672295736528, datacollector.dll, Closing the connection !
TpTrace Information: 0 : 5208, 1, 2021/09/23, 12:20:05.574, 2672295736775, datacollector.dll, DataCollectionRequestHandler.ProcessRequests : DataCollection completed
TpTrace Information: 0 : 5208, 1, 2021/09/23, 12:20:05.574, 2672295736974, datacollector.dll, Program.Main: exiting datacollector process.
