TpTrace Verbose: 0 : 8948, 1, 2021/09/23, 12:18:37.794, 2671417942930, testhost.dll, Version: 16.9.4
TpTrace Information: 0 : 8948, 1, 2021/09/23, 12:18:37.798, 2671417980109, testhost.dll, DefaultEngineInvoker.Invoke: Testhost process started with args :[--port, 60755],[--endpoint, 127.0.0.1:060755],[--role, client],[--parentprocessid, 19112],[--diag, D:\IsmaPCBlanco\Documentos\ISMA\Semestre 2021-2\Diseño dirigido por pruebas\Proyectos\Parcial\ProductoSolutionTDD\ProductoSolutionTDD\bin\Debug\net5.0\fine-code-coverage\coverage-tool-output\diagnostics.host.21-09-23_12-18-37_69550_4.log],[--tracelevel, 4],[--datacollectionport, 60754],[--telemetryoptedin, false]
TpTrace Information: 0 : 8948, 1, 2021/09/23, 12:18:37.800, 2671417996817, testhost.dll, Setting up debug trace listener.
TpTrace Verbose: 0 : 8948, 1, 2021/09/23, 12:18:37.800, 2671417998223, testhost.dll, TestPlatformTraceListener.Setup: Replacing listener 0 with TestHostTraceListener.
TpTrace Verbose: 0 : 8948, 1, 2021/09/23, 12:18:37.800, 2671417998490, testhost.dll, TestPlatformTraceListener.Setup: Added test platform trace listener.
TpTrace Information: 0 : 8948, 1, 2021/09/23, 12:18:37.800, 2671418001471, testhost.dll, DefaultEngineInvoker.SetParentProcessExitCallback: Monitoring parent process with id: '19112'
TpTrace Information: 0 : 8948, 1, 2021/09/23, 12:18:37.805, 2671418045681, testhost.dll, DefaultEngineInvoker.GetConnectionInfo: Initialize communication on endpoint address: '127.0.0.1:060755'
TpTrace Information: 0 : 8948, 1, 2021/09/23, 12:18:37.815, 2671418153833, testhost.dll, SocketClient.Start: connecting to server endpoint: 127.0.0.1:060755
TpTrace Information: 0 : 8948, 1, 2021/09/23, 12:18:37.820, 2671418205241, testhost.dll, DefaultEngineInvoker.ConnectToDatacollector: Connecting to datacollector, port: 60754
TpTrace Information: 0 : 8948, 8, 2021/09/23, 12:18:37.821, 2671418211251, testhost.dll, SocketClient.OnServerConnected: connected to server endpoint: 127.0.0.1:060755
TpTrace Verbose: 0 : 8948, 8, 2021/09/23, 12:18:37.823, 2671418225879, testhost.dll, Connected to server, and starting MessageLoopAsync
TpTrace Information: 0 : 8948, 1, 2021/09/23, 12:18:37.823, 2671418231670, testhost.dll, Trying to connect to server on socket : 127.0.0.1:60754 
TpTrace Verbose: 0 : 8948, 1, 2021/09/23, 12:18:37.823, 2671418234560, testhost.dll, SocketCommunicationManager : SetupClientAsync : Attempting to connect to the server.
TpTrace Information: 0 : 8948, 10, 2021/09/23, 12:18:37.825, 2671418248468, testhost.dll, Connected to the server successfully 
TpTrace Information: 0 : 8948, 10, 2021/09/23, 12:18:37.825, 2671418249335, testhost.dll, Using the buffer size of 16384 bytes
TpTrace Verbose: 0 : 8948, 8, 2021/09/23, 12:18:37.825, 2671418250052, testhost.dll, TcpClientExtensions.MessageLoopAsync: Polling on remoteEndPoint: [::ffff:127.0.0.1]:60755 localEndPoint: [::ffff:127.0.0.1]:60756
TpTrace Verbose: 0 : 8948, 8, 2021/09/23, 12:18:37.825, 2671418252184, testhost.dll, TcpClientExtensions.MessageLoopAsync: NotifyDataAvailable remoteEndPoint: [::ffff:127.0.0.1]:60755 localEndPoint: [::ffff:127.0.0.1]:60756
TpTrace Information: 0 : 8948, 1, 2021/09/23, 12:18:37.825, 2671418253855, testhost.dll, DefaultEngineInvoker.Invoke: Start Request Processing.
TpTrace Information: 0 : 8948, 11, 2021/09/23, 12:18:37.826, 2671418259881, testhost.dll, DefaultEngineInvoker.StartProcessingAsync: Connected to vstest.console, Starting process requests.
TpTrace Information: 0 : 8948, 8, 2021/09/23, 12:18:37.925, 2671419252188, testhost.dll, TestRequestHandler.ProcessRequests: received message: (ProtocolVersion) -> 5
TpTrace Verbose: 0 : 8948, 8, 2021/09/23, 12:18:37.949, 2671419488074, testhost.dll, TestRequestHandler.SendData:  sending data from testhost: {"Version":5,"MessageType":"TestSession.Message","Payload":{"MessageLevel":0,"Message":"Registrando diagnóstico de TestHost en el archivo: D:\\IsmaPCBlanco\\Documentos\\ISMA\\Semestre 2021-2\\Diseño dirigido por pruebas\\Proyectos\\Parcial\\ProductoSolutionTDD\\ProductoSolutionTDD\\bin\\Debug\\net5.0\\fine-code-coverage\\coverage-tool-output\\diagnostics.host.21-09-23_12-18-37_69550_4.log"}}
TpTrace Verbose: 0 : 8948, 8, 2021/09/23, 12:18:37.949, 2671419492683, testhost.dll, TcpClientExtensions.MessageLoopAsync: Polling on remoteEndPoint: [::ffff:127.0.0.1]:60755 localEndPoint: [::ffff:127.0.0.1]:60756
TpTrace Verbose: 0 : 8948, 8, 2021/09/23, 12:18:37.949, 2671419493295, testhost.dll, TcpClientExtensions.MessageLoopAsync: NotifyDataAvailable remoteEndPoint: [::ffff:127.0.0.1]:60755 localEndPoint: [::ffff:127.0.0.1]:60756
TpTrace Information: 0 : 8948, 8, 2021/09/23, 12:18:37.952, 2671419519313, testhost.dll, TestRequestHandler.ProcessRequests: received message: (TestExecution.Initialize) -> [
  "D:\\IsmaPCBlanco\\Documentos\\ISMA\\Semestre 2021-2\\Diseño dirigido por pruebas\\Proyectos\\Parcial\\ProductoSolutionTDD\\ProductoSolutionTDD\\bin\\Debug\\net5.0\\fine-code-coverage\\build-output\\NUnit3.TestAdapter.dll"
]
TpTrace Information: 0 : 8948, 8, 2021/09/23, 12:18:37.952, 2671419520086, testhost.dll, Execution Session Initialize.
TpTrace Verbose: 0 : 8948, 8, 2021/09/23, 12:18:37.957, 2671419566298, testhost.dll, TcpClientExtensions.MessageLoopAsync: Polling on remoteEndPoint: [::ffff:127.0.0.1]:60755 localEndPoint: [::ffff:127.0.0.1]:60756
TpTrace Verbose: 0 : 8948, 8, 2021/09/23, 12:18:37.957, 2671419567263, testhost.dll, TcpClientExtensions.MessageLoopAsync: NotifyDataAvailable remoteEndPoint: [::ffff:127.0.0.1]:60755 localEndPoint: [::ffff:127.0.0.1]:60756
TpTrace Information: 0 : 8948, 8, 2021/09/23, 12:18:37.959, 2671419587916, testhost.dll, TestRequestHandler.ProcessRequests: received message: (TestExecution.StartWithSources) -> {
  "AdapterSourceMap": {
    "_none_": [
      "D:\\IsmaPCBlanco\\Documentos\\ISMA\\Semestre 2021-2\\Diseño dirigido por pruebas\\Proyectos\\Parcial\\ProductoSolutionTDD\\ProductoSolutionTDD\\bin\\Debug\\net5.0\\fine-code-coverage\\build-output\\ProductoSolutionTDD.dll"
    ]
  },
  "RunSettings": "<RunSettings>\r\n  <RunConfiguration>\r\n    <ResultsDirectory>D:\\IsmaPCBlanco\\Documentos\\ISMA\\Semestre 2021-2\\Diseño dirigido por pruebas\\Proyectos\\Parcial\\ProductoSolutionTDD\\ProductoSolutionTDD\\bin\\Debug\\net5.0\\fine-code-coverage\\coverage-tool-output</ResultsDirectory>\r\n    <TargetPlatform>X64</TargetPlatform>\r\n    <TargetFrameworkVersion>.NETCoreApp,Version=v5.0</TargetFrameworkVersion>\r\n    <DesignMode>False</DesignMode>\r\n    <CollectSourceInformation>False</CollectSourceInformation>\r\n  </RunConfiguration>\r\n  <LoggerRunSettings>\r\n    <Loggers>\r\n      <Logger friendlyName=\"blame\" enabled=\"True\" />\r\n      <Logger friendlyName=\"Console\" uri=\"logger://microsoft/TestPlatform/ConsoleLogger/v1\" assemblyQualifiedName=\"Microsoft.VisualStudio.TestPlatform.CommandLine.Internal.ConsoleLogger, vstest.console, Version=15.0.0.0, Culture=neutral, PublicKeyToken=b03f5f7f11d50a3a\" codeBase=\"C:\\Program Files\\dotnet\\sdk\\5.0.301\\vstest.console.dll\" enabled=\"True\" />\r\n    </Loggers>\r\n  </LoggerRunSettings>\r\n  <DataCollectionRunSettings>\r\n    <DataCollectors>\r\n      <DataCollector friendlyName=\"blame\" enabled=\"True\">\r\n        <Configuration>\r\n          <ResultsDirectory>D:\\IsmaPCBlanco\\Documentos\\ISMA\\Semestre 2021-2\\Diseño dirigido por pruebas\\Proyectos\\Parcial\\ProductoSolutionTDD\\ProductoSolutionTDD\\bin\\Debug\\net5.0\\fine-code-coverage\\coverage-tool-output</ResultsDirectory>\r\n        </Configuration>\r\n      </DataCollector>\r\n    </DataCollectors>\r\n  </DataCollectionRunSettings>\r\n</RunSettings>",
  "TestExecutionContext": {
    "FrequencyOfRunStatsChangeEvent": 10,
    "RunStatsChangeEventTimeout": "00:00:01.5000000",
    "InIsolation": false,
    "KeepAlive": false,
    "AreTestCaseLevelEventsRequired": false,
    "IsDebug": false,
    "TestCaseFilter": null,
    "FilterOptions": null
  },
  "Package": null
}
TpTrace Information: 0 : 8948, 8, 2021/09/23, 12:18:37.959, 2671419588881, testhost.dll, Execution started.
TpTrace Verbose: 0 : 8948, 4, 2021/09/23, 12:18:37.959, 2671419589149, testhost.dll, TestExecutorService: Loading the extensions
TpTrace Verbose: 0 : 8948, 4, 2021/09/23, 12:18:37.961, 2671419606682, testhost.dll, TestPluginCache.DiscoverTestExtensions: finding test extensions in assemblies ends with: TestAdapter.dll TPluginInfo: Microsoft.VisualStudio.TestPlatform.Common.ExtensionFramework.Utilities.TestExecutorPluginInformation TExtension: Microsoft.VisualStudio.TestPlatform.ObjectModel.Adapter.ITestExecutor
TpTrace Verbose: 0 : 8948, 4, 2021/09/23, 12:18:37.962, 2671419616717, testhost.dll, TestPluginCache.GetExtensionPaths: Filtered extension paths: 
TpTrace Verbose: 0 : 8948, 4, 2021/09/23, 12:18:37.962, 2671419619513, testhost.dll, TestPluginCache.GetExtensionPaths: Added default extension paths: D:\IsmaPCBlanco\Documentos\ISMA\Semestre 2021-2\Diseño dirigido por pruebas\Proyectos\Parcial\ProductoSolutionTDD\ProductoSolutionTDD\bin\Debug\net5.0\fine-code-coverage\build-output\NUnit3.TestAdapter.dll
TpTrace Verbose: 0 : 8948, 4, 2021/09/23, 12:18:37.962, 2671419619827, testhost.dll, TestPluginCache.GetExtensionPaths: Added unfilterableExtensionPaths: 
TpTrace Information: 0 : 8948, 4, 2021/09/23, 12:18:37.964, 2671419638996, testhost.dll, AssemblyResolver.ctor: Creating AssemblyResolver with searchDirectories D:\IsmaPCBlanco\Documentos\ISMA\Semestre 2021-2\Diseño dirigido por pruebas\Proyectos\Parcial\ProductoSolutionTDD\ProductoSolutionTDD\bin\Debug\net5.0\fine-code-coverage\build-output
TpTrace Verbose: 0 : 8948, 4, 2021/09/23, 12:18:37.965, 2671419651178, testhost.dll, TestPluginCache.DiscoverTestExtensions: Discovering the extensions using extension path.
TpTrace Verbose: 0 : 8948, 4, 2021/09/23, 12:18:37.965, 2671419652549, testhost.dll, TestPluginCache.GetExtensionPaths: Filtered extension paths: 
TpTrace Verbose: 0 : 8948, 4, 2021/09/23, 12:18:37.965, 2671419652786, testhost.dll, TestPluginCache.GetExtensionPaths: Added default extension paths: D:\IsmaPCBlanco\Documentos\ISMA\Semestre 2021-2\Diseño dirigido por pruebas\Proyectos\Parcial\ProductoSolutionTDD\ProductoSolutionTDD\bin\Debug\net5.0\fine-code-coverage\build-output\NUnit3.TestAdapter.dll
TpTrace Verbose: 0 : 8948, 4, 2021/09/23, 12:18:37.965, 2671419652954, testhost.dll, TestPluginCache.GetExtensionPaths: Added unfilterableExtensionPaths: 
TpTrace Verbose: 0 : 8948, 4, 2021/09/23, 12:18:37.965, 2671419653408, testhost.dll, TestPluginCache.DiscoverTestExtensions: Discovering the extensions using allExtensionPaths: D:\IsmaPCBlanco\Documentos\ISMA\Semestre 2021-2\Diseño dirigido por pruebas\Proyectos\Parcial\ProductoSolutionTDD\ProductoSolutionTDD\bin\Debug\net5.0\fine-code-coverage\build-output\NUnit3.TestAdapter.dll
TpTrace Information: 0 : 8948, 4, 2021/09/23, 12:18:37.966, 2671419660080, testhost.dll, AssemblyResolver.AddSearchDirectories: Adding more searchDirectories D:\IsmaPCBlanco\Documentos\ISMA\Semestre 2021-2\Diseño dirigido por pruebas\Proyectos\Parcial\ProductoSolutionTDD\ProductoSolutionTDD\bin\Debug\net5.0\fine-code-coverage\build-output
TpTrace Information: 0 : 8948, 4, 2021/09/23, 12:18:37.969, 2671419690198, testhost.dll, AssemblyResolver.OnResolve: NUnit3.TestAdapter: Resolving assembly.
TpTrace Information: 0 : 8948, 4, 2021/09/23, 12:18:37.970, 2671419700287, testhost.dll, AssemblyResolver.OnResolve: Resolved assembly: NUnit3.TestAdapter, from path: D:\IsmaPCBlanco\Documentos\ISMA\Semestre 2021-2\Diseño dirigido por pruebas\Proyectos\Parcial\ProductoSolutionTDD\ProductoSolutionTDD\bin\Debug\net5.0\fine-code-coverage\build-output\NUnit3.TestAdapter.dll
TpTrace Information: 0 : 8948, 4, 2021/09/23, 12:18:37.972, 2671419719392, testhost.dll, AssemblyResolver.OnResolve: nunit.engine.api: Resolving assembly.
TpTrace Information: 0 : 8948, 4, 2021/09/23, 12:18:37.972, 2671419723983, testhost.dll, AssemblyResolver.OnResolve: Resolved assembly: nunit.engine.api, from path: D:\IsmaPCBlanco\Documentos\ISMA\Semestre 2021-2\Diseño dirigido por pruebas\Proyectos\Parcial\ProductoSolutionTDD\ProductoSolutionTDD\bin\Debug\net5.0\fine-code-coverage\build-output\nunit.engine.api.dll
TpTrace Verbose: 0 : 8948, 4, 2021/09/23, 12:18:37.976, 2671419756742, testhost.dll, TestPluginCache: Discovered the extensions using extension path ''.
TpTrace Verbose: 0 : 8948, 4, 2021/09/23, 12:18:37.976, 2671419759802, testhost.dll, TestPluginCache: Discoverers are ''.
TpTrace Verbose: 0 : 8948, 4, 2021/09/23, 12:18:37.976, 2671419760298, testhost.dll, TestPluginCache: Executors are 'executor://NUnit3TestExecutor'.
TpTrace Verbose: 0 : 8948, 4, 2021/09/23, 12:18:37.976, 2671419760672, testhost.dll, TestPluginCache: Executors2 are ''.
TpTrace Verbose: 0 : 8948, 4, 2021/09/23, 12:18:37.976, 2671419760979, testhost.dll, TestPluginCache: Setting providers are ''.
TpTrace Verbose: 0 : 8948, 4, 2021/09/23, 12:18:37.976, 2671419761266, testhost.dll, TestPluginCache: Loggers are ''.
TpTrace Verbose: 0 : 8948, 8, 2021/09/23, 12:18:37.976, 2671419765364, testhost.dll, TcpClientExtensions.MessageLoopAsync: Polling on remoteEndPoint: [::ffff:127.0.0.1]:60755 localEndPoint: [::ffff:127.0.0.1]:60756
TpTrace Verbose: 0 : 8948, 4, 2021/09/23, 12:18:37.978, 2671419781496, testhost.dll, TestPluginCache.DiscoverTestExtensions: finding test extensions in assemblies ends with: TestAdapter.dll TPluginInfo: Microsoft.VisualStudio.TestPlatform.Common.ExtensionFramework.Utilities.TestExecutorPluginInformation2 TExtension: Microsoft.VisualStudio.TestPlatform.ObjectModel.Adapter.ITestExecutor2
TpTrace Verbose: 0 : 8948, 4, 2021/09/23, 12:18:37.978, 2671419783445, testhost.dll, TestPluginCache.GetExtensionPaths: Filtered extension paths: 
TpTrace Verbose: 0 : 8948, 4, 2021/09/23, 12:18:37.978, 2671419783748, testhost.dll, TestPluginCache.GetExtensionPaths: Added default extension paths: D:\IsmaPCBlanco\Documentos\ISMA\Semestre 2021-2\Diseño dirigido por pruebas\Proyectos\Parcial\ProductoSolutionTDD\ProductoSolutionTDD\bin\Debug\net5.0\fine-code-coverage\build-output\NUnit3.TestAdapter.dll
TpTrace Verbose: 0 : 8948, 4, 2021/09/23, 12:18:37.978, 2671419783913, testhost.dll, TestPluginCache.GetExtensionPaths: Added unfilterableExtensionPaths: 
TpTrace Information: 0 : 8948, 4, 2021/09/23, 12:18:37.978, 2671419785092, testhost.dll, AssemblyResolver.AddSearchDirectories: Adding more searchDirectories D:\IsmaPCBlanco\Documentos\ISMA\Semestre 2021-2\Diseño dirigido por pruebas\Proyectos\Parcial\ProductoSolutionTDD\ProductoSolutionTDD\bin\Debug\net5.0\fine-code-coverage\build-output
TpTrace Verbose: 0 : 8948, 4, 2021/09/23, 12:18:37.978, 2671419785383, testhost.dll, TestPluginCache.DiscoverTestExtensions: Discovering the extensions using extension path.
TpTrace Verbose: 0 : 8948, 4, 2021/09/23, 12:18:37.979, 2671419785590, testhost.dll, TestPluginCache.GetExtensionPaths: Filtered extension paths: 
TpTrace Verbose: 0 : 8948, 4, 2021/09/23, 12:18:37.979, 2671419785736, testhost.dll, TestPluginCache.GetExtensionPaths: Added default extension paths: D:\IsmaPCBlanco\Documentos\ISMA\Semestre 2021-2\Diseño dirigido por pruebas\Proyectos\Parcial\ProductoSolutionTDD\ProductoSolutionTDD\bin\Debug\net5.0\fine-code-coverage\build-output\NUnit3.TestAdapter.dll
TpTrace Verbose: 0 : 8948, 4, 2021/09/23, 12:18:37.979, 2671419785887, testhost.dll, TestPluginCache.GetExtensionPaths: Added unfilterableExtensionPaths: 
TpTrace Verbose: 0 : 8948, 4, 2021/09/23, 12:18:37.979, 2671419786054, testhost.dll, TestPluginCache.DiscoverTestExtensions: Discovering the extensions using allExtensionPaths: D:\IsmaPCBlanco\Documentos\ISMA\Semestre 2021-2\Diseño dirigido por pruebas\Proyectos\Parcial\ProductoSolutionTDD\ProductoSolutionTDD\bin\Debug\net5.0\fine-code-coverage\build-output\NUnit3.TestAdapter.dll
TpTrace Information: 0 : 8948, 4, 2021/09/23, 12:18:37.979, 2671419786311, testhost.dll, AssemblyResolver.AddSearchDirectories: Adding more searchDirectories D:\IsmaPCBlanco\Documentos\ISMA\Semestre 2021-2\Diseño dirigido por pruebas\Proyectos\Parcial\ProductoSolutionTDD\ProductoSolutionTDD\bin\Debug\net5.0\fine-code-coverage\build-output
TpTrace Verbose: 0 : 8948, 4, 2021/09/23, 12:18:37.979, 2671419788161, testhost.dll, TestPluginCache: Discovered the extensions using extension path ''.
TpTrace Verbose: 0 : 8948, 4, 2021/09/23, 12:18:37.979, 2671419788912, testhost.dll, TestPluginCache: Discoverers are ''.
TpTrace Verbose: 0 : 8948, 4, 2021/09/23, 12:18:37.979, 2671419789207, testhost.dll, TestPluginCache: Executors are 'executor://NUnit3TestExecutor'.
TpTrace Verbose: 0 : 8948, 4, 2021/09/23, 12:18:37.979, 2671419789568, testhost.dll, TestPluginCache: Executors2 are ''.
TpTrace Verbose: 0 : 8948, 4, 2021/09/23, 12:18:37.979, 2671419789772, testhost.dll, TestPluginCache: Setting providers are ''.
TpTrace Verbose: 0 : 8948, 4, 2021/09/23, 12:18:37.979, 2671419789915, testhost.dll, TestPluginCache: Loggers are ''.
TpTrace Information: 0 : 8948, 4, 2021/09/23, 12:18:37.983, 2671419827901, testhost.dll, TestPluginManager.CreateTestExtension: Attempting to load test extension: NUnit.VisualStudio.TestAdapter.NUnit3TestExecutor
TpTrace Verbose: 0 : 8948, 4, 2021/09/23, 12:18:37.983, 2671419833084, testhost.dll, TestExecutorExtensionManager: Loading executor NUnit.VisualStudio.TestAdapter.NUnit3TestExecutor
TpTrace Verbose: 0 : 8948, 4, 2021/09/23, 12:18:37.983, 2671419833509, testhost.dll, TestExecutorService: Loaded the executors
TpTrace Verbose: 0 : 8948, 4, 2021/09/23, 12:18:37.984, 2671419839582, testhost.dll, TestPluginCache.DiscoverTestExtensions: finding test extensions in assemblies ends with: TestAdapter.dll TPluginInfo: Microsoft.VisualStudio.TestPlatform.Common.ExtensionFramework.Utilities.TestSettingsProviderPluginInformation TExtension: Microsoft.VisualStudio.TestPlatform.ObjectModel.Adapter.ISettingsProvider
TpTrace Verbose: 0 : 8948, 4, 2021/09/23, 12:18:37.984, 2671419840324, testhost.dll, TestPluginCache.GetExtensionPaths: Filtered extension paths: 
TpTrace Verbose: 0 : 8948, 4, 2021/09/23, 12:18:37.984, 2671419840563, testhost.dll, TestPluginCache.GetExtensionPaths: Added default extension paths: D:\IsmaPCBlanco\Documentos\ISMA\Semestre 2021-2\Diseño dirigido por pruebas\Proyectos\Parcial\ProductoSolutionTDD\ProductoSolutionTDD\bin\Debug\net5.0\fine-code-coverage\build-output\NUnit3.TestAdapter.dll
TpTrace Verbose: 0 : 8948, 4, 2021/09/23, 12:18:37.984, 2671419840724, testhost.dll, TestPluginCache.GetExtensionPaths: Added unfilterableExtensionPaths: 
TpTrace Information: 0 : 8948, 4, 2021/09/23, 12:18:37.984, 2671419841660, testhost.dll, AssemblyResolver.AddSearchDirectories: Adding more searchDirectories D:\IsmaPCBlanco\Documentos\ISMA\Semestre 2021-2\Diseño dirigido por pruebas\Proyectos\Parcial\ProductoSolutionTDD\ProductoSolutionTDD\bin\Debug\net5.0\fine-code-coverage\build-output
TpTrace Verbose: 0 : 8948, 4, 2021/09/23, 12:18:37.984, 2671419841885, testhost.dll, TestPluginCache.DiscoverTestExtensions: Discovering the extensions using extension path.
TpTrace Verbose: 0 : 8948, 4, 2021/09/23, 12:18:37.984, 2671419842053, testhost.dll, TestPluginCache.GetExtensionPaths: Filtered extension paths: 
TpTrace Verbose: 0 : 8948, 4, 2021/09/23, 12:18:37.984, 2671419842198, testhost.dll, TestPluginCache.GetExtensionPaths: Added default extension paths: D:\IsmaPCBlanco\Documentos\ISMA\Semestre 2021-2\Diseño dirigido por pruebas\Proyectos\Parcial\ProductoSolutionTDD\ProductoSolutionTDD\bin\Debug\net5.0\fine-code-coverage\build-output\NUnit3.TestAdapter.dll
TpTrace Verbose: 0 : 8948, 4, 2021/09/23, 12:18:37.984, 2671419842432, testhost.dll, TestPluginCache.GetExtensionPaths: Added unfilterableExtensionPaths: 
TpTrace Verbose: 0 : 8948, 4, 2021/09/23, 12:18:37.984, 2671419842596, testhost.dll, TestPluginCache.DiscoverTestExtensions: Discovering the extensions using allExtensionPaths: D:\IsmaPCBlanco\Documentos\ISMA\Semestre 2021-2\Diseño dirigido por pruebas\Proyectos\Parcial\ProductoSolutionTDD\ProductoSolutionTDD\bin\Debug\net5.0\fine-code-coverage\build-output\NUnit3.TestAdapter.dll
TpTrace Information: 0 : 8948, 4, 2021/09/23, 12:18:37.984, 2671419842859, testhost.dll, AssemblyResolver.AddSearchDirectories: Adding more searchDirectories D:\IsmaPCBlanco\Documentos\ISMA\Semestre 2021-2\Diseño dirigido por pruebas\Proyectos\Parcial\ProductoSolutionTDD\ProductoSolutionTDD\bin\Debug\net5.0\fine-code-coverage\build-output
TpTrace Verbose: 0 : 8948, 4, 2021/09/23, 12:18:37.984, 2671419844738, testhost.dll, TestPluginCache: Discovered the extensions using extension path ''.
TpTrace Verbose: 0 : 8948, 4, 2021/09/23, 12:18:37.984, 2671419845072, testhost.dll, TestPluginCache: Discoverers are ''.
TpTrace Verbose: 0 : 8948, 4, 2021/09/23, 12:18:37.984, 2671419845244, testhost.dll, TestPluginCache: Executors are 'executor://NUnit3TestExecutor'.
TpTrace Verbose: 0 : 8948, 4, 2021/09/23, 12:18:37.984, 2671419845393, testhost.dll, TestPluginCache: Executors2 are ''.
TpTrace Verbose: 0 : 8948, 4, 2021/09/23, 12:18:37.985, 2671419845596, testhost.dll, TestPluginCache: Setting providers are ''.
TpTrace Verbose: 0 : 8948, 4, 2021/09/23, 12:18:37.985, 2671419845742, testhost.dll, TestPluginCache: Loggers are ''.
TpTrace Verbose: 0 : 8948, 4, 2021/09/23, 12:18:37.985, 2671419852115, testhost.dll, TestExecutorService: Loaded the settings providers
TpTrace Information: 0 : 8948, 4, 2021/09/23, 12:18:37.985, 2671419852489, testhost.dll, TestExecutorService: Loaded the extensions
TpTrace Information: 0 : 8948, 4, 2021/09/23, 12:18:38.000, 2671419998319, testhost.dll, AssemblyResolver.OnResolve: Microsoft.VisualStudio.TestPlatform.Common.resources: Resolving assembly.
TpTrace Information: 0 : 8948, 4, 2021/09/23, 12:18:38.000, 2671419999506, testhost.dll, AssemblyResolver.OnResolve: Microsoft.VisualStudio.TestPlatform.Common.resources: Failed to load assembly.
TpTrace Information: 0 : 8948, 4, 2021/09/23, 12:18:38.039, 2671420385819, testhost.dll, TestDiscoveryManager: Discovering tests from sources D:\IsmaPCBlanco\Documentos\ISMA\Semestre 2021-2\Diseño dirigido por pruebas\Proyectos\Parcial\ProductoSolutionTDD\ProductoSolutionTDD\bin\Debug\net5.0\fine-code-coverage\build-output\ProductoSolutionTDD.dll
TpTrace Verbose: 0 : 8948, 4, 2021/09/23, 12:18:38.040, 2671420400269, testhost.dll, TestPluginCache.DiscoverTestExtensions: finding test extensions in assemblies ends with: TestAdapter.dll TPluginInfo: Microsoft.VisualStudio.TestPlatform.Common.ExtensionFramework.Utilities.TestDiscovererPluginInformation TExtension: Microsoft.VisualStudio.TestPlatform.ObjectModel.Adapter.ITestDiscoverer
TpTrace Verbose: 0 : 8948, 4, 2021/09/23, 12:18:38.040, 2671420401085, testhost.dll, TestPluginCache.GetExtensionPaths: Filtered extension paths: 
TpTrace Verbose: 0 : 8948, 4, 2021/09/23, 12:18:38.040, 2671420401715, testhost.dll, TestPluginCache.GetExtensionPaths: Added default extension paths: D:\IsmaPCBlanco\Documentos\ISMA\Semestre 2021-2\Diseño dirigido por pruebas\Proyectos\Parcial\ProductoSolutionTDD\ProductoSolutionTDD\bin\Debug\net5.0\fine-code-coverage\build-output\NUnit3.TestAdapter.dll
TpTrace Verbose: 0 : 8948, 4, 2021/09/23, 12:18:38.040, 2671420402033, testhost.dll, TestPluginCache.GetExtensionPaths: Added unfilterableExtensionPaths: 
TpTrace Information: 0 : 8948, 4, 2021/09/23, 12:18:38.040, 2671420403103, testhost.dll, AssemblyResolver.AddSearchDirectories: Adding more searchDirectories D:\IsmaPCBlanco\Documentos\ISMA\Semestre 2021-2\Diseño dirigido por pruebas\Proyectos\Parcial\ProductoSolutionTDD\ProductoSolutionTDD\bin\Debug\net5.0\fine-code-coverage\build-output
TpTrace Verbose: 0 : 8948, 4, 2021/09/23, 12:18:38.040, 2671420403414, testhost.dll, TestPluginCache.DiscoverTestExtensions: Discovering the extensions using extension path.
TpTrace Verbose: 0 : 8948, 4, 2021/09/23, 12:18:38.040, 2671420403580, testhost.dll, TestPluginCache.GetExtensionPaths: Filtered extension paths: 
TpTrace Verbose: 0 : 8948, 4, 2021/09/23, 12:18:38.040, 2671420403756, testhost.dll, TestPluginCache.GetExtensionPaths: Added default extension paths: D:\IsmaPCBlanco\Documentos\ISMA\Semestre 2021-2\Diseño dirigido por pruebas\Proyectos\Parcial\ProductoSolutionTDD\ProductoSolutionTDD\bin\Debug\net5.0\fine-code-coverage\build-output\NUnit3.TestAdapter.dll
TpTrace Verbose: 0 : 8948, 4, 2021/09/23, 12:18:38.040, 2671420403911, testhost.dll, TestPluginCache.GetExtensionPaths: Added unfilterableExtensionPaths: 
TpTrace Verbose: 0 : 8948, 4, 2021/09/23, 12:18:38.040, 2671420404155, testhost.dll, TestPluginCache.DiscoverTestExtensions: Discovering the extensions using allExtensionPaths: D:\IsmaPCBlanco\Documentos\ISMA\Semestre 2021-2\Diseño dirigido por pruebas\Proyectos\Parcial\ProductoSolutionTDD\ProductoSolutionTDD\bin\Debug\net5.0\fine-code-coverage\build-output\NUnit3.TestAdapter.dll
TpTrace Information: 0 : 8948, 4, 2021/09/23, 12:18:38.040, 2671420404662, testhost.dll, AssemblyResolver.AddSearchDirectories: Adding more searchDirectories D:\IsmaPCBlanco\Documentos\ISMA\Semestre 2021-2\Diseño dirigido por pruebas\Proyectos\Parcial\ProductoSolutionTDD\ProductoSolutionTDD\bin\Debug\net5.0\fine-code-coverage\build-output
TpTrace Information: 0 : 8948, 4, 2021/09/23, 12:18:38.042, 2671420418849, testhost.dll, AssemblyResolver.OnResolve: System.ComponentModel.Primitives.resources: Resolving assembly.
TpTrace Information: 0 : 8948, 4, 2021/09/23, 12:18:38.042, 2671420419617, testhost.dll, AssemblyResolver.OnResolve: System.ComponentModel.Primitives.resources: Failed to load assembly.
TpTrace Verbose: 0 : 8948, 4, 2021/09/23, 12:18:38.042, 2671420421788, testhost.dll, CurrentDomain_AssemblyResolve: Resolving assembly 'System.ComponentModel.Primitives.resources'.
TpTrace Information: 0 : 8948, 4, 2021/09/23, 12:18:38.042, 2671420422489, testhost.dll, AssemblyResolver.OnResolve: System.ComponentModel.Primitives.resources: Resolving assembly.
TpTrace Information: 0 : 8948, 4, 2021/09/23, 12:18:38.042, 2671420422797, testhost.dll, AssemblyResolver.OnResolve: System.ComponentModel.Primitives.resources: Resolved from cache.
TpTrace Verbose: 0 : 8948, 4, 2021/09/23, 12:18:38.042, 2671420422970, testhost.dll, CurrentDomain_AssemblyResolve: Resolving assembly 'System.ComponentModel.Primitives.resources'.
TpTrace Verbose: 0 : 8948, 4, 2021/09/23, 12:18:38.042, 2671420423116, testhost.dll, CurrentDomainAssemblyResolve: Failed to resolve assembly 'System.ComponentModel.Primitives.resources'.
TpTrace Verbose: 0 : 8948, 4, 2021/09/23, 12:18:38.043, 2671420427808, testhost.dll, CurrentDomainAssemblyResolve: Failed to resolve assembly 'System.ComponentModel.Primitives.resources'.
TpTrace Information: 0 : 8948, 4, 2021/09/23, 12:18:38.043, 2671420430343, testhost.dll, AssemblyResolver.OnResolve: System.ComponentModel.Primitives.resources: Resolving assembly.
TpTrace Information: 0 : 8948, 4, 2021/09/23, 12:18:38.043, 2671420430622, testhost.dll, AssemblyResolver.OnResolve: System.ComponentModel.Primitives.resources: Resolved from cache.
TpTrace Verbose: 0 : 8948, 4, 2021/09/23, 12:18:38.043, 2671420430793, testhost.dll, CurrentDomain_AssemblyResolve: Resolving assembly 'System.ComponentModel.Primitives.resources'.
TpTrace Verbose: 0 : 8948, 4, 2021/09/23, 12:18:38.043, 2671420430982, testhost.dll, CurrentDomainAssemblyResolve: Failed to resolve assembly 'System.ComponentModel.Primitives.resources'.
TpTrace Verbose: 0 : 8948, 4, 2021/09/23, 12:18:38.044, 2671420436446, testhost.dll, TestPluginCache: Discovered the extensions using extension path ''.
TpTrace Verbose: 0 : 8948, 4, 2021/09/23, 12:18:38.044, 2671420436876, testhost.dll, TestPluginCache: Discoverers are 'NUnit.VisualStudio.TestAdapter.NUnit3TestDiscoverer, NUnit3.TestAdapter, Version=3.17.0.0, Culture=neutral, PublicKeyToken=4cb40d35494691ac'.
TpTrace Verbose: 0 : 8948, 4, 2021/09/23, 12:18:38.044, 2671420437050, testhost.dll, TestPluginCache: Executors are 'executor://NUnit3TestExecutor'.
TpTrace Verbose: 0 : 8948, 4, 2021/09/23, 12:18:38.044, 2671420437193, testhost.dll, TestPluginCache: Executors2 are ''.
TpTrace Verbose: 0 : 8948, 4, 2021/09/23, 12:18:38.044, 2671420437323, testhost.dll, TestPluginCache: Setting providers are ''.
TpTrace Verbose: 0 : 8948, 4, 2021/09/23, 12:18:38.044, 2671420437446, testhost.dll, TestPluginCache: Loggers are ''.
TpTrace Information: 0 : 8948, 4, 2021/09/23, 12:18:38.050, 2671420496695, testhost.dll, PEReaderHelper.GetAssemblyType: Determined assemblyType:'Managed' for source: 'D:\IsmaPCBlanco\Documentos\ISMA\Semestre 2021-2\Diseño dirigido por pruebas\Proyectos\Parcial\ProductoSolutionTDD\ProductoSolutionTDD\bin\Debug\net5.0\fine-code-coverage\build-output\ProductoSolutionTDD.dll'
TpTrace Verbose: 0 : 8948, 4, 2021/09/23, 12:18:38.054, 2671420536506, testhost.dll, BaseRunTests.RunTestInternalWithExecutors: Running tests for executor://NUnit3TestExecutor
TpTrace Information: 0 : 8948, 4, 2021/09/23, 12:18:38.055, 2671420549514, testhost.dll, AssemblyResolver.OnResolve: nunit.engine: Resolving assembly.
TpTrace Information: 0 : 8948, 4, 2021/09/23, 12:18:38.055, 2671420554447, testhost.dll, AssemblyResolver.OnResolve: Resolved assembly: nunit.engine, from path: D:\IsmaPCBlanco\Documentos\ISMA\Semestre 2021-2\Diseño dirigido por pruebas\Proyectos\Parcial\ProductoSolutionTDD\ProductoSolutionTDD\bin\Debug\net5.0\fine-code-coverage\build-output\nunit.engine.dll
TpTrace Information: 0 : 8948, 4, 2021/09/23, 12:18:38.055, 2671420555232, testhost.dll, AssemblyResolver.OnResolve: nunit.engine.core: Resolving assembly.
TpTrace Information: 0 : 8948, 4, 2021/09/23, 12:18:38.056, 2671420558798, testhost.dll, AssemblyResolver.OnResolve: Resolved assembly: nunit.engine.core, from path: D:\IsmaPCBlanco\Documentos\ISMA\Semestre 2021-2\Diseño dirigido por pruebas\Proyectos\Parcial\ProductoSolutionTDD\ProductoSolutionTDD\bin\Debug\net5.0\fine-code-coverage\build-output\nunit.engine.core.dll
TpTrace Information: 0 : 8948, 4, 2021/09/23, 12:18:38.062, 2671420618905, testhost.dll, NUnit Adapter 3.17.0.0: Test execution started
TpTrace Verbose: 0 : 8948, 4, 2021/09/23, 12:18:38.062, 2671420620949, testhost.dll, TestRequestHandler.SendData:  sending data from testhost: {"Version":5,"MessageType":"TestSession.Message","Payload":{"MessageLevel":0,"Message":"NUnit Adapter 3.17.0.0: Test execution started"}}
TpTrace Information: 0 : 8948, 4, 2021/09/23, 12:18:38.085, 2671420850729, testhost.dll, Running all tests in D:\IsmaPCBlanco\Documentos\ISMA\Semestre 2021-2\Diseño dirigido por pruebas\Proyectos\Parcial\ProductoSolutionTDD\ProductoSolutionTDD\bin\Debug\net5.0\fine-code-coverage\build-output\ProductoSolutionTDD.dll
TpTrace Verbose: 0 : 8948, 4, 2021/09/23, 12:18:38.085, 2671420852110, testhost.dll, TestRequestHandler.SendData:  sending data from testhost: {"Version":5,"MessageType":"TestSession.Message","Payload":{"MessageLevel":0,"Message":"Running all tests in D:\\IsmaPCBlanco\\Documentos\\ISMA\\Semestre 2021-2\\Diseño dirigido por pruebas\\Proyectos\\Parcial\\ProductoSolutionTDD\\ProductoSolutionTDD\\bin\\Debug\\net5.0\\fine-code-coverage\\build-output\\ProductoSolutionTDD.dll"}}
TpTrace Information: 0 : 8948, 4, 2021/09/23, 12:18:38.092, 2671420919609, testhost.dll, AssemblyResolver.OnResolve: Mono.Cecil: Resolving assembly.
TpTrace Information: 0 : 8948, 4, 2021/09/23, 12:18:38.092, 2671420921140, testhost.dll, AssemblyResolver.OnResolve: Mono.Cecil: Failed to load assembly.
TpTrace Information: 0 : 8948, 4, 2021/09/23, 12:18:38.211, 2671422111924, testhost.dll,    NUnit3TestExecutor discovered 3 of 3 NUnit test cases
TpTrace Verbose: 0 : 8948, 4, 2021/09/23, 12:18:38.211, 2671422113166, testhost.dll, TestRequestHandler.SendData:  sending data from testhost: {"Version":5,"MessageType":"TestSession.Message","Payload":{"MessageLevel":0,"Message":"   NUnit3TestExecutor discovered 3 of 3 NUnit test cases"}}
TpTrace Verbose: 0 : 8948, 12, 2021/09/23, 12:18:38.233, 2671422326762, testhost.dll, TestExecutionRecorder.RecordStart: Starting test: ProductoSolutionTDD.ProductoSolutionTest.NoPuedeIngresarCantidadProductosDeMenosUno.
TpTrace Verbose: 0 : 8948, 12, 2021/09/23, 12:18:38.261, 2671422612389, testhost.dll, TestExecutionRecorder.RecordEnd: test: ProductoSolutionTDD.ProductoSolutionTest.NoPuedeIngresarCantidadProductosDeMenosUno execution completed.
TpTrace Verbose: 0 : 8948, 12, 2021/09/23, 12:18:38.276, 2671422760725, testhost.dll, TestExecutionRecorder.RecordResult: Received result for test: ProductoSolutionTDD.ProductoSolutionTest.NoPuedeIngresarCantidadProductosDeMenosUno.
TpTrace Warning: 0 : 8948, 12, 2021/09/23, 12:18:38.279, 2671422793941, testhost.dll, TestRunCache: InProgressTests is null
TpTrace Warning: 0 : 8948, 12, 2021/09/23, 12:18:38.280, 2671422795898, testhost.dll, TestRunCache: No test found corresponding to testResult 'NoPuedeIngresarCantidadProductosDeMenosUno' in inProgress list.
TpTrace Verbose: 0 : 8948, 12, 2021/09/23, 12:18:38.280, 2671422797329, testhost.dll, TestExecutionRecorder.RecordStart: Starting test: ProductoSolutionTDD.ProductoSolutionTest.NoPuedeVenderCantidadProductosDeMenosUno.
TpTrace Verbose: 0 : 8948, 12, 2021/09/23, 12:18:38.281, 2671422809735, testhost.dll, TestExecutionRecorder.RecordEnd: test: ProductoSolutionTDD.ProductoSolutionTest.NoPuedeVenderCantidadProductosDeMenosUno execution completed.
TpTrace Verbose: 0 : 8948, 12, 2021/09/23, 12:18:38.282, 2671422817068, testhost.dll, TestExecutionRecorder.RecordResult: Received result for test: ProductoSolutionTDD.ProductoSolutionTest.NoPuedeVenderCantidadProductosDeMenosUno.
TpTrace Warning: 0 : 8948, 12, 2021/09/23, 12:18:38.282, 2671422817709, testhost.dll, TestRunCache: InProgressTests is null
TpTrace Warning: 0 : 8948, 12, 2021/09/23, 12:18:38.282, 2671422817903, testhost.dll, TestRunCache: No test found corresponding to testResult 'NoPuedeVenderCantidadProductosDeMenosUno' in inProgress list.
TpTrace Verbose: 0 : 8948, 12, 2021/09/23, 12:18:38.282, 2671422818431, testhost.dll, TestExecutionRecorder.RecordStart: Starting test: ProductoSolutionTDD.ProductoSolutionTest.PuedeIngresarCantidadProductosCincuentaCorrecta.
TpTrace Verbose: 0 : 8948, 12, 2021/09/23, 12:18:38.283, 2671422825515, testhost.dll, TestExecutionRecorder.RecordEnd: test: ProductoSolutionTDD.ProductoSolutionTest.PuedeIngresarCantidadProductosCincuentaCorrecta execution completed.
TpTrace Verbose: 0 : 8948, 12, 2021/09/23, 12:18:38.283, 2671422831701, testhost.dll, TestExecutionRecorder.RecordResult: Received result for test: ProductoSolutionTDD.ProductoSolutionTest.PuedeIngresarCantidadProductosCincuentaCorrecta.
TpTrace Warning: 0 : 8948, 12, 2021/09/23, 12:18:38.283, 2671422832124, testhost.dll, TestRunCache: InProgressTests is null
TpTrace Warning: 0 : 8948, 12, 2021/09/23, 12:18:38.283, 2671422832287, testhost.dll, TestRunCache: No test found corresponding to testResult 'PuedeIngresarCantidadProductosCincuentaCorrecta' in inProgress list.
TpTrace Information: 0 : 8948, 4, 2021/09/23, 12:18:38.286, 2671422860457, testhost.dll, NUnit Adapter 3.17.0.0: Test execution complete
TpTrace Verbose: 0 : 8948, 4, 2021/09/23, 12:18:38.286, 2671422861677, testhost.dll, TestRequestHandler.SendData:  sending data from testhost: {"Version":5,"MessageType":"TestSession.Message","Payload":{"MessageLevel":0,"Message":"NUnit Adapter 3.17.0.0: Test execution complete"}}
TpTrace Verbose: 0 : 8948, 4, 2021/09/23, 12:18:38.290, 2671422903509, testhost.dll, BaseRunTests.RunTestInternalWithExecutors: Completed running tests for executor://NUnit3TestExecutor
TpTrace Information: 0 : 8948, 4, 2021/09/23, 12:18:38.293, 2671422929437, testhost.dll, Sending test run complete
TpTrace Verbose: 0 : 8948, 4, 2021/09/23, 12:18:38.317, 2671423168016, testhost.dll, TestRequestHandler.SendData:  sending data from testhost: {"Version":5,"MessageType":"TestExecution.Completed","Payload":{"TestRunCompleteArgs":{"TestRunStatistics":{"ExecutedTests":3,"Stats":{"Passed":3}},"IsCanceled":false,"IsAborted":false,"Error":null,"AttachmentSets":[],"ElapsedTimeInRunningTests":"00:00:00.2395756","Metrics":{}},"LastRunTests":{"NewTestResults":[{"TestCase":{"Id":"1fd23cc2-ebc2-4f0e-3c28-85f7d285a74d","FullyQualifiedName":"ProductoSolutionTDD.ProductoSolutionTest.NoPuedeIngresarCantidadProductosDeMenosUno","DisplayName":"NoPuedeIngresarCantidadProductosDeMenosUno","ExecutorUri":"executor://NUnit3TestExecutor","Source":"D:\\IsmaPCBlanco\\Documentos\\ISMA\\Semestre 2021-2\\Diseño dirigido por pruebas\\Proyectos\\Parcial\\ProductoSolutionTDD\\ProductoSolutionTDD\\bin\\Debug\\net5.0\\fine-code-coverage\\build-output\\ProductoSolutionTDD.dll","CodeFilePath":null,"LineNumber":0,"Properties":[]},"Attachments":[],"Outcome":1,"ErrorMessage":null,"ErrorStackTrace":null,"DisplayName":"NoPuedeIngresarCantidadProductosDeMenosUno","Messages":[],"ComputerName":"DESKTOP-FFMH835","Duration":"00:00:00.0064140","StartTime":"2021-09-23T17:18:38.2326529+00:00","EndTime":"2021-09-23T17:18:38.2389857+00:00","Properties":[]},{"TestCase":{"Id":"d650e767-a285-850e-200d-13562b08d268","FullyQualifiedName":"ProductoSolutionTDD.ProductoSolutionTest.NoPuedeVenderCantidadProductosDeMenosUno","DisplayName":"NoPuedeVenderCantidadProductosDeMenosUno","ExecutorUri":"executor://NUnit3TestExecutor","Source":"D:\\IsmaPCBlanco\\Documentos\\ISMA\\Semestre 2021-2\\Diseño dirigido por pruebas\\Proyectos\\Parcial\\ProductoSolutionTDD\\ProductoSolutionTDD\\bin\\Debug\\net5.0\\fine-code-coverage\\build-output\\ProductoSolutionTDD.dll","CodeFilePath":null,"LineNumber":0,"Properties":[]},"Attachments":[],"Outcome":1,"ErrorMessage":null,"ErrorStackTrace":null,"DisplayName":"NoPuedeVenderCantidadProductosDeMenosUno","Messages":[],"ComputerName":"DESKTOP-FFMH835","Duration":"00:00:00.0004620","StartTime":"2021-09-23T17:18:38.2401312+00:00","EndTime":"2021-09-23T17:18:38.2405934+00:00","Properties":[]},{"TestCase":{"Id":"5aafae75-09ff-9b28-1901-0763a8ee5fcf","FullyQualifiedName":"ProductoSolutionTDD.ProductoSolutionTest.PuedeIngresarCantidadProductosCincuentaCorrecta","DisplayName":"PuedeIngresarCantidadProductosCincuentaCorrecta","ExecutorUri":"executor://NUnit3TestExecutor","Source":"D:\\IsmaPCBlanco\\Documentos\\ISMA\\Semestre 2021-2\\Diseño dirigido por pruebas\\Proyectos\\Parcial\\ProductoSolutionTDD\\ProductoSolutionTDD\\bin\\Debug\\net5.0\\fine-code-coverage\\build-output\\ProductoSolutionTDD.dll","CodeFilePath":null,"LineNumber":0,"Properties":[]},"Attachments":[],"Outcome":1,"ErrorMessage":null,"ErrorStackTrace":null,"DisplayName":"PuedeIngresarCantidadProductosCincuentaCorrecta","Messages":[],"ComputerName":"DESKTOP-FFMH835","Duration":"00:00:00.0014859","StartTime":"2021-09-23T17:18:38.2406074+00:00","EndTime":"2021-09-23T17:18:38.2420927+00:00","Properties":[]}],"TestRunStatistics":{"ExecutedTests":3,"Stats":{"Passed":3}},"ActiveTests":[]},"RunAttachments":[],"ExecutorUris":["executor://nunit3testexecutor/"]}}
TpTrace Verbose: 0 : 8948, 4, 2021/09/23, 12:18:38.317, 2671423170844, testhost.dll, BaseRunTests.RunTests: Run is complete.
TpTrace Verbose: 0 : 8948, 8, 2021/09/23, 12:18:38.319, 2671423188426, testhost.dll, TcpClientExtensions.MessageLoopAsync: NotifyDataAvailable remoteEndPoint: [::ffff:127.0.0.1]:60755 localEndPoint: [::ffff:127.0.0.1]:60756
TpTrace Information: 0 : 8948, 8, 2021/09/23, 12:18:38.319, 2671423189491, testhost.dll, TestRequestHandler.ProcessRequests: received message: (TestSession.Terminate) -> null
TpTrace Information: 0 : 8948, 8, 2021/09/23, 12:18:38.319, 2671423189718, testhost.dll, Session End message received from server. Closing the connection.
TpTrace Information: 0 : 8948, 8, 2021/09/23, 12:18:38.319, 2671423191910, testhost.dll, SocketClient.Stop: Stop communication from server endpoint: 127.0.0.1:060755
TpTrace Information: 0 : 8948, 8, 2021/09/23, 12:18:38.319, 2671423192194, testhost.dll, SocketClient: Stop: Cancellation requested. Stopping message loop.
TpTrace Verbose: 0 : 8948, 8, 2021/09/23, 12:18:38.319, 2671423193118, testhost.dll, LengthPrefixCommunicationChannel.Dispose: Dispose reader and writer.
TpTrace Information: 0 : 8948, 8, 2021/09/23, 12:18:38.319, 2671423193392, testhost.dll, Closing the connection !
TpTrace Information: 0 : 8948, 8, 2021/09/23, 12:18:38.319, 2671423194786, testhost.dll, SocketClient.PrivateStop: Stop communication from server endpoint: 127.0.0.1:060755, error:
TpTrace Verbose: 0 : 8948, 8, 2021/09/23, 12:18:38.320, 2671423197407, testhost.dll, LengthPrefixCommunicationChannel.Dispose: Dispose reader and writer.
TpTrace Information: 0 : 8948, 1, 2021/09/23, 12:18:38.320, 2671423197448, testhost.dll, Closing the connection !
TpTrace Verbose: 0 : 8948, 8, 2021/09/23, 12:18:38.320, 2671423197805, testhost.dll, TcpClientExtensions.MessageLoopAsync: exiting MessageLoopAsync remoteEndPoint: [::ffff:127.0.0.1]:60755 localEndPoint: [::ffff:127.0.0.1]:60756
TpTrace Information: 0 : 8948, 1, 2021/09/23, 12:18:38.320, 2671423198267, testhost.dll, SocketClient.Stop: Stop communication from server endpoint: 127.0.0.1:060755
TpTrace Verbose: 0 : 8948, 1, 2021/09/23, 12:18:38.320, 2671423198865, testhost.dll, LengthPrefixCommunicationChannel.Dispose: Dispose reader and writer.
TpTrace Information: 0 : 8948, 1, 2021/09/23, 12:18:38.320, 2671423199466, testhost.dll, Testhost process exiting.
